============================================================================================== 
Warning! Mixing Conda and module environments may lead to corruption of the
user environment. 
We do not recommend users mixing those two environments unless absolutely
necessary. Note that 
SURF does not provide any support for Conda environment.
For more information, please refer to our software policy page:
https://servicedesk.surf.nl/wiki/display/WIKI/Software+policy+Snellius#SoftwarepolicySnellius-UseofAnacondaandMinicondaenvironmentsonSnellius 

Remember that many packages have already been installed on the system and can
be loaded using 
the 'module load <package__name>' command. If you are uncertain if a package is
already available 
on the system, please use 'module avail' or 'module spider' to search for it.
============================================================================================== 
usage: conda [-h] [--no-plugins] [-V] COMMAND ...
conda: error: argument COMMAND: invalid choice: 'activate' (choose from 'clean', 'compare', 'config', 'create', 'info', 'init', 'install', 'list', 'notices', 'package', 'remove', 'uninstall', 'rename', 'run', 'search', 'update', 'upgrade', 'build', 'convert', 'debug', 'develop', 'doctor', 'index', 'inspect', 'metapackage', 'render', 'skeleton', 'env', 'verify', 'content-trust', 'pack', 'repo', 'server', 'token')
tensor([[[[-6.1719e-01, -6.6196e-01,  3.7549e-01, -4.5837e-02, -5.1480e-01,
            4.6332e-01, -1.2315e+00, -1.2002e+00],
          [ 1.9959e-01,  3.4417e-01,  1.3726e+00, -7.1608e-01,  1.4172e-01,
           -7.3371e-01, -6.8022e-02, -5.1468e-01],
          [ 3.6332e-01, -4.6199e-01,  3.2942e-01,  8.8428e-01, -6.2385e-01,
            1.4197e-01,  8.6688e-02,  1.6509e-01],
          [-5.0364e-01, -1.1716e+00, -1.6434e-01,  1.1325e+00,  2.1187e-01,
           -4.5211e-01, -3.4924e-01,  3.0114e-01],
          [ 3.2897e-01,  1.6563e-01, -1.8811e-01,  7.6075e-01, -4.8278e-01,
           -1.0659e+00,  1.1354e-01,  5.3345e-01]],

         [[ 9.4094e-03,  8.7311e-01, -5.2290e-01, -2.0292e-01, -2.1124e-01,
           -4.4501e-01,  1.4399e-01, -1.2625e-01],
          [-6.9226e-01,  8.2760e-01,  7.8908e-01,  3.8151e-01,  1.3638e-01,
           -1.5049e-01, -8.0109e-01,  3.3259e-01],
          [ 5.1561e-01, -5.6610e-01,  9.3248e-01,  5.0987e-01, -1.9325e-01,
            1.5741e-01, -4.9116e-01, -2.0334e-01],
          [-2.8497e-01, -9.3004e-01,  5.1601e-01,  5.6521e-01, -5.8659e-02,
           -3.7774e-01, -6.5544e-02, -1.8283e-01],
          [ 1.0497e+00,  6.2042e-01,  2.2692e-01, -1.2486e+00, -7.6261e-01,
           -2.1891e-01, -4.2543e-02,  1.2349e-01]],

         [[-1.6687e-01,  8.9651e-01,  6.3530e-01, -4.0375e-01,  9.2097e-02,
           -3.3014e-01, -7.9796e-02, -2.9325e-01],
          [ 4.3133e-01,  1.5228e-02, -7.7389e-01,  1.8279e-01,  9.8006e-01,
            7.9909e-02, -2.3218e-01, -5.9018e-01],
          [ 6.4926e-01, -1.1934e+00,  3.5868e-02, -2.1399e-01,  1.0209e+00,
            5.8876e-01,  2.7840e-01, -6.8818e-01],
          [ 1.4770e+00,  4.7986e-01,  4.9640e-01, -1.1657e-01,  3.6391e-01,
           -4.7282e-01, -9.5437e-01, -3.8325e-01],
          [-1.6285e-01,  1.5776e-01, -5.5072e-01, -5.6725e-01, -1.4574e+00,
           -2.1343e-01, -3.0753e-01, -6.0784e-01]],

         [[-7.9654e-02, -5.2722e-01, -2.9733e-01, -4.9247e-01,  4.9481e-01,
           -1.1280e+00, -9.2454e-01,  6.6824e-02],
          [-4.2020e-01,  4.9526e-01, -7.5836e-01,  5.2491e-02,  1.3870e-01,
           -7.8241e-01, -5.8899e-01,  9.8778e-02],
          [ 7.9690e-01,  9.9910e-02,  1.0988e+00, -1.6728e-01,  9.0052e-01,
            6.6728e-01,  1.5255e-01, -4.4990e-02],
          [-1.0466e+00,  2.7478e-01, -3.4970e-02, -3.8052e-01, -1.3911e-01,
            3.5536e-01,  9.5258e-01, -1.9493e+00],
          [-4.9270e-02,  7.4647e-01, -1.2094e+00, -9.5305e-01, -2.4546e-01,
            7.1029e-01,  5.2979e-01,  1.0202e-01]],

         [[-4.4128e-01, -2.0159e-01,  3.5300e-01, -1.7417e-01,  5.4384e-01,
           -2.5207e-01,  1.4227e-01,  2.6485e-01],
          [-5.4865e-01, -5.7321e-01,  3.5914e-01, -1.1769e+00,  7.2174e-01,
           -5.1369e-01, -3.1032e-01, -6.0723e-01],
          [ 7.3147e-01, -2.6516e-02, -7.5665e-01,  7.3446e-01, -7.5596e-01,
           -8.2168e-01, -1.4046e-01, -9.7824e-01],
          [ 8.2951e-01,  7.1108e-01,  1.1764e+00,  5.0559e-01, -2.9494e-01,
           -5.0642e-01, -7.3901e-02,  7.9479e-01],
          [-3.4791e-01, -6.3282e-01, -4.2432e-01, -1.9035e-01,  3.7775e-01,
            1.4993e-01, -8.4127e-01, -5.2090e-01]],

         [[-1.5367e-01,  5.5480e-02, -8.1483e-01, -1.0784e+00, -5.0012e-01,
            8.4405e-01, -5.3920e-01, -7.0215e-01],
          [-2.3562e-01,  1.0028e+00, -1.4087e-01,  2.0913e-01, -5.0952e-01,
            2.3097e-01, -3.2950e-01,  2.1652e-01],
          [ 3.1690e-01,  4.6654e-01,  9.3202e-01, -5.8940e-01,  3.7513e-02,
            7.6717e-01, -1.5624e+00, -2.6967e-01],
          [ 1.6985e-01,  1.0107e+00,  2.5865e-01, -3.6736e-01, -1.1058e-01,
           -4.6420e-01, -1.1457e+00, -2.0718e-01],
          [-1.8693e-01, -7.8854e-02,  4.0121e-01,  2.0657e-01,  4.2446e-01,
           -3.4077e-01, -1.9663e-01,  7.1322e-01]],

         [[ 5.6911e-01, -1.5145e-01, -5.2675e-01,  7.6148e-01, -5.5098e-01,
           -4.4078e-01,  4.9166e-01, -9.5544e-02],
          [ 2.1892e-01, -7.2863e-01, -1.0470e-01,  1.2902e-01, -3.3400e-01,
           -6.3159e-01,  9.4259e-01, -2.1281e-01],
          [-8.5766e-01, -3.4987e-01, -3.1044e-01, -1.0171e-01, -5.8267e-01,
            7.6525e-01, -8.9902e-01, -5.4508e-01],
          [ 7.4292e-01,  4.8936e-01, -5.6069e-01,  7.7061e-02,  2.6628e-02,
            6.6752e-01, -1.9573e-01, -1.4781e+00],
          [ 7.8627e-02, -3.2439e-01,  3.8849e-01, -2.9387e-01,  2.7449e-01,
           -3.1112e-01,  4.0409e-01,  1.3495e-01]],

         [[ 4.0305e-01, -1.6847e-01, -4.1716e-01,  1.1534e-01, -3.4946e-01,
           -9.3389e-01, -1.5843e-01,  9.7398e-01],
          [-2.0750e-01,  2.4028e-01, -7.7110e-01,  1.0386e+00, -1.0012e-02,
           -3.1631e-01,  1.0832e+00,  7.2507e-01],
          [-5.4449e-01, -3.1866e-01, -3.0907e-01, -1.0603e+00,  3.1196e-01,
           -7.4070e-02,  1.7468e-02,  6.0321e-01],
          [ 8.9322e-02,  4.3167e-01, -6.0426e-01, -4.5077e-01, -2.0379e-01,
            1.5316e+00, -2.8332e-01,  4.4209e-01],
          [ 1.8727e+00, -3.8807e-01, -2.7885e-01,  1.5585e-01,  5.8757e-01,
           -1.3717e-01, -2.4481e-01, -9.3566e-01]]],


        [[[ 7.5358e-01,  4.3320e-01,  4.4361e-02, -6.0789e-01,  5.8897e-01,
            2.7152e-01,  6.4048e-01, -3.8075e-01],
          [-2.6822e-01,  1.3025e+00,  4.6801e-01,  2.1152e-01, -2.9711e-01,
           -2.5398e-01,  1.3380e-01, -1.2596e-01],
          [ 5.9628e-02, -1.3303e-01, -4.1712e-01, -1.0495e+00, -1.1903e+00,
            7.3333e-01, -3.6568e-01,  3.1526e-01],
          [ 7.6484e-01,  3.8231e-01, -8.3945e-01,  9.9553e-01,  1.0693e+00,
           -4.6451e-01,  1.6458e-01,  8.2632e-02],
          [ 1.0957e+00, -2.1093e-01, -1.6104e+00, -5.4064e-02,  3.0063e-02,
            6.8264e-01,  2.4206e-01,  1.0281e-01]],

         [[-5.9256e-01, -2.7704e-02,  4.9835e-01, -1.2582e+00,  7.0245e-01,
            2.8269e-01, -5.9200e-01,  9.6464e-03],
          [-4.2744e-01, -1.5269e-01,  7.2943e-02,  1.1652e-01,  3.8565e-01,
           -1.7932e-01, -2.4913e-02, -1.0510e-01],
          [ 3.3339e-01, -4.3226e-01,  5.4937e-03, -4.4250e-01,  1.5156e+00,
            3.0255e-01,  8.6738e-01,  7.2443e-01],
          [ 8.1298e-01, -8.1785e-01, -6.7578e-03,  1.8806e-01,  8.8633e-01,
            1.2797e+00,  5.1170e-01,  2.7605e-01],
          [-8.8776e-01, -8.6252e-02, -5.4104e-01,  5.9898e-02, -2.6580e-02,
            6.8775e-01, -5.3673e-02, -6.1670e-02]],

         [[-3.1840e-01, -4.0256e-01,  1.0436e+00, -5.8257e-01, -6.0422e-01,
            3.0029e-01, -9.2024e-01,  6.4484e-01],
          [-6.9642e-01,  4.7568e-01,  5.9765e-02,  2.5790e-01,  1.3143e-01,
           -2.5958e-01, -1.2164e-01, -2.0960e-01],
          [-9.1146e-02,  6.2570e-03,  1.3951e+00, -1.3183e-01, -5.1031e-01,
           -1.0016e+00,  1.4420e-02,  3.9484e-01],
          [ 6.8461e-01, -1.1360e+00,  3.7788e-01,  2.7556e-01, -6.4309e-01,
            3.0386e-01,  1.0594e+00,  5.0949e-01],
          [ 1.0523e+00, -1.9294e-01,  2.5899e-01, -4.4740e-01, -5.8684e-01,
           -6.1208e-01, -1.9524e-01, -3.4161e-02]],

         [[-9.5452e-01, -1.4211e-01, -6.3056e-01,  1.2355e+00,  2.7528e-01,
           -9.7776e-01, -1.0217e-01,  2.7651e-02],
          [ 3.8368e-01, -2.4577e-01,  1.6806e+00, -6.9795e-01,  5.6150e-01,
           -8.2190e-01,  7.0212e-01,  3.7464e-01],
          [-1.0022e+00, -7.6315e-01,  1.3235e-01, -1.0627e+00,  3.6695e-01,
            5.5305e-01, -7.2789e-01,  1.0349e+00],
          [-3.9231e-01,  1.1951e+00,  1.2112e+00, -1.1456e+00, -3.6326e-01,
            3.2518e-01,  2.9523e-01,  3.5788e-01],
          [-4.8308e-01,  2.4715e-01,  4.9514e-01,  2.9944e-01, -1.0911e-01,
           -5.1517e-01,  2.9051e-01,  9.3356e-01]],

         [[ 5.6955e-01,  1.6358e+00,  4.0256e-01,  7.6764e-01, -7.8285e-02,
            6.8461e-01, -2.1526e-01, -2.1760e-02],
          [ 3.7497e-01, -1.5304e-03, -1.4527e-01, -5.5835e-01,  6.6188e-01,
            5.8778e-01, -9.7131e-01, -5.1532e-01],
          [-7.3292e-01, -5.7712e-01,  4.1949e-01,  1.4232e-01,  1.4329e-02,
           -3.0434e-01,  3.8164e-01,  7.0760e-01],
          [ 1.5261e-01, -6.0890e-02, -1.3978e-01, -8.9482e-01,  3.0634e-01,
           -4.1850e-01,  3.1260e-01, -4.9951e-02],
          [ 4.0110e-01,  4.5291e-01, -2.3005e-01,  1.7613e-01,  3.8842e-01,
            1.1415e+00,  1.9299e-01,  1.0581e-01]],

         [[ 6.5616e-01,  6.3903e-01,  9.4325e-01,  1.9752e-01, -3.3478e-01,
            4.2049e-01,  3.9632e-01, -2.8268e-01],
          [ 3.3060e-01, -5.4536e-01, -4.9331e-02, -6.6120e-01,  3.7110e-01,
           -5.1659e-01, -2.3327e-01,  4.7911e-01],
          [-1.4117e-01, -1.8696e-01, -6.9571e-01,  1.2270e+00,  7.2801e-01,
            2.4343e-01, -4.4094e-01,  1.2912e+00],
          [-1.9621e-01, -1.0047e+00,  1.1829e-01,  2.5858e-01,  2.6442e-01,
           -2.5002e-01,  7.7144e-01, -3.2835e-01],
          [ 1.4607e-01,  2.0564e-01, -1.6865e-01,  7.8593e-02,  1.7550e-01,
           -2.6577e-01,  5.0560e-01,  6.0229e-02]],

         [[ 2.0822e-02, -1.6198e+00,  6.4752e-01,  1.9161e-02,  9.6698e-01,
           -2.0271e-01,  7.4032e-02,  9.4833e-03],
          [ 3.4885e-01, -5.1891e-01,  1.0148e-02, -1.0284e+00, -7.0845e-02,
            2.7537e-01,  2.0241e-01,  4.3519e-02],
          [ 5.1022e-01, -8.3353e-01, -9.6704e-01,  8.0964e-01,  1.9027e-01,
            1.0674e+00,  6.0882e-01,  5.5087e-01],
          [-2.1375e-01, -4.6075e-02, -1.2566e-01, -1.4727e-01, -7.0936e-01,
            2.4894e-01, -1.6129e-01,  8.0380e-01],
          [ 3.6553e-01,  6.8601e-01,  5.0692e-01,  1.2140e+00,  1.3183e-01,
            1.8710e-01,  4.6262e-02,  7.0616e-01]],

         [[ 3.5516e-01,  2.3824e-01, -9.7591e-01, -7.2146e-01,  9.1893e-02,
            1.5359e+00,  4.9158e-01, -6.9556e-01],
          [-1.8833e-01, -1.7354e-01,  2.6362e-02, -1.3463e+00, -1.4923e-01,
           -2.9628e-01, -1.0697e-01, -1.3577e-01],
          [ 9.0087e-01,  1.0833e+00,  7.1473e-01, -8.5060e-01,  3.3365e-01,
            5.1326e-01,  6.7686e-03, -6.0580e-01],
          [ 9.8059e-01, -1.4943e-01, -8.4111e-01, -9.5257e-01,  7.8605e-01,
           -5.2964e-01,  3.2197e-01, -5.3278e-01],
          [-2.3128e-01, -1.4164e+00, -6.9293e-01, -2.1947e-01,  7.8784e-01,
            2.3024e-01, -5.9952e-02, -5.6994e-01]]]], grad_fn=<ViewBackward0>)
tensor([[[[-8.6022e-01, -7.2063e-01, -1.0156e+00, -1.8669e-01, -1.6730e-01,
            6.3445e-01, -2.6809e-01, -1.1418e+00],
          [-3.3064e-01,  2.2450e-01,  1.8452e-01,  1.6398e+00,  1.6424e-01,
           -7.2916e-01,  2.1416e-01,  2.3712e-01],
          [ 1.9395e-01,  5.9342e-01,  1.3050e+00, -1.1491e+00,  4.9113e-01,
           -3.3136e-01,  4.9836e-01,  1.0847e-01],
          [ 7.9399e-01,  6.3281e-01, -6.9881e-01, -3.9755e-01, -4.6697e-01,
           -8.8250e-01,  6.5110e-01,  1.4313e-01],
          [ 4.7021e-01,  8.4766e-01,  9.3677e-01, -7.6104e-02, -2.6806e-01,
           -8.3386e-01,  9.0460e-01,  1.0375e+00]],

         [[-7.3941e-01,  7.2002e-01, -1.7309e-01, -3.4217e-01, -2.2707e-01,
            3.7689e-01, -9.1405e-01, -9.6697e-01],
          [ 2.0731e-01,  1.0644e+00, -6.8826e-02,  1.9748e-01, -9.3953e-01,
            3.0717e-01,  3.0923e-01, -1.9804e-01],
          [ 4.2730e-02, -6.7544e-02, -6.1724e-01, -4.9155e-01, -7.5859e-01,
           -8.7706e-01,  1.5219e-01,  1.3287e-01],
          [ 3.6812e-01, -5.8707e-03, -1.1340e+00, -3.4479e-01,  3.4993e-01,
            9.1098e-01,  2.6838e-02,  7.6539e-01],
          [-3.7525e-01,  1.0099e+00, -3.7104e-02, -7.2995e-01,  2.8879e-01,
            3.6432e-01,  8.8064e-01, -2.1456e-02]],

         [[ 5.5979e-01, -5.5557e-01, -2.7505e-01, -4.8754e-01, -3.2739e-01,
           -3.9984e-01, -4.5101e-01, -1.0703e+00],
          [-3.5873e-01, -6.6186e-01,  2.1882e-01,  3.2073e-01, -8.6451e-03,
           -8.3436e-01,  1.3037e-01, -6.7532e-01],
          [-3.5796e-01,  5.3403e-02, -7.1986e-02,  5.2017e-01, -4.7880e-02,
            1.4182e-01,  2.9745e-01, -4.1803e-01],
          [-7.5347e-01, -3.6318e-01,  9.2248e-01,  8.2507e-01,  3.4493e-01,
           -5.3640e-01, -1.6083e-01,  8.5673e-01],
          [-3.5018e-01, -5.0028e-01, -1.5547e-01,  3.0945e-01,  7.6495e-01,
           -1.4904e+00,  3.8516e-01,  1.0864e+00]],

         [[-2.7665e-02,  1.6068e+00,  6.1678e-01, -3.1716e-01,  1.0603e-01,
           -8.2453e-02,  9.1363e-01, -2.1302e-01],
          [ 1.9566e-01, -3.6693e-01,  1.8977e-01, -5.2908e-01,  2.7297e-01,
           -3.6464e-01,  1.7992e-01, -8.9418e-01],
          [ 1.9745e+00, -1.9881e-01,  4.2141e-01,  1.3939e+00, -6.0311e-01,
            4.5139e-01,  4.8513e-01, -1.6965e-01],
          [-6.2425e-01, -4.8194e-01, -6.3098e-01,  8.3164e-01,  3.6828e-02,
           -2.6279e-01, -1.1634e+00, -1.0867e-01],
          [ 1.3769e-01,  2.3695e-01,  2.9115e-01,  6.6908e-01, -9.9823e-02,
            5.5875e-02, -7.7523e-01, -6.6683e-01]],

         [[ 2.0618e-01, -8.5586e-01, -5.0414e-01, -6.5815e-01, -1.2199e-01,
            4.9820e-01, -5.1933e-01, -6.9535e-01],
          [-6.7433e-01, -1.6601e-01, -2.3206e-01,  1.4821e-01, -8.1807e-01,
            2.8747e-01,  2.5287e-02,  2.6962e-01],
          [-3.7146e-01,  6.0041e-03,  1.0128e-01,  2.4300e-01,  1.5998e-01,
           -4.6751e-01, -2.5778e-01,  8.4613e-01],
          [-2.5065e-01,  1.0039e-01,  5.8129e-01, -5.1751e-01,  2.5342e-01,
            9.7684e-01,  1.2826e+00, -3.5828e-02],
          [ 6.1241e-02, -1.0350e+00, -5.9875e-01,  7.8644e-01,  2.0348e-02,
            1.0196e+00,  1.2549e+00,  2.2548e-01]],

         [[ 5.0253e-01,  2.7513e-01, -5.9251e-01, -1.8027e-01,  5.6984e-01,
            7.0261e-01,  4.8504e-01, -4.3967e-01],
          [-6.6335e-01,  4.8809e-01,  1.3376e-01, -2.2519e-01, -9.6543e-02,
           -8.9633e-01,  6.7725e-02, -1.2420e+00],
          [-5.0728e-02,  1.4165e-01, -3.1731e-01,  3.4771e-01,  3.0048e-01,
           -5.9446e-01, -1.5170e-01, -2.3691e-01],
          [-4.3237e-01, -7.8936e-01,  2.5359e-01, -3.7224e-02,  1.0084e-01,
           -1.4916e-01, -1.9173e-01, -3.9322e-01],
          [ 2.8543e-01, -4.8368e-02, -5.0952e-02,  6.7584e-01,  5.0780e-01,
            3.3932e-01, -4.4385e-02, -6.1182e-01]],

         [[ 3.1419e-01, -1.0191e+00,  5.6399e-03, -3.6555e-01, -3.7784e-01,
            2.3368e-01,  4.9417e-01,  7.8676e-01],
          [ 5.3903e-01, -7.6481e-02,  1.0364e+00, -3.7362e-01,  3.0196e-01,
            4.6703e-02, -2.8416e-01,  6.9590e-01],
          [ 3.7619e-01,  8.7523e-01,  1.7055e-01, -2.7554e-01, -6.3919e-01,
           -3.2671e-01, -1.3525e+00, -1.4946e+00],
          [-2.8856e-02, -7.0469e-01, -3.2976e-01, -1.3955e-01,  1.1056e+00,
            5.0549e-01,  2.5583e-01, -4.1009e-01],
          [ 3.3335e-01, -3.9202e-01,  9.3568e-01,  2.0155e-01, -8.0396e-01,
            1.4321e+00, -6.5537e-01,  2.3044e-01]],

         [[-3.8824e-01, -4.0150e-01, -3.1890e-01,  2.5799e-01, -9.5959e-01,
            1.5862e-01,  1.1253e-01, -1.8828e-01],
          [-5.2685e-01, -3.3867e-01, -1.4639e-01, -5.7947e-01, -1.0847e+00,
            6.6206e-01, -4.1228e-01, -5.9765e-01],
          [-4.2880e-01,  9.9854e-01, -7.7471e-01, -5.6689e-02,  2.7715e-01,
            1.7463e-01, -6.7910e-03, -1.1978e+00],
          [ 1.0364e+00,  2.0485e-02,  9.7696e-04,  3.8774e-01,  4.2552e-01,
           -6.8364e-01,  3.0498e-01,  4.7338e-01],
          [-4.6549e-01,  9.7667e-01, -3.8652e-01,  3.1712e-01, -4.9248e-01,
            3.3205e-01, -5.7785e-01,  2.1851e-01]]]], grad_fn=<ViewBackward0>)
tensor([[[[-6.4899e-02, -6.0407e-01, -3.1435e-01,  ..., -1.5291e-01,
           -6.6119e-01, -3.1963e-01],
          [ 8.6680e-01,  4.8241e-01, -5.9256e-01,  ...,  2.7782e-01,
            7.4356e-02, -3.8180e-01],
          [-4.6675e-01,  1.1977e-01, -9.6711e-01,  ...,  4.6006e-01,
            2.3562e-01, -9.3940e-01],
          ...,
          [-6.9390e-01,  3.4909e-03,  6.9309e-01,  ...,  3.1902e-01,
           -1.1210e+00,  8.6122e-01],
          [-8.1796e-02,  2.7939e-01, -2.9145e-01,  ...,  1.0825e-02,
           -3.5628e-02, -5.7767e-01],
          [ 1.0117e+00,  6.4100e-01, -3.2108e-01,  ...,  5.3917e-02,
            8.3896e-01, -1.8319e-01]],

         [[-7.6270e-01,  5.0595e-01, -2.4513e-01,  ..., -1.2459e-01,
            3.1015e-01,  8.0650e-01],
          [-1.2471e+00, -3.4232e-01, -2.3716e-01,  ..., -3.3358e-01,
            2.4285e-01,  6.1518e-01],
          [-5.3049e-02,  5.1995e-01,  8.6962e-01,  ..., -1.9622e-02,
           -2.7348e-01, -1.2790e-01],
          ...,
          [ 2.0243e-02,  4.3247e-03,  1.7217e-02,  ...,  4.2700e-01,
            7.0013e-01, -2.0229e-01],
          [ 2.4831e-01,  1.0889e-02,  8.1021e-01,  ...,  2.0245e-01,
           -8.1455e-02,  1.4195e-01],
          [-1.2421e+00, -8.5822e-01,  4.9081e-01,  ..., -1.3596e+00,
            1.1409e-01,  9.8204e-01]],

         [[ 3.1759e-01, -7.8928e-01,  3.2986e-02,  ...,  1.8895e-01,
           -1.0962e+00, -4.9611e-01],
          [-3.7758e-01,  4.7909e-01,  3.0535e-01,  ...,  2.2945e-01,
            1.1702e-01,  3.9924e-01],
          [ 4.2153e-01,  4.5234e-01, -9.4349e-01,  ..., -2.8302e-01,
           -5.0002e-01, -5.8209e-01],
          ...,
          [ 6.9651e-02, -2.3476e-01, -8.1967e-01,  ...,  2.3757e-01,
           -8.7896e-01, -8.9001e-02],
          [ 2.6470e-02, -2.4800e-01, -4.9105e-02,  ..., -5.6966e-02,
            6.6197e-01, -2.4314e-01],
          [ 6.6232e-01,  1.2357e+00, -1.3646e+00,  ...,  1.1635e+00,
            1.0080e-01,  5.6209e-01]],

         ...,

         [[-5.5419e-01, -6.6330e-01, -8.7282e-01,  ..., -3.1133e-01,
           -6.8251e-01, -1.3200e-01],
          [-7.7332e-01, -7.7675e-01, -6.7333e-01,  ..., -5.4025e-01,
           -3.5045e-01,  7.9326e-01],
          [-8.2314e-02,  9.1387e-01, -1.0244e+00,  ..., -3.7456e-01,
           -8.0236e-01, -8.8746e-02],
          ...,
          [-9.6000e-01,  5.7527e-01,  3.3649e-01,  ...,  3.5206e-01,
           -7.4283e-01,  4.1805e-02],
          [ 8.4248e-01, -2.9595e-01, -1.0873e+00,  ...,  9.2116e-02,
           -8.2742e-01,  6.3929e-01],
          [ 7.4186e-01, -1.1453e+00, -6.5794e-01,  ...,  4.0829e-01,
           -9.9090e-01,  2.2325e-01]],

         [[-8.5581e-02, -2.9118e-01, -8.1997e-01,  ...,  1.7674e+00,
           -2.6013e-01, -5.7583e-01],
          [-4.6501e-01, -1.8503e-01,  1.5913e-02,  ..., -7.1851e-01,
           -7.4716e-02,  1.7974e-01],
          [ 1.5619e-02, -2.1886e-01,  5.8375e-01,  ..., -3.7148e-01,
           -6.2840e-02,  6.9044e-01],
          ...,
          [-1.1369e-01, -7.6157e-01,  2.3604e-02,  ...,  5.1742e-01,
           -4.8730e-01,  6.0667e-02],
          [-4.9401e-01, -3.6446e-01, -6.9853e-04,  ..., -1.5122e-01,
           -3.9386e-01, -9.7276e-03],
          [-6.1088e-01, -3.2003e-01, -2.9240e-01,  ..., -4.5289e-01,
           -9.8573e-01,  3.6578e-01]],

         [[ 1.1306e-01, -7.0812e-01,  1.0679e-01,  ...,  4.7062e-01,
           -2.9239e-01, -2.2609e-01],
          [ 7.6663e-01,  1.8133e-01,  1.9617e-01,  ..., -4.8402e-01,
            3.7844e-01, -2.3875e-01],
          [ 8.7751e-01,  2.8911e-01,  2.8369e-02,  ..., -4.7209e-01,
            7.3903e-01, -1.6519e-01],
          ...,
          [ 5.2512e-02,  9.4893e-02, -2.6114e-01,  ...,  4.0831e-01,
           -5.6271e-01,  3.1958e-01],
          [ 7.4189e-02, -8.5177e-01,  1.4028e+00,  ..., -1.1280e-01,
           -3.1811e-01,  5.2377e-01],
          [ 9.8435e-01, -1.0856e+00, -8.0665e-01,  ...,  5.3212e-01,
           -1.6387e-01, -3.9444e-01]]],


        [[[ 2.7821e-01, -5.2189e-01, -6.3820e-01,  ...,  4.1106e-01,
            1.6393e-01, -4.4895e-01],
          [ 4.8531e-01, -4.9065e-01, -2.8279e-01,  ...,  3.8500e-01,
           -3.5347e-02,  8.2999e-01],
          [ 1.4119e+00, -1.1306e-01, -8.4863e-01,  ..., -1.3884e-01,
           -6.9276e-01,  7.6363e-01],
          ...,
          [ 2.7004e-02,  3.1711e-01, -1.0217e+00,  ..., -1.7933e-01,
           -2.2686e-01, -1.0390e+00],
          [-2.3187e-01,  4.3257e-01, -3.1288e-01,  ...,  1.8201e-01,
            6.8369e-01, -1.5370e-01],
          [-6.5683e-01,  6.4687e-01, -9.4833e-01,  ...,  1.0858e-01,
           -1.0803e+00,  9.5918e-02]],

         [[-3.6244e-01, -1.4500e-01,  3.3110e-01,  ...,  5.6557e-01,
           -2.7888e-01, -2.1304e-01],
          [-7.0988e-01,  3.3150e-01, -8.9000e-01,  ...,  2.2605e-01,
           -2.3817e-01,  5.8291e-02],
          [ 5.3573e-01,  7.8997e-02, -1.4571e+00,  ..., -1.0013e-01,
            4.8156e-02, -4.0459e-01],
          ...,
          [-7.2087e-01,  6.0149e-01,  1.8625e-01,  ..., -3.2693e-01,
           -1.6442e-01,  9.5736e-02],
          [-2.3617e-01,  1.9066e-01,  2.1370e-01,  ..., -4.6534e-01,
            9.5606e-01,  3.6905e-01],
          [ 4.9481e-01,  6.8782e-01, -1.3297e+00,  ..., -2.6469e-01,
            3.2511e-01,  6.7162e-03]],

         [[ 6.3970e-01,  5.3565e-01,  3.4044e-01,  ...,  4.3006e-01,
           -8.6141e-01, -4.2696e-01],
          [-1.0628e-01,  6.0181e-01, -2.3060e-04,  ...,  1.7078e-01,
           -3.3898e-01, -1.4612e-01],
          [-1.0719e+00,  1.1465e+00, -1.6547e-01,  ..., -3.1324e-01,
            2.4235e-01,  1.3597e+00],
          ...,
          [-1.9492e-01, -8.0953e-01,  5.9557e-01,  ..., -1.1935e+00,
           -1.7128e-01,  4.7434e-01],
          [-2.7367e-01,  7.6248e-01,  4.2141e-01,  ...,  1.3002e-01,
           -8.1908e-01,  2.2467e-01],
          [ 5.2037e-01,  3.1997e-01,  5.6958e-01,  ...,  2.3755e-01,
            8.7723e-01, -1.3637e-01]],

         ...,

         [[-6.9601e-01, -5.5378e-01, -6.4138e-01,  ..., -2.7771e-01,
           -3.4535e-01, -7.9047e-02],
          [ 4.7987e-02,  3.2450e-01,  1.1062e-01,  ...,  5.3900e-01,
           -2.0144e-01,  1.6312e-01],
          [ 2.5528e-01,  8.4329e-01,  9.7723e-01,  ..., -5.2491e-01,
            3.2962e-01, -3.1260e-01],
          ...,
          [ 1.3978e-01,  9.7277e-01, -3.5431e-01,  ..., -4.4084e-01,
           -4.8405e-01, -5.7095e-02],
          [ 2.9193e-01,  2.3143e-01, -4.7313e-01,  ..., -4.0224e-01,
           -8.1969e-01,  4.1112e-01],
          [-4.0883e-02, -1.2007e+00, -4.3882e-01,  ...,  3.0931e-01,
            3.7219e-01,  2.5290e-01]],

         [[ 4.3071e-02,  5.2575e-01,  3.6110e-01,  ..., -3.2070e-01,
            2.7267e-01,  6.6236e-01],
          [-5.6384e-01, -3.2711e-01, -3.9633e-01,  ...,  1.6475e-01,
           -2.3028e-01, -2.4754e-01],
          [ 2.7612e-01, -8.9095e-01, -6.5380e-01,  ..., -2.5807e-01,
           -1.3390e-01, -3.7888e-01],
          ...,
          [-5.6773e-01, -8.6973e-01, -5.0382e-02,  ...,  5.0475e-01,
            9.6120e-01, -6.5800e-01],
          [ 3.2293e-01, -1.7974e-01,  1.8466e-01,  ...,  2.4723e-01,
            1.8627e-01,  3.3150e-01],
          [-1.8322e-01,  5.5001e-01, -2.7172e-01,  ...,  6.2189e-01,
           -8.6951e-01, -7.2054e-01]],

         [[-2.3969e-01, -3.3043e-01,  1.2899e-01,  ...,  9.2340e-01,
            3.4843e-02, -1.4121e-01],
          [ 4.3074e-01, -1.8866e-01, -5.0023e-02,  ...,  2.2364e-01,
            9.2067e-02,  6.8657e-01],
          [-1.9577e-01,  7.9504e-01, -8.5602e-01,  ..., -1.1311e+00,
            3.0919e-01,  9.2210e-02],
          ...,
          [-1.1814e+00, -3.8398e-01,  5.8753e-01,  ...,  1.2185e-01,
            2.2927e-01,  4.1971e-01],
          [-5.0794e-01,  1.2262e+00, -3.7094e-01,  ...,  3.1227e-01,
           -6.6208e-01, -2.2209e-01],
          [-2.1408e-01,  4.1222e-01,  8.1604e-01,  ...,  7.4933e-01,
EEEEE
======================================================================
ERROR: test_apply_rotary_emb (__main__.TestCausalSelfAttention.test_apply_rotary_emb)
----------------------------------------------------------------------
Traceback (most recent call last):
  File "/gpfs/home6/scur2785/uvadlc_practicals_2024/assignment2/part2/public_unittest.py", line 46, in test_apply_rotary_emb
    self.assertEqual(xq_rot.shape, xq.shape)
                     ^^^^^^^^^^^^
AttributeError: 'ellipsis' object has no attribute 'shape'

======================================================================
ERROR: test_attention_component_shapes_and_softmax (__main__.TestCausalSelfAttention.test_attention_component_shapes_and_softmax)
----------------------------------------------------------------------
Traceback (most recent call last):
  File "/gpfs/home6/scur2785/uvadlc_practicals_2024/assignment2/part2/public_unittest.py", line 68, in test_attention_component_shapes_and_softmax
    outputs = module(x)
              ^^^^^^^^^
  File "/home/scur2785/.conda/envs/dl2024/lib/python3.12/site-packages/torch/nn/modules/module.py", line 1736, in _wrapped_call_impl
    return self._call_impl(*args, **kwargs)
           ^^^^^^^^^^^^^^^^^^^^^^^^^^^^^^^^
  File "/home/scur2785/.conda/envs/dl2024/lib/python3.12/site-packages/torch/nn/modules/module.py", line 1747, in _call_impl
    return forward_call(*args, **kwargs)
           ^^^^^^^^^^^^^^^^^^^^^^^^^^^^^
  File "/gpfs/home6/scur2785/uvadlc_practicals_2024/assignment2/part2/gpt.py", line 153, in forward
    print(f"q shape: {q.shape}, k shape: {k.shape}, v shape: {v.shape}")
                      ^^^^^^^
AttributeError: 'ellipsis' object has no attribute 'shape'

======================================================================
ERROR: test_causal_masking (__main__.TestCausalSelfAttention.test_causal_masking)
----------------------------------------------------------------------
Traceback (most recent call last):
  File "/gpfs/home6/scur2785/uvadlc_practicals_2024/assignment2/part2/public_unittest.py", line 34, in test_causal_masking
    outputs = module(x)
              ^^^^^^^^^
  File "/home/scur2785/.conda/envs/dl2024/lib/python3.12/site-packages/torch/nn/modules/module.py", line 1736, in _wrapped_call_impl
    return self._call_impl(*args, **kwargs)
           ^^^^^^^^^^^^^^^^^^^^^^^^^^^^^^^^
  File "/home/scur2785/.conda/envs/dl2024/lib/python3.12/site-packages/torch/nn/modules/module.py", line 1747, in _call_impl
    return forward_call(*args, **kwargs)
           ^^^^^^^^^^^^^^^^^^^^^^^^^^^^^
  File "/gpfs/home6/scur2785/uvadlc_practicals_2024/assignment2/part2/gpt.py", line 153, in forward
    print(f"q shape: {q.shape}, k shape: {k.shape}, v shape: {v.shape}")
                      ^^^^^^^
AttributeError: 'ellipsis' object has no attribute 'shape'

======================================================================
ERROR: test_gradient_flow (__main__.TestCausalSelfAttention.test_gradient_flow)
----------------------------------------------------------------------
Traceback (most recent call last):
  File "/gpfs/home6/scur2785/uvadlc_practicals_2024/assignment2/part2/public_unittest.py", line 57, in test_gradient_flow
    output = module(x)
             ^^^^^^^^^
  File "/home/scur2785/.conda/envs/dl2024/lib/python3.12/site-packages/torch/nn/modules/module.py", line 1736, in _wrapped_call_impl
    return self._call_impl(*args, **kwargs)
           ^^^^^^^^^^^^^^^^^^^^^^^^^^^^^^^^
  File "/home/scur2785/.conda/envs/dl2024/lib/python3.12/site-packages/torch/nn/modules/module.py", line 1747, in _call_impl
    return forward_call(*args, **kwargs)
           ^^^^^^^^^^^^^^^^^^^^^^^^^^^^^
  File "/gpfs/home6/scur2785/uvadlc_practicals_2024/assignment2/part2/gpt.py", line 153, in forward
    print(f"q shape: {q.shape}, k shape: {k.shape}, v shape: {v.shape}")
                      ^^^^^^^
AttributeError: 'ellipsis' object has no attribute 'shape'

======================================================================
ERROR: test_output_shape (__main__.TestCausalSelfAttention.test_output_shape)
----------------------------------------------------------------------
Traceback (most recent call last):
  File "/gpfs/home6/scur2785/uvadlc_practicals_2024/assignment2/part2/public_unittest.py", line 26, in test_output_shape
    output = module(x)
             ^^^^^^^^^
  File "/home/scur2785/.conda/envs/dl2024/lib/python3.12/site-packages/torch/nn/modules/module.py", line 1736, in _wrapped_call_impl
    return self._call_impl(*args, **kwargs)
           ^^^^^^^^^^^^^^^^^^^^^^^^^^^^^^^^
  File "/home/scur2785/.conda/envs/dl2024/lib/python3.12/site-packages/torch/nn/modules/module.py", line 1747, in _call_impl
    return forward_call(*args, **kwargs)
           ^^^^^^^^^^^^^^^^^^^^^^^^^^^^^
  File "/gpfs/home6/scur2785/uvadlc_practicals_2024/assignment2/part2/gpt.py", line 153, in forward
    print(f"q shape: {q.shape}, k shape: {k.shape}, v shape: {v.shape}")
                      ^^^^^^^
AttributeError: 'ellipsis' object has no attribute 'shape'

----------------------------------------------------------------------
Ran 5 tests in 0.060s

FAILED (errors=5)
            5.0795e-01, -5.4465e-01]]]], grad_fn=<ViewBackward0>)
tensor([[[[ 0.4163,  0.3012,  0.4086,  ..., -0.4544,  0.2386,  0.2227],
          [ 0.3766, -0.9890,  0.0776,  ...,  0.2738, -0.7055, -0.0269],
          [ 0.1386,  0.0442,  0.9070,  ...,  0.1116, -0.3043, -1.0302],
          ...,
          [ 0.2655,  0.1459, -0.1531,  ...,  0.1642, -0.6232, -0.1108],
          [-0.6183, -0.2863,  0.0981,  ..., -0.4478,  0.3193,  0.1056],
          [-0.2370, -0.3899, -0.0385,  ..., -0.6087,  0.4243,  0.5144]],

         [[ 0.1999, -0.8639,  0.1020,  ..., -0.3852,  0.6329,  0.6574],
          [ 0.8954,  0.9881, -1.6026,  ...,  0.4260, -0.0317, -1.0511],
          [-0.8645, -0.0332, -0.7041,  ..., -0.2255, -1.3481, -0.7501],
          ...,
          [ 0.9186,  0.3301, -0.3736,  ..., -0.5606, -0.2426,  0.8209],
          [-0.9258, -1.4886,  0.5123,  ..., -0.0120,  0.3056,  0.3882],
          [ 0.4069,  0.1848, -0.6183,  ...,  1.0733, -0.1974, -0.7447]],

         [[ 0.0284,  0.5886,  0.0657,  ..., -0.5394, -1.1478,  0.2919],
          [ 0.3368,  0.6655, -0.2931,  ..., -0.2035, -0.4273,  0.5265],
          [-0.1065,  0.8363,  0.6856,  ...,  0.0409,  0.0409,  0.1896],
          ...,
          [ 0.4846, -0.6955,  1.3406,  ..., -0.1222,  0.1161, -0.1696],
          [ 0.6070,  0.6891, -0.0697,  ..., -0.2512, -0.1907,  0.4109],
          [ 0.7936,  0.0510, -0.1240,  ...,  1.0925,  0.2774, -0.0222]],

         ...,

         [[ 0.8842, -0.1129, -0.6918,  ..., -0.4568,  0.3809, -1.0176],
          [-1.1821, -0.2054,  0.6994,  ...,  0.1615, -0.1364,  1.0864],
          [-0.5976,  0.6477, -0.6833,  ...,  0.3448,  0.4683,  0.2980],
          ...,
          [-0.0332,  0.2275, -0.2973,  ..., -0.4758, -0.2530,  0.7820],
          [ 0.0057, -0.9231, -0.4234,  ...,  0.3949,  0.8461, -0.7563],
          [-0.7509,  0.2753,  0.2982,  ..., -0.5767, -0.4505, -0.6201]],

         [[-0.5181,  0.4442,  0.5966,  ...,  0.6708,  0.5604,  0.1974],
          [ 0.5732,  0.0289,  0.2038,  ..., -0.6022,  0.9403,  0.9475],
          [ 0.9688,  0.0060, -0.0381,  ..., -0.0171, -0.2121, -0.1893],
          ...,
          [ 0.0310,  0.0237,  0.2590,  ..., -0.2783, -0.4729, -0.7660],
          [-0.1652,  0.3411, -0.7019,  ..., -0.2792, -0.7768,  0.0076],
          [-0.0909,  0.5550, -0.8756,  ...,  0.1048, -0.3093, -0.1206]],

         [[ 0.2446,  1.0081, -0.0869,  ...,  0.5112, -0.9875, -0.3380],
          [ 0.3001,  1.6799, -0.7110,  ...,  0.0156, -0.9273,  0.4013],
          [-1.1365,  0.0851, -0.2814,  ..., -0.6690, -0.8162,  0.4782],
          ...,
          [-0.5905, -0.9818,  0.9166,  ..., -0.4250, -0.4869,  0.7187],
          [ 0.7335,  0.7042,  0.2570,  ...,  0.0446,  0.5140,  0.1566],
          [-0.2146, -0.1356, -0.7098,  ..., -0.4222, -0.1507, -0.3031]]],


        [[[-0.0608,  0.3580, -0.4746,  ..., -0.2061,  0.3083,  0.9548],
          [ 0.0499,  0.3728, -0.7607,  ...,  0.6657, -1.2445,  0.6125],
          [ 0.1455, -0.4523, -0.0227,  ...,  0.8888, -0.7551, -0.1972],
          ...,
          [ 0.6235,  1.3995, -0.4994,  ...,  0.6995, -1.3261,  0.2981],
          [-0.3474,  0.0679, -0.7966,  ..., -0.3025, -1.3108,  0.8660],
          [ 0.1201, -0.0338,  0.0761,  ..., -0.8442,  0.3702,  0.6254]],

         [[ 0.3418,  0.2017, -0.5040,  ...,  0.4874, -0.5843, -0.3164],
          [-0.2775,  0.3262,  0.2324,  ...,  0.9167,  0.7453,  0.0700],
          [-0.5466, -0.3811,  0.0461,  ...,  0.2753,  0.5392, -0.5836],
          ...,
          [-0.7072, -0.1753,  0.2026,  ...,  0.1294, -0.2476,  1.0721],
          [ 0.2369,  0.0218, -0.0462,  ...,  0.2156,  0.6781,  0.0652],
          [ 0.2930, -0.3435, -0.4803,  ..., -0.7585,  0.0914, -0.0344]],

         [[-0.0479,  0.1690, -0.0768,  ..., -0.2414,  0.2531, -0.4194],
          [ 0.3102,  0.0421,  0.0923,  ...,  0.1338,  0.1509, -0.5503],
          [-0.5058,  0.1652, -0.8628,  ..., -0.7874, -0.1664, -0.0815],
          ...,
          [-0.4252, -0.1292,  0.3127,  ...,  0.6206, -0.4292,  0.2038],
          [-0.1129,  0.0722, -0.4745,  ...,  0.2194, -1.0961, -0.1374],
          [ 1.2340, -0.2293,  1.2504,  ...,  1.1764,  0.5426, -0.7001]],

         ...,

         [[ 0.0191,  0.6347, -0.4947,  ...,  0.3729, -0.3742,  0.3721],
          [-0.1536,  1.0256, -0.0243,  ..., -0.1316, -0.2549,  1.3857],
          [ 0.3481, -1.0481, -0.0561,  ...,  0.5866, -0.1331,  0.3413],
          ...,
          [ 0.1929, -0.2260, -0.7180,  ..., -0.0534, -1.2734,  0.2234],
          [ 0.3206,  0.2818,  0.3649,  ...,  0.0136, -0.2214, -0.0436],
          [ 0.1636,  0.0584,  0.2134,  ...,  0.8225,  0.7155,  0.0515]],

         [[-0.0168,  0.8252,  0.2340,  ..., -0.5071,  0.3405,  0.4477],
          [-0.8798,  0.5978, -0.3590,  ...,  0.4584, -0.1154,  0.5603],
          [-0.1628,  0.6015,  0.3798,  ..., -0.0200,  0.6749,  0.1899],
          ...,
          [ 0.0541, -0.2098, -0.1073,  ..., -0.9969,  0.4670, -0.1736],
          [ 0.4700,  1.3557, -0.1224,  ...,  0.1683,  0.2730, -0.0225],
          [ 0.8817,  0.4149, -0.3558,  ..., -0.1699, -1.3218,  0.8149]],

         [[-0.1577,  0.4023, -0.3290,  ..., -0.3539,  0.6193,  0.0413],
          [ 0.4511,  0.6267, -0.0229,  ...,  0.4496, -0.6147, -0.4889],
          [-0.3803,  0.1225, -0.5051,  ..., -0.0851,  0.1073, -0.5827],
          ...,
          [ 1.1812, -0.2678, -0.3129,  ...,  0.1944, -0.4307, -0.0707],
          [-0.0322,  0.4972, -0.3197,  ...,  0.1567,  0.3900,  0.8329],
          [ 0.3552,  0.4841, -1.0392,  ...,  0.5392, -0.3164,  1.2712]]]],
       grad_fn=<ViewBackward0>)
srun: error: gcn2: task 0: Exited with exit code 1
srun: Terminating StepId=8573658.0

JOB STATISTICS
==============
Job ID: 8573658
Cluster: snellius
User/Group: scur2785/scur2785
State: FAILED (exit code 1)
Nodes: 1
Cores per node: 9
CPU Utilized: 00:00:06
CPU Efficiency: 4.76% of 00:02:06 core-walltime
Job Wall-clock time: 00:00:14
Memory Utilized: 2.58 MB
Memory Efficiency: 0.00% of 60.00 GB
