============================================================================================== 
Warning! Mixing Conda and module environments may lead to corruption of the
user environment. 
We do not recommend users mixing those two environments unless absolutely
necessary. Note that 
SURF does not provide any support for Conda environment.
For more information, please refer to our software policy page:
https://servicedesk.surf.nl/wiki/display/WIKI/Software+policy+Snellius#SoftwarepolicySnellius-UseofAnacondaandMinicondaenvironmentsonSnellius 

Remember that many packages have already been installed on the system and can
be loaded using 
the 'module load <package__name>' command. If you are uncertain if a package is
already available 
on the system, please use 'module avail' or 'module spider' to search for it.
============================================================================================== 
usage: conda [-h] [--no-plugins] [-V] COMMAND ...
conda: error: argument COMMAND: invalid choice: 'activate' (choose from 'clean', 'compare', 'config', 'create', 'info', 'init', 'install', 'list', 'notices', 'package', 'remove', 'uninstall', 'rename', 'run', 'search', 'update', 'upgrade', 'build', 'convert', 'debug', 'develop', 'doctor', 'index', 'inspect', 'metapackage', 'render', 'skeleton', 'pack', 'content-trust', 'token', 'verify', 'env', 'repo', 'server')
EEEEE
======================================================================
ERROR: test_apply_rotary_emb (__main__.TestCausalSelfAttention.test_apply_rotary_emb)
----------------------------------------------------------------------
Traceback (most recent call last):
  File "/gpfs/home6/scur2785/uvadlc_practicals_2024/assignment2/part2/public_unittest.py", line 45, in test_apply_rotary_emb
    xq_rot, xk_rot = module.apply_rotary_emb(xq, xk, T)
                     ^^^^^^^^^^^^^^^^^^^^^^^^^^^^^^^^^^
  File "/gpfs/home6/scur2785/uvadlc_practicals_2024/assignment2/part2/gpt.py", line 135, in apply_rotary_emb
    xq_rot = xq * pos_cos + torch.einsum('bhts,thd->bhtd', xq, pos_sin)
                            ^^^^^^^^^^^^^^^^^^^^^^^^^^^^^^^^^^^^^^^^^^^
  File "/home/scur2785/.conda/envs/dl2024/lib/python3.12/site-packages/torch/functional.py", line 402, in einsum
    return _VF.einsum(equation, operands)  # type: ignore[attr-defined]
           ^^^^^^^^^^^^^^^^^^^^^^^^^^^^^^
RuntimeError: einsum(): the number of subscripts in the equation (3) does not match the number of dimensions (4) for operand 1 and no ellipsis was given

======================================================================
ERROR: test_attention_component_shapes_and_softmax (__main__.TestCausalSelfAttention.test_attention_component_shapes_and_softmax)
----------------------------------------------------------------------
Traceback (most recent call last):
  File "/gpfs/home6/scur2785/uvadlc_practicals_2024/assignment2/part2/public_unittest.py", line 68, in test_attention_component_shapes_and_softmax
    outputs = module(x)
              ^^^^^^^^^
  File "/home/scur2785/.conda/envs/dl2024/lib/python3.12/site-packages/torch/nn/modules/module.py", line 1736, in _wrapped_call_impl
    return self._call_impl(*args, **kwargs)
           ^^^^^^^^^^^^^^^^^^^^^^^^^^^^^^^^
  File "/home/scur2785/.conda/envs/dl2024/lib/python3.12/site-packages/torch/nn/modules/module.py", line 1747, in _call_impl
    return forward_call(*args, **kwargs)
           ^^^^^^^^^^^^^^^^^^^^^^^^^^^^^
  File "/gpfs/home6/scur2785/uvadlc_practicals_2024/assignment2/part2/gpt.py", line 154, in forward
    q, k = self.apply_rotary_emb(q, k, T)
           ^^^^^^^^^^^^^^^^^^^^^^^^^^^^^^
  File "/gpfs/home6/scur2785/uvadlc_practicals_2024/assignment2/part2/gpt.py", line 135, in apply_rotary_emb
    xq_rot = xq * pos_cos + torch.einsum('bhts,thd->bhtd', xq, pos_sin)
                            ^^^^^^^^^^^^^^^^^^^^^^^^^^^^^^^^^^^^^^^^^^^
  File "/home/scur2785/.conda/envs/dl2024/lib/python3.12/site-packages/torch/functional.py", line 402, in einsum
    return _VF.einsum(equation, operands)  # type: ignore[attr-defined]
           ^^^^^^^^^^^^^^^^^^^^^^^^^^^^^^
RuntimeError: einsum(): the number of subscripts in the equation (3) does not match the number of dimensions (4) for operand 1 and no ellipsis was given

======================================================================
ERROR: test_causal_masking (__main__.TestCausalSelfAttention.test_causal_masking)
----------------------------------------------------------------------
Traceback (most recent call last):
  File "/gpfs/home6/scur2785/uvadlc_practicals_2024/assignment2/part2/public_unittest.py", line 34, in test_causal_masking
    outputs = module(x)
              ^^^^^^^^^
  File "/home/scur2785/.conda/envs/dl2024/lib/python3.12/site-packages/torch/nn/modules/module.py", line 1736, in _wrapped_call_impl
    return self._call_impl(*args, **kwargs)
           ^^^^^^^^^^^^^^^^^^^^^^^^^^^^^^^^
  File "/home/scur2785/.conda/envs/dl2024/lib/python3.12/site-packages/torch/nn/modules/module.py", line 1747, in _call_impl
    return forward_call(*args, **kwargs)
           ^^^^^^^^^^^^^^^^^^^^^^^^^^^^^
  File "/gpfs/home6/scur2785/uvadlc_practicals_2024/assignment2/part2/gpt.py", line 154, in forward
    q, k = self.apply_rotary_emb(q, k, T)
           ^^^^^^^^^^^^^^^^^^^^^^^^^^^^^^
  File "/gpfs/home6/scur2785/uvadlc_practicals_2024/assignment2/part2/gpt.py", line 135, in apply_rotary_emb
    xq_rot = xq * pos_cos + torch.einsum('bhts,thd->bhtd', xq, pos_sin)
                            ^^^^^^^^^^^^^^^^^^^^^^^^^^^^^^^^^^^^^^^^^^^
  File "/home/scur2785/.conda/envs/dl2024/lib/python3.12/site-packages/torch/functional.py", line 402, in einsum
    return _VF.einsum(equation, operands)  # type: ignore[attr-defined]
           ^^^^^^^^^^^^^^^^^^^^^^^^^^^^^^
RuntimeError: einsum(): the number of subscripts in the equation (3) does not match the number of dimensions (4) for operand 1 and no ellipsis was given

======================================================================
ERROR: test_gradient_flow (__main__.TestCausalSelfAttention.test_gradient_flow)
----------------------------------------------------------------------
Traceback (most recent call last):
  File "/gpfs/home6/scur2785/uvadlc_practicals_2024/assignment2/part2/public_unittest.py", line 57, in test_gradient_flow
    output = module(x)
             ^^^^^^^^^
  File "/home/scur2785/.conda/envs/dl2024/lib/python3.12/site-packages/torch/nn/modules/module.py", line 1736, in _wrapped_call_impl
    return self._call_impl(*args, **kwargs)
           ^^^^^^^^^^^^^^^^^^^^^^^^^^^^^^^^
  File "/home/scur2785/.conda/envs/dl2024/lib/python3.12/site-packages/torch/nn/modules/module.py", line 1747, in _call_impl
    return forward_call(*args, **kwargs)
           ^^^^^^^^^^^^^^^^^^^^^^^^^^^^^
  File "/gpfs/home6/scur2785/uvadlc_practicals_2024/assignment2/part2/gpt.py", line 154, in forward
    q, k = self.apply_rotary_emb(q, k, T)
           ^^^^^^^^^^^^^^^^^^^^^^^^^^^^^^
  File "/gpfs/home6/scur2785/uvadlc_practicals_2024/assignment2/part2/gpt.py", line 135, in apply_rotary_emb
    xq_rot = xq * pos_cos + torch.einsum('bhts,thd->bhtd', xq, pos_sin)
                            ^^^^^^^^^^^^^^^^^^^^^^^^^^^^^^^^^^^^^^^^^^^
  File "/home/scur2785/.conda/envs/dl2024/lib/python3.12/site-packages/torch/functional.py", line 402, in einsum
    return _VF.einsum(equation, operands)  # type: ignore[attr-defined]
           ^^^^^^^^^^^^^^^^^^^^^^^^^^^^^^
RuntimeError: einsum(): the number of subscripts in the equation (3) does not match the number of dimensions (4) for operand 1 and no ellipsis was given

======================================================================
ERROR: test_output_shape (__main__.TestCausalSelfAttention.test_output_shape)
----------------------------------------------------------------------
Traceback (most recent call last):
  File "/gpfs/home6/scur2785/uvadlc_practicals_2024/assignment2/part2/public_unittest.py", line 26, in test_output_shape
    output = module(x)
             ^^^^^^^^^
  File "/home/scur2785/.conda/envs/dl2024/lib/python3.12/site-packages/torch/nn/modules/module.py", line 1736, in _wrapped_call_impl
    return self._call_impl(*args, **kwargs)
           ^^^^^^^^^^^^^^^^^^^^^^^^^^^^^^^^
  File "/home/scur2785/.conda/envs/dl2024/lib/python3.12/site-packages/torch/nn/modules/module.py", line 1747, in _call_impl
    return forward_call(*args, **kwargs)
           ^^^^^^^^^^^^^^^^^^^^^^^^^^^^^
  File "/gpfs/home6/scur2785/uvadlc_practicals_2024/assignment2/part2/gpt.py", line 154, in forward
    q, k = self.apply_rotary_emb(q, k, T)
           ^^^^^^^^^^^^^^^^^^^^^^^^^^^^^^
  File "/gpfs/home6/scur2785/uvadlc_practicals_2024/assignment2/part2/gpt.py", line 135, in apply_rotary_emb
    xq_rot = xq * pos_cos + torch.einsum('bhts,thd->bhtd', xq, pos_sin)
                            ^^^^^^^^^^^^^^^^^^^^^^^^^^^^^^^^^^^^^^^^^^^
  File "/home/scur2785/.conda/envs/dl2024/lib/python3.12/site-packages/torch/functional.py", line 402, in einsum
    return _VF.einsum(equation, operands)  # type: ignore[attr-defined]
           ^^^^^^^^^^^^^^^^^^^^^^^^^^^^^^
RuntimeError: einsum(): the number of subscripts in the equation (3) does not match the number of dimensions (4) for operand 1 and no ellipsis was given

----------------------------------------------------------------------
Ran 5 tests in 0.052s

FAILED (errors=5)
seq torch.Size([5])
freqs torch.Size([5, 4])
pos_emb torch.Size([1, 1, 5, 8])
xq norm before RoPE: tensor([[[2.0062, 1.7588, 3.0241, 3.0317, 4.3784],
         [3.0894, 3.3209, 2.7686, 3.5945, 1.7778],
         [2.6978, 2.0842, 3.6223, 1.0293, 1.9582],
         [2.5759, 3.3717, 3.3907, 2.9894, 4.2245],
         [3.8002, 2.9635, 1.8423, 1.6252, 3.7477],
         [2.7766, 3.1166, 3.4540, 2.9955, 3.2718],
         [2.8586, 2.2834, 3.5609, 2.7911, 1.9367],
         [2.1927, 1.7955, 3.8825, 3.5060, 3.0469]]])
seq torch.Size([5])
freqs torch.Size([5, 4])
pos_emb torch.Size([1, 1, 5, 8])
xq norm before RoPE: tensor([[[1.1494, 1.2333, 1.5591, 2.2372, 1.1459],
         [1.8398, 0.8778, 1.3322, 1.1350, 1.2346],
         [1.0325, 1.0732, 2.2214, 1.8785, 1.1428],
         [0.7598, 1.4264, 1.8004, 2.0165, 1.6697],
         [1.6178, 1.9582, 2.5599, 1.5918, 1.4951],
         [0.9163, 1.6377, 1.4636, 1.8265, 1.2437],
         [1.4962, 1.9949, 1.9551, 1.7277, 1.1399],
         [1.7763, 1.9354, 1.3004, 1.6724, 1.5500]],

        [[1.6093, 0.8542, 1.1098, 2.0592, 1.3587],
         [1.6728, 2.1748, 1.7611, 1.2605, 1.2652],
         [1.0154, 1.3146, 1.6079, 1.4313, 1.4570],
         [1.1353, 1.2793, 1.0105, 1.8947, 1.7624],
         [2.3295, 1.4683, 0.6055, 1.8161, 1.5784],
         [1.8525, 1.0604, 1.0612, 1.4742, 1.4192],
         [1.5543, 2.0645, 1.4530, 1.5391, 1.1093],
         [1.9629, 2.0806, 1.4560, 1.2675, 1.2623]]],
       grad_fn=<LinalgVectorNormBackward0>)
seq torch.Size([5])
freqs torch.Size([5, 4])
pos_emb torch.Size([1, 1, 5, 8])
xq norm before RoPE: tensor([[[1.8330, 1.5999, 1.9623, 1.2248, 2.7200],
         [1.7302, 1.2559, 0.9371, 1.3924, 1.7443],
         [1.7277, 0.6509, 2.1697, 1.0895, 2.0228],
         [1.5638, 1.7265, 1.6656, 1.6223, 1.2812],
         [1.3712, 1.4475, 2.0434, 1.7239, 1.3974],
         [1.4219, 1.2546, 1.7383, 1.5778, 1.9789],
         [1.9056, 1.6321, 1.7769, 1.6498, 1.9620],
         [1.4255, 1.4685, 2.3035, 2.0553, 2.1219]]],
       grad_fn=<LinalgVectorNormBackward0>)
seq torch.Size([10])
freqs torch.Size([10, 4])
pos_emb torch.Size([1, 1, 10, 8])
xq norm before RoPE: tensor([[[1.4190, 1.3586, 1.2567, 1.0898, 1.3425, 1.4260, 2.1723, 2.3097,
          1.6077, 1.5273],
         [1.3242, 1.3495, 2.1236, 2.0744, 1.5660, 1.7739, 1.2532, 2.2131,
          2.4307, 1.4163],
         [1.4661, 2.3796, 1.0200, 1.4430, 1.5483, 1.2304, 0.6492, 1.7030,
          2.0176, 1.9813],
         [1.6641, 1.7460, 1.3041, 1.5647, 1.6521, 1.7386, 1.0588, 2.5872,
          1.6282, 1.7008],
         [1.8402, 1.3883, 1.3491, 1.7221, 1.7041, 1.2582, 1.4371, 1.4944,
          2.1103, 1.9162],
         [1.5011, 1.2910, 1.3078, 2.1519, 1.1783, 2.6382, 1.6104, 1.8000,
          0.7808, 0.8846],
         [1.5647, 1.6502, 1.6309, 1.1552, 1.3117, 1.7817, 0.7291, 2.1075,
          1.4502, 1.4395],
         [2.0275, 0.8955, 1.2287, 1.9196, 1.8894, 1.5213, 1.3353, 2.1641,
          2.5662, 0.8743]],

        [[1.1561, 2.2630, 1.9897, 1.1218, 1.5701, 1.4575, 1.2261, 1.2348,
          1.5255, 1.0307],
         [1.3034, 1.7520, 1.7251, 1.2566, 1.0745, 1.9935, 1.5237, 1.2888,
          1.5502, 2.0896],
         [1.4412, 1.7674, 2.4283, 1.2688, 1.2768, 1.5473, 1.0810, 1.4395,
          1.4628, 1.6578],
         [1.6999, 1.0551, 3.0432, 2.1555, 1.5936, 1.6573, 1.4025, 2.0477,
          0.9311, 1.0460],
         [2.1110, 2.0024, 2.4850, 1.5241, 1.1291, 2.1051, 1.8225, 1.9636,
          1.3846, 0.9863],
         [1.9868, 1.1975, 2.7510, 1.1571, 0.8669, 1.7159, 1.9514, 1.7725,
          2.0923, 1.1095],
         [1.4700, 1.5761, 2.2098, 2.0149, 1.4390, 1.7809, 2.0784, 1.1687,
          0.9395, 1.0051],
         [1.3917, 1.2970, 1.6510, 1.1037, 1.8059, 1.9471, 0.9452, 1.4650,
          1.5136, 1.5836]]], grad_fn=<LinalgVectorNormBackward0>)
seq torch.Size([10])
freqs torch.Size([10, 4])
pos_emb torch.Size([1, 1, 10, 8])
xq norm before RoPE: tensor([[[1.1924, 1.3184, 1.3800, 1.1265, 1.4888, 2.5869, 1.0975, 2.3033,
          2.2266, 1.5688],
         [1.4973, 0.8254, 2.0643, 1.6120, 2.0925, 2.1367, 1.2921, 1.6007,
          1.4028, 1.7590],
         [1.0435, 0.8995, 1.5441, 2.2952, 1.1553, 1.8089, 1.9733, 2.0157,
          1.4534, 1.2970],
         [1.0302, 1.5333, 1.4346, 1.6371, 1.7940, 1.5831, 1.1599, 1.9403,
          1.5580, 1.4223],
         [1.3213, 1.1118, 1.8759, 1.5478, 1.1187, 2.4755, 1.5990, 1.4140,
          2.6238, 1.3646],
         [1.6461, 1.8165, 2.6291, 1.5009, 1.9486, 1.4101, 0.9540, 1.4229,
          1.4468, 1.3920],
         [1.7752, 1.4263, 1.2863, 1.1898, 0.9379, 1.9776, 1.1086, 1.6869,
          1.3595, 2.2772],
         [2.0598, 1.9624, 1.4224, 1.6115, 1.9548, 2.2620, 1.8566, 1.1100,
          1.7061, 1.7024]],

        [[1.0256, 1.8513, 2.6734, 0.9486, 1.3653, 1.8678, 2.0108, 1.3278,
          2.2831, 1.7455],
         [1.2835, 1.7629, 1.7111, 1.3401, 1.2375, 2.3833, 1.5343, 1.4951,
          1.5584, 1.3274],
         [2.0509, 2.0179, 1.3736, 1.0617, 1.1511, 1.3902, 0.8720, 1.8751,
          1.2531, 1.7079],
         [0.9504, 1.7067, 2.3616, 1.4823, 1.6081, 1.7517, 1.7902, 1.2376,
          1.6481, 1.2687],
         [1.2336, 1.1263, 2.4593, 1.2305, 1.8789, 1.9723, 2.3478, 1.5876,
          1.0788, 1.1626],
         [0.8391, 2.0367, 1.5432, 1.0147, 1.4192, 1.1602, 2.0988, 1.4426,
          1.5495, 1.3022],
         [1.7370, 1.3052, 0.8327, 0.9349, 1.4341, 1.4395, 2.1205, 1.2694,
          1.5925, 1.6722],
         [1.2078, 2.0336, 1.4764, 1.1776, 0.9558, 1.5448, 1.9449, 0.9151,
          1.6436, 1.0198]]], grad_fn=<LinalgVectorNormBackward0>)
srun: error: gcn3: task 0: Exited with exit code 1
srun: Terminating StepId=8574361.0

JOB STATISTICS
==============
Job ID: 8574361
Cluster: snellius
User/Group: scur2785/scur2785
State: FAILED (exit code 1)
Nodes: 1
Cores per node: 9
CPU Utilized: 00:00:06
CPU Efficiency: 3.92% of 00:02:33 core-walltime
Job Wall-clock time: 00:00:17
Memory Utilized: 2.08 MB
Memory Efficiency: 0.00% of 60.00 GB
