============================================================================================== 
Warning! Mixing Conda and module environments may lead to corruption of the
user environment. 
We do not recommend users mixing those two environments unless absolutely
necessary. Note that 
SURF does not provide any support for Conda environment.
For more information, please refer to our software policy page:
https://servicedesk.surf.nl/wiki/display/WIKI/Software+policy+Snellius#SoftwarepolicySnellius-UseofAnacondaandMinicondaenvironmentsonSnellius 

Remember that many packages have already been installed on the system and can
be loaded using 
the 'module load <package__name>' command. If you are uncertain if a package is
already available 
on the system, please use 'module avail' or 'module spider' to search for it.
============================================================================================== 
usage: conda [-h] [--no-plugins] [-V] COMMAND ...
conda: error: argument COMMAND: invalid choice: 'activate' (choose from 'clean', 'compare', 'config', 'create', 'info', 'init', 'install', 'list', 'notices', 'package', 'remove', 'uninstall', 'rename', 'run', 'search', 'update', 'upgrade', 'build', 'convert', 'debug', 'develop', 'doctor', 'index', 'inspect', 'metapackage', 'render', 'skeleton', 'content-trust', 'server', 'verify', 'repo', 'env', 'pack', 'token')
/gpfs/home6/scur2785/uvadlc_practicals_2024/assignment2/part1/exercise1.1/net.py:294: FutureWarning: Positional args are being deprecated, use kwargs instead. Refer to https://pytorch.org/docs/main/generated/torch.nn.Module.html#torch.nn.Module.state_dict for details.
  torch.save(net.state_dict(net_model_wts), net_model)
/gpfs/home6/scur2785/uvadlc_practicals_2024/assignment2/part1/exercise1.1/net.py:308: FutureWarning: You are using `torch.load` with `weights_only=False` (the current default value), which uses the default pickle module implicitly. It is possible to construct malicious pickle data which will execute arbitrary code during unpickling (See https://github.com/pytorch/pytorch/blob/main/SECURITY.md#untrusted-models for more details). In a future release, the default value for `weights_only` will be flipped to `True`. This limits the functions that could be executed during unpickling. Arbitrary objects will no longer be allowed to be loaded via this mode unless they are explicitly allowlisted by the user via `torch.serialization.add_safe_globals`. We recommend you start setting `weights_only=True` for any use case where you don't have full control of the loaded file. Please open an issue on GitHub for any issues related to this experimental feature.
  net.load_state_dict(torch.load(net_model))  # using best model
Namespace(train_size=2000, val_size=1000, test_size=1000, conv_type='sconv', net_type='Net2', image_size=32, offset1=7, offset2=23, fluctuation=6, n_repeat=10, epochs=50, batch_size=200)
Round  :   1
Net(
  (conv1): Conv2d(3, 32, kernel_size=(3, 3), stride=(1, 1), padding=(1, 1), bias=False)
  (conv2): Conv2d(32, 32, kernel_size=(3, 3), stride=(2, 2), padding=(1, 1), bias=False)
  (conv3): Conv2d(32, 64, kernel_size=(3, 3), stride=(2, 2), padding=(1, 1), bias=False)
  (conv4): Conv2d(64, 64, kernel_size=(3, 3), stride=(2, 2), padding=(1, 1), bias=False)
  (fc1): Linear(in_features=64, out_features=2, bias=True)
  (fc2): Linear(in_features=1024, out_features=64, bias=True)
)
Model size: 512.133KB
Training is starting...
Epoch:   1
Loss: 0.6923 Acc: 0.6020
val loss:  0.003448378264904022
Accuracy of the network on the val images: 100.0000 %
Epoch:   2
Loss: 0.6006 Acc: 1.0000
val loss:  4.19785026460886e-05
Accuracy of the network on the val images: 100.0000 %
Epoch:   3
Loss: 0.0024 Acc: 1.0000
val loss:  3.1707656453363597e-06
Accuracy of the network on the val images: 100.0000 %
Epoch:   4
Loss: 0.0004 Acc: 1.0000
val loss:  1.4214053226169198e-06
Accuracy of the network on the val images: 100.0000 %
Epoch:   5
Loss: 0.0002 Acc: 1.0000
val loss:  8.512032363796607e-07
Accuracy of the network on the val images: 100.0000 %
Epoch:   6
Loss: 0.0001 Acc: 1.0000
val loss:  5.780082865385339e-07
Accuracy of the network on the val images: 100.0000 %
Epoch:   7
Loss: 0.0001 Acc: 1.0000
val loss:  4.226773016853258e-07
Accuracy of the network on the val images: 100.0000 %
Epoch:   8
Loss: 0.0001 Acc: 1.0000
val loss:  3.2596689197816884e-07
Accuracy of the network on the val images: 100.0000 %
Epoch:   9
Loss: 0.0001 Acc: 1.0000
val loss:  2.623070249683224e-07
Accuracy of the network on the val images: 100.0000 %
Epoch:  10
Loss: 0.0000 Acc: 1.0000
val loss:  2.1839128385181538e-07
Accuracy of the network on the val images: 100.0000 %
Epoch:  11
Loss: 0.0000 Acc: 1.0000
val loss:  1.868358776846435e-07
Accuracy of the network on the val images: 100.0000 %
Epoch:  12
Loss: 0.0000 Acc: 1.0000
val loss:  1.6322856936312746e-07
Accuracy of the network on the val images: 100.0000 %
Epoch:  13
Loss: 0.0000 Acc: 1.0000
val loss:  1.450536583433859e-07
Accuracy of the network on the val images: 100.0000 %
Epoch:  14
Loss: 0.0000 Acc: 1.0000
val loss:  1.3064680933894123e-07
Accuracy of the network on the val images: 100.0000 %
Epoch:  15
Loss: 0.0000 Acc: 1.0000
val loss:  1.18958616440068e-07
Accuracy of the network on the val images: 100.0000 %
Epoch:  16
Loss: 0.0000 Acc: 1.0000
val loss:  1.0930380813078955e-07
Accuracy of the network on the val images: 100.0000 %
Epoch:  17
Loss: 0.0000 Acc: 1.0000
val loss:  1.0120443039340899e-07
Accuracy of the network on the val images: 100.0000 %
Epoch:  18
Loss: 0.0000 Acc: 1.0000
val loss:  9.438934648642316e-08
Accuracy of the network on the val images: 100.0000 %
Epoch:  19
Loss: 0.0000 Acc: 1.0000
val loss:  8.851648362906417e-08
Accuracy of the network on the val images: 100.0000 %
Epoch:  20
Loss: 0.0000 Acc: 1.0000
val loss:  8.342077035194962e-08
Accuracy of the network on the val images: 100.0000 %
Epoch:  21
Loss: 0.0000 Acc: 1.0000
val loss:  7.898121566540794e-08
Accuracy of the network on the val images: 100.0000 %
Epoch:  22
Loss: 0.0000 Acc: 1.0000
val loss:  7.505063149437774e-08
Accuracy of the network on the val images: 100.0000 %
Epoch:  23
Loss: 0.0000 Acc: 1.0000
val loss:  7.156285573728382e-08
Accuracy of the network on the val images: 100.0000 %
Epoch:  24
Loss: 0.0000 Acc: 1.0000
val loss:  6.845353163953405e-08
Accuracy of the network on the val images: 100.0000 %
Epoch:  25
Loss: 0.0000 Acc: 1.0000
val loss:  6.564995237567928e-08
Accuracy of the network on the val images: 100.0000 %
Epoch:  26
Loss: 0.0000 Acc: 1.0000
val loss:  6.319859039649601e-08
Accuracy of the network on the val images: 100.0000 %
Epoch:  27
Loss: 0.0000 Acc: 1.0000
val loss:  6.087239034968661e-08
Accuracy of the network on the val images: 100.0000 %
Epoch:  28
Loss: 0.0000 Acc: 1.0000
val loss:  5.8814388466998934e-08
Accuracy of the network on the val images: 100.0000 %
Epoch:  29
Loss: 0.0000 Acc: 1.0000
val loss:  5.6921476243587674e-08
Accuracy of the network on the val images: 100.0000 %
Epoch:  30
Loss: 0.0000 Acc: 1.0000
val loss:  5.515610882866895e-08
Accuracy of the network on the val images: 100.0000 %
Epoch:  31
Loss: 0.0000 Acc: 1.0000
val loss:  5.359098940971307e-08
Accuracy of the network on the val images: 100.0000 %
Epoch:  32
Loss: 0.0000 Acc: 1.0000
val loss:  5.2128391871519853e-08
Accuracy of the network on the val images: 100.0000 %
Epoch:  33
Loss: 0.0000 Acc: 1.0000
val loss:  5.078677440906176e-08
Accuracy of the network on the val images: 100.0000 %
Epoch:  34
Loss: 0.0000 Acc: 1.0000
val loss:  4.953157258569263e-08
Accuracy of the network on the val images: 100.0000 %
Epoch:  35
Loss: 0.0000 Acc: 1.0000
val loss:  4.838186941924505e-08
Accuracy of the network on the val images: 100.0000 %
Epoch:  36
Loss: 0.0000 Acc: 1.0000
val loss:  4.728580825030804e-08
Accuracy of the network on the val images: 100.0000 %
Epoch:  37
Loss: 0.0000 Acc: 1.0000
val loss:  4.627675889423699e-08
Accuracy of the network on the val images: 100.0000 %
Epoch:  38
Loss: 0.0000 Acc: 1.0000
val loss:  4.5345789203565804e-08
Accuracy of the network on the val images: 100.0000 %
Epoch:  39
Loss: 0.0000 Acc: 1.0000
val loss:  4.446726643436705e-08
Accuracy of the network on the val images: 100.0000 %
Epoch:  40
Loss: 0.0000 Acc: 1.0000
val loss:  4.364238384368946e-08
Accuracy of the network on the val images: 100.0000 %
Epoch:  41
Loss: 0.0000 Acc: 1.0000
val loss:  4.284491478756536e-08
Accuracy of the network on the val images: 100.0000 %
Epoch:  42
Loss: 0.0000 Acc: 1.0000
val loss:  4.213566398902912e-08
Accuracy of the network on the val images: 100.0000 %
Epoch:  43
Loss: 0.0000 Acc: 1.0000
val loss:  4.149017786403419e-08
Accuracy of the network on the val images: 100.0000 %
Epoch:  44
Loss: 0.0000 Acc: 1.0000
val loss:  4.082919804204721e-08
Accuracy of the network on the val images: 100.0000 %
Epoch:  45
Loss: 0.0000 Acc: 1.0000
val loss:  4.022781922685681e-08
Accuracy of the network on the val images: 100.0000 %
Epoch:  46
Loss: 0.0000 Acc: 1.0000
val loss:  3.9604981338925424e-08
Accuracy of the network on the val images: 100.0000 %
Epoch:  47
Loss: 0.0000 Acc: 1.0000
val loss:  3.909658289558138e-08
Accuracy of the network on the val images: 100.0000 %
Epoch:  48
Loss: 0.0000 Acc: 1.0000
val loss:  3.857387491734698e-08
Accuracy of the network on the val images: 100.0000 %
Epoch:  49
Loss: 0.0000 Acc: 1.0000
val loss:  3.809825557254953e-08
Accuracy of the network on the val images: 100.0000 %
Epoch:  50
Loss: 0.0000 Acc: 1.0000
val loss:  3.7647071167157266e-08
Accuracy of the network on the val images: 100.0000 %
Training finished.
testing loss:  0.06295721435546875
Accuracy of the network on the testset images: 0.0000 %
Testing with testset finished
Round  :   2
Net(
  (conv1): Conv2d(3, 32, kernel_size=(3, 3), stride=(1, 1), padding=(1, 1), bias=False)
  (conv2): Conv2d(32, 32, kernel_size=(3, 3), stride=(2, 2), padding=(1, 1), bias=False)
  (conv3): Conv2d(32, 64, kernel_size=(3, 3), stride=(2, 2), padding=(1, 1), bias=False)
  (conv4): Conv2d(64, 64, kernel_size=(3, 3), stride=(2, 2), padding=(1, 1), bias=False)
  (fc1): Linear(in_features=64, out_features=2, bias=True)
  (fc2): Linear(in_features=1024, out_features=64, bias=True)
)
Model size: 512.133KB
Training is starting...
Epoch:   1
Loss: 0.6906 Acc: 0.5940
val loss:  0.0034019235968589783
Accuracy of the network on the val images: 100.0000 %
Epoch:   2
Loss: 0.3256 Acc: 1.0000
val loss:  8.071651682257653e-06
Accuracy of the network on the val images: 100.0000 %
Epoch:   3
Loss: 0.0009 Acc: 1.0000
val loss:  2.2167682473082097e-06
Accuracy of the network on the val images: 100.0000 %
Epoch:   4
Loss: 0.0003 Acc: 1.0000
val loss:  1.1604452884057537e-06
Accuracy of the network on the val images: 100.0000 %
Epoch:   5
Loss: 0.0002 Acc: 1.0000
val loss:  7.397919398499652e-07
Accuracy of the network on the val images: 100.0000 %
Epoch:   6
Loss: 0.0001 Acc: 1.0000
val loss:  5.204330227570609e-07
Accuracy of the network on the val images: 100.0000 %
Epoch:   7
Loss: 0.0001 Acc: 1.0000
val loss:  3.903561446350068e-07
Accuracy of the network on the val images: 100.0000 %
Epoch:   8
Loss: 0.0001 Acc: 1.0000
val loss:  3.07131907902658e-07
Accuracy of the network on the val images: 100.0000 %
Epoch:   9
Loss: 0.0001 Acc: 1.0000
val loss:  2.510721969883889e-07
Accuracy of the network on the val images: 100.0000 %
Epoch:  10
Loss: 0.0000 Acc: 1.0000
val loss:  2.116013056365773e-07
Accuracy of the network on the val images: 100.0000 %
Epoch:  11
Loss: 0.0000 Acc: 1.0000
val loss:  1.82868567208061e-07
Accuracy of the network on the val images: 100.0000 %
Epoch:  12
Loss: 0.0000 Acc: 1.0000
val loss:  1.6099714594020042e-07
Accuracy of the network on the val images: 100.0000 %
Epoch:  13
Loss: 0.0000 Acc: 1.0000
val loss:  1.4388858289748897e-07
Accuracy of the network on the val images: 100.0000 %
Epoch:  14
Loss: 0.0000 Acc: 1.0000
val loss:  1.3023440806136933e-07
Accuracy of the network on the val images: 100.0000 %
Epoch:  15
Loss: 0.0000 Acc: 1.0000
val loss:  1.1908840679097921e-07
Accuracy of the network on the val images: 100.0000 %
Epoch:  16
Loss: 0.0000 Acc: 1.0000
val loss:  1.0971822302963119e-07
Accuracy of the network on the val images: 100.0000 %
Epoch:  17
Loss: 0.0000 Acc: 1.0000
val loss:  1.0192545778409112e-07
Accuracy of the network on the val images: 100.0000 %
Epoch:  18
Loss: 0.0000 Acc: 1.0000
val loss:  9.528940063319169e-08
Accuracy of the network on the val images: 100.0000 %
Epoch:  19
Loss: 0.0000 Acc: 1.0000
val loss:  8.9469171143719e-08
Accuracy of the network on the val images: 100.0000 %
Epoch:  20
Loss: 0.0000 Acc: 1.0000
val loss:  8.445228559139651e-08
Accuracy of the network on the val images: 100.0000 %
Epoch:  21
Loss: 0.0000 Acc: 1.0000
val loss:  8.008259646885563e-08
Accuracy of the network on the val images: 100.0000 %
Epoch:  22
Loss: 0.0000 Acc: 1.0000
val loss:  7.619503412570339e-08
Accuracy of the network on the val images: 100.0000 %
Epoch:  23
Loss: 0.0000 Acc: 1.0000
val loss:  7.270914193213685e-08
Accuracy of the network on the val images: 100.0000 %
Epoch:  24
Loss: 0.0000 Acc: 1.0000
val loss:  6.966605451452779e-08
Accuracy of the network on the val images: 100.0000 %
Epoch:  25
Loss: 0.0000 Acc: 1.0000
val loss:  6.68553911964409e-08
Accuracy of the network on the val images: 100.0000 %
Epoch:  26
Loss: 0.0000 Acc: 1.0000
val loss:  6.433257476601284e-08
Accuracy of the network on the val images: 100.0000 %
Epoch:  27
Loss: 0.0000 Acc: 1.0000
val loss:  6.205232421052642e-08
Accuracy of the network on the val images: 100.0000 %
Epoch:  28
Loss: 0.0000 Acc: 1.0000
val loss:  5.994609637127723e-08
Accuracy of the network on the val images: 100.0000 %
Epoch:  29
Loss: 0.0000 Acc: 1.0000
val loss:  5.806454919365933e-08
Accuracy of the network on the val images: 100.0000 %
Epoch:  30
Loss: 0.0000 Acc: 1.0000
val loss:  5.631173917208798e-08
Accuracy of the network on the val images: 100.0000 %
Epoch:  31
Loss: 0.0000 Acc: 1.0000
val loss:  5.468526978802401e-08
Accuracy of the network on the val images: 100.0000 %
Epoch:  32
Loss: 0.0000 Acc: 1.0000
val loss:  5.322687047737418e-08
Accuracy of the network on the val images: 100.0000 %
Epoch:  33
Loss: 0.0000 Acc: 1.0000
val loss:  5.186442467675079e-08
Accuracy of the network on the val images: 100.0000 %
Epoch:  34
Loss: 0.0000 Acc: 1.0000
val loss:  5.0611044571269304e-08
Accuracy of the network on the val images: 100.0000 %
Epoch:  35
Loss: 0.0000 Acc: 1.0000
val loss:  4.9425597353547346e-08
Accuracy of the network on the val images: 100.0000 %
Epoch:  36
Loss: 0.0000 Acc: 1.0000
val loss:  4.83307503600372e-08
Accuracy of the network on the val images: 100.0000 %
Epoch:  37
Loss: 0.0000 Acc: 1.0000
val loss:  4.7290136535593774e-08
Accuracy of the network on the val images: 100.0000 %
Epoch:  38
Loss: 0.0000 Acc: 1.0000
val loss:  4.635739423974883e-08
Accuracy of the network on the val images: 100.0000 %
Epoch:  39
Loss: 0.0000 Acc: 1.0000
val loss:  4.5440744997904405e-08
Accuracy of the network on the val images: 100.0000 %
Epoch:  40
Loss: 0.0000 Acc: 1.0000
val loss:  4.458547891772469e-08
Accuracy of the network on the val images: 100.0000 %
Epoch:  41
Loss: 0.0000 Acc: 1.0000
val loss:  4.381902226668899e-08
Accuracy of the network on the val images: 100.0000 %
Epoch:  42
Loss: 0.0000 Acc: 1.0000
val loss:  4.306805612941389e-08
Accuracy of the network on the val images: 100.0000 %
Epoch:  43
Loss: 0.0000 Acc: 1.0000
val loss:  4.238503515807679e-08
Accuracy of the network on the val images: 100.0000 %
Epoch:  44
Loss: 0.0000 Acc: 1.0000
val loss:  4.173419893049868e-08
Accuracy of the network on the val images: 100.0000 %
Epoch:  45
Loss: 0.0000 Acc: 1.0000
val loss:  4.112806391276536e-08
Accuracy of the network on the val images: 100.0000 %
Epoch:  46
Loss: 0.0000 Acc: 1.0000
val loss:  4.0501659896108324e-08
Accuracy of the network on the val images: 100.0000 %
Epoch:  47
Loss: 0.0000 Acc: 1.0000
val loss:  3.994022245024098e-08
Accuracy of the network on the val images: 100.0000 %
Epoch:  48
Loss: 0.0000 Acc: 1.0000
val loss:  3.943302317566122e-08
Accuracy of the network on the val images: 100.0000 %
Epoch:  49
Loss: 0.0000 Acc: 1.0000
val loss:  3.892522681780975e-08
Accuracy of the network on the val images: 100.0000 %
Epoch:  50
Loss: 0.0000 Acc: 1.0000
val loss:  3.846749314107001e-08
Accuracy of the network on the val images: 100.0000 %
Training finished.
testing loss:  0.05958095455169678
Accuracy of the network on the testset images: 0.0000 %
Testing with testset finished
Round  :   3
Net(
  (conv1): Conv2d(3, 32, kernel_size=(3, 3), stride=(1, 1), padding=(1, 1), bias=False)
  (conv2): Conv2d(32, 32, kernel_size=(3, 3), stride=(2, 2), padding=(1, 1), bias=False)
  (conv3): Conv2d(32, 64, kernel_size=(3, 3), stride=(2, 2), padding=(1, 1), bias=False)
  (conv4): Conv2d(64, 64, kernel_size=(3, 3), stride=(2, 2), padding=(1, 1), bias=False)
  (fc1): Linear(in_features=64, out_features=2, bias=True)
  (fc2): Linear(in_features=1024, out_features=64, bias=True)
)
Model size: 512.133KB
Training is starting...
Epoch:   1
Loss: 0.6916 Acc: 0.5900
val loss:  0.003436480760574341
Accuracy of the network on the val images: 100.0000 %
Epoch:   2
Loss: 0.4755 Acc: 1.0000
val loss:  1.632892480120063e-05
Accuracy of the network on the val images: 100.0000 %
Epoch:   3
Loss: 0.0014 Acc: 1.0000
val loss:  2.716792863793671e-06
Accuracy of the network on the val images: 100.0000 %
Epoch:   4
Loss: 0.0004 Acc: 1.0000
val loss:  1.3094163878122345e-06
Accuracy of the network on the val images: 100.0000 %
Epoch:   5
Loss: 0.0002 Acc: 1.0000
val loss:  8.047162846196443e-07
Accuracy of the network on the val images: 100.0000 %
Epoch:   6
Loss: 0.0001 Acc: 1.0000
val loss:  5.526224194909446e-07
Accuracy of the network on the val images: 100.0000 %
Epoch:   7
Loss: 0.0001 Acc: 1.0000
val loss:  4.0749763138592245e-07
Accuracy of the network on the val images: 100.0000 %
Epoch:   8
Loss: 0.0001 Acc: 1.0000
val loss:  3.165983071085066e-07
Accuracy of the network on the val images: 100.0000 %
Epoch:   9
Loss: 0.0001 Acc: 1.0000
val loss:  2.5674723656265995e-07
Accuracy of the network on the val images: 100.0000 %
Epoch:  10
Loss: 0.0000 Acc: 1.0000
val loss:  2.151805238099769e-07
Accuracy of the network on the val images: 100.0000 %
Epoch:  11
Loss: 0.0000 Acc: 1.0000
val loss:  1.8501033991924486e-07
Accuracy of the network on the val images: 100.0000 %
Epoch:  12
Loss: 0.0000 Acc: 1.0000
val loss:  1.6236554984061513e-07
Accuracy of the network on the val images: 100.0000 %
Epoch:  13
Loss: 0.0000 Acc: 1.0000
val loss:  1.4485027168120722e-07
Accuracy of the network on the val images: 100.0000 %
Epoch:  14
Loss: 0.0000 Acc: 1.0000
val loss:  1.308740957028931e-07
Accuracy of the network on the val images: 100.0000 %
Epoch:  15
Loss: 0.0000 Acc: 1.0000
val loss:  1.1948065002798103e-07
Accuracy of the network on the val images: 100.0000 %
Epoch:  16
Loss: 0.0000 Acc: 1.0000
val loss:  1.0998521975125187e-07
Accuracy of the network on the val images: 100.0000 %
Epoch:  17
Loss: 0.0000 Acc: 1.0000
val loss:  1.0208929415966849e-07
Accuracy of the network on the val images: 100.0000 %
Epoch:  18
Loss: 0.0000 Acc: 1.0000
val loss:  9.535307890473632e-08
Accuracy of the network on the val images: 100.0000 %
Epoch:  19
Loss: 0.0000 Acc: 1.0000
val loss:  8.951671770773829e-08
Accuracy of the network on the val images: 100.0000 %
Epoch:  20
Loss: 0.0000 Acc: 1.0000
val loss:  8.448668995697517e-08
Accuracy of the network on the val images: 100.0000 %
Epoch:  21
Loss: 0.0000 Acc: 1.0000
val loss:  8.003354923857842e-08
Accuracy of the network on the val images: 100.0000 %
Epoch:  22
Loss: 0.0000 Acc: 1.0000
val loss:  7.613643538206815e-08
Accuracy of the network on the val images: 100.0000 %
Epoch:  23
Loss: 0.0000 Acc: 1.0000
val loss:  7.265292424563086e-08
Accuracy of the network on the val images: 100.0000 %
Epoch:  24
Loss: 0.0000 Acc: 1.0000
val loss:  6.953772026463412e-08
Accuracy of the network on the val images: 100.0000 %
Epoch:  25
Loss: 0.0000 Acc: 1.0000
val loss:  6.676281009276864e-08
Accuracy of the network on the val images: 100.0000 %
Epoch:  26
Loss: 0.0000 Acc: 1.0000
val loss:  6.423582362913294e-08
Accuracy of the network on the val images: 100.0000 %
Epoch:  27
Loss: 0.0000 Acc: 1.0000
val loss:  6.194424622663063e-08
Accuracy of the network on the val images: 100.0000 %
Epoch:  28
Loss: 0.0000 Acc: 1.0000
val loss:  5.990000317979138e-08
Accuracy of the network on the val images: 100.0000 %
Epoch:  29
Loss: 0.0000 Acc: 1.0000
val loss:  5.799759674118832e-08
Accuracy of the network on the val images: 100.0000 %
Epoch:  30
Loss: 0.0000 Acc: 1.0000
val loss:  5.6264454542542807e-08
Accuracy of the network on the val images: 100.0000 %
Epoch:  31
Loss: 0.0000 Acc: 1.0000
val loss:  5.465586218633689e-08
Accuracy of the network on the val images: 100.0000 %
Epoch:  32
Loss: 0.0000 Acc: 1.0000
val loss:  5.319984711604775e-08
Accuracy of the network on the val images: 100.0000 %
Epoch:  33
Loss: 0.0000 Acc: 1.0000
val loss:  5.183561188459862e-08
Accuracy of the network on the val images: 100.0000 %
Epoch:  34
Loss: 0.0000 Acc: 1.0000
val loss:  5.056137024439522e-08
Accuracy of the network on the val images: 100.0000 %
Epoch:  35
Loss: 0.0000 Acc: 1.0000
val loss:  4.940037342748838e-08
Accuracy of the network on the val images: 100.0000 %
Epoch:  36
Loss: 0.0000 Acc: 1.0000
val loss:  4.831148180528544e-08
Accuracy of the network on the val images: 100.0000 %
Epoch:  37
Loss: 0.0000 Acc: 1.0000
val loss:  4.72774263471365e-08
Accuracy of the network on the val images: 100.0000 %
Epoch:  38
Loss: 0.0000 Acc: 1.0000
val loss:  4.6322042635438264e-08
Accuracy of the network on the val images: 100.0000 %
Epoch:  39
Loss: 0.0000 Acc: 1.0000
val loss:  4.5451883579517014e-08
Accuracy of the network on the val images: 100.0000 %
Epoch:  40
Loss: 0.0000 Acc: 1.0000
val loss:  4.4604968024941624e-08
Accuracy of the network on the val images: 100.0000 %
Epoch:  41
Loss: 0.0000 Acc: 1.0000
val loss:  4.3842082504852445e-08
Accuracy of the network on the val images: 100.0000 %
Epoch:  42
Loss: 0.0000 Acc: 1.0000
val loss:  4.310721578804078e-08
Accuracy of the network on the val images: 100.0000 %
Epoch:  43
Loss: 0.0000 Acc: 1.0000
val loss:  4.2402147755637995e-08
Accuracy of the network on the val images: 100.0000 %
Epoch:  44
Loss: 0.0000 Acc: 1.0000
val loss:  4.17519077018369e-08
Accuracy of the network on the val images: 100.0000 %
Epoch:  45
Loss: 0.0000 Acc: 1.0000
val loss:  4.1130276258627416e-08
Accuracy of the network on the val images: 100.0000 %
Epoch:  46
Loss: 0.0000 Acc: 1.0000
val loss:  4.053665452374844e-08
Accuracy of the network on the val images: 100.0000 %
Epoch:  47
Loss: 0.0000 Acc: 1.0000
val loss:  4.0016343518800566e-08
Accuracy of the network on the val images: 100.0000 %
Epoch:  48
Loss: 0.0000 Acc: 1.0000
val loss:  3.9500206185039134e-08
Accuracy of the network on the val images: 100.0000 %
Epoch:  49
Loss: 0.0000 Acc: 1.0000
val loss:  3.899240982718766e-08
Accuracy of the network on the val images: 100.0000 %
Epoch:  50
Loss: 0.0000 Acc: 1.0000
val loss:  3.853170028378372e-08
Accuracy of the network on the val images: 100.0000 %
Training finished.
testing loss:  0.06403172779083252
Accuracy of the network on the testset images: 0.0000 %
Testing with testset finished
Round  :   4
Net(
  (conv1): Conv2d(3, 32, kernel_size=(3, 3), stride=(1, 1), padding=(1, 1), bias=False)
  (conv2): Conv2d(32, 32, kernel_size=(3, 3), stride=(2, 2), padding=(1, 1), bias=False)
  (conv3): Conv2d(32, 64, kernel_size=(3, 3), stride=(2, 2), padding=(1, 1), bias=False)
  (conv4): Conv2d(64, 64, kernel_size=(3, 3), stride=(2, 2), padding=(1, 1), bias=False)
  (fc1): Linear(in_features=64, out_features=2, bias=True)
  (fc2): Linear(in_features=1024, out_features=64, bias=True)
)
Model size: 512.133KB
Training is starting...
Epoch:   1
Loss: 0.6923 Acc: 0.5940
val loss:  0.003451884686946869
Accuracy of the network on the val images: 100.0000 %
Epoch:   2
Loss: 0.6654 Acc: 1.0000
val loss:  0.0016110368669033052
Accuracy of the network on the val images: 100.0000 %
Epoch:   3
Loss: 0.0380 Acc: 1.0000
val loss:  3.7787863984704016e-06
Accuracy of the network on the val images: 100.0000 %
Epoch:   4
Loss: 0.0005 Acc: 1.0000
val loss:  1.5525518683716654e-06
Accuracy of the network on the val images: 100.0000 %
Epoch:   5
Loss: 0.0002 Acc: 1.0000
val loss:  9.029371867654845e-07
Accuracy of the network on the val images: 100.0000 %
Epoch:   6
Loss: 0.0001 Acc: 1.0000
val loss:  6.038477731635794e-07
Accuracy of the network on the val images: 100.0000 %
Epoch:   7
Loss: 0.0001 Acc: 1.0000
val loss:  4.3750325858127324e-07
Accuracy of the network on the val images: 100.0000 %
Epoch:   8
Loss: 0.0001 Acc: 1.0000
val loss:  3.349952748976648e-07
Accuracy of the network on the val images: 100.0000 %
Epoch:   9
Loss: 0.0001 Acc: 1.0000
val loss:  2.682750637177378e-07
Accuracy of the network on the val images: 100.0000 %
Epoch:  10
Loss: 0.0000 Acc: 1.0000
val loss:  2.226378637715243e-07
Accuracy of the network on the val images: 100.0000 %
Epoch:  11
Loss: 0.0000 Acc: 1.0000
val loss:  1.8996756625710987e-07
Accuracy of the network on the val images: 100.0000 %
Epoch:  12
Loss: 0.0000 Acc: 1.0000
val loss:  1.656184103921987e-07
Accuracy of the network on the val images: 100.0000 %
Epoch:  13
Loss: 0.0000 Acc: 1.0000
val loss:  1.4700554493174424e-07
Accuracy of the network on the val images: 100.0000 %
Epoch:  14
Loss: 0.0000 Acc: 1.0000
val loss:  1.3226679584477097e-07
Accuracy of the network on the val images: 100.0000 %
Epoch:  15
Loss: 0.0000 Acc: 1.0000
val loss:  1.2032120321237017e-07
Accuracy of the network on the val images: 100.0000 %
Epoch:  16
Loss: 0.0000 Acc: 1.0000
val loss:  1.104369785025483e-07
Accuracy of the network on the val images: 100.0000 %
Epoch:  17
Loss: 0.0000 Acc: 1.0000
val loss:  1.0230783846054691e-07
Accuracy of the network on the val images: 100.0000 %
Epoch:  18
Loss: 0.0000 Acc: 1.0000
val loss:  9.526809390081325e-08
Accuracy of the network on the val images: 100.0000 %
Epoch:  19
Loss: 0.0000 Acc: 1.0000
val loss:  8.934401557780802e-08
Accuracy of the network on the val images: 100.0000 %
Epoch:  20
Loss: 0.0000 Acc: 1.0000
val loss:  8.410885766352294e-08
Accuracy of the network on the val images: 100.0000 %
Epoch:  21
Loss: 0.0000 Acc: 1.0000
val loss:  7.96585991338361e-08
Accuracy of the network on the val images: 100.0000 %
Epoch:  22
Loss: 0.0000 Acc: 1.0000
val loss:  7.562371956737479e-08
Accuracy of the network on the val images: 100.0000 %
Epoch:  23
Loss: 0.0000 Acc: 1.0000
val loss:  7.210498097265372e-08
Accuracy of the network on the val images: 100.0000 %
Epoch:  24
Loss: 0.0000 Acc: 1.0000
val loss:  6.895097249071113e-08
Accuracy of the network on the val images: 100.0000 %
Epoch:  25
Loss: 0.0000 Acc: 1.0000
val loss:  6.61658787066699e-08
Accuracy of the network on the val images: 100.0000 %
Epoch:  26
Loss: 0.0000 Acc: 1.0000
val loss:  6.362096064549406e-08
Accuracy of the network on the val images: 100.0000 %
Epoch:  27
Loss: 0.0000 Acc: 1.0000
val loss:  6.129417306510732e-08
Accuracy of the network on the val images: 100.0000 %
Epoch:  28
Loss: 0.0000 Acc: 1.0000
val loss:  5.915154633839848e-08
Accuracy of the network on the val images: 100.0000 %
Epoch:  29
Loss: 0.0000 Acc: 1.0000
val loss:  5.728486576117575e-08
Accuracy of the network on the val images: 100.0000 %
Epoch:  30
Loss: 0.0000 Acc: 1.0000
val loss:  5.552248694584705e-08
Accuracy of the network on the val images: 100.0000 %
Epoch:  31
Loss: 0.0000 Acc: 1.0000
val loss:  5.393412993726088e-08
Accuracy of the network on the val images: 100.0000 %
Epoch:  32
Loss: 0.0000 Acc: 1.0000
val loss:  5.241491271590348e-08
Accuracy of the network on the val images: 100.0000 %
Epoch:  33
Loss: 0.0000 Acc: 1.0000
val loss:  5.103337207401637e-08
Accuracy of the network on the val images: 100.0000 %
Epoch:  34
Loss: 0.0000 Acc: 1.0000
val loss:  4.977460594091099e-08
Accuracy of the network on the val images: 100.0000 %
Epoch:  35
Loss: 0.0000 Acc: 1.0000
val loss:  4.8612389036861716e-08
Accuracy of the network on the val images: 100.0000 %
Epoch:  36
Loss: 0.0000 Acc: 1.0000
val loss:  4.749964045913657e-08
Accuracy of the network on the val images: 100.0000 %
Epoch:  37
Loss: 0.0000 Acc: 1.0000
val loss:  4.649953962143627e-08
Accuracy of the network on the val images: 100.0000 %
Epoch:  38
Loss: 0.0000 Acc: 1.0000
val loss:  4.55214890280331e-08
Accuracy of the network on the val images: 100.0000 %
Epoch:  39
Loss: 0.0000 Acc: 1.0000
val loss:  4.463402956389473e-08
Accuracy of the network on the val images: 100.0000 %
Epoch:  40
Loss: 0.0000 Acc: 1.0000
val loss:  4.3810936404042876e-08
Accuracy of the network on the val images: 100.0000 %
Epoch:  41
Loss: 0.0000 Acc: 1.0000
val loss:  4.303612149669789e-08
Accuracy of the network on the val images: 100.0000 %
Epoch:  42
Loss: 0.0000 Acc: 1.0000
val loss:  4.2297664094803625e-08
Accuracy of the network on the val images: 100.0000 %
Epoch:  43
Loss: 0.0000 Acc: 1.0000
val loss:  4.159079435339663e-08
Accuracy of the network on the val images: 100.0000 %
Epoch:  44
Loss: 0.0000 Acc: 1.0000
val loss:  4.0942931263998616e-08
Accuracy of the network on the val images: 100.0000 %
Epoch:  45
Loss: 0.0000 Acc: 1.0000
val loss:  4.03129447477113e-08
Accuracy of the network on the val images: 100.0000 %
Epoch:  46
Loss: 0.0000 Acc: 1.0000
val loss:  3.976878679168294e-08
Accuracy of the network on the val images: 100.0000 %
Epoch:  47
Loss: 0.0000 Acc: 1.0000
val loss:  3.920734070561594e-08
Accuracy of the network on the val images: 100.0000 %
Epoch:  48
Loss: 0.0000 Acc: 1.0000
val loss:  3.8687616324750704e-08
Accuracy of the network on the val images: 100.0000 %
Epoch:  49
Loss: 0.0000 Acc: 1.0000
val loss:  3.8203654185053893e-08
Accuracy of the network on the val images: 100.0000 %
Epoch:  50
Loss: 0.0000 Acc: 1.0000
val loss:  3.773816388275009e-08
Accuracy of the network on the val images: 100.0000 %
Training finished.
testing loss:  0.06381245517730713
Accuracy of the network on the testset images: 0.0000 %
Testing with testset finished
Round  :   5
Net(
  (conv1): Conv2d(3, 32, kernel_size=(3, 3), stride=(1, 1), padding=(1, 1), bias=False)
  (conv2): Conv2d(32, 32, kernel_size=(3, 3), stride=(2, 2), padding=(1, 1), bias=False)
  (conv3): Conv2d(32, 64, kernel_size=(3, 3), stride=(2, 2), padding=(1, 1), bias=False)
  (conv4): Conv2d(64, 64, kernel_size=(3, 3), stride=(2, 2), padding=(1, 1), bias=False)
  (fc1): Linear(in_features=64, out_features=2, bias=True)
  (fc2): Linear(in_features=1024, out_features=64, bias=True)
)
Model size: 512.133KB
Training is starting...
Epoch:   1
Loss: 0.6912 Acc: 0.5945
val loss:  0.0034190757274627686
Accuracy of the network on the val images: 100.0000 %
Epoch:   2
Loss: 0.3585 Acc: 1.0000
val loss:  7.752167643047869e-06
Accuracy of the network on the val images: 100.0000 %
Epoch:   3
Loss: 0.0008 Acc: 1.0000
val loss:  1.9905846274923534e-06
Accuracy of the network on the val images: 100.0000 %
Epoch:   4
Loss: 0.0003 Acc: 1.0000
val loss:  1.0248947073705495e-06
Accuracy of the network on the val images: 100.0000 %
Epoch:   5
Loss: 0.0002 Acc: 1.0000
val loss:  6.476821072283201e-07
Accuracy of the network on the val images: 100.0000 %
Epoch:   6
Loss: 0.0001 Acc: 1.0000
val loss:  4.5453527854988353e-07
Accuracy of the network on the val images: 100.0000 %
Epoch:   7
Loss: 0.0001 Acc: 1.0000
val loss:  3.4133434746763667e-07
Accuracy of the network on the val images: 100.0000 %
Epoch:   8
Loss: 0.0001 Acc: 1.0000
val loss:  2.69578376901336e-07
Accuracy of the network on the val images: 100.0000 %
Epoch:   9
Loss: 0.0001 Acc: 1.0000
val loss:  2.214055057265796e-07
Accuracy of the network on the val images: 100.0000 %
Epoch:  10
Loss: 0.0000 Acc: 1.0000
val loss:  1.8739199367701077e-07
Accuracy of the network on the val images: 100.0000 %
Epoch:  11
Loss: 0.0000 Acc: 1.0000
val loss:  1.623966290935641e-07
Accuracy of the network on the val images: 100.0000 %
Epoch:  12
Loss: 0.0000 Acc: 1.0000
val loss:  1.433642173651606e-07
Accuracy of the network on the val images: 100.0000 %
Epoch:  13
Loss: 0.0000 Acc: 1.0000
val loss:  1.2853028420067857e-07
Accuracy of the network on the val images: 100.0000 %
Epoch:  14
Loss: 0.0000 Acc: 1.0000
val loss:  1.1652476496237796e-07
Accuracy of the network on the val images: 100.0000 %
Epoch:  15
Loss: 0.0000 Acc: 1.0000
val loss:  1.0672789539967198e-07
Accuracy of the network on the val images: 100.0000 %
Epoch:  16
Loss: 0.0000 Acc: 1.0000
val loss:  9.858186967903748e-08
Accuracy of the network on the val images: 100.0000 %
Epoch:  17
Loss: 0.0000 Acc: 1.0000
val loss:  9.166890231426806e-08
Accuracy of the network on the val images: 100.0000 %
Epoch:  18
Loss: 0.0000 Acc: 1.0000
val loss:  8.57452732816455e-08
Accuracy of the network on the val images: 100.0000 %
Epoch:  19
Loss: 0.0000 Acc: 1.0000
val loss:  8.06768794063828e-08
Accuracy of the network on the val images: 100.0000 %
Epoch:  20
Loss: 0.0000 Acc: 1.0000
val loss:  7.624381214554887e-08
Accuracy of the network on the val images: 100.0000 %
Epoch:  21
Loss: 0.0000 Acc: 1.0000
val loss:  7.236501460283762e-08
Accuracy of the network on the val images: 100.0000 %
Epoch:  22
Loss: 0.0000 Acc: 1.0000
val loss:  6.890281201776816e-08
Accuracy of the network on the val images: 100.0000 %
Epoch:  23
Loss: 0.0000 Acc: 1.0000
val loss:  6.587509142264026e-08
Accuracy of the network on the val images: 100.0000 %
Epoch:  24
Loss: 0.0000 Acc: 1.0000
val loss:  6.312808272923576e-08
Accuracy of the network on the val images: 100.0000 %
Epoch:  25
Loss: 0.0000 Acc: 1.0000
val loss:  6.068325365049532e-08
Accuracy of the network on the val images: 100.0000 %
Epoch:  26
Loss: 0.0000 Acc: 1.0000
val loss:  5.844761562912026e-08
Accuracy of the network on the val images: 100.0000 %
Epoch:  27
Loss: 0.0000 Acc: 1.0000
val loss:  5.6413420679746195e-08
Accuracy of the network on the val images: 100.0000 %
Epoch:  28
Loss: 0.0000 Acc: 1.0000
val loss:  5.4552671826968434e-08
Accuracy of the network on the val images: 100.0000 %
Epoch:  29
Loss: 0.0000 Acc: 1.0000
val loss:  5.2885623517795466e-08
Accuracy of the network on the val images: 100.0000 %
Epoch:  30
Loss: 0.0000 Acc: 1.0000
val loss:  5.1332403927517587e-08
Accuracy of the network on the val images: 100.0000 %
Epoch:  31
Loss: 0.0000 Acc: 1.0000
val loss:  4.9900180783879476e-08
Accuracy of the network on the val images: 100.0000 %
Epoch:  32
Loss: 0.0000 Acc: 1.0000
val loss:  4.857642852584831e-08
Accuracy of the network on the val images: 100.0000 %
Epoch:  33
Loss: 0.0000 Acc: 1.0000
val loss:  4.7377837290696334e-08
Accuracy of the network on the val images: 100.0000 %
Epoch:  34
Loss: 0.0000 Acc: 1.0000
val loss:  4.6247785576269964e-08
Accuracy of the network on the val images: 100.0000 %
Epoch:  35
Loss: 0.0000 Acc: 1.0000
val loss:  4.521131268120371e-08
Accuracy of the network on the val images: 100.0000 %
Epoch:  36
Loss: 0.0000 Acc: 1.0000
val loss:  4.4259474179852986e-08
Accuracy of the network on the val images: 100.0000 %
Epoch:  37
Loss: 0.0000 Acc: 1.0000
val loss:  4.3319554606569e-08
Accuracy of the network on the val images: 100.0000 %
Epoch:  38
Loss: 0.0000 Acc: 1.0000
val loss:  4.2482147364353294e-08
Accuracy of the network on the val images: 100.0000 %
Epoch:  39
Loss: 0.0000 Acc: 1.0000
val loss:  4.167751785644214e-08
Accuracy of the network on the val images: 100.0000 %
Epoch:  40
Loss: 0.0000 Acc: 1.0000
val loss:  4.093308871233603e-08
Accuracy of the network on the val images: 100.0000 %
Epoch:  41
Loss: 0.0000 Acc: 1.0000
val loss:  4.0236937820736784e-08
Accuracy of the network on the val images: 100.0000 %
Epoch:  42
Loss: 0.0000 Acc: 1.0000
val loss:  3.9616480535187295e-08
Accuracy of the network on the val images: 100.0000 %
Epoch:  43
Loss: 0.0000 Acc: 1.0000
val loss:  3.8939995647524486e-08
Accuracy of the network on the val images: 100.0000 %
Epoch:  44
Loss: 0.0000 Acc: 1.0000
val loss:  3.8380333535315e-08
Accuracy of the network on the val images: 100.0000 %
Epoch:  45
Loss: 0.0000 Acc: 1.0000
val loss:  3.783556940106792e-08
Accuracy of the network on the val images: 100.0000 %
Epoch:  46
Loss: 0.0000 Acc: 1.0000
val loss:  3.730570915649878e-08
Accuracy of the network on the val images: 100.0000 %
Epoch:  47
Loss: 0.0000 Acc: 1.0000
val loss:  3.6824717426497956e-08
Accuracy of the network on the val images: 100.0000 %
Epoch:  48
Loss: 0.0000 Acc: 1.0000
val loss:  3.6354456369736e-08
Accuracy of the network on the val images: 100.0000 %
Epoch:  49
Loss: 0.0000 Acc: 1.0000
val loss:  3.593664541767794e-08
Accuracy of the network on the val images: 100.0000 %
Epoch:  50
Loss: 0.0000 Acc: 1.0000
val loss:  3.550333485691226e-08
Accuracy of the network on the val images: 100.0000 %
Training finished.
testing loss:  0.062150453567504885
Accuracy of the network on the testset images: 0.0000 %
Testing with testset finished
Round  :   6
Net(
  (conv1): Conv2d(3, 32, kernel_size=(3, 3), stride=(1, 1), padding=(1, 1), bias=False)
  (conv2): Conv2d(32, 32, kernel_size=(3, 3), stride=(2, 2), padding=(1, 1), bias=False)
  (conv3): Conv2d(32, 64, kernel_size=(3, 3), stride=(2, 2), padding=(1, 1), bias=False)
  (conv4): Conv2d(64, 64, kernel_size=(3, 3), stride=(2, 2), padding=(1, 1), bias=False)
  (fc1): Linear(in_features=64, out_features=2, bias=True)
  (fc2): Linear(in_features=1024, out_features=64, bias=True)
)
Model size: 512.133KB
Training is starting...
Epoch:   1
Loss: 0.6916 Acc: 0.5005
val loss:  0.0034237037897109986
Accuracy of the network on the val images: 99.2000 %
Epoch:   2
Loss: 0.3886 Acc: 0.9980
val loss:  8.831973886117338e-06
Accuracy of the network on the val images: 100.0000 %
Epoch:   3
Loss: 0.0009 Acc: 1.0000
val loss:  2.247113880002871e-06
Accuracy of the network on the val images: 100.0000 %
Epoch:   4
Loss: 0.0003 Acc: 1.0000
val loss:  1.159492225269787e-06
Accuracy of the network on the val images: 100.0000 %
Epoch:   5
Loss: 0.0002 Acc: 1.0000
val loss:  7.340220472542569e-07
Accuracy of the network on the val images: 100.0000 %
Epoch:   6
Loss: 0.0001 Acc: 1.0000
val loss:  5.144303358974867e-07
Accuracy of the network on the val images: 100.0000 %
Epoch:   7
Loss: 0.0001 Acc: 1.0000
val loss:  3.854334936477244e-07
Accuracy of the network on the val images: 100.0000 %
Epoch:   8
Loss: 0.0001 Acc: 1.0000
val loss:  3.0316899210447445e-07
Accuracy of the network on the val images: 100.0000 %
Epoch:   9
Loss: 0.0001 Acc: 1.0000
val loss:  2.4808773741824554e-07
Accuracy of the network on the val images: 100.0000 %
Epoch:  10
Loss: 0.0000 Acc: 1.0000
val loss:  2.0927959121763707e-07
Accuracy of the network on the val images: 100.0000 %
Epoch:  11
Loss: 0.0000 Acc: 1.0000
val loss:  1.8100844135915395e-07
Accuracy of the network on the val images: 100.0000 %
Epoch:  12
Loss: 0.0000 Acc: 1.0000
val loss:  1.594635086803464e-07
Accuracy of the network on the val images: 100.0000 %
Epoch:  13
Loss: 0.0000 Acc: 1.0000
val loss:  1.4272378575697076e-07
Accuracy of the network on the val images: 100.0000 %
Epoch:  14
Loss: 0.0000 Acc: 1.0000
val loss:  1.2920071458211168e-07
Accuracy of the network on the val images: 100.0000 %
Epoch:  15
Loss: 0.0000 Acc: 1.0000
val loss:  1.1815307516371831e-07
Accuracy of the network on the val images: 100.0000 %
Epoch:  16
Loss: 0.0000 Acc: 1.0000
val loss:  1.0908089825534262e-07
Accuracy of the network on the val images: 100.0000 %
Epoch:  17
Loss: 0.0000 Acc: 1.0000
val loss:  1.0127029418072197e-07
Accuracy of the network on the val images: 100.0000 %
Epoch:  18
Loss: 0.0000 Acc: 1.0000
val loss:  9.472007877775467e-08
Accuracy of the network on the val images: 100.0000 %
Epoch:  19
Loss: 0.0000 Acc: 1.0000
val loss:  8.903696925699478e-08
Accuracy of the network on the val images: 100.0000 %
Epoch:  20
Loss: 0.0000 Acc: 1.0000
val loss:  8.409519887209172e-08
Accuracy of the network on the val images: 100.0000 %
Epoch:  21
Loss: 0.0000 Acc: 1.0000
val loss:  7.976666620379546e-08
Accuracy of the network on the val images: 100.0000 %
Epoch:  22
Loss: 0.0000 Acc: 1.0000
val loss:  7.593038662889739e-08
Accuracy of the network on the val images: 100.0000 %
Epoch:  23
Loss: 0.0000 Acc: 1.0000
val loss:  7.251365514093777e-08
Accuracy of the network on the val images: 100.0000 %
Epoch:  24
Loss: 0.0000 Acc: 1.0000
val loss:  6.941576066310518e-08
Accuracy of the network on the val images: 100.0000 %
Epoch:  25
Loss: 0.0000 Acc: 1.0000
val loss:  6.666829631285509e-08
Accuracy of the network on the val images: 100.0000 %
Epoch:  26
Loss: 0.0000 Acc: 1.0000
val loss:  6.419855344574898e-08
Accuracy of the network on the val images: 100.0000 %
Epoch:  27
Loss: 0.0000 Acc: 1.0000
val loss:  6.193142780830385e-08
Accuracy of the network on the val images: 100.0000 %
Epoch:  28
Loss: 0.0000 Acc: 1.0000
val loss:  5.988839802739677e-08
Accuracy of the network on the val images: 100.0000 %
Epoch:  29
Loss: 0.0000 Acc: 1.0000
val loss:  5.801938459626399e-08
Accuracy of the network on the val images: 100.0000 %
Epoch:  30
Loss: 0.0000 Acc: 1.0000
val loss:  5.627314385492355e-08
Accuracy of the network on the val images: 100.0000 %
Epoch:  31
Loss: 0.0000 Acc: 1.0000
val loss:  5.470390806294745e-08
Accuracy of the network on the val images: 100.0000 %
Epoch:  32
Loss: 0.0000 Acc: 1.0000
val loss:  5.325445545167895e-08
Accuracy of the network on the val images: 100.0000 %
Epoch:  33
Loss: 0.0000 Acc: 1.0000
val loss:  5.189500507185585e-08
Accuracy of the network on the val images: 100.0000 %
Epoch:  34
Loss: 0.0000 Acc: 1.0000
val loss:  5.062852324044798e-08
Accuracy of the network on the val images: 100.0000 %
Epoch:  35
Loss: 0.0000 Acc: 1.0000
val loss:  4.94883902319998e-08
Accuracy of the network on the val images: 100.0000 %
Epoch:  36
Loss: 0.0000 Acc: 1.0000
val loss:  4.841023837798275e-08
Accuracy of the network on the val images: 100.0000 %
Epoch:  37
Loss: 0.0000 Acc: 1.0000
val loss:  4.736427126772469e-08
Accuracy of the network on the val images: 100.0000 %
Epoch:  38
Loss: 0.0000 Acc: 1.0000
val loss:  4.6442861275863834e-08
Accuracy of the network on the val images: 100.0000 %
Epoch:  39
Loss: 0.0000 Acc: 1.0000
val loss:  4.554708266368834e-08
Accuracy of the network on the val images: 100.0000 %
Epoch:  40
Loss: 0.0000 Acc: 1.0000
val loss:  4.4752620397048304e-08
Accuracy of the network on the val images: 100.0000 %
Epoch:  41
Loss: 0.0000 Acc: 1.0000
val loss:  4.3939679017057644e-08
Accuracy of the network on the val images: 100.0000 %
Epoch:  42
Loss: 0.0000 Acc: 1.0000
val loss:  4.320660627854522e-08
Accuracy of the network on the val images: 100.0000 %
Epoch:  43
Loss: 0.0000 Acc: 1.0000
val loss:  4.251882273820229e-08
Accuracy of the network on the val images: 100.0000 %
Epoch:  44
Loss: 0.0000 Acc: 1.0000
val loss:  4.1861438603518764e-08
Accuracy of the network on the val images: 100.0000 %
Epoch:  45
Loss: 0.0000 Acc: 1.0000
val loss:  4.1249944843002597e-08
Accuracy of the network on the val images: 100.0000 %
Epoch:  46
Loss: 0.0000 Acc: 1.0000
val loss:  4.068851330885081e-08
Accuracy of the network on the val images: 100.0000 %
Epoch:  47
Loss: 0.0000 Acc: 1.0000
val loss:  4.011158716821228e-08
Accuracy of the network on the val images: 100.0000 %
Epoch:  48
Loss: 0.0000 Acc: 1.0000
val loss:  3.958829984185286e-08
Accuracy of the network on the val images: 100.0000 %
Epoch:  49
Loss: 0.0000 Acc: 1.0000
val loss:  3.911865405825665e-08
Accuracy of the network on the val images: 100.0000 %
Epoch:  50
Loss: 0.0000 Acc: 1.0000
val loss:  3.865556209348142e-08
Accuracy of the network on the val images: 100.0000 %
Training finished.
testing loss:  0.06474487018585205
Accuracy of the network on the testset images: 0.0000 %
Testing with testset finished
Round  :   7
Net(
  (conv1): Conv2d(3, 32, kernel_size=(3, 3), stride=(1, 1), padding=(1, 1), bias=False)
  (conv2): Conv2d(32, 32, kernel_size=(3, 3), stride=(2, 2), padding=(1, 1), bias=False)
  (conv3): Conv2d(32, 64, kernel_size=(3, 3), stride=(2, 2), padding=(1, 1), bias=False)
  (conv4): Conv2d(64, 64, kernel_size=(3, 3), stride=(2, 2), padding=(1, 1), bias=False)
  (fc1): Linear(in_features=64, out_features=2, bias=True)
  (fc2): Linear(in_features=1024, out_features=64, bias=True)
)
Model size: 512.133KB
Training is starting...
Epoch:   1
Loss: 0.6688 Acc: 0.7120
val loss:  0.0015304017961025238
Accuracy of the network on the val images: 100.0000 %
Epoch:   2
Loss: 0.0358 Acc: 1.0000
val loss:  3.7178690545260907e-06
Accuracy of the network on the val images: 100.0000 %
Epoch:   3
Loss: 0.0005 Acc: 1.0000
val loss:  1.5035264368634671e-06
Accuracy of the network on the val images: 100.0000 %
Epoch:   4
Loss: 0.0002 Acc: 1.0000
val loss:  8.652139804325998e-07
Accuracy of the network on the val images: 100.0000 %
Epoch:   5
Loss: 0.0001 Acc: 1.0000
val loss:  5.740523774875328e-07
Accuracy of the network on the val images: 100.0000 %
Epoch:   6
Loss: 0.0001 Acc: 1.0000
val loss:  4.1413516009924933e-07
Accuracy of the network on the val images: 100.0000 %
Epoch:   7
Loss: 0.0001 Acc: 1.0000
val loss:  3.1674671481596306e-07
Accuracy of the network on the val images: 100.0000 %
Epoch:   8
Loss: 0.0001 Acc: 1.0000
val loss:  2.5367402486153876e-07
Accuracy of the network on the val images: 100.0000 %
Epoch:   9
Loss: 0.0000 Acc: 1.0000
val loss:  2.10441470699152e-07
Accuracy of the network on the val images: 100.0000 %
Epoch:  10
Loss: 0.0000 Acc: 1.0000
val loss:  1.796116994228214e-07
Accuracy of the network on the val images: 100.0000 %
Epoch:  11
Loss: 0.0000 Acc: 1.0000
val loss:  1.5669431195419747e-07
Accuracy of the network on the val images: 100.0000 %
Epoch:  12
Loss: 0.0000 Acc: 1.0000
val loss:  1.3903537728765513e-07
Accuracy of the network on the val images: 100.0000 %
Epoch:  13
Loss: 0.0000 Acc: 1.0000
val loss:  1.2517432878667023e-07
Accuracy of the network on the val images: 100.0000 %
Epoch:  14
Loss: 0.0000 Acc: 1.0000
val loss:  1.138859624916222e-07
Accuracy of the network on the val images: 100.0000 %
Epoch:  15
Loss: 0.0000 Acc: 1.0000
val loss:  1.0464469778526109e-07
Accuracy of the network on the val images: 100.0000 %
Epoch:  16
Loss: 0.0000 Acc: 1.0000
val loss:  9.682299605628941e-08
Accuracy of the network on the val images: 100.0000 %
Epoch:  17
Loss: 0.0000 Acc: 1.0000
val loss:  9.027784290083218e-08
Accuracy of the network on the val images: 100.0000 %
Epoch:  18
Loss: 0.0000 Acc: 1.0000
val loss:  8.455335046164692e-08
Accuracy of the network on the val images: 100.0000 %
Epoch:  19
Loss: 0.0000 Acc: 1.0000
val loss:  7.970851584104821e-08
Accuracy of the network on the val images: 100.0000 %
Epoch:  20
Loss: 0.0000 Acc: 1.0000
val loss:  7.537681631220039e-08
Accuracy of the network on the val images: 100.0000 %
Epoch:  21
Loss: 0.0000 Acc: 1.0000
val loss:  7.160951372497948e-08
Accuracy of the network on the val images: 100.0000 %
Epoch:  22
Loss: 0.0000 Acc: 1.0000
val loss:  6.829158337495755e-08
Accuracy of the network on the val images: 100.0000 %
Epoch:  23
Loss: 0.0000 Acc: 1.0000
val loss:  6.531574672408169e-08
Accuracy of the network on the val images: 100.0000 %
Epoch:  24
Loss: 0.0000 Acc: 1.0000
val loss:  6.266293439693982e-08
Accuracy of the network on the val images: 100.0000 %
Epoch:  25
Loss: 0.0000 Acc: 1.0000
val loss:  6.02431500738021e-08
Accuracy of the network on the val images: 100.0000 %
Epoch:  26
Loss: 0.0000 Acc: 1.0000
val loss:  5.8055809859069996e-08
Accuracy of the network on the val images: 100.0000 %
Epoch:  27
Loss: 0.0000 Acc: 1.0000
val loss:  5.60913686058484e-08
Accuracy of the network on the val images: 100.0000 %
Epoch:  28
Loss: 0.0000 Acc: 1.0000
val loss:  5.4261620789475276e-08
Accuracy of the network on the val images: 100.0000 %
Epoch:  29
Loss: 0.0000 Acc: 1.0000
val loss:  5.26213998455205e-08
Accuracy of the network on the val images: 100.0000 %
Epoch:  30
Loss: 0.0000 Acc: 1.0000
val loss:  5.111111386213452e-08
Accuracy of the network on the val images: 100.0000 %
Epoch:  31
Loss: 0.0000 Acc: 1.0000
val loss:  4.969201290805359e-08
Accuracy of the network on the val images: 100.0000 %
Epoch:  32
Loss: 0.0000 Acc: 1.0000
val loss:  4.8424891247123014e-08
Accuracy of the network on the val images: 100.0000 %
Epoch:  33
Loss: 0.0000 Acc: 1.0000
val loss:  4.724001610156847e-08
Accuracy of the network on the val images: 100.0000 %
Epoch:  34
Loss: 0.0000 Acc: 1.0000
val loss:  4.614096906152554e-08
Accuracy of the network on the val images: 100.0000 %
Epoch:  35
Loss: 0.0000 Acc: 1.0000
val loss:  4.508125448410283e-08
Accuracy of the network on the val images: 100.0000 %
Epoch:  36
Loss: 0.0000 Acc: 1.0000
val loss:  4.4117498418927425e-08
Accuracy of the network on the val images: 100.0000 %
Epoch:  37
Loss: 0.0000 Acc: 1.0000
val loss:  4.3233015276200605e-08
Accuracy of the network on the val images: 100.0000 %
Epoch:  38
Loss: 0.0000 Acc: 1.0000
val loss:  4.239442159814644e-08
Accuracy of the network on the val images: 100.0000 %
Epoch:  39
Loss: 0.0000 Acc: 1.0000
val loss:  4.16154266531521e-08
Accuracy of the network on the val images: 100.0000 %
Epoch:  40
Loss: 0.0000 Acc: 1.0000
val loss:  4.0871598230296514e-08
Accuracy of the network on the val images: 100.0000 %
Epoch:  41
Loss: 0.0000 Acc: 1.0000
val loss:  4.017664286948275e-08
Accuracy of the network on the val images: 100.0000 %
Epoch:  42
Loss: 0.0000 Acc: 1.0000
val loss:  3.952638735427172e-08
Accuracy of the network on the val images: 100.0000 %
Epoch:  43
Loss: 0.0000 Acc: 1.0000
val loss:  3.8916066841920836e-08
Accuracy of the network on the val images: 100.0000 %
Epoch:  44
Loss: 0.0000 Acc: 1.0000
val loss:  3.8345081975421635e-08
Accuracy of the network on the val images: 100.0000 %
Epoch:  45
Loss: 0.0000 Acc: 1.0000
val loss:  3.779197732001194e-08
Accuracy of the network on the val images: 100.0000 %
Epoch:  46
Loss: 0.0000 Acc: 1.0000
val loss:  3.7282977700670015e-08
Accuracy of the network on the val images: 100.0000 %
Epoch:  47
Loss: 0.0000 Acc: 1.0000
val loss:  3.678112761917873e-08
Accuracy of the network on the val images: 100.0000 %
Epoch:  48
Loss: 0.0000 Acc: 1.0000
val loss:  3.631146319094114e-08
Accuracy of the network on the val images: 100.0000 %
Epoch:  49
Loss: 0.0000 Acc: 1.0000
val loss:  3.587458422771306e-08
Accuracy of the network on the val images: 100.0000 %
Epoch:  50
Loss: 0.0000 Acc: 1.0000
val loss:  3.548538188624661e-08
Accuracy of the network on the val images: 100.0000 %
Training finished.
testing loss:  0.06128755950927734
Accuracy of the network on the testset images: 0.0000 %
Testing with testset finished
Round  :   8
Net(
  (conv1): Conv2d(3, 32, kernel_size=(3, 3), stride=(1, 1), padding=(1, 1), bias=False)
  (conv2): Conv2d(32, 32, kernel_size=(3, 3), stride=(2, 2), padding=(1, 1), bias=False)
  (conv3): Conv2d(32, 64, kernel_size=(3, 3), stride=(2, 2), padding=(1, 1), bias=False)
  (conv4): Conv2d(64, 64, kernel_size=(3, 3), stride=(2, 2), padding=(1, 1), bias=False)
  (fc1): Linear(in_features=64, out_features=2, bias=True)
  (fc2): Linear(in_features=1024, out_features=64, bias=True)
)
Model size: 512.133KB
Training is starting...
Epoch:   1
Loss: 0.6927 Acc: 0.5000
val loss:  0.0034567561745643617
Accuracy of the network on the val images: 50.0000 %
Epoch:   2
Loss: 0.6867 Acc: 0.9290
val loss:  0.003301384449005127
Accuracy of the network on the val images: 100.0000 %
Epoch:   3
Loss: 0.2126 Acc: 1.0000
val loss:  5.971698206849397e-06
Accuracy of the network on the val images: 100.0000 %
Epoch:   4
Loss: 0.0007 Acc: 1.0000
val loss:  1.942655217135325e-06
Accuracy of the network on the val images: 100.0000 %
Epoch:   5
Loss: 0.0003 Acc: 1.0000
val loss:  1.0555279877735303e-06
Accuracy of the network on the val images: 100.0000 %
Epoch:   6
Loss: 0.0002 Acc: 1.0000
val loss:  6.834307496319525e-07
Accuracy of the network on the val images: 100.0000 %
Epoch:   7
Loss: 0.0001 Acc: 1.0000
val loss:  4.845501098316163e-07
Accuracy of the network on the val images: 100.0000 %
Epoch:   8
Loss: 0.0001 Acc: 1.0000
val loss:  3.6523591552395373e-07
Accuracy of the network on the val images: 100.0000 %
Epoch:   9
Loss: 0.0001 Acc: 1.0000
val loss:  2.882859407691285e-07
Accuracy of the network on the val images: 100.0000 %
Epoch:  10
Loss: 0.0001 Acc: 1.0000
val loss:  2.3632397278561257e-07
Accuracy of the network on the val images: 100.0000 %
Epoch:  11
Loss: 0.0000 Acc: 1.0000
val loss:  1.9965317915193736e-07
Accuracy of the network on the val images: 100.0000 %
Epoch:  12
Loss: 0.0000 Acc: 1.0000
val loss:  1.7277255028602668e-07
Accuracy of the network on the val images: 100.0000 %
Epoch:  13
Loss: 0.0000 Acc: 1.0000
val loss:  1.5222447109408677e-07
Accuracy of the network on the val images: 100.0000 %
Epoch:  14
Loss: 0.0000 Acc: 1.0000
val loss:  1.362494094792055e-07
Accuracy of the network on the val images: 100.0000 %
Epoch:  15
Loss: 0.0000 Acc: 1.0000
val loss:  1.2345117647782898e-07
Accuracy of the network on the val images: 100.0000 %
Epoch:  16
Loss: 0.0000 Acc: 1.0000
val loss:  1.1299020115984603e-07
Accuracy of the network on the val images: 100.0000 %
Epoch:  17
Loss: 0.0000 Acc: 1.0000
val loss:  1.0427533925394528e-07
Accuracy of the network on the val images: 100.0000 %
Epoch:  18
Loss: 0.0000 Acc: 1.0000
val loss:  9.685127588454635e-08
Accuracy of the network on the val images: 100.0000 %
Epoch:  19
Loss: 0.0000 Acc: 1.0000
val loss:  9.058695286512374e-08
Accuracy of the network on the val images: 100.0000 %
Epoch:  20
Loss: 0.0000 Acc: 1.0000
val loss:  8.516112939105369e-08
Accuracy of the network on the val images: 100.0000 %
Epoch:  21
Loss: 0.0000 Acc: 1.0000
val loss:  8.043317848205333e-08
Accuracy of the network on the val images: 100.0000 %
Epoch:  22
Loss: 0.0000 Acc: 1.0000
val loss:  7.627318427694263e-08
Accuracy of the network on the val images: 100.0000 %
Epoch:  23
Loss: 0.0000 Acc: 1.0000
val loss:  7.262393683049595e-08
Accuracy of the network on the val images: 100.0000 %
Epoch:  24
Loss: 0.0000 Acc: 1.0000
val loss:  6.937697799003217e-08
Accuracy of the network on the val images: 100.0000 %
Epoch:  25
Loss: 0.0000 Acc: 1.0000
val loss:  6.64321732983808e-08
Accuracy of the network on the val images: 100.0000 %
Epoch:  26
Loss: 0.0000 Acc: 1.0000
val loss:  6.379310525517212e-08
Accuracy of the network on the val images: 100.0000 %
Epoch:  27
Loss: 0.0000 Acc: 1.0000
val loss:  6.141268750070595e-08
Accuracy of the network on the val images: 100.0000 %
Epoch:  28
Loss: 0.0000 Acc: 1.0000
val loss:  5.9274244449625255e-08
Accuracy of the network on the val images: 100.0000 %
Epoch:  29
Loss: 0.0000 Acc: 1.0000
val loss:  5.7296713748655746e-08
Accuracy of the network on the val images: 100.0000 %
Epoch:  30
Loss: 0.0000 Acc: 1.0000
val loss:  5.547533874050714e-08
Accuracy of the network on the val images: 100.0000 %
Epoch:  31
Loss: 0.0000 Acc: 1.0000
val loss:  5.382977360568475e-08
Accuracy of the network on the val images: 100.0000 %
Epoch:  32
Loss: 0.0000 Acc: 1.0000
val loss:  5.2333808525872884e-08
Accuracy of the network on the val images: 100.0000 %
Epoch:  33
Loss: 0.0000 Acc: 1.0000
val loss:  5.092843275633641e-08
Accuracy of the network on the val images: 100.0000 %
Epoch:  34
Loss: 0.0000 Acc: 1.0000
val loss:  4.96434413435054e-08
Accuracy of the network on the val images: 100.0000 %
Epoch:  35
Loss: 0.0000 Acc: 1.0000
val loss:  4.844427985517541e-08
Accuracy of the network on the val images: 100.0000 %
Epoch:  36
Loss: 0.0000 Acc: 1.0000
val loss:  4.734106732939835e-08
Accuracy of the network on the val images: 100.0000 %
Epoch:  37
Loss: 0.0000 Acc: 1.0000
val loss:  4.630580588127486e-08
Accuracy of the network on the val images: 100.0000 %
Epoch:  38
Loss: 0.0000 Acc: 1.0000
val loss:  4.53378884230915e-08
Accuracy of the network on the val images: 100.0000 %
Epoch:  39
Loss: 0.0000 Acc: 1.0000
val loss:  4.4446257106756094e-08
Accuracy of the network on the val images: 100.0000 %
Epoch:  40
Loss: 0.0000 Acc: 1.0000
val loss:  4.358383466751547e-08
Accuracy of the network on the val images: 100.0000 %
Epoch:  41
Loss: 0.0000 Acc: 1.0000
val loss:  4.277743255443056e-08
Accuracy of the network on the val images: 100.0000 %
Epoch:  42
Loss: 0.0000 Acc: 1.0000
val loss:  4.204195647616871e-08
Accuracy of the network on the val images: 100.0000 %
Epoch:  43
Loss: 0.0000 Acc: 1.0000
val loss:  4.1349388993694445e-08
Accuracy of the network on the val images: 100.0000 %
Epoch:  44
Loss: 0.0000 Acc: 1.0000
val loss:  4.069079977853107e-08
Accuracy of the network on the val images: 100.0000 %
Epoch:  45
Loss: 0.0000 Acc: 1.0000
val loss:  4.005962546216324e-08
Accuracy of the network on the val images: 100.0000 %
Epoch:  46
Loss: 0.0000 Acc: 1.0000
val loss:  3.94564581256418e-08
Accuracy of the network on the val images: 100.0000 %
Epoch:  47
Loss: 0.0000 Acc: 1.0000
val loss:  3.8912895888643105e-08
Accuracy of the network on the val images: 100.0000 %
Epoch:  48
Loss: 0.0000 Acc: 1.0000
val loss:  3.83890001103282e-08
Accuracy of the network on the val images: 100.0000 %
Epoch:  49
Loss: 0.0000 Acc: 1.0000
val loss:  3.788596541198786e-08
Accuracy of the network on the val images: 100.0000 %
Epoch:  50
Loss: 0.0000 Acc: 1.0000
val loss:  3.743538309208816e-08
Accuracy of the network on the val images: 100.0000 %
Training finished.
testing loss:  0.06179019451141357
Accuracy of the network on the testset images: 0.0000 %
Testing with testset finished
Round  :   9
Net(
  (conv1): Conv2d(3, 32, kernel_size=(3, 3), stride=(1, 1), padding=(1, 1), bias=False)
  (conv2): Conv2d(32, 32, kernel_size=(3, 3), stride=(2, 2), padding=(1, 1), bias=False)
  (conv3): Conv2d(32, 64, kernel_size=(3, 3), stride=(2, 2), padding=(1, 1), bias=False)
  (conv4): Conv2d(64, 64, kernel_size=(3, 3), stride=(2, 2), padding=(1, 1), bias=False)
  (fc1): Linear(in_features=64, out_features=2, bias=True)
  (fc2): Linear(in_features=1024, out_features=64, bias=True)
)
Model size: 512.133KB
Training is starting...
Epoch:   1
Loss: 0.6904 Acc: 0.6780
val loss:  0.003410143673419952
Accuracy of the network on the val images: 100.0000 %
Epoch:   2
Loss: 0.3521 Acc: 1.0000
val loss:  8.194280555471778e-06
Accuracy of the network on the val images: 100.0000 %
Epoch:   3
Loss: 0.0009 Acc: 1.0000
val loss:  2.099256817018613e-06
Accuracy of the network on the val images: 100.0000 %
Epoch:   4
Loss: 0.0003 Acc: 1.0000
val loss:  1.0828283557202667e-06
Accuracy of the network on the val images: 100.0000 %
Epoch:   5
Loss: 0.0002 Acc: 1.0000
val loss:  6.862485824967734e-07
Accuracy of the network on the val images: 100.0000 %
Epoch:   6
Loss: 0.0001 Acc: 1.0000
val loss:  4.818856832571328e-07
Accuracy of the network on the val images: 100.0000 %
Epoch:   7
Loss: 0.0001 Acc: 1.0000
val loss:  3.619436683948152e-07
Accuracy of the network on the val images: 100.0000 %
Epoch:   8
Loss: 0.0001 Acc: 1.0000
val loss:  2.8550396382343025e-07
Accuracy of the network on the val images: 100.0000 %
Epoch:   9
Loss: 0.0001 Acc: 1.0000
val loss:  2.3416145268129184e-07
Accuracy of the network on the val images: 100.0000 %
Epoch:  10
Loss: 0.0000 Acc: 1.0000
val loss:  1.980198867386207e-07
Accuracy of the network on the val images: 100.0000 %
Epoch:  11
Loss: 0.0000 Acc: 1.0000
val loss:  1.7149772429547738e-07
Accuracy of the network on the val images: 100.0000 %
Epoch:  12
Loss: 0.0000 Acc: 1.0000
val loss:  1.5132289809116627e-07
Accuracy of the network on the val images: 100.0000 %
Epoch:  13
Loss: 0.0000 Acc: 1.0000
val loss:  1.3545855836127886e-07
Accuracy of the network on the val images: 100.0000 %
Epoch:  14
Loss: 0.0000 Acc: 1.0000
val loss:  1.22896432003472e-07
Accuracy of the network on the val images: 100.0000 %
Epoch:  15
Loss: 0.0000 Acc: 1.0000
val loss:  1.1249585440964438e-07
Accuracy of the network on the val images: 100.0000 %
Epoch:  16
Loss: 0.0000 Acc: 1.0000
val loss:  1.0390821626060642e-07
Accuracy of the network on the val images: 100.0000 %
Epoch:  17
Loss: 0.0000 Acc: 1.0000
val loss:  9.661920739745255e-08
Accuracy of the network on the val images: 100.0000 %
Epoch:  18
Loss: 0.0000 Acc: 1.0000
val loss:  9.042024612426757e-08
Accuracy of the network on the val images: 100.0000 %
Epoch:  19
Loss: 0.0000 Acc: 1.0000
val loss:  8.501572756358655e-08
Accuracy of the network on the val images: 100.0000 %
Epoch:  20
Loss: 0.0000 Acc: 1.0000
val loss:  8.03806260591955e-08
Accuracy of the network on the val images: 100.0000 %
Epoch:  21
Loss: 0.0000 Acc: 1.0000
val loss:  7.630336494912627e-08
Accuracy of the network on the val images: 100.0000 %
Epoch:  22
Loss: 0.0000 Acc: 1.0000
val loss:  7.269753950822632e-08
Accuracy of the network on the val images: 100.0000 %
Epoch:  23
Loss: 0.0000 Acc: 1.0000
val loss:  6.945943641767371e-08
Accuracy of the network on the val images: 100.0000 %
Epoch:  24
Loss: 0.0000 Acc: 1.0000
val loss:  6.657594713033177e-08
Accuracy of the network on the val images: 100.0000 %
Epoch:  25
Loss: 0.0000 Acc: 1.0000
val loss:  6.399583253369201e-08
Accuracy of the network on the val images: 100.0000 %
Epoch:  26
Loss: 0.0000 Acc: 1.0000
val loss:  6.163027046568458e-08
Accuracy of the network on the val images: 100.0000 %
Epoch:  27
Loss: 0.0000 Acc: 1.0000
val loss:  5.9507874539121984e-08
Accuracy of the network on the val images: 100.0000 %
Epoch:  28
Loss: 0.0000 Acc: 1.0000
val loss:  5.7572027799324134e-08
Accuracy of the network on the val images: 100.0000 %
Epoch:  29
Loss: 0.0000 Acc: 1.0000
val loss:  5.580544893746264e-08
Accuracy of the network on the val images: 100.0000 %
Epoch:  30
Loss: 0.0000 Acc: 1.0000
val loss:  5.416402836999623e-08
Accuracy of the network on the val images: 100.0000 %
Epoch:  31
Loss: 0.0000 Acc: 1.0000
val loss:  5.2671014600491614e-08
Accuracy of the network on the val images: 100.0000 %
Epoch:  32
Loss: 0.0000 Acc: 1.0000
val loss:  5.131150282977614e-08
Accuracy of the network on the val images: 100.0000 %
Epoch:  33
Loss: 0.0000 Acc: 1.0000
val loss:  5.004735885449918e-08
Accuracy of the network on the val images: 100.0000 %
Epoch:  34
Loss: 0.0000 Acc: 1.0000
val loss:  4.887141676590545e-08
Accuracy of the network on the val images: 100.0000 %
Epoch:  35
Loss: 0.0000 Acc: 1.0000
val loss:  4.7764022383489644e-08
Accuracy of the network on the val images: 100.0000 %
Epoch:  36
Loss: 0.0000 Acc: 1.0000
val loss:  4.6744238261453575e-08
Accuracy of the network on the val images: 100.0000 %
Epoch:  37
Loss: 0.0000 Acc: 1.0000
val loss:  4.575782986648847e-08
Accuracy of the network on the val images: 100.0000 %
Epoch:  38
Loss: 0.0000 Acc: 1.0000
val loss:  4.488942977332044e-08
Accuracy of the network on the val images: 100.0000 %
Epoch:  39
Loss: 0.0000 Acc: 1.0000
val loss:  4.405798881634837e-08
Accuracy of the network on the val images: 100.0000 %
Epoch:  40
Loss: 0.0000 Acc: 1.0000
val loss:  4.329389184931642e-08
Accuracy of the network on the val images: 100.0000 %
Epoch:  41
Loss: 0.0000 Acc: 1.0000
val loss:  4.2547676457616036e-08
Accuracy of the network on the val images: 100.0000 %
Epoch:  42
Loss: 0.0000 Acc: 1.0000
val loss:  4.187536433164496e-08
Accuracy of the network on the val images: 100.0000 %
Epoch:  43
Loss: 0.0000 Acc: 1.0000
val loss:  4.118934930374962e-08
Accuracy of the network on the val images: 100.0000 %
Epoch:  44
Loss: 0.0000 Acc: 1.0000
val loss:  4.0586175600765274e-08
Accuracy of the network on the val images: 100.0000 %
Epoch:  45
Loss: 0.0000 Acc: 1.0000
val loss:  3.9996115901885785e-08
Accuracy of the network on the val images: 100.0000 %
Epoch:  46
Loss: 0.0000 Acc: 1.0000
val loss:  3.946923152398085e-08
Accuracy of the network on the val images: 100.0000 %
Epoch:  47
Loss: 0.0000 Acc: 1.0000
val loss:  3.894771407431108e-08
Accuracy of the network on the val images: 100.0000 %
Epoch:  48
Loss: 0.0000 Acc: 1.0000
val loss:  3.847388097710791e-08
Accuracy of the network on the val images: 100.0000 %
Epoch:  49
Loss: 0.0000 Acc: 1.0000
val loss:  3.801315597229404e-08
Accuracy of the network on the val images: 100.0000 %
Epoch:  50
Loss: 0.0000 Acc: 1.0000
val loss:  3.7551238619926155e-08
Accuracy of the network on the val images: 100.0000 %
Training finished.
testing loss:  0.06451639938354492
Accuracy of the network on the testset images: 0.0000 %
Testing with testset finished
Round  :  10
Net(
  (conv1): Conv2d(3, 32, kernel_size=(3, 3), stride=(1, 1), padding=(1, 1), bias=False)
  (conv2): Conv2d(32, 32, kernel_size=(3, 3), stride=(2, 2), padding=(1, 1), bias=False)
  (conv3): Conv2d(32, 64, kernel_size=(3, 3), stride=(2, 2), padding=(1, 1), bias=False)
  (conv4): Conv2d(64, 64, kernel_size=(3, 3), stride=(2, 2), padding=(1, 1), bias=False)
  (fc1): Linear(in_features=64, out_features=2, bias=True)
  (fc2): Linear(in_features=1024, out_features=64, bias=True)
)
Model size: 512.133KB
Training is starting...
Epoch:   1
Loss: 0.6862 Acc: 0.6470
val loss:  0.0031697310209274293
Accuracy of the network on the val images: 100.0000 %
Epoch:   2
Loss: 0.1483 Acc: 1.0000
val loss:  4.563890281133354e-06
Accuracy of the network on the val images: 100.0000 %
Epoch:   3
Loss: 0.0006 Acc: 1.0000
val loss:  1.633953012060374e-06
Accuracy of the network on the val images: 100.0000 %
Epoch:   4
Loss: 0.0003 Acc: 1.0000
val loss:  9.075336274690926e-07
Accuracy of the network on the val images: 100.0000 %
Epoch:   5
Loss: 0.0002 Acc: 1.0000
val loss:  5.932249696343206e-07
Accuracy of the network on the val images: 100.0000 %
Epoch:   6
Loss: 0.0001 Acc: 1.0000
val loss:  4.241495917085558e-07
Accuracy of the network on the val images: 100.0000 %
Epoch:   7
Loss: 0.0001 Acc: 1.0000
val loss:  3.2244429530692285e-07
Accuracy of the network on the val images: 100.0000 %
Epoch:   8
Loss: 0.0001 Acc: 1.0000
val loss:  2.567742776591331e-07
Accuracy of the network on the val images: 100.0000 %
Epoch:   9
Loss: 0.0000 Acc: 1.0000
val loss:  2.1206676683505065e-07
Accuracy of the network on the val images: 100.0000 %
Epoch:  10
Loss: 0.0000 Acc: 1.0000
val loss:  1.8016645844909363e-07
Accuracy of the network on the val images: 100.0000 %
Epoch:  11
Loss: 0.0000 Acc: 1.0000
val loss:  1.5673188136133832e-07
Accuracy of the network on the val images: 100.0000 %
Epoch:  12
Loss: 0.0000 Acc: 1.0000
val loss:  1.387161792081315e-07
Accuracy of the network on the val images: 100.0000 %
Epoch:  13
Loss: 0.0000 Acc: 1.0000
val loss:  1.245652365469141e-07
Accuracy of the network on the val images: 100.0000 %
Epoch:  14
Loss: 0.0000 Acc: 1.0000
val loss:  1.1315389201627113e-07
Accuracy of the network on the val images: 100.0000 %
Epoch:  15
Loss: 0.0000 Acc: 1.0000
val loss:  1.038022164721042e-07
Accuracy of the network on the val images: 100.0000 %
Epoch:  16
Loss: 0.0000 Acc: 1.0000
val loss:  9.598456381354481e-08
Accuracy of the network on the val images: 100.0000 %
Epoch:  17
Loss: 0.0000 Acc: 1.0000
val loss:  8.93695996637689e-08
Accuracy of the network on the val images: 100.0000 %
Epoch:  18
Loss: 0.0000 Acc: 1.0000
val loss:  8.371534931939095e-08
Accuracy of the network on the val images: 100.0000 %
Epoch:  19
Loss: 0.0000 Acc: 1.0000
val loss:  7.879953227529767e-08
Accuracy of the network on the val images: 100.0000 %
Epoch:  20
Loss: 0.0000 Acc: 1.0000
val loss:  7.45232064218726e-08
Accuracy of the network on the val images: 100.0000 %
Epoch:  21
Loss: 0.0000 Acc: 1.0000
val loss:  7.076002293615601e-08
Accuracy of the network on the val images: 100.0000 %
Epoch:  22
Loss: 0.0000 Acc: 1.0000
val loss:  6.745159225829411e-08
Accuracy of the network on the val images: 100.0000 %
Epoch:  23
Loss: 0.0000 Acc: 1.0000
val loss:  6.448525164159946e-08
Accuracy of the network on the val images: 100.0000 %
Epoch:  24
Loss: 0.0000 Acc: 1.0000
val loss:  6.183181631058688e-08
Accuracy of the network on the val images: 100.0000 %
Epoch:  25
Loss: 0.0000 Acc: 1.0000
val loss:  5.9441813391458706e-08
Accuracy of the network on the val images: 100.0000 %
Epoch:  26
Loss: 0.0000 Acc: 1.0000
val loss:  5.729796248488128e-08
Accuracy of the network on the val images: 100.0000 %
Epoch:  27
Loss: 0.0000 Acc: 1.0000
val loss:  5.533767398446798e-08
Accuracy of the network on the val images: 100.0000 %
Epoch:  28
Loss: 0.0000 Acc: 1.0000
val loss:  5.3529957767750604e-08
Accuracy of the network on the val images: 100.0000 %
Epoch:  29
Loss: 0.0000 Acc: 1.0000
val loss:  5.189747662370792e-08
Accuracy of the network on the val images: 100.0000 %
Epoch:  30
Loss: 0.0000 Acc: 1.0000
val loss:  5.037346545577748e-08
Accuracy of the network on the val images: 100.0000 %
Epoch:  31
Loss: 0.0000 Acc: 1.0000
val loss:  4.9012161980499516e-08
Accuracy of the network on the val images: 100.0000 %
Epoch:  32
Loss: 0.0000 Acc: 1.0000
val loss:  4.7742644710524474e-08
Accuracy of the network on the val images: 100.0000 %
Epoch:  33
Loss: 0.0000 Acc: 1.0000
val loss:  4.656491182686295e-08
Accuracy of the network on the val images: 100.0000 %
Epoch:  34
Loss: 0.0000 Acc: 1.0000
val loss:  4.5467046220437625e-08
Accuracy of the network on the val images: 100.0000 %
Epoch:  35
Loss: 0.0000 Acc: 1.0000
val loss:  4.4455606257542966e-08
Accuracy of the network on the val images: 100.0000 %
Epoch:  36
Loss: 0.0000 Acc: 1.0000
val loss:  4.34787325502839e-08
Accuracy of the network on the val images: 100.0000 %
Epoch:  37
Loss: 0.0000 Acc: 1.0000
val loss:  4.25942380388733e-08
Accuracy of the network on the val images: 100.0000 %
Epoch:  38
Loss: 0.0000 Acc: 1.0000
val loss:  4.1791995045059595e-08
Accuracy of the network on the val images: 100.0000 %
Epoch:  39
Loss: 0.0000 Acc: 1.0000
val loss:  4.101240301679354e-08
Accuracy of the network on the val images: 100.0000 %
Epoch:  40
Loss: 0.0000 Acc: 1.0000
val loss:  4.029956062368001e-08
Accuracy of the network on the val images: 100.0000 %
Epoch:  41
Loss: 0.0000 Acc: 1.0000
val loss:  3.960400454161572e-08
Accuracy of the network on the val images: 100.0000 %
Epoch:  42
Loss: 0.0000 Acc: 1.0000
val loss:  3.895255076713511e-08
Accuracy of the network on the val images: 100.0000 %
Epoch:  43
Loss: 0.0000 Acc: 1.0000
val loss:  3.836845053228899e-08
Accuracy of the network on the val images: 100.0000 %
Epoch:  44
Loss: 0.0000 Acc: 1.0000
val loss:  3.779626877076225e-08
Accuracy of the network on the val images: 100.0000 %
Epoch:  45
Loss: 0.0000 Acc: 1.0000
val loss:  3.725925353137427e-08
Accuracy of the network on the val images: 100.0000 %
Epoch:  46
Loss: 0.0000 Acc: 1.0000
val loss:  3.674130903164041e-08
Accuracy of the network on the val images: 100.0000 %
Epoch:  47
Loss: 0.0000 Acc: 1.0000
val loss:  3.626627994890441e-08
Accuracy of the network on the val images: 100.0000 %
Epoch:  48
Loss: 0.0000 Acc: 1.0000
val loss:  3.582224007914192e-08
Accuracy of the network on the val images: 100.0000 %
Epoch:  49
Loss: 0.0000 Acc: 1.0000
val loss:  3.539429508236935e-08
Accuracy of the network on the val images: 100.0000 %
Epoch:  50
Loss: 0.0000 Acc: 1.0000
val loss:  3.4991979646292746e-08
Accuracy of the network on the val images: 100.0000 %
Training finished.
testing loss:  0.06479095458984375
Accuracy of the network on the testset images: 0.0000 %
Testing with testset finished
*******************************************
 Type of convolution :  sconv
 Type of network :  Net2
*******************************************
Results for validation dataset {0: 100.0, 1: 100.0, 2: 100.0, 3: 100.0, 4: 100.0, 5: 100.0, 6: 100.0, 7: 100.0, 8: 100.0, 9: 100.0}
mean: 100.0000 std: 0.0000 for validation
Results for test dataset {0: 0.0, 1: 0.0, 2: 0.0, 3: 0.0, 4: 0.0, 5: 0.0, 6: 0.0, 7: 0.0, 8: 0.0, 9: 0.0}
mean: 0.0000 std: 0.0000 for test

JOB STATISTICS
==============
Job ID: 8549805
Cluster: snellius
User/Group: scur2785/scur2785
State: COMPLETED (exit code 0)
Nodes: 1
Cores per node: 9
CPU Utilized: 00:05:20
CPU Efficiency: 69.72% of 00:07:39 core-walltime
Job Wall-clock time: 00:00:51
Memory Utilized: 795.62 MB
Memory Efficiency: 1.29% of 60.00 GB
