============================================================================================== 
Warning! Mixing Conda and module environments may lead to corruption of the
user environment. 
We do not recommend users mixing those two environments unless absolutely
necessary. Note that 
SURF does not provide any support for Conda environment.
For more information, please refer to our software policy page:
https://servicedesk.surf.nl/wiki/display/WIKI/Software+policy+Snellius#SoftwarepolicySnellius-UseofAnacondaandMinicondaenvironmentsonSnellius 

Remember that many packages have already been installed on the system and can
be loaded using 
the 'module load <package__name>' command. If you are uncertain if a package is
already available 
on the system, please use 'module avail' or 'module spider' to search for it.
============================================================================================== 
usage: conda [-h] [--no-plugins] [-V] COMMAND ...
conda: error: argument COMMAND: invalid choice: 'activate' (choose from 'clean', 'compare', 'config', 'create', 'info', 'init', 'install', 'list', 'notices', 'package', 'remove', 'uninstall', 'rename', 'run', 'search', 'update', 'upgrade', 'build', 'convert', 'debug', 'develop', 'doctor', 'index', 'inspect', 'metapackage', 'render', 'skeleton', 'server', 'token', 'env', 'pack', 'verify', 'repo', 'content-trust')
seq torch.Size([5])
freqs torch.Size([5, 4])
pos_emb torch.Size([1, 1, 5, 8])
xq norm before RoPE: tensor([[[2.9960, 1.6775, 2.0260, 3.0838, 3.8338],
         [3.1811, 2.0185, 3.2616, 3.1858, 2.8101],
         [2.1074, 2.4243, 2.6838, 2.9100, 2.8664],
         [2.5965, 3.1251, 3.6034, 4.0510, 2.3482],
         [2.3929, 3.2513, 2.8865, 2.4984, 3.4663],
         [3.1256, 4.0721, 3.8774, 2.9385, 1.7248],
         [1.2449, 3.5221, 2.8693, 3.2178, 2.5391],
         [2.8733, 2.6520, 3.0650, 3.5910, 3.7635]]])
xq_rot norm after RoPE: tensor([[[2.9960, 1.8273, 2.0778, 3.3657, 4.8343],
         [3.1811, 2.3625, 3.0683, 3.0567, 3.7650],
         [2.1074, 2.8919, 2.6998, 2.8037, 3.5396],
         [2.5965, 3.7562, 2.5946, 4.2750, 2.8665],
         [2.3929, 3.9308, 2.0064, 2.5857, 3.9679],
         [3.1256, 4.6360, 3.2774, 3.0046, 2.2032],
         [1.2449, 3.9611, 2.4311, 3.6168, 2.8989],
         [2.8733, 3.1845, 3.1539, 4.1688, 4.3300]]])
seq torch.Size([5])
freqs torch.Size([5, 4])
pos_emb torch.Size([1, 1, 5, 8])
xq norm before RoPE: tensor([[[1.6322, 1.3106, 1.6172, 1.6797, 2.5026],
         [1.3879, 2.1510, 2.0442, 1.5808, 1.8877],
         [1.3807, 1.8763, 1.7337, 1.2497, 2.8625],
         [2.0233, 1.1404, 2.2443, 1.1319, 1.6150],
         [1.0391, 1.9175, 1.2121, 2.2661, 1.4524],
         [2.3803, 1.6722, 1.7786, 1.7243, 2.4344],
         [1.3777, 1.2214, 1.5625, 1.6331, 1.7787],
         [1.4286, 2.2006, 1.8635, 1.3244, 1.6865]],

        [[1.5025, 1.5668, 1.4236, 1.9595, 1.4018],
         [1.2453, 1.2800, 1.5936, 1.3404, 1.0491],
         [1.8280, 1.5905, 1.4916, 1.5524, 1.9282],
         [1.4576, 1.1345, 0.5604, 1.4060, 1.3817],
         [1.4610, 1.8632, 1.6344, 1.7344, 1.2486],
         [2.3066, 1.4181, 1.5194, 2.0702, 2.1405],
         [0.8752, 1.7746, 1.3837, 1.0653, 2.0693],
         [2.2037, 2.0739, 1.2096, 1.2508, 1.3375]]],
       grad_fn=<LinalgVectorNormBackward0>)
xq_rot norm after RoPE: tensor([[[1.6322, 1.5342, 1.4068, 1.6911, 3.1316],
         [1.3879, 2.3570, 1.9174, 1.6417, 2.3350],
         [1.3807, 2.3307, 1.5557, 1.4661, 3.6882],
         [2.0233, 1.2060, 2.2542, 1.2473, 2.0317],
         [1.0391, 2.2289, 1.2231, 2.3968, 1.5840],
         [2.3803, 1.8121, 1.8084, 1.8569, 3.0540],
         [1.3777, 1.2791, 1.4805, 1.7030, 2.0203],
         [1.4286, 2.7143, 1.9895, 1.4627, 2.0460]],

        [[1.5025, 1.6701, 1.4813, 2.0401, 1.6499],
         [1.2453, 1.4847, 1.5708, 1.5613, 1.4165],
         [1.8280, 1.6535, 1.5241, 1.5688, 2.1447],
         [1.4576, 1.2579, 0.5959, 1.4450, 1.6230],
         [1.4610, 1.9179, 1.4254, 1.8358, 1.5822],
         [2.3066, 1.6609, 1.6385, 2.2346, 2.8839],
         [0.8752, 2.0807, 1.3393, 1.0692, 2.5414],
         [2.2037, 2.3785, 1.1611, 1.3812, 1.6295]]],
       grad_fn=<LinalgVectorNormBackward0>)
y shape after attention: torch.Size([2, 8, 5, 8])
seq torch.Size([5])
freqs torch.Size([5, 4])
pos_emb torch.Size([1, 1, 5, 8])
xq norm before RoPE: tensor([[[1.1026, 1.3367, 1.5890, 2.2540, 2.6161],
         [0.9865, 1.7551, 1.5998, 2.2679, 2.3328],
         [1.0076, 1.2099, 1.0120, 1.2434, 1.1541],
         [1.2786, 0.9902, 1.2008, 1.7754, 2.0578],
         [1.8547, 1.0849, 1.0169, 1.6572, 1.7263],
         [0.7221, 1.7577, 1.8941, 1.6193, 2.0563],
         [1.2636, 0.9481, 1.0739, 2.4034, 1.2435],
         [1.2651, 1.9971, 1.2948, 1.4188, 1.5101]]],
       grad_fn=<LinalgVectorNormBackward0>)
xq_rot norm after RoPE: tensor([[[1.1026, 1.3762, 1.4596, 2.3027, 3.3027],
         [0.9865, 1.8882, 1.4764, 2.6104, 2.8410],
         [1.0076, 1.3947, 0.8512, 1.4098, 1.2431],
         [1.2786, 1.1357, 1.1669, 1.8262, 2.7583],
         [1.8547, 1.1383, 0.9604, 1.8048, 2.2267],
         [0.7221, 1.9062, 1.9940, 1.8268, 2.3186],
         [1.2636, 1.0884, 0.9947, 2.4639, 1.6647],
         [1.2651, 2.1713, 1.2054, 1.3915, 1.9705]]],
       grad_fn=<LinalgVectorNormBackward0>)
y shape after attention: torch.Size([1, 8, 5, 8])
seq torch.Size([10])
freqs torch.Size([10, 4])
pos_emb torch.Size([1, 1, 10, 8])
xq norm before RoPE: tensor([[[1.1945, 1.2078, 1.9848, 2.1658, 1.7277, 1.4048, 1.2897, 2.1682,
          1.0929, 2.1422],
         [1.5710, 1.3434, 1.5650, 2.0362, 1.9430, 2.0279, 1.2000, 1.2345,
          1.7543, 1.4206],
         [1.8607, 1.9387, 1.4831, 2.5509, 2.1849, 1.3850, 1.2858, 1.7444,
          1.1216, 1.0551],
         [1.6319, 1.7646, 1.5475, 1.5180, 1.8542, 1.3592, 1.9854, 1.8272,
          1.3113, 1.5336],
         [1.5654, 1.1561, 1.5524, 0.7901, 2.0557, 1.2340, 1.2643, 1.5107,
          1.0092, 1.0796],
         [1.5524, 1.2428, 1.5574, 2.9947, 1.1422, 1.2180, 1.3806, 1.6040,
          1.0705, 1.1134],
         [1.1259, 1.2863, 2.3651, 1.2932, 0.9143, 1.4098, 1.2262, 1.4924,
          1.9834, 1.7789],
         [1.6476, 1.0391, 1.9746, 1.3757, 1.8502, 2.1745, 0.5878, 1.1332,
          1.3561, 2.1751]],

        [[1.9579, 1.4790, 1.4596, 2.2679, 1.7365, 1.8601, 2.0053, 1.7940,
          0.5369, 1.8431],
         [1.1283, 1.2239, 1.6572, 2.8468, 1.2215, 1.6371, 2.2386, 1.4126,
          1.5624, 1.6742],
         [1.6254, 1.1988, 1.5883, 1.5195, 1.9133, 1.2089, 2.4781, 1.7730,
          1.7314, 1.4328],
         [0.7699, 1.5666, 2.0098, 2.3814, 2.5276, 2.1955, 2.3065, 2.0656,
          2.0944, 1.3497],
         [2.1747, 1.7744, 1.9680, 1.9343, 1.4171, 2.1250, 1.2256, 2.1191,
          1.2779, 0.9008],
         [1.4713, 1.3645, 2.3514, 1.8208, 1.0129, 1.5267, 2.0882, 1.4769,
          1.1209, 0.7307],
         [1.3481, 1.3551, 1.8186, 1.3369, 1.6717, 1.8920, 1.6746, 1.5725,
          1.1934, 0.5022],
         [1.5471, 1.6067, 2.0865, 0.7566, 2.1449, 1.2665, 1.5588, 1.7103,
          1.1193, 0.8977]]], grad_fn=<LinalgVectorNormBackward0>)
xq_rot norm after RoPE: tensor([[[1.1945, 1.2553, 1.9568, 2.2063, 2.1536, 1.5277, 1.3162, 2.5382,
          1.1673, 2.0673],
         [1.5710, 1.5537, 1.5796, 2.2359, 2.1772, 2.0488, 1.4711, 1.4442,
          1.9872, 1.3494],
         [1.8607, 2.2048, 1.5304, 2.6169, 2.5586, 1.4370, 1.5887, 2.1838,
          1.1518, 1.1626],
         [1.6319, 1.8538, 1.5748, 1.5617, 2.0923, 1.3530, 2.1140, 2.1257,
          1.4043, 1.6764],
         [1.5654, 1.2235, 1.4575, 0.8826, 2.1180, 1.2500, 1.1370, 2.0778,
          1.0534, 1.1943],
         [1.5524, 1.4993, 1.6760, 3.2041, 1.3077, 1.2236, 1.5193, 1.9286,
          1.0692, 1.1662],
         [1.1259, 1.5156, 2.2141, 1.3278, 1.0960, 1.4584, 1.4471, 1.9238,
          2.1768, 1.9303],
         [1.6476, 1.1401, 1.9481, 1.4050, 2.2223, 1.5857, 0.5107, 1.2093,
          1.3592, 2.3697]],

        [[1.9579, 1.5136, 1.3644, 2.3948, 2.0900, 2.2249, 2.2745, 2.2887,
          0.5539, 2.0216],
         [1.1283, 1.4078, 1.4424, 2.8209, 1.2702, 1.7100, 2.3753, 1.6175,
          2.0599, 1.4247],
         [1.6254, 1.3819, 1.5523, 1.5976, 2.1099, 1.2705, 2.8051, 2.1514,
          1.7720, 1.3708],
         [0.7699, 1.7203, 1.9869, 2.6333, 2.8896, 2.2494, 2.5916, 2.2121,
          2.2878, 1.4479],
         [2.1747, 1.8633, 1.7312, 2.1174, 1.5956, 2.3025, 1.1525, 2.8394,
          1.5529, 1.1151],
         [1.4713, 1.7014, 2.4045, 1.8470, 1.1998, 1.6470, 2.2999, 1.9601,
          1.2300, 0.8849],
         [1.3481, 1.4234, 1.4454, 1.5125, 2.1389, 2.1527, 1.7342, 1.9332,
          1.3319, 0.5218],
         [1.5471, 1.6782, 2.0916, 0.7721, 2.2953, 1.0826, 1.7050, 2.2676,
          1.1171, 0.8732]]], grad_fn=<LinalgVectorNormBackward0>)
y shape after attention: torch.Size([2, 8, 10, 8])
seq torch.Size([10])
freqs torch.Size([10, 4])
pos_emb torch.Size([1, 1, 10, 8])
xq norm before RoPE: tensor([[[1.2200, 1.2400, 1.4078, 1.5021, 1.4709, 1.6837, 1.0019, 2.6279,
          1.5284, 1.9809],
         [1.7958, 1.4029, 1.2297, 1.2481, 2.3203, 1.9707, 1.6704, 1.6656,
          1.6129, 2.2192],
         [1.1120, 1.2032, 1.6141, 2.0817, 1.8243, 1.8837, 2.6974, 1.9202,
          1.1311, 1.7972],
         [2.1589, 1.8350, 1.5495, 1.3107, 1.0249, 1.6605, 1.4048, 2.1777,
          1.6074, 1.0334],
         [2.4807, 1.4934, 2.3035, 1.8324, 0.5532, 2.1307, 1.7611, 1.3624,
          1.8217, 1.4266],
         [2.0859, 0.5712, 1.5048, 1.9545, 1.5341, 2.3572, 1.0029, 2.3364,
          1.3629, 1.3810],
         [1.5867, 1.3125, 1.0569, 1.9602, 1.6798, 2.0890, 2.3795, 2.5790,
          1.8668, 2.3579],
         [2.1923, 1.6963, 0.9218, 1.8669, 1.2270, 1.6118, 1.0294, 3.0359,
          1.3701, 1.0739]],

        [[0.7012, 2.2050, 1.4557, 1.9035, 1.9036, 1.3923, 1.2242, 0.9360,
          1.4161, 2.2513],
         [1.0201, 1.4182, 2.2907, 2.0619, 2.0506, 0.9644, 1.7846, 1.5339,
          1.4213, 1.6588],
         [1.6894, 1.2180, 2.0204, 1.5942, 1.0482, 1.2023, 1.4804, 1.3842,
          2.0675, 1.3856],
         [1.5359, 1.4399, 1.8380, 1.5867, 1.2422, 1.6080, 1.0447, 1.5881,
          1.0819, 2.4426],
         [0.9113, 1.8526, 1.8943, 1.9350, 1.4656, 1.9822, 1.4261, 1.2910,
          1.3353, 2.2215],
         [1.5105, 1.3027, 1.0446, 0.9551, 1.1087, 1.7290, 1.5244, 0.8050,
          1.4467, 2.4727],
         [0.7953, 1.8829, 0.8960, 1.6762, 1.6399, 1.2326, 1.3533, 1.3402,
          1.5952, 2.4691],
         [1.6012, 1.8759, 1.6461, 2.0619, 2.1601, 0.8866, 1.7214, 1.4026,
F....
======================================================================
FAIL: test_apply_rotary_emb (__main__.TestCausalSelfAttention.test_apply_rotary_emb)
----------------------------------------------------------------------
Traceback (most recent call last):
  File "/gpfs/home6/scur2785/uvadlc_practicals_2024/assignment2/part2/public_unittest.py", line 48, in test_apply_rotary_emb
    self.assertTrue(torch.allclose(xq.norm(dim=-1), xq_rot.norm(dim=-1), atol=1e-5))
AssertionError: False is not true

----------------------------------------------------------------------
Ran 5 tests in 0.163s

FAILED (failures=1)
          1.6532, 1.9411]]], grad_fn=<LinalgVectorNormBackward0>)
xq_rot norm after RoPE: tensor([[[1.2200, 1.5517, 1.4650, 1.5915, 1.6806, 1.8161, 1.0948, 3.1887,
          1.5403, 2.1852],
         [1.7958, 1.6319, 1.2660, 1.3644, 3.0331, 2.0974, 1.7689, 2.1280,
          1.8289, 2.0035],
         [1.1120, 1.2635, 1.8443, 2.3249, 2.3176, 1.7386, 2.3155, 2.2719,
          1.1593, 1.8254],
         [2.1589, 2.1509, 1.5195, 1.4878, 1.2864, 2.1129, 1.3528, 2.7219,
          1.8399, 1.0592],
         [2.4807, 1.6282, 2.3733, 1.7824, 0.6773, 1.9973, 2.3000, 1.6678,
          1.9312, 1.1356],
         [2.0859, 0.6136, 1.3315, 1.9889, 1.7475, 2.3872, 1.1738, 2.7353,
          1.6838, 1.3463],
         [1.5867, 1.5030, 0.8641, 2.0274, 1.9341, 2.0961, 2.3340, 3.1375,
          2.2862, 2.5439],
         [2.1923, 1.9863, 0.8351, 2.1372, 1.4564, 1.6302, 1.2377, 3.6172,
          1.7537, 1.0645]],

        [[0.7012, 2.7211, 1.4713, 1.8571, 2.2339, 1.4722, 1.2221, 1.2397,
          1.5070, 2.5154],
         [1.0201, 1.6255, 2.1430, 2.0892, 2.5765, 1.0447, 2.1099, 1.6323,
          1.3928, 1.4514],
         [1.6894, 1.2769, 1.9672, 1.5280, 1.2663, 1.3189, 1.6164, 1.8161,
          2.3637, 1.1087],
         [1.5359, 1.5330, 1.9209, 1.6066, 1.2852, 1.6183, 0.8604, 2.1431,
          1.1811, 2.1928],
         [0.9113, 2.0055, 1.8747, 1.9168, 1.9039, 2.0769, 1.5066, 1.6102,
          1.4992, 2.4050],
         [1.5105, 1.3211, 1.1092, 0.9100, 1.4720, 2.0316, 1.6624, 0.8654,
          1.7203, 2.4247],
         [0.7953, 2.0377, 0.9237, 1.8211, 1.7695, 1.2412, 1.4068, 1.8006,
          1.6702, 2.5159],
         [1.6012, 2.0725, 1.7924, 2.2660, 2.8147, 0.9593, 2.0917, 1.7744,
          1.8158, 2.1550]]], grad_fn=<LinalgVectorNormBackward0>)
y shape after attention: torch.Size([2, 8, 10, 8])
srun: error: gcn2: task 0: Exited with exit code 1
srun: Terminating StepId=8574208.0

JOB STATISTICS
==============
Job ID: 8574208
Cluster: snellius
User/Group: scur2785/scur2785
State: FAILED (exit code 1)
Nodes: 1
Cores per node: 9
CPU Utilized: 00:00:07
CPU Efficiency: 4.86% of 00:02:24 core-walltime
Job Wall-clock time: 00:00:16
Memory Utilized: 2.13 MB
Memory Efficiency: 0.00% of 60.00 GB
