============================================================================================== 
Warning! Mixing Conda and module environments may lead to corruption of the
user environment. 
We do not recommend users mixing those two environments unless absolutely
necessary. Note that 
SURF does not provide any support for Conda environment.
For more information, please refer to our software policy page:
https://servicedesk.surf.nl/wiki/display/WIKI/Software+policy+Snellius#SoftwarepolicySnellius-UseofAnacondaandMinicondaenvironmentsonSnellius 

Remember that many packages have already been installed on the system and can
be loaded using 
the 'module load <package__name>' command. If you are uncertain if a package is
already available 
on the system, please use 'module avail' or 'module spider' to search for it.
============================================================================================== 
usage: conda [-h] [--no-plugins] [-V] COMMAND ...
conda: error: argument COMMAND: invalid choice: 'activate' (choose from 'clean', 'compare', 'config', 'create', 'info', 'init', 'install', 'list', 'notices', 'package', 'remove', 'uninstall', 'rename', 'run', 'search', 'update', 'upgrade', 'build', 'convert', 'debug', 'develop', 'doctor', 'index', 'inspect', 'metapackage', 'render', 'skeleton', 'content-trust', 'server', 'verify', 'env', 'pack', 'token', 'repo')
/gpfs/home6/scur2785/uvadlc_practicals_2024/assignment2/part1/exercise1.1/net.py:294: FutureWarning: Positional args are being deprecated, use kwargs instead. Refer to https://pytorch.org/docs/main/generated/torch.nn.Module.html#torch.nn.Module.state_dict for details.
  torch.save(net.state_dict(net_model_wts), net_model)
/gpfs/home6/scur2785/uvadlc_practicals_2024/assignment2/part1/exercise1.1/net.py:308: FutureWarning: You are using `torch.load` with `weights_only=False` (the current default value), which uses the default pickle module implicitly. It is possible to construct malicious pickle data which will execute arbitrary code during unpickling (See https://github.com/pytorch/pytorch/blob/main/SECURITY.md#untrusted-models for more details). In a future release, the default value for `weights_only` will be flipped to `True`. This limits the functions that could be executed during unpickling. Arbitrary objects will no longer be allowed to be loaded via this mode unless they are explicitly allowlisted by the user via `torch.serialization.add_safe_globals`. We recommend you start setting `weights_only=True` for any use case where you don't have full control of the loaded file. Please open an issue on GitHub for any issues related to this experimental feature.
  net.load_state_dict(torch.load(net_model))  # using best model
Namespace(train_size=2000, val_size=1000, test_size=1000, conv_type='replicate', net_type='Net2', image_size=32, offset1=7, offset2=23, fluctuation=6, n_repeat=10, epochs=50, batch_size=200)
Round  :   1
Net(
  (conv1): Conv2d(3, 32, kernel_size=(3, 3), stride=(1, 1), padding=(2, 2), bias=False, padding_mode=replicate)
  (conv2): Conv2d(32, 32, kernel_size=(3, 3), stride=(2, 2), padding=(2, 2), bias=False, padding_mode=replicate)
  (conv3): Conv2d(32, 64, kernel_size=(3, 3), stride=(2, 2), padding=(2, 2), bias=False, padding_mode=replicate)
  (conv4): Conv2d(64, 64, kernel_size=(3, 3), stride=(2, 2), padding=(2, 2), bias=False, padding_mode=replicate)
  (fc1): Linear(in_features=64, out_features=2, bias=True)
  (fc2): Linear(in_features=2304, out_features=64, bias=True)
)
Model size: 832.133KB
Training is starting...
Epoch:   1
Loss: 0.6922 Acc: 0.6315
val loss:  0.003447667419910431
Accuracy of the network on the val images: 100.0000 %
Epoch:   2
Loss: 0.5798 Acc: 1.0000
val loss:  2.3121790029108523e-05
Accuracy of the network on the val images: 100.0000 %
Epoch:   3
Loss: 0.0016 Acc: 1.0000
val loss:  2.5978987105190753e-06
Accuracy of the network on the val images: 100.0000 %
Epoch:   4
Loss: 0.0004 Acc: 1.0000
val loss:  1.2013657542411237e-06
Accuracy of the network on the val images: 100.0000 %
Epoch:   5
Loss: 0.0002 Acc: 1.0000
val loss:  7.289566856343299e-07
Accuracy of the network on the val images: 100.0000 %
Epoch:   6
Loss: 0.0001 Acc: 1.0000
val loss:  4.995325652998872e-07
Accuracy of the network on the val images: 100.0000 %
Epoch:   7
Loss: 0.0001 Acc: 1.0000
val loss:  3.6771289887838066e-07
Accuracy of the network on the val images: 100.0000 %
Epoch:   8
Loss: 0.0001 Acc: 1.0000
val loss:  2.849546908691991e-07
Accuracy of the network on the val images: 100.0000 %
Epoch:   9
Loss: 0.0001 Acc: 1.0000
val loss:  2.3019056607154198e-07
Accuracy of the network on the val images: 100.0000 %
Epoch:  10
Loss: 0.0000 Acc: 1.0000
val loss:  1.9214901112718506e-07
Accuracy of the network on the val images: 100.0000 %
Epoch:  11
Loss: 0.0000 Acc: 1.0000
val loss:  1.646287346375175e-07
Accuracy of the network on the val images: 100.0000 %
Epoch:  12
Loss: 0.0000 Acc: 1.0000
val loss:  1.4411007032322232e-07
Accuracy of the network on the val images: 100.0000 %
Epoch:  13
Loss: 0.0000 Acc: 1.0000
val loss:  1.2826813872379716e-07
Accuracy of the network on the val images: 100.0000 %
Epoch:  14
Loss: 0.0000 Acc: 1.0000
val loss:  1.1563567022676579e-07
Accuracy of the network on the val images: 100.0000 %
Epoch:  15
Loss: 0.0000 Acc: 1.0000
val loss:  1.0546882913331501e-07
Accuracy of the network on the val images: 100.0000 %
Epoch:  16
Loss: 0.0000 Acc: 1.0000
val loss:  9.703993964649271e-08
Accuracy of the network on the val images: 100.0000 %
Epoch:  17
Loss: 0.0000 Acc: 1.0000
val loss:  9.004087951325346e-08
Accuracy of the network on the val images: 100.0000 %
Epoch:  18
Loss: 0.0000 Acc: 1.0000
val loss:  8.398888076044387e-08
Accuracy of the network on the val images: 100.0000 %
Epoch:  19
Loss: 0.0000 Acc: 1.0000
val loss:  7.886010280344636e-08
Accuracy of the network on the val images: 100.0000 %
Epoch:  20
Loss: 0.0000 Acc: 1.0000
val loss:  7.43803857403691e-08
Accuracy of the network on the val images: 100.0000 %
Epoch:  21
Loss: 0.0000 Acc: 1.0000
val loss:  7.04960839357227e-08
Accuracy of the network on the val images: 100.0000 %
Epoch:  22
Loss: 0.0000 Acc: 1.0000
val loss:  6.703258532070322e-08
Accuracy of the network on the val images: 100.0000 %
Epoch:  23
Loss: 0.0000 Acc: 1.0000
val loss:  6.397258312063059e-08
Accuracy of the network on the val images: 100.0000 %
Epoch:  24
Loss: 0.0000 Acc: 1.0000
val loss:  6.128926543169654e-08
Accuracy of the network on the val images: 100.0000 %
Epoch:  25
Loss: 0.0000 Acc: 1.0000
val loss:  5.883660833205795e-08
Accuracy of the network on the val images: 100.0000 %
Epoch:  26
Loss: 0.0000 Acc: 1.0000
val loss:  5.663428055413533e-08
Accuracy of the network on the val images: 100.0000 %
Epoch:  27
Loss: 0.0000 Acc: 1.0000
val loss:  5.466440143209183e-08
Accuracy of the network on the val images: 100.0000 %
Epoch:  28
Loss: 0.0000 Acc: 1.0000
val loss:  5.281015182845294e-08
Accuracy of the network on the val images: 100.0000 %
Epoch:  29
Loss: 0.0000 Acc: 1.0000
val loss:  5.1206231546530036e-08
Accuracy of the network on the val images: 100.0000 %
Epoch:  30
Loss: 0.0000 Acc: 1.0000
val loss:  4.968516441294923e-08
Accuracy of the network on the val images: 100.0000 %
Epoch:  31
Loss: 0.0000 Acc: 1.0000
val loss:  4.829283443541499e-08
Accuracy of the network on the val images: 100.0000 %
Epoch:  32
Loss: 0.0000 Acc: 1.0000
val loss:  4.702030673797708e-08
Accuracy of the network on the val images: 100.0000 %
Epoch:  33
Loss: 0.0000 Acc: 1.0000
val loss:  4.5834203319827796e-08
Accuracy of the network on the val images: 100.0000 %
Epoch:  34
Loss: 0.0000 Acc: 1.0000
val loss:  4.474882734939456e-08
Accuracy of the network on the val images: 100.0000 %
Epoch:  35
Loss: 0.0000 Acc: 1.0000
val loss:  4.373974525151425e-08
Accuracy of the network on the val images: 100.0000 %
Epoch:  36
Loss: 0.0000 Acc: 1.0000
val loss:  4.2769400351971855e-08
Accuracy of the network on the val images: 100.0000 %
Epoch:  37
Loss: 0.0000 Acc: 1.0000
val loss:  4.1940916162275245e-08
Accuracy of the network on the val images: 100.0000 %
Epoch:  38
Loss: 0.0000 Acc: 1.0000
val loss:  4.109693281861837e-08
Accuracy of the network on the val images: 100.0000 %
Epoch:  39
Loss: 0.0000 Acc: 1.0000
val loss:  4.031434127682587e-08
Accuracy of the network on the val images: 100.0000 %
Epoch:  40
Loss: 0.0000 Acc: 1.0000
val loss:  3.961459742640727e-08
Accuracy of the network on the val images: 100.0000 %
Epoch:  41
Loss: 0.0000 Acc: 1.0000
val loss:  3.8942273931752425e-08
Accuracy of the network on the val images: 100.0000 %
Epoch:  42
Loss: 0.0000 Acc: 1.0000
val loss:  3.8327763832057826e-08
Accuracy of the network on the val images: 100.0000 %
Epoch:  43
Loss: 0.0000 Acc: 1.0000
val loss:  3.7714443351433144e-08
Accuracy of the network on the val images: 100.0000 %
Epoch:  44
Loss: 0.0000 Acc: 1.0000
val loss:  3.72030449398153e-08
Accuracy of the network on the val images: 100.0000 %
Epoch:  45
Loss: 0.0000 Acc: 1.0000
val loss:  3.6636810818890805e-08
Accuracy of the network on the val images: 100.0000 %
Epoch:  46
Loss: 0.0000 Acc: 1.0000
val loss:  3.613435501392814e-08
Accuracy of the network on the val images: 100.0000 %
Epoch:  47
Loss: 0.0000 Acc: 1.0000
val loss:  3.568613556126366e-08
Accuracy of the network on the val images: 100.0000 %
Epoch:  48
Loss: 0.0000 Acc: 1.0000
val loss:  3.5240305351180725e-08
Accuracy of the network on the val images: 100.0000 %
Epoch:  49
Loss: 0.0000 Acc: 1.0000
val loss:  3.48105627381301e-08
Accuracy of the network on the val images: 100.0000 %
Epoch:  50
Loss: 0.0000 Acc: 1.0000
val loss:  3.4408835745125544e-08
Accuracy of the network on the val images: 100.0000 %
Training finished.
testing loss:  0.059832791328430175
Accuracy of the network on the testset images: 0.0000 %
Testing with testset finished
Round  :   2
Net(
  (conv1): Conv2d(3, 32, kernel_size=(3, 3), stride=(1, 1), padding=(2, 2), bias=False, padding_mode=replicate)
  (conv2): Conv2d(32, 32, kernel_size=(3, 3), stride=(2, 2), padding=(2, 2), bias=False, padding_mode=replicate)
  (conv3): Conv2d(32, 64, kernel_size=(3, 3), stride=(2, 2), padding=(2, 2), bias=False, padding_mode=replicate)
  (conv4): Conv2d(64, 64, kernel_size=(3, 3), stride=(2, 2), padding=(2, 2), bias=False, padding_mode=replicate)
  (fc1): Linear(in_features=64, out_features=2, bias=True)
  (fc2): Linear(in_features=2304, out_features=64, bias=True)
)
Model size: 832.133KB
Training is starting...
Epoch:   1
Loss: 0.6919 Acc: 0.5035
val loss:  0.003431315302848816
Accuracy of the network on the val images: 94.8000 %
Epoch:   2
Loss: 0.4274 Acc: 0.9960
val loss:  1.1255094083026051e-05
Accuracy of the network on the val images: 100.0000 %
Epoch:   3
Loss: 0.0010 Acc: 1.0000
val loss:  2.2579380311071874e-06
Accuracy of the network on the val images: 100.0000 %
Epoch:   4
Loss: 0.0003 Acc: 1.0000
val loss:  1.1157887347508223e-06
Accuracy of the network on the val images: 100.0000 %
Epoch:   5
Loss: 0.0002 Acc: 1.0000
val loss:  6.932409742148593e-07
Accuracy of the network on the val images: 100.0000 %
Epoch:   6
Loss: 0.0001 Acc: 1.0000
val loss:  4.801708055310882e-07
Accuracy of the network on the val images: 100.0000 %
Epoch:   7
Loss: 0.0001 Acc: 1.0000
val loss:  3.555274379323237e-07
Accuracy of the network on the val images: 100.0000 %
Epoch:   8
Loss: 0.0001 Acc: 1.0000
val loss:  2.7668382244883107e-07
Accuracy of the network on the val images: 100.0000 %
Epoch:   9
Loss: 0.0001 Acc: 1.0000
val loss:  2.2453505880548618e-07
Accuracy of the network on the val images: 100.0000 %
Epoch:  10
Loss: 0.0000 Acc: 1.0000
val loss:  1.8811533300322482e-07
Accuracy of the network on the val images: 100.0000 %
Epoch:  11
Loss: 0.0000 Acc: 1.0000
val loss:  1.6171325660252478e-07
Accuracy of the network on the val images: 100.0000 %
Epoch:  12
Loss: 0.0000 Acc: 1.0000
val loss:  1.4185383952280972e-07
Accuracy of the network on the val images: 100.0000 %
Epoch:  13
Loss: 0.0000 Acc: 1.0000
val loss:  1.2641486864595207e-07
Accuracy of the network on the val images: 100.0000 %
Epoch:  14
Loss: 0.0000 Acc: 1.0000
val loss:  1.1422763964219485e-07
Accuracy of the network on the val images: 100.0000 %
Epoch:  15
Loss: 0.0000 Acc: 1.0000
val loss:  1.0424440733913797e-07
Accuracy of the network on the val images: 100.0000 %
Epoch:  16
Loss: 0.0000 Acc: 1.0000
val loss:  9.600448356650304e-08
Accuracy of the network on the val images: 100.0000 %
Epoch:  17
Loss: 0.0000 Acc: 1.0000
val loss:  8.909901407605503e-08
Accuracy of the network on the val images: 100.0000 %
Epoch:  18
Loss: 0.0000 Acc: 1.0000
val loss:  8.330629407282686e-08
Accuracy of the network on the val images: 100.0000 %
Epoch:  19
Loss: 0.0000 Acc: 1.0000
val loss:  7.821628696547123e-08
Accuracy of the network on the val images: 100.0000 %
Epoch:  20
Loss: 0.0000 Acc: 1.0000
val loss:  7.380750230367993e-08
Accuracy of the network on the val images: 100.0000 %
Epoch:  21
Loss: 0.0000 Acc: 1.0000
val loss:  6.993334045546362e-08
Accuracy of the network on the val images: 100.0000 %
Epoch:  22
Loss: 0.0000 Acc: 1.0000
val loss:  6.658726033492713e-08
Accuracy of the network on the val images: 100.0000 %
Epoch:  23
Loss: 0.0000 Acc: 1.0000
val loss:  6.355050845741062e-08
Accuracy of the network on the val images: 100.0000 %
Epoch:  24
Loss: 0.0000 Acc: 1.0000
val loss:  6.085528457333566e-08
Accuracy of the network on the val images: 100.0000 %
Epoch:  25
Loss: 0.0000 Acc: 1.0000
val loss:  5.845269242854556e-08
Accuracy of the network on the val images: 100.0000 %
Epoch:  26
Loss: 0.0000 Acc: 1.0000
val loss:  5.628434882964939e-08
Accuracy of the network on the val images: 100.0000 %
Epoch:  27
Loss: 0.0000 Acc: 1.0000
val loss:  5.4324013035511596e-08
Accuracy of the network on the val images: 100.0000 %
Epoch:  28
Loss: 0.0000 Acc: 1.0000
val loss:  5.2535921895469076e-08
Accuracy of the network on the val images: 100.0000 %
Epoch:  29
Loss: 0.0000 Acc: 1.0000
val loss:  5.087419413030147e-08
Accuracy of the network on the val images: 100.0000 %
Epoch:  30
Loss: 0.0000 Acc: 1.0000
val loss:  4.9382330871594604e-08
Accuracy of the network on the val images: 100.0000 %
Epoch:  31
Loss: 0.0000 Acc: 1.0000
val loss:  4.8027550292317754e-08
Accuracy of the network on the val images: 100.0000 %
Epoch:  32
Loss: 0.0000 Acc: 1.0000
val loss:  4.676456410379615e-08
Accuracy of the network on the val images: 100.0000 %
Epoch:  33
Loss: 0.0000 Acc: 1.0000
val loss:  4.557607735478087e-08
Accuracy of the network on the val images: 100.0000 %
Epoch:  34
Loss: 0.0000 Acc: 1.0000
val loss:  4.448057370609604e-08
Accuracy of the network on the val images: 100.0000 %
Epoch:  35
Loss: 0.0000 Acc: 1.0000
val loss:  4.349890741650597e-08
Accuracy of the network on the val images: 100.0000 %
Epoch:  36
Loss: 0.0000 Acc: 1.0000
val loss:  4.2561352074699246e-08
Accuracy of the network on the val images: 100.0000 %
Epoch:  37
Loss: 0.0000 Acc: 1.0000
val loss:  4.1669684378575765e-08
Accuracy of the network on the val images: 100.0000 %
Epoch:  38
Loss: 0.0000 Acc: 1.0000
val loss:  4.088649893674301e-08
Accuracy of the network on the val images: 100.0000 %
Epoch:  39
Loss: 0.0000 Acc: 1.0000
val loss:  4.012536555819679e-08
Accuracy of the network on the val images: 100.0000 %
Epoch:  40
Loss: 0.0000 Acc: 1.0000
val loss:  3.939939688279992e-08
Accuracy of the network on the val images: 100.0000 %
Epoch:  41
Loss: 0.0000 Acc: 1.0000
val loss:  3.873362720696605e-08
Accuracy of the network on the val images: 100.0000 %
Epoch:  42
Loss: 0.0000 Acc: 1.0000
val loss:  3.8120907902339243e-08
Accuracy of the network on the val images: 100.0000 %
Epoch:  43
Loss: 0.0000 Acc: 1.0000
val loss:  3.7521892409131395e-08
Accuracy of the network on the val images: 100.0000 %
Epoch:  44
Loss: 0.0000 Acc: 1.0000
val loss:  3.695208533827099e-08
Accuracy of the network on the val images: 100.0000 %
Epoch:  45
Loss: 0.0000 Acc: 1.0000
val loss:  3.645022479759064e-08
Accuracy of the network on the val images: 100.0000 %
Epoch:  46
Loss: 0.0000 Acc: 1.0000
val loss:  3.595492216845742e-08
Accuracy of the network on the val images: 100.0000 %
Epoch:  47
Loss: 0.0000 Acc: 1.0000
val loss:  3.547749929566635e-08
Accuracy of the network on the val images: 100.0000 %
Epoch:  48
Loss: 0.0000 Acc: 1.0000
val loss:  3.503225980239222e-08
Accuracy of the network on the val images: 100.0000 %
Epoch:  49
Loss: 0.0000 Acc: 1.0000
val loss:  3.4623378724063516e-08
Accuracy of the network on the val images: 100.0000 %
Epoch:  50
Loss: 0.0000 Acc: 1.0000
val loss:  3.4221057376271346e-08
Accuracy of the network on the val images: 100.0000 %
Training finished.
testing loss:  0.054044954299926756
Accuracy of the network on the testset images: 0.0000 %
Testing with testset finished
Round  :   3
Net(
  (conv1): Conv2d(3, 32, kernel_size=(3, 3), stride=(1, 1), padding=(2, 2), bias=False, padding_mode=replicate)
  (conv2): Conv2d(32, 32, kernel_size=(3, 3), stride=(2, 2), padding=(2, 2), bias=False, padding_mode=replicate)
  (conv3): Conv2d(32, 64, kernel_size=(3, 3), stride=(2, 2), padding=(2, 2), bias=False, padding_mode=replicate)
  (conv4): Conv2d(64, 64, kernel_size=(3, 3), stride=(2, 2), padding=(2, 2), bias=False, padding_mode=replicate)
  (fc1): Linear(in_features=64, out_features=2, bias=True)
  (fc2): Linear(in_features=2304, out_features=64, bias=True)
)
Model size: 832.133KB
Training is starting...
Epoch:   1
Loss: 0.6920 Acc: 0.5490
val loss:  0.003443145215511322
Accuracy of the network on the val images: 100.0000 %
Epoch:   2
Loss: 0.5199 Acc: 1.0000
val loss:  1.513549266383052e-05
Accuracy of the network on the val images: 100.0000 %
Epoch:   3
Loss: 0.0012 Acc: 1.0000
val loss:  2.4526143388357015e-06
Accuracy of the network on the val images: 100.0000 %
Epoch:   4
Loss: 0.0003 Acc: 1.0000
val loss:  1.176545221824199e-06
Accuracy of the network on the val images: 100.0000 %
Epoch:   5
Loss: 0.0002 Acc: 1.0000
val loss:  7.21721226000227e-07
Accuracy of the network on the val images: 100.0000 %
Epoch:   6
Loss: 0.0001 Acc: 1.0000
val loss:  4.954090109094977e-07
Accuracy of the network on the val images: 100.0000 %
Epoch:   7
Loss: 0.0001 Acc: 1.0000
val loss:  3.65008607332129e-07
Accuracy of the network on the val images: 100.0000 %
Epoch:   8
Loss: 0.0001 Acc: 1.0000
val loss:  2.8352982917567713e-07
Accuracy of the network on the val images: 100.0000 %
Epoch:   9
Loss: 0.0001 Acc: 1.0000
val loss:  2.296999118698295e-07
Accuracy of the network on the val images: 100.0000 %
Epoch:  10
Loss: 0.0000 Acc: 1.0000
val loss:  1.9245180374127814e-07
Accuracy of the network on the val images: 100.0000 %
Epoch:  11
Loss: 0.0000 Acc: 1.0000
val loss:  1.6554377725697122e-07
Accuracy of the network on the val images: 100.0000 %
Epoch:  12
Loss: 0.0000 Acc: 1.0000
val loss:  1.4525585174851584e-07
Accuracy of the network on the val images: 100.0000 %
Epoch:  13
Loss: 0.0000 Acc: 1.0000
val loss:  1.2960293133801314e-07
Accuracy of the network on the val images: 100.0000 %
Epoch:  14
Loss: 0.0000 Acc: 1.0000
val loss:  1.1710221224348061e-07
Accuracy of the network on the val images: 100.0000 %
Epoch:  15
Loss: 0.0000 Acc: 1.0000
val loss:  1.0689964801713359e-07
Accuracy of the network on the val images: 100.0000 %
Epoch:  16
Loss: 0.0000 Acc: 1.0000
val loss:  9.853218762145843e-08
Accuracy of the network on the val images: 100.0000 %
Epoch:  17
Loss: 0.0000 Acc: 1.0000
val loss:  9.142647377302638e-08
Accuracy of the network on the val images: 100.0000 %
Epoch:  18
Loss: 0.0000 Acc: 1.0000
val loss:  8.540787075617118e-08
Accuracy of the network on the val images: 100.0000 %
Epoch:  19
Loss: 0.0000 Acc: 1.0000
val loss:  8.023738882911857e-08
Accuracy of the network on the val images: 100.0000 %
Epoch:  20
Loss: 0.0000 Acc: 1.0000
val loss:  7.576960979349678e-08
Accuracy of the network on the val images: 100.0000 %
Epoch:  21
Loss: 0.0000 Acc: 1.0000
val loss:  7.182393164839596e-08
Accuracy of the network on the val images: 100.0000 %
Epoch:  22
Loss: 0.0000 Acc: 1.0000
val loss:  6.831037444499089e-08
Accuracy of the network on the val images: 100.0000 %
Epoch:  23
Loss: 0.0000 Acc: 1.0000
val loss:  6.52605049253907e-08
Accuracy of the network on the val images: 100.0000 %
Epoch:  24
Loss: 0.0000 Acc: 1.0000
val loss:  6.252534330997151e-08
Accuracy of the network on the val images: 100.0000 %
Epoch:  25
Loss: 0.0000 Acc: 1.0000
val loss:  6.002739337418461e-08
Accuracy of the network on the val images: 100.0000 %
Epoch:  26
Loss: 0.0000 Acc: 1.0000
val loss:  5.7825671319733373e-08
Accuracy of the network on the val images: 100.0000 %
Epoch:  27
Loss: 0.0000 Acc: 1.0000
val loss:  5.58105039090151e-08
Accuracy of the network on the val images: 100.0000 %
Epoch:  28
Loss: 0.0000 Acc: 1.0000
val loss:  5.398188750405098e-08
Accuracy of the network on the val images: 100.0000 %
Epoch:  29
Loss: 0.0000 Acc: 1.0000
val loss:  5.2281412536103745e-08
Accuracy of the network on the val images: 100.0000 %
Epoch:  30
Loss: 0.0000 Acc: 1.0000
val loss:  5.07657114212634e-08
Accuracy of the network on the val images: 100.0000 %
Epoch:  31
Loss: 0.0000 Acc: 1.0000
val loss:  4.935252945870161e-08
Accuracy of the network on the val images: 100.0000 %
Epoch:  32
Loss: 0.0000 Acc: 1.0000
val loss:  4.805497155757621e-08
Accuracy of the network on the val images: 100.0000 %
Epoch:  33
Loss: 0.0000 Acc: 1.0000
val loss:  4.68402586193406e-08
Accuracy of the network on the val images: 100.0000 %
Epoch:  34
Loss: 0.0000 Acc: 1.0000
val loss:  4.575667480821721e-08
Accuracy of the network on the val images: 100.0000 %
Epoch:  35
Loss: 0.0000 Acc: 1.0000
val loss:  4.470885050977813e-08
Accuracy of the network on the val images: 100.0000 %
Epoch:  36
Loss: 0.0000 Acc: 1.0000
val loss:  4.375877642814885e-08
Accuracy of the network on the val images: 100.0000 %
Epoch:  37
Loss: 0.0000 Acc: 1.0000
val loss:  4.28510161327722e-08
Accuracy of the network on the val images: 100.0000 %
Epoch:  38
Loss: 0.0000 Acc: 1.0000
val loss:  4.20129977101169e-08
Accuracy of the network on the val images: 100.0000 %
Epoch:  39
Loss: 0.0000 Acc: 1.0000
val loss:  4.124828956264537e-08
Accuracy of the network on the val images: 100.0000 %
Epoch:  40
Loss: 0.0000 Acc: 1.0000
val loss:  4.0524108044337484e-08
Accuracy of the network on the val images: 100.0000 %
Epoch:  41
Loss: 0.0000 Acc: 1.0000
val loss:  3.9852975987741956e-08
Accuracy of the network on the val images: 100.0000 %
Epoch:  42
Loss: 0.0000 Acc: 1.0000
val loss:  3.920449353245203e-08
Accuracy of the network on the val images: 100.0000 %
Epoch:  43
Loss: 0.0000 Acc: 1.0000
val loss:  3.859951812046347e-08
Accuracy of the network on the val images: 100.0000 %
Epoch:  44
Loss: 0.0000 Acc: 1.0000
val loss:  3.801123148150509e-08
Accuracy of the network on the val images: 100.0000 %
Epoch:  45
Loss: 0.0000 Acc: 1.0000
val loss:  3.747837718037772e-08
Accuracy of the network on the val images: 100.0000 %
Epoch:  46
Loss: 0.0000 Acc: 1.0000
val loss:  3.699141916513326e-08
Accuracy of the network on the val images: 100.0000 %
Epoch:  47
Loss: 0.0000 Acc: 1.0000
val loss:  3.6508038647298235e-08
Accuracy of the network on the val images: 100.0000 %
Epoch:  48
Loss: 0.0000 Acc: 1.0000
val loss:  3.604551284297486e-08
Accuracy of the network on the val images: 100.0000 %
Epoch:  49
Loss: 0.0000 Acc: 1.0000
val loss:  3.561696621545707e-08
Accuracy of the network on the val images: 100.0000 %
Epoch:  50
Loss: 0.0000 Acc: 1.0000
val loss:  3.520152722558123e-08
Accuracy of the network on the val images: 100.0000 %
Training finished.
testing loss:  0.06278726959228516
Accuracy of the network on the testset images: 0.0000 %
Testing with testset finished
Round  :   4
Net(
  (conv1): Conv2d(3, 32, kernel_size=(3, 3), stride=(1, 1), padding=(2, 2), bias=False, padding_mode=replicate)
  (conv2): Conv2d(32, 32, kernel_size=(3, 3), stride=(2, 2), padding=(2, 2), bias=False, padding_mode=replicate)
  (conv3): Conv2d(32, 64, kernel_size=(3, 3), stride=(2, 2), padding=(2, 2), bias=False, padding_mode=replicate)
  (conv4): Conv2d(64, 64, kernel_size=(3, 3), stride=(2, 2), padding=(2, 2), bias=False, padding_mode=replicate)
  (fc1): Linear(in_features=64, out_features=2, bias=True)
  (fc2): Linear(in_features=2304, out_features=64, bias=True)
)
Model size: 832.133KB
Training is starting...
Epoch:   1
Loss: 0.6923 Acc: 0.7505
val loss:  0.003452059030532837
Accuracy of the network on the val images: 100.0000 %
Epoch:   2
Loss: 0.6621 Acc: 1.0000
val loss:  0.001311113804578781
Accuracy of the network on the val images: 100.0000 %
Epoch:   3
Loss: 0.0298 Acc: 1.0000
val loss:  3.404375340323895e-06
Accuracy of the network on the val images: 100.0000 %
Epoch:   4
Loss: 0.0004 Acc: 1.0000
val loss:  1.3976982154417783e-06
Accuracy of the network on the val images: 100.0000 %
Epoch:   5
Loss: 0.0002 Acc: 1.0000
val loss:  8.098423859337345e-07
Accuracy of the network on the val images: 100.0000 %
Epoch:   6
Loss: 0.0001 Acc: 1.0000
val loss:  5.39565175131429e-07
Accuracy of the network on the val images: 100.0000 %
Epoch:   7
Loss: 0.0001 Acc: 1.0000
val loss:  3.898210343322717e-07
Accuracy of the network on the val images: 100.0000 %
Epoch:   8
Loss: 0.0001 Acc: 1.0000
val loss:  2.980284807563294e-07
Accuracy of the network on the val images: 100.0000 %
Epoch:   9
Loss: 0.0001 Acc: 1.0000
val loss:  2.3837454864406026e-07
Accuracy of the network on the val images: 100.0000 %
Epoch:  10
Loss: 0.0000 Acc: 1.0000
val loss:  1.9755636458285152e-07
Accuracy of the network on the val images: 100.0000 %
Epoch:  11
Loss: 0.0000 Acc: 1.0000
val loss:  1.6852888620633166e-07
Accuracy of the network on the val images: 100.0000 %
Epoch:  12
Loss: 0.0000 Acc: 1.0000
val loss:  1.4700897554575932e-07
Accuracy of the network on the val images: 100.0000 %
Epoch:  13
Loss: 0.0000 Acc: 1.0000
val loss:  1.304852357861819e-07
Accuracy of the network on the val images: 100.0000 %
Epoch:  14
Loss: 0.0000 Acc: 1.0000
val loss:  1.1742304741346742e-07
Accuracy of the network on the val images: 100.0000 %
Epoch:  15
Loss: 0.0000 Acc: 1.0000
val loss:  1.0691648640204221e-07
Accuracy of the network on the val images: 100.0000 %
Epoch:  16
Loss: 0.0000 Acc: 1.0000
val loss:  9.819914703257383e-08
Accuracy of the network on the val images: 100.0000 %
Epoch:  17
Loss: 0.0000 Acc: 1.0000
val loss:  9.096108624362387e-08
Accuracy of the network on the val images: 100.0000 %
Epoch:  18
Loss: 0.0000 Acc: 1.0000
val loss:  8.489419542456744e-08
Accuracy of the network on the val images: 100.0000 %
Epoch:  19
Loss: 0.0000 Acc: 1.0000
val loss:  7.954429474921198e-08
Accuracy of the network on the val images: 100.0000 %
Epoch:  20
Loss: 0.0000 Acc: 1.0000
val loss:  7.498411923734238e-08
Accuracy of the network on the val images: 100.0000 %
Epoch:  21
Loss: 0.0000 Acc: 1.0000
val loss:  7.104976521077333e-08
Accuracy of the network on the val images: 100.0000 %
Epoch:  22
Loss: 0.0000 Acc: 1.0000
val loss:  6.754810692655156e-08
Accuracy of the network on the val images: 100.0000 %
Epoch:  23
Loss: 0.0000 Acc: 1.0000
val loss:  6.444519112847046e-08
Accuracy of the network on the val images: 100.0000 %
Epoch:  24
Loss: 0.0000 Acc: 1.0000
val loss:  6.168618347146549e-08
Accuracy of the network on the val images: 100.0000 %
Epoch:  25
Loss: 0.0000 Acc: 1.0000
val loss:  5.9208495258644686e-08
Accuracy of the network on the val images: 100.0000 %
Epoch:  26
Loss: 0.0000 Acc: 1.0000
val loss:  5.695193704013946e-08
Accuracy of the network on the val images: 100.0000 %
Epoch:  27
Loss: 0.0000 Acc: 1.0000
val loss:  5.49486812815303e-08
Accuracy of the network on the val images: 100.0000 %
Epoch:  28
Loss: 0.0000 Acc: 1.0000
val loss:  5.312483426678227e-08
Accuracy of the network on the val images: 100.0000 %
Epoch:  29
Loss: 0.0000 Acc: 1.0000
val loss:  5.143806356500136e-08
Accuracy of the network on the val images: 100.0000 %
Epoch:  30
Loss: 0.0000 Acc: 1.0000
val loss:  4.9900902922672685e-08
Accuracy of the network on the val images: 100.0000 %
Epoch:  31
Loss: 0.0000 Acc: 1.0000
val loss:  4.849486685998272e-08
Accuracy of the network on the val images: 100.0000 %
Epoch:  32
Loss: 0.0000 Acc: 1.0000
val loss:  4.7190153054543774e-08
Accuracy of the network on the val images: 100.0000 %
Epoch:  33
Loss: 0.0000 Acc: 1.0000
val loss:  4.60123947050306e-08
Accuracy of the network on the val images: 100.0000 %
Epoch:  34
Loss: 0.0000 Acc: 1.0000
val loss:  4.4893641188537e-08
Accuracy of the network on the val images: 100.0000 %
Epoch:  35
Loss: 0.0000 Acc: 1.0000
val loss:  4.3895287035411456e-08
Accuracy of the network on the val images: 100.0000 %
Epoch:  36
Loss: 0.0000 Acc: 1.0000
val loss:  4.294521022529807e-08
Accuracy of the network on the val images: 100.0000 %
Epoch:  37
Loss: 0.0000 Acc: 1.0000
val loss:  4.2053547531395455e-08
Accuracy of the network on the val images: 100.0000 %
Epoch:  38
Loss: 0.0000 Acc: 1.0000
val loss:  4.123459802940488e-08
Accuracy of the network on the val images: 100.0000 %
Epoch:  39
Loss: 0.0000 Acc: 1.0000
val loss:  4.044008528580889e-08
Accuracy of the network on the val images: 100.0000 %
Epoch:  40
Loss: 0.0000 Acc: 1.0000
val loss:  3.973140246671392e-08
Accuracy of the network on the val images: 100.0000 %
Epoch:  41
Loss: 0.0000 Acc: 1.0000
val loss:  3.9054905300872635e-08
Accuracy of the network on the val images: 100.0000 %
Epoch:  42
Loss: 0.0000 Acc: 1.0000
val loss:  3.8407613828894684e-08
Accuracy of the network on the val images: 100.0000 %
Epoch:  43
Loss: 0.0000 Acc: 1.0000
val loss:  3.7825288927706425e-08
Accuracy of the network on the val images: 100.0000 %
Epoch:  44
Loss: 0.0000 Acc: 1.0000
val loss:  3.7263823287503326e-08
Accuracy of the network on the val images: 100.0000 %
Epoch:  45
Loss: 0.0000 Acc: 1.0000
val loss:  3.671845161079546e-08
Accuracy of the network on the val images: 100.0000 %
Epoch:  46
Loss: 0.0000 Acc: 1.0000
val loss:  3.623208840508596e-08
Accuracy of the network on the val images: 100.0000 %
Epoch:  47
Loss: 0.0000 Acc: 1.0000
val loss:  3.576181825337699e-08
Accuracy of the network on the val images: 100.0000 %
Epoch:  48
Loss: 0.0000 Acc: 1.0000
val loss:  3.531478978402447e-08
Accuracy of the network on the val images: 100.0000 %
Epoch:  49
Loss: 0.0000 Acc: 1.0000
val loss:  3.488624133751728e-08
Accuracy of the network on the val images: 100.0000 %
Epoch:  50
Loss: 0.0000 Acc: 1.0000
val loss:  3.4487493394408376e-08
Accuracy of the network on the val images: 100.0000 %
Training finished.
testing loss:  0.06373959922790527
Accuracy of the network on the testset images: 0.0000 %
Testing with testset finished
Round  :   5
Net(
  (conv1): Conv2d(3, 32, kernel_size=(3, 3), stride=(1, 1), padding=(2, 2), bias=False, padding_mode=replicate)
  (conv2): Conv2d(32, 32, kernel_size=(3, 3), stride=(2, 2), padding=(2, 2), bias=False, padding_mode=replicate)
  (conv3): Conv2d(32, 64, kernel_size=(3, 3), stride=(2, 2), padding=(2, 2), bias=False, padding_mode=replicate)
  (conv4): Conv2d(64, 64, kernel_size=(3, 3), stride=(2, 2), padding=(2, 2), bias=False, padding_mode=replicate)
  (fc1): Linear(in_features=64, out_features=2, bias=True)
  (fc2): Linear(in_features=2304, out_features=64, bias=True)
)
Model size: 832.133KB
Training is starting...
Epoch:   1
Loss: 0.6919 Acc: 0.6465
val loss:  0.003437517821788788
Accuracy of the network on the val images: 100.0000 %
Epoch:   2
Loss: 0.4409 Acc: 1.0000
val loss:  9.058473049663008e-06
Accuracy of the network on the val images: 100.0000 %
Epoch:   3
Loss: 0.0009 Acc: 1.0000
val loss:  1.983492722501978e-06
Accuracy of the network on the val images: 100.0000 %
Epoch:   4
Loss: 0.0003 Acc: 1.0000
val loss:  9.932883258443326e-07
Accuracy of the network on the val images: 100.0000 %
Epoch:   5
Loss: 0.0002 Acc: 1.0000
val loss:  6.205971440067514e-07
Accuracy of the network on the val images: 100.0000 %
Epoch:   6
Loss: 0.0001 Acc: 1.0000
val loss:  4.323930843384005e-07
Accuracy of the network on the val images: 100.0000 %
Epoch:   7
Loss: 0.0001 Acc: 1.0000
val loss:  3.232258604839444e-07
Accuracy of the network on the val images: 100.0000 %
Epoch:   8
Loss: 0.0001 Acc: 1.0000
val loss:  2.5443303820793515e-07
Accuracy of the network on the val images: 100.0000 %
Epoch:   9
Loss: 0.0000 Acc: 1.0000
val loss:  2.086280219373293e-07
Accuracy of the network on the val images: 100.0000 %
Epoch:  10
Loss: 0.0000 Acc: 1.0000
val loss:  1.7636949269217438e-07
Accuracy of the network on the val images: 100.0000 %
Epoch:  11
Loss: 0.0000 Acc: 1.0000
val loss:  1.5272472228389234e-07
Accuracy of the network on the val images: 100.0000 %
Epoch:  12
Loss: 0.0000 Acc: 1.0000
val loss:  1.347692814306356e-07
Accuracy of the network on the val images: 100.0000 %
Epoch:  13
Loss: 0.0000 Acc: 1.0000
val loss:  1.2074207552359439e-07
Accuracy of the network on the val images: 100.0000 %
Epoch:  14
Loss: 0.0000 Acc: 1.0000
val loss:  1.0952681623166427e-07
Accuracy of the network on the val images: 100.0000 %
Epoch:  15
Loss: 0.0000 Acc: 1.0000
val loss:  1.0033440412371419e-07
Accuracy of the network on the val images: 100.0000 %
Epoch:  16
Loss: 0.0000 Acc: 1.0000
val loss:  9.265525659429841e-08
Accuracy of the network on the val images: 100.0000 %
Epoch:  17
Loss: 0.0000 Acc: 1.0000
val loss:  8.623667963547632e-08
Accuracy of the network on the val images: 100.0000 %
Epoch:  18
Loss: 0.0000 Acc: 1.0000
val loss:  8.068232818914111e-08
Accuracy of the network on the val images: 100.0000 %
Epoch:  19
Loss: 0.0000 Acc: 1.0000
val loss:  7.596538489451631e-08
Accuracy of the network on the val images: 100.0000 %
Epoch:  20
Loss: 0.0000 Acc: 1.0000
val loss:  7.185338836279698e-08
Accuracy of the network on the val images: 100.0000 %
Epoch:  21
Loss: 0.0000 Acc: 1.0000
val loss:  6.822417253715684e-08
Accuracy of the network on the val images: 100.0000 %
Epoch:  22
Loss: 0.0000 Acc: 1.0000
val loss:  6.501157622551545e-08
Accuracy of the network on the val images: 100.0000 %
Epoch:  23
Loss: 0.0000 Acc: 1.0000
val loss:  6.214467794052325e-08
Accuracy of the network on the val images: 100.0000 %
Epoch:  24
Loss: 0.0000 Acc: 1.0000
val loss:  5.961452734482008e-08
Accuracy of the network on the val images: 100.0000 %
Epoch:  25
Loss: 0.0000 Acc: 1.0000
val loss:  5.732994577556383e-08
Accuracy of the network on the val images: 100.0000 %
Epoch:  26
Loss: 0.0000 Acc: 1.0000
val loss:  5.525218239199603e-08
Accuracy of the network on the val images: 100.0000 %
Epoch:  27
Loss: 0.0000 Acc: 1.0000
val loss:  5.3367526561487466e-08
Accuracy of the network on the val images: 100.0000 %
Epoch:  28
Loss: 0.0000 Acc: 1.0000
val loss:  5.1665255341504234e-08
Accuracy of the network on the val images: 100.0000 %
Epoch:  29
Loss: 0.0000 Acc: 1.0000
val loss:  5.0129279770771975e-08
Accuracy of the network on the val images: 100.0000 %
Epoch:  30
Loss: 0.0000 Acc: 1.0000
val loss:  4.867377083428437e-08
Accuracy of the network on the val images: 100.0000 %
Epoch:  31
Loss: 0.0000 Acc: 1.0000
val loss:  4.733746027341113e-08
Accuracy of the network on the val images: 100.0000 %
Epoch:  32
Loss: 0.0000 Acc: 1.0000
val loss:  4.61418203485664e-08
Accuracy of the network on the val images: 100.0000 %
Epoch:  33
Loss: 0.0000 Acc: 1.0000
val loss:  4.5015313844487534e-08
Accuracy of the network on the val images: 100.0000 %
Epoch:  34
Loss: 0.0000 Acc: 1.0000
val loss:  4.3985967749904374e-08
Accuracy of the network on the val images: 100.0000 %
Epoch:  35
Loss: 0.0000 Acc: 1.0000
val loss:  4.3020988414355086e-08
Accuracy of the network on the val images: 100.0000 %
Epoch:  36
Loss: 0.0000 Acc: 1.0000
val loss:  4.210130146020674e-08
Accuracy of the network on the val images: 100.0000 %
Epoch:  37
Loss: 0.0000 Acc: 1.0000
val loss:  4.1279371544078456e-08
Accuracy of the network on the val images: 100.0000 %
Epoch:  38
Loss: 0.0000 Acc: 1.0000
val loss:  4.048843129567103e-08
Accuracy of the network on the val images: 100.0000 %
Epoch:  39
Loss: 0.0000 Acc: 1.0000
val loss:  3.974994933741982e-08
Accuracy of the network on the val images: 100.0000 %
Epoch:  40
Loss: 0.0000 Acc: 1.0000
val loss:  3.9090138670871964e-08
Accuracy of the network on the val images: 100.0000 %
Epoch:  41
Loss: 0.0000 Acc: 1.0000
val loss:  3.842436399281724e-08
Accuracy of the network on the val images: 100.0000 %
Epoch:  42
Loss: 0.0000 Acc: 1.0000
val loss:  3.7827134292456325e-08
Accuracy of the network on the val images: 100.0000 %
Epoch:  43
Loss: 0.0000 Acc: 1.0000
val loss:  3.727758939930936e-08
Accuracy of the network on the val images: 100.0000 %
Epoch:  44
Loss: 0.0000 Acc: 1.0000
val loss:  3.6726257803820774e-08
Accuracy of the network on the val images: 100.0000 %
Epoch:  45
Loss: 0.0000 Acc: 1.0000
val loss:  3.62237974513846e-08
Accuracy of the network on the val images: 100.0000 %
Epoch:  46
Loss: 0.0000 Acc: 1.0000
val loss:  3.5745181321544806e-08
Accuracy of the network on the val images: 100.0000 %
Epoch:  47
Loss: 0.0000 Acc: 1.0000
val loss:  3.532259324856568e-08
Accuracy of the network on the val images: 100.0000 %
Epoch:  48
Loss: 0.0000 Acc: 1.0000
val loss:  3.4876760764746e-08
Accuracy of the network on the val images: 100.0000 %
Epoch:  49
Loss: 0.0000 Acc: 1.0000
val loss:  3.44857608070015e-08
Accuracy of the network on the val images: 100.0000 %
Epoch:  50
Loss: 0.0000 Acc: 1.0000
val loss:  3.4092973692168015e-08
Accuracy of the network on the val images: 100.0000 %
Training finished.
testing loss:  0.06209107875823974
Accuracy of the network on the testset images: 0.0000 %
Testing with testset finished
Round  :   6
Net(
  (conv1): Conv2d(3, 32, kernel_size=(3, 3), stride=(1, 1), padding=(2, 2), bias=False, padding_mode=replicate)
  (conv2): Conv2d(32, 32, kernel_size=(3, 3), stride=(2, 2), padding=(2, 2), bias=False, padding_mode=replicate)
  (conv3): Conv2d(32, 64, kernel_size=(3, 3), stride=(2, 2), padding=(2, 2), bias=False, padding_mode=replicate)
  (conv4): Conv2d(64, 64, kernel_size=(3, 3), stride=(2, 2), padding=(2, 2), bias=False, padding_mode=replicate)
  (fc1): Linear(in_features=64, out_features=2, bias=True)
  (fc2): Linear(in_features=2304, out_features=64, bias=True)
)
Model size: 832.133KB
Training is starting...
Epoch:   1
Loss: 0.6924 Acc: 0.5000
val loss:  0.0034411324858665466
Accuracy of the network on the val images: 58.1000 %
Epoch:   2
Loss: 0.4936 Acc: 0.9570
val loss:  1.5330338617786765e-05
Accuracy of the network on the val images: 100.0000 %
Epoch:   3
Loss: 0.0012 Acc: 1.0000
val loss:  2.3994850926101206e-06
Accuracy of the network on the val images: 100.0000 %
Epoch:   4
Loss: 0.0003 Acc: 1.0000
val loss:  1.142027380410582e-06
Accuracy of the network on the val images: 100.0000 %
Epoch:   5
Loss: 0.0002 Acc: 1.0000
val loss:  6.980026300880127e-07
Accuracy of the network on the val images: 100.0000 %
Epoch:   6
Loss: 0.0001 Acc: 1.0000
val loss:  4.801033064723014e-07
Accuracy of the network on the val images: 100.0000 %
Epoch:   7
Loss: 0.0001 Acc: 1.0000
val loss:  3.5490855952957644e-07
Accuracy of the network on the val images: 100.0000 %
Epoch:   8
Loss: 0.0001 Acc: 1.0000
val loss:  2.769400671240874e-07
Accuracy of the network on the val images: 100.0000 %
Epoch:   9
Loss: 0.0000 Acc: 1.0000
val loss:  2.2498149337479846e-07
Accuracy of the network on the val images: 100.0000 %
Epoch:  10
Loss: 0.0000 Acc: 1.0000
val loss:  1.8891905347118154e-07
Accuracy of the network on the val images: 100.0000 %
Epoch:  11
Loss: 0.0000 Acc: 1.0000
val loss:  1.6280283853120636e-07
Accuracy of the network on the val images: 100.0000 %
Epoch:  12
Loss: 0.0000 Acc: 1.0000
val loss:  1.4311197082861328e-07
Accuracy of the network on the val images: 100.0000 %
Epoch:  13
Loss: 0.0000 Acc: 1.0000
val loss:  1.2778315067407675e-07
Accuracy of the network on the val images: 100.0000 %
Epoch:  14
Loss: 0.0000 Acc: 1.0000
val loss:  1.154975252575241e-07
Accuracy of the network on the val images: 100.0000 %
Epoch:  15
Loss: 0.0000 Acc: 1.0000
val loss:  1.0557205860095565e-07
Accuracy of the network on the val images: 100.0000 %
Epoch:  16
Loss: 0.0000 Acc: 1.0000
val loss:  9.739884444570634e-08
Accuracy of the network on the val images: 100.0000 %
Epoch:  17
Loss: 0.0000 Acc: 1.0000
val loss:  9.040692930284422e-08
Accuracy of the network on the val images: 100.0000 %
Epoch:  18
Loss: 0.0000 Acc: 1.0000
val loss:  8.44908108774689e-08
Accuracy of the network on the val images: 100.0000 %
Epoch:  19
Loss: 0.0000 Acc: 1.0000
val loss:  7.946931145852432e-08
Accuracy of the network on the val images: 100.0000 %
Epoch:  20
Loss: 0.0000 Acc: 1.0000
val loss:  7.500568153773202e-08
Accuracy of the network on the val images: 100.0000 %
Epoch:  21
Loss: 0.0000 Acc: 1.0000
val loss:  7.114104209904327e-08
Accuracy of the network on the val images: 100.0000 %
Epoch:  22
Loss: 0.0000 Acc: 1.0000
val loss:  6.774309622414876e-08
Accuracy of the network on the val images: 100.0000 %
Epoch:  23
Loss: 0.0000 Acc: 1.0000
val loss:  6.471527649409836e-08
Accuracy of the network on the val images: 100.0000 %
Epoch:  24
Loss: 0.0000 Acc: 1.0000
val loss:  6.20039418208762e-08
Accuracy of the network on the val images: 100.0000 %
Epoch:  25
Loss: 0.0000 Acc: 1.0000
val loss:  5.956916538707446e-08
Accuracy of the network on the val images: 100.0000 %
Epoch:  26
Loss: 0.0000 Acc: 1.0000
val loss:  5.737398805649718e-08
Accuracy of the network on the val images: 100.0000 %
Epoch:  27
Loss: 0.0000 Acc: 1.0000
val loss:  5.541543396248016e-08
Accuracy of the network on the val images: 100.0000 %
Epoch:  28
Loss: 0.0000 Acc: 1.0000
val loss:  5.3589793424180245e-08
Accuracy of the network on the val images: 100.0000 %
Epoch:  29
Loss: 0.0000 Acc: 1.0000
val loss:  5.1953690672235096e-08
Accuracy of the network on the val images: 100.0000 %
Epoch:  30
Loss: 0.0000 Acc: 1.0000
val loss:  5.044275258114794e-08
Accuracy of the network on the val images: 100.0000 %
Epoch:  31
Loss: 0.0000 Acc: 1.0000
val loss:  4.905101286567515e-08
Accuracy of the network on the val images: 100.0000 %
Epoch:  32
Loss: 0.0000 Acc: 1.0000
val loss:  4.777609956363449e-08
Accuracy of the network on the val images: 100.0000 %
Epoch:  33
Loss: 0.0000 Acc: 1.0000
val loss:  4.65798639197601e-08
Accuracy of the network on the val images: 100.0000 %
Epoch:  34
Loss: 0.0000 Acc: 1.0000
val loss:  4.5481971028493716e-08
Accuracy of the network on the val images: 100.0000 %
Epoch:  35
Loss: 0.0000 Acc: 1.0000
val loss:  4.4463948142947626e-08
Accuracy of the network on the val images: 100.0000 %
Epoch:  36
Loss: 0.0000 Acc: 1.0000
val loss:  4.3526386434677985e-08
Accuracy of the network on the val images: 100.0000 %
Epoch:  37
Loss: 0.0000 Acc: 1.0000
val loss:  4.265856250640354e-08
Accuracy of the network on the val images: 100.0000 %
Epoch:  38
Loss: 0.0000 Acc: 1.0000
val loss:  4.181576969131129e-08
Accuracy of the network on the val images: 100.0000 %
Epoch:  39
Loss: 0.0000 Acc: 1.0000
val loss:  4.1064171455218456e-08
Accuracy of the network on the val images: 100.0000 %
Epoch:  40
Loss: 0.0000 Acc: 1.0000
val loss:  4.033343338960549e-08
Accuracy of the network on the val images: 100.0000 %
Epoch:  41
Loss: 0.0000 Acc: 1.0000
val loss:  3.964620736951474e-08
Accuracy of the network on the val images: 100.0000 %
Epoch:  42
Loss: 0.0000 Acc: 1.0000
val loss:  3.902215712514589e-08
Accuracy of the network on the val images: 100.0000 %
Epoch:  43
Loss: 0.0000 Acc: 1.0000
val loss:  3.8415991639340063e-08
Accuracy of the network on the val images: 100.0000 %
Epoch:  44
Loss: 0.0000 Acc: 1.0000
val loss:  3.7852739296795336e-08
Accuracy of the network on the val images: 100.0000 %
Epoch:  45
Loss: 0.0000 Acc: 1.0000
val loss:  3.730975231519551e-08
Accuracy of the network on the val images: 100.0000 %
Epoch:  46
Loss: 0.0000 Acc: 1.0000
val loss:  3.681623638840392e-08
Accuracy of the network on the val images: 100.0000 %
Epoch:  47
Loss: 0.0000 Acc: 1.0000
val loss:  3.636801557149738e-08
Accuracy of the network on the val images: 100.0000 %
Epoch:  48
Loss: 0.0000 Acc: 1.0000
val loss:  3.5891188872483323e-08
Accuracy of the network on the val images: 100.0000 %
Epoch:  49
Loss: 0.0000 Acc: 1.0000
val loss:  3.5482305520417864e-08
Accuracy of the network on the val images: 100.0000 %
Epoch:  50
Loss: 0.0000 Acc: 1.0000
val loss:  3.506091115923482e-08
Accuracy of the network on the val images: 100.0000 %
Training finished.
testing loss:  0.06240821933746338
Accuracy of the network on the testset images: 0.0000 %
Testing with testset finished
Round  :   7
Net(
  (conv1): Conv2d(3, 32, kernel_size=(3, 3), stride=(1, 1), padding=(2, 2), bias=False, padding_mode=replicate)
  (conv2): Conv2d(32, 32, kernel_size=(3, 3), stride=(2, 2), padding=(2, 2), bias=False, padding_mode=replicate)
  (conv3): Conv2d(32, 64, kernel_size=(3, 3), stride=(2, 2), padding=(2, 2), bias=False, padding_mode=replicate)
  (conv4): Conv2d(64, 64, kernel_size=(3, 3), stride=(2, 2), padding=(2, 2), bias=False, padding_mode=replicate)
  (fc1): Linear(in_features=64, out_features=2, bias=True)
  (fc2): Linear(in_features=2304, out_features=64, bias=True)
)
Model size: 832.133KB
Training is starting...
Epoch:   1
Loss: 0.6779 Acc: 0.7485
val loss:  0.002316231369972229
Accuracy of the network on the val images: 100.0000 %
Epoch:   2
Loss: 0.0599 Acc: 1.0000
val loss:  3.018104413058609e-06
Accuracy of the network on the val images: 100.0000 %
Epoch:   3
Loss: 0.0004 Acc: 1.0000
val loss:  1.267069936147891e-06
Accuracy of the network on the val images: 100.0000 %
Epoch:   4
Loss: 0.0002 Acc: 1.0000
val loss:  7.409932441078126e-07
Accuracy of the network on the val images: 100.0000 %
Epoch:   5
Loss: 0.0001 Acc: 1.0000
val loss:  4.968999928678385e-07
Accuracy of the network on the val images: 100.0000 %
Epoch:   6
Loss: 0.0001 Acc: 1.0000
val loss:  3.606307436712086e-07
Accuracy of the network on the val images: 100.0000 %
Epoch:   7
Loss: 0.0001 Acc: 1.0000
val loss:  2.773177402559668e-07
Accuracy of the network on the val images: 100.0000 %
Epoch:   8
Loss: 0.0001 Acc: 1.0000
val loss:  2.2272553178481758e-07
Accuracy of the network on the val images: 100.0000 %
Epoch:   9
Loss: 0.0000 Acc: 1.0000
val loss:  1.8554917187429965e-07
Accuracy of the network on the val images: 100.0000 %
Epoch:  10
Loss: 0.0000 Acc: 1.0000
val loss:  1.587135557201691e-07
Accuracy of the network on the val images: 100.0000 %
Epoch:  11
Loss: 0.0000 Acc: 1.0000
val loss:  1.3876699085813017e-07
Accuracy of the network on the val images: 100.0000 %
Epoch:  12
Loss: 0.0000 Acc: 1.0000
val loss:  1.233654493262293e-07
Accuracy of the network on the val images: 100.0000 %
Epoch:  13
Loss: 0.0000 Acc: 1.0000
val loss:  1.112389381887624e-07
Accuracy of the network on the val images: 100.0000 %
Epoch:  14
Loss: 0.0000 Acc: 1.0000
val loss:  1.0137245953956154e-07
Accuracy of the network on the val images: 100.0000 %
Epoch:  15
Loss: 0.0000 Acc: 1.0000
val loss:  9.32451403059531e-08
Accuracy of the network on the val images: 100.0000 %
Epoch:  16
Loss: 0.0000 Acc: 1.0000
val loss:  8.645586058264598e-08
Accuracy of the network on the val images: 100.0000 %
Epoch:  17
Loss: 0.0000 Acc: 1.0000
val loss:  8.065596921369434e-08
Accuracy of the network on the val images: 100.0000 %
Epoch:  18
Loss: 0.0000 Acc: 1.0000
val loss:  7.574055143777514e-08
Accuracy of the network on the val images: 100.0000 %
Epoch:  19
Loss: 0.0000 Acc: 1.0000
val loss:  7.14211546437582e-08
Accuracy of the network on the val images: 100.0000 %
Epoch:  20
Loss: 0.0000 Acc: 1.0000
val loss:  6.770552772650262e-08
Accuracy of the network on the val images: 100.0000 %
Epoch:  21
Loss: 0.0000 Acc: 1.0000
val loss:  6.438863692892482e-08
Accuracy of the network on the val images: 100.0000 %
Epoch:  22
Loss: 0.0000 Acc: 1.0000
val loss:  6.146094528958202e-08
Accuracy of the network on the val images: 100.0000 %
Epoch:  23
Loss: 0.0000 Acc: 1.0000
val loss:  5.8881328186544126e-08
Accuracy of the network on the val images: 100.0000 %
Epoch:  24
Loss: 0.0000 Acc: 1.0000
val loss:  5.6468007642251905e-08
Accuracy of the network on the val images: 100.0000 %
Epoch:  25
Loss: 0.0000 Acc: 1.0000
val loss:  5.438905463961419e-08
Accuracy of the network on the val images: 100.0000 %
Epoch:  26
Loss: 0.0000 Acc: 1.0000
val loss:  5.247579792921897e-08
Accuracy of the network on the val images: 100.0000 %
Epoch:  27
Loss: 0.0000 Acc: 1.0000
val loss:  5.076816705695819e-08
Accuracy of the network on the val images: 100.0000 %
Epoch:  28
Loss: 0.0000 Acc: 1.0000
val loss:  4.917437672702363e-08
Accuracy of the network on the val images: 100.0000 %
Epoch:  29
Loss: 0.0000 Acc: 1.0000
val loss:  4.7721850023663137e-08
Accuracy of the network on the val images: 100.0000 %
Epoch:  30
Loss: 0.0000 Acc: 1.0000
val loss:  4.637541542251711e-08
Accuracy of the network on the val images: 100.0000 %
Epoch:  31
Loss: 0.0000 Acc: 1.0000
val loss:  4.519348203757545e-08
Accuracy of the network on the val images: 100.0000 %
Epoch:  32
Loss: 0.0000 Acc: 1.0000
val loss:  4.4049096686649135e-08
Accuracy of the network on the val images: 100.0000 %
Epoch:  33
Loss: 0.0000 Acc: 1.0000
val loss:  4.298815656511579e-08
Accuracy of the network on the val images: 100.0000 %
Epoch:  34
Loss: 0.0000 Acc: 1.0000
val loss:  4.203390835755272e-08
Accuracy of the network on the val images: 100.0000 %
Epoch:  35
Loss: 0.0000 Acc: 1.0000
val loss:  4.1114224131888475e-08
Accuracy of the network on the val images: 100.0000 %
Epoch:  36
Loss: 0.0000 Acc: 1.0000
val loss:  4.028156536151073e-08
Accuracy of the network on the val images: 100.0000 %
Epoch:  37
Loss: 0.0000 Acc: 1.0000
val loss:  3.951029884774471e-08
Accuracy of the network on the val images: 100.0000 %
Epoch:  38
Loss: 0.0000 Acc: 1.0000
val loss:  3.8764662349422e-08
Accuracy of the network on the val images: 100.0000 %
Epoch:  39
Loss: 0.0000 Acc: 1.0000
val loss:  3.8081604543549475e-08
Accuracy of the network on the val images: 100.0000 %
Epoch:  40
Loss: 0.0000 Acc: 1.0000
val loss:  3.745159483514726e-08
Accuracy of the network on the val images: 100.0000 %
Epoch:  41
Loss: 0.0000 Acc: 1.0000
val loss:  3.6830527733400234e-08
Accuracy of the network on the val images: 100.0000 %
Epoch:  42
Loss: 0.0000 Acc: 1.0000
val loss:  3.6276809623814186e-08
Accuracy of the network on the val images: 100.0000 %
Epoch:  43
Loss: 0.0000 Acc: 1.0000
val loss:  3.571713750716299e-08
Accuracy of the network on the val images: 100.0000 %
Epoch:  44
Loss: 0.0000 Acc: 1.0000
val loss:  3.5227791613579026e-08
Accuracy of the network on the val images: 100.0000 %
Epoch:  45
Loss: 0.0000 Acc: 1.0000
val loss:  3.473844753898447e-08
Accuracy of the network on the val images: 100.0000 %
Epoch:  46
Loss: 0.0000 Acc: 1.0000
val loss:  3.428545915085124e-08
Accuracy of the network on the val images: 100.0000 %
Epoch:  47
Loss: 0.0000 Acc: 1.0000
val loss:  3.388194136277889e-08
Accuracy of the network on the val images: 100.0000 %
Epoch:  48
Loss: 0.0000 Acc: 1.0000
val loss:  3.350048109496129e-08
Accuracy of the network on the val images: 100.0000 %
Epoch:  49
Loss: 0.0000 Acc: 1.0000
val loss:  3.310232796138735e-08
Accuracy of the network on the val images: 100.0000 %
Epoch:  50
Loss: 0.0000 Acc: 1.0000
val loss:  3.275066455898923e-08
Accuracy of the network on the val images: 100.0000 %
Training finished.
testing loss:  0.06033876132965088
Accuracy of the network on the testset images: 0.0000 %
Testing with testset finished
Round  :   8
Net(
  (conv1): Conv2d(3, 32, kernel_size=(3, 3), stride=(1, 1), padding=(2, 2), bias=False, padding_mode=replicate)
  (conv2): Conv2d(32, 32, kernel_size=(3, 3), stride=(2, 2), padding=(2, 2), bias=False, padding_mode=replicate)
  (conv3): Conv2d(32, 64, kernel_size=(3, 3), stride=(2, 2), padding=(2, 2), bias=False, padding_mode=replicate)
  (conv4): Conv2d(64, 64, kernel_size=(3, 3), stride=(2, 2), padding=(2, 2), bias=False, padding_mode=replicate)
  (fc1): Linear(in_features=64, out_features=2, bias=True)
  (fc2): Linear(in_features=2304, out_features=64, bias=True)
)
Model size: 832.133KB
Training is starting...
Epoch:   1
Loss: 0.6924 Acc: 0.5500
val loss:  0.003455065846443176
Accuracy of the network on the val images: 100.0000 %
Epoch:   2
Loss: 0.6821 Acc: 1.0000
val loss:  0.0029956151247024537
Accuracy of the network on the val images: 100.0000 %
Epoch:   3
Loss: 0.1171 Acc: 1.0000
val loss:  3.7625744589604435e-06
Accuracy of the network on the val images: 100.0000 %
Epoch:   4
Loss: 0.0005 Acc: 1.0000
val loss:  1.4669738884549588e-06
Accuracy of the network on the val images: 100.0000 %
Epoch:   5
Loss: 0.0002 Acc: 1.0000
val loss:  8.393439202336595e-07
Accuracy of the network on the val images: 100.0000 %
Epoch:   6
Loss: 0.0001 Acc: 1.0000
val loss:  5.559081328101456e-07
Accuracy of the network on the val images: 100.0000 %
Epoch:   7
Loss: 0.0001 Acc: 1.0000
val loss:  3.998355969088152e-07
Accuracy of the network on the val images: 100.0000 %
Epoch:   8
Loss: 0.0001 Acc: 1.0000
val loss:  3.0419385075219905e-07
Accuracy of the network on the val images: 100.0000 %
Epoch:   9
Loss: 0.0001 Acc: 1.0000
val loss:  2.419489283056464e-07
Accuracy of the network on the val images: 100.0000 %
Epoch:  10
Loss: 0.0000 Acc: 1.0000
val loss:  1.9964035163866357e-07
Accuracy of the network on the val images: 100.0000 %
Epoch:  11
Loss: 0.0000 Acc: 1.0000
val loss:  1.6961167057161218e-07
Accuracy of the network on the val images: 100.0000 %
Epoch:  12
Loss: 0.0000 Acc: 1.0000
val loss:  1.4741413906449452e-07
Accuracy of the network on the val images: 100.0000 %
Epoch:  13
Loss: 0.0000 Acc: 1.0000
val loss:  1.3043211583863012e-07
Accuracy of the network on the val images: 100.0000 %
Epoch:  14
Loss: 0.0000 Acc: 1.0000
val loss:  1.1707968224072828e-07
Accuracy of the network on the val images: 100.0000 %
Epoch:  15
Loss: 0.0000 Acc: 1.0000
val loss:  1.0635916260071099e-07
Accuracy of the network on the val images: 100.0000 %
Epoch:  16
Loss: 0.0000 Acc: 1.0000
val loss:  9.758639498613775e-08
Accuracy of the network on the val images: 100.0000 %
Epoch:  17
Loss: 0.0000 Acc: 1.0000
val loss:  9.024582868732978e-08
Accuracy of the network on the val images: 100.0000 %
Epoch:  18
Loss: 0.0000 Acc: 1.0000
val loss:  8.408119265368441e-08
Accuracy of the network on the val images: 100.0000 %
Epoch:  19
Loss: 0.0000 Acc: 1.0000
val loss:  7.874082712078234e-08
Accuracy of the network on the val images: 100.0000 %
Epoch:  20
Loss: 0.0000 Acc: 1.0000
val loss:  7.417588949465425e-08
Accuracy of the network on the val images: 100.0000 %
Epoch:  21
Loss: 0.0000 Acc: 1.0000
val loss:  7.017001371423248e-08
Accuracy of the network on the val images: 100.0000 %
Epoch:  22
Loss: 0.0000 Acc: 1.0000
val loss:  6.665286400675541e-08
Accuracy of the network on the val images: 100.0000 %
Epoch:  23
Loss: 0.0000 Acc: 1.0000
val loss:  6.354756715154509e-08
Accuracy of the network on the val images: 100.0000 %
Epoch:  24
Loss: 0.0000 Acc: 1.0000
val loss:  6.080881667003269e-08
Accuracy of the network on the val images: 100.0000 %
Epoch:  25
Loss: 0.0000 Acc: 1.0000
val loss:  5.83186201765784e-08
Accuracy of the network on the val images: 100.0000 %
Epoch:  26
Loss: 0.0000 Acc: 1.0000
val loss:  5.609244726656471e-08
Accuracy of the network on the val images: 100.0000 %
Epoch:  27
Loss: 0.0000 Acc: 1.0000
val loss:  5.408442666521296e-08
Accuracy of the network on the val images: 100.0000 %
Epoch:  28
Loss: 0.0000 Acc: 1.0000
val loss:  5.224627511779545e-08
Accuracy of the network on the val images: 100.0000 %
Epoch:  29
Loss: 0.0000 Acc: 1.0000
val loss:  5.058991155237891e-08
Accuracy of the network on the val images: 100.0000 %
Epoch:  30
Loss: 0.0000 Acc: 1.0000
val loss:  4.9076587856689004e-08
Accuracy of the network on the val images: 100.0000 %
Epoch:  31
Loss: 0.0000 Acc: 1.0000
val loss:  4.768366034113569e-08
Accuracy of the network on the val images: 100.0000 %
Epoch:  32
Loss: 0.0000 Acc: 1.0000
val loss:  4.638848258764483e-08
Accuracy of the network on the val images: 100.0000 %
Epoch:  33
Loss: 0.0000 Acc: 1.0000
val loss:  4.519463482210995e-08
Accuracy of the network on the val images: 100.0000 %
Epoch:  34
Loss: 0.0000 Acc: 1.0000
val loss:  4.411462214193307e-08
Accuracy of the network on the val images: 100.0000 %
Epoch:  35
Loss: 0.0000 Acc: 1.0000
val loss:  4.3113886022183576e-08
Accuracy of the network on the val images: 100.0000 %
Epoch:  36
Loss: 0.0000 Acc: 1.0000
val loss:  4.2152483729296364e-08
Accuracy of the network on the val images: 100.0000 %
Epoch:  37
Loss: 0.0000 Acc: 1.0000
val loss:  4.127453348701238e-08
Accuracy of the network on the val images: 100.0000 %
Epoch:  38
Loss: 0.0000 Acc: 1.0000
val loss:  4.0431740217172773e-08
Accuracy of the network on the val images: 100.0000 %
Epoch:  39
Loss: 0.0000 Acc: 1.0000
val loss:  3.968967757828068e-08
Accuracy of the network on the val images: 100.0000 %
Epoch:  40
Loss: 0.0000 Acc: 1.0000
val loss:  3.896192174579483e-08
Accuracy of the network on the val images: 100.0000 %
Epoch:  41
Loss: 0.0000 Acc: 1.0000
val loss:  3.829973002211773e-08
Accuracy of the network on the val images: 100.0000 %
Epoch:  42
Loss: 0.0000 Acc: 1.0000
val loss:  3.765958899748512e-08
Accuracy of the network on the val images: 100.0000 %
Epoch:  43
Loss: 0.0000 Acc: 1.0000
val loss:  3.7071897622809045e-08
Accuracy of the network on the val images: 100.0000 %
Epoch:  44
Loss: 0.0000 Acc: 1.0000
val loss:  3.6516989439405735e-08
Accuracy of the network on the val images: 100.0000 %
Epoch:  45
Loss: 0.0000 Acc: 1.0000
val loss:  3.598473131205537e-08
Accuracy of the network on the val images: 100.0000 %
Epoch:  46
Loss: 0.0000 Acc: 1.0000
val loss:  3.551803501977702e-08
Accuracy of the network on the val images: 100.0000 %
Epoch:  47
Loss: 0.0000 Acc: 1.0000
val loss:  3.502749768813374e-08
Accuracy of the network on the val images: 100.0000 %
Epoch:  48
Loss: 0.0000 Acc: 1.0000
val loss:  3.4628155844984574e-08
Accuracy of the network on the val images: 100.0000 %
Epoch:  49
Loss: 0.0000 Acc: 1.0000
val loss:  3.418589813009021e-08
Accuracy of the network on the val images: 100.0000 %
Epoch:  50
Loss: 0.0000 Acc: 1.0000
val loss:  3.3763310057111086e-08
Accuracy of the network on the val images: 100.0000 %
Training finished.
testing loss:  0.059075072288513185
Accuracy of the network on the testset images: 0.0000 %
Testing with testset finished
Round  :   9
Net(
  (conv1): Conv2d(3, 32, kernel_size=(3, 3), stride=(1, 1), padding=(2, 2), bias=False, padding_mode=replicate)
  (conv2): Conv2d(32, 32, kernel_size=(3, 3), stride=(2, 2), padding=(2, 2), bias=False, padding_mode=replicate)
  (conv3): Conv2d(32, 64, kernel_size=(3, 3), stride=(2, 2), padding=(2, 2), bias=False, padding_mode=replicate)
  (conv4): Conv2d(64, 64, kernel_size=(3, 3), stride=(2, 2), padding=(2, 2), bias=False, padding_mode=replicate)
  (fc1): Linear(in_features=64, out_features=2, bias=True)
  (fc2): Linear(in_features=2304, out_features=64, bias=True)
)
Model size: 832.133KB
Training is starting...
Epoch:   1
Loss: 0.6909 Acc: 0.7395
val loss:  0.0034201799631118773
Accuracy of the network on the val images: 100.0000 %
Epoch:   2
Loss: 0.3785 Acc: 1.0000
val loss:  7.296009338460863e-06
Accuracy of the network on the val images: 100.0000 %
Epoch:   3
Loss: 0.0008 Acc: 1.0000
val loss:  1.9142133533023296e-06
Accuracy of the network on the val images: 100.0000 %
Epoch:   4
Loss: 0.0003 Acc: 1.0000
val loss:  9.94241956504993e-07
Accuracy of the network on the val images: 100.0000 %
Epoch:   5
Loss: 0.0002 Acc: 1.0000
val loss:  6.323573034023866e-07
Accuracy of the network on the val images: 100.0000 %
Epoch:   6
Loss: 0.0001 Acc: 1.0000
val loss:  4.454472873476334e-07
Accuracy of the network on the val images: 100.0000 %
Epoch:   7
Loss: 0.0001 Acc: 1.0000
val loss:  3.349589605932124e-07
Accuracy of the network on the val images: 100.0000 %
Epoch:   8
Loss: 0.0001 Acc: 1.0000
val loss:  2.6439863358973523e-07
Accuracy of the network on the val images: 100.0000 %
Epoch:   9
Loss: 0.0000 Acc: 1.0000
val loss:  2.168565151805524e-07
Accuracy of the network on the val images: 100.0000 %
Epoch:  10
Loss: 0.0000 Acc: 1.0000
val loss:  1.8344936688663438e-07
Accuracy of the network on the val images: 100.0000 %
Epoch:  11
Loss: 0.0000 Acc: 1.0000
val loss:  1.5882984553172718e-07
Accuracy of the network on the val images: 100.0000 %
Epoch:  12
Loss: 0.0000 Acc: 1.0000
val loss:  1.401946010446409e-07
Accuracy of the network on the val images: 100.0000 %
Epoch:  13
Loss: 0.0000 Acc: 1.0000
val loss:  1.2560789764393122e-07
Accuracy of the network on the val images: 100.0000 %
Epoch:  14
Loss: 0.0000 Acc: 1.0000
val loss:  1.1389507744752336e-07
Accuracy of the network on the val images: 100.0000 %
Epoch:  15
Loss: 0.0000 Acc: 1.0000
val loss:  1.0434454270580318e-07
Accuracy of the network on the val images: 100.0000 %
Epoch:  16
Loss: 0.0000 Acc: 1.0000
val loss:  9.634541311243083e-08
Accuracy of the network on the val images: 100.0000 %
Epoch:  17
Loss: 0.0000 Acc: 1.0000
val loss:  8.965093456936301e-08
Accuracy of the network on the val images: 100.0000 %
Epoch:  18
Loss: 0.0000 Acc: 1.0000
val loss:  8.388324567931705e-08
Accuracy of the network on the val images: 100.0000 %
Epoch:  19
Loss: 0.0000 Acc: 1.0000
val loss:  7.895236467447831e-08
Accuracy of the network on the val images: 100.0000 %
Epoch:  20
Loss: 0.0000 Acc: 1.0000
val loss:  7.461212953785434e-08
Accuracy of the network on the val images: 100.0000 %
Epoch:  21
Loss: 0.0000 Acc: 1.0000
val loss:  7.086612004059135e-08
Accuracy of the network on the val images: 100.0000 %
Epoch:  22
Loss: 0.0000 Acc: 1.0000
val loss:  6.752778153895634e-08
Accuracy of the network on the val images: 100.0000 %
Epoch:  23
Loss: 0.0000 Acc: 1.0000
val loss:  6.456196115323109e-08
Accuracy of the network on the val images: 100.0000 %
Epoch:  24
Loss: 0.0000 Acc: 1.0000
val loss:  6.191561169544002e-08
Accuracy of the network on the val images: 100.0000 %
Epoch:  25
Loss: 0.0000 Acc: 1.0000
val loss:  5.94963394178194e-08
Accuracy of the network on the val images: 100.0000 %
Epoch:  26
Loss: 0.0000 Acc: 1.0000
val loss:  5.736911225540098e-08
Accuracy of the network on the val images: 100.0000 %
Epoch:  27
Loss: 0.0000 Acc: 1.0000
val loss:  5.538374352909159e-08
Accuracy of the network on the val images: 100.0000 %
Epoch:  28
Loss: 0.0000 Acc: 1.0000
val loss:  5.3577181461150755e-08
Accuracy of the network on the val images: 100.0000 %
Epoch:  29
Loss: 0.0000 Acc: 1.0000
val loss:  5.1960152632091196e-08
Accuracy of the network on the val images: 100.0000 %
Epoch:  30
Loss: 0.0000 Acc: 1.0000
val loss:  5.048557159170741e-08
Accuracy of the network on the val images: 100.0000 %
Epoch:  31
Loss: 0.0000 Acc: 1.0000
val loss:  4.910278676106827e-08
Accuracy of the network on the val images: 100.0000 %
Epoch:  32
Loss: 0.0000 Acc: 1.0000
val loss:  4.785350211022888e-08
Accuracy of the network on the val images: 100.0000 %
Epoch:  33
Loss: 0.0000 Acc: 1.0000
val loss:  4.668051678891061e-08
Accuracy of the network on the val images: 100.0000 %
Epoch:  34
Loss: 0.0000 Acc: 1.0000
val loss:  4.5605277136928636e-08
Accuracy of the network on the val images: 100.0000 %
Epoch:  35
Loss: 0.0000 Acc: 1.0000
val loss:  4.458665989659494e-08
Accuracy of the network on the val images: 100.0000 %
Epoch:  36
Loss: 0.0000 Acc: 1.0000
val loss:  4.364433516457211e-08
Accuracy of the network on the val images: 100.0000 %
Epoch:  37
Loss: 0.0000 Acc: 1.0000
val loss:  4.27854542977002e-08
Accuracy of the network on the val images: 100.0000 %
Epoch:  38
Loss: 0.0000 Acc: 1.0000
val loss:  4.194624125375412e-08
Accuracy of the network on the val images: 100.0000 %
Epoch:  39
Loss: 0.0000 Acc: 1.0000
val loss:  4.122206064494094e-08
Accuracy of the network on the val images: 100.0000 %
Epoch:  40
Loss: 0.0000 Acc: 1.0000
val loss:  4.0491918753104984e-08
Accuracy of the network on the val images: 100.0000 %
Epoch:  41
Loss: 0.0000 Acc: 1.0000
val loss:  3.98029069401673e-08
Accuracy of the network on the val images: 100.0000 %
Epoch:  42
Loss: 0.0000 Acc: 1.0000
val loss:  3.917290041499655e-08
Accuracy of the network on the val images: 100.0000 %
Epoch:  43
Loss: 0.0000 Acc: 1.0000
val loss:  3.858998070427333e-08
Accuracy of the network on the val images: 100.0000 %
Epoch:  44
Loss: 0.0000 Acc: 1.0000
val loss:  3.803983963734936e-08
Accuracy of the network on the val images: 100.0000 %
Epoch:  45
Loss: 0.0000 Acc: 1.0000
val loss:  3.751712074517854e-08
Accuracy of the network on the val images: 100.0000 %
Epoch:  46
Loss: 0.0000 Acc: 1.0000
val loss:  3.699916805999237e-08
Accuracy of the network on the val images: 100.0000 %
Epoch:  47
Loss: 0.0000 Acc: 1.0000
val loss:  3.654140982689569e-08
Accuracy of the network on the val images: 100.0000 %
Epoch:  48
Loss: 0.0000 Acc: 1.0000
val loss:  3.608604038163321e-08
Accuracy of the network on the val images: 100.0000 %
Epoch:  49
Loss: 0.0000 Acc: 1.0000
val loss:  3.5637227028928464e-08
Accuracy of the network on the val images: 100.0000 %
Epoch:  50
Loss: 0.0000 Acc: 1.0000
val loss:  3.527722356011509e-08
Accuracy of the network on the val images: 100.0000 %
Training finished.
testing loss:  0.06402082061767578
Accuracy of the network on the testset images: 0.0000 %
Testing with testset finished
Round  :  10
Net(
  (conv1): Conv2d(3, 32, kernel_size=(3, 3), stride=(1, 1), padding=(2, 2), bias=False, padding_mode=replicate)
  (conv2): Conv2d(32, 32, kernel_size=(3, 3), stride=(2, 2), padding=(2, 2), bias=False, padding_mode=replicate)
  (conv3): Conv2d(32, 64, kernel_size=(3, 3), stride=(2, 2), padding=(2, 2), bias=False, padding_mode=replicate)
  (conv4): Conv2d(64, 64, kernel_size=(3, 3), stride=(2, 2), padding=(2, 2), bias=False, padding_mode=replicate)
  (fc1): Linear(in_features=64, out_features=2, bias=True)
  (fc2): Linear(in_features=2304, out_features=64, bias=True)
)
Model size: 832.133KB
Training is starting...
Epoch:   1
Loss: 0.6901 Acc: 0.6185
val loss:  0.003376735031604767
Accuracy of the network on the val images: 100.0000 %
Epoch:   2
Loss: 0.2569 Acc: 1.0000
val loss:  4.670660069677979e-06
Accuracy of the network on the val images: 100.0000 %
Epoch:   3
Loss: 0.0006 Acc: 1.0000
val loss:  1.5718120557721704e-06
Accuracy of the network on the val images: 100.0000 %
Epoch:   4
Loss: 0.0002 Acc: 1.0000
val loss:  8.613195677753538e-07
Accuracy of the network on the val images: 100.0000 %
Epoch:   5
Loss: 0.0001 Acc: 1.0000
val loss:  5.593940368271433e-07
Accuracy of the network on the val images: 100.0000 %
Epoch:   6
Loss: 0.0001 Acc: 1.0000
val loss:  3.9838389784563333e-07
Accuracy of the network on the val images: 100.0000 %
Epoch:   7
Loss: 0.0001 Acc: 1.0000
val loss:  3.0197546220733785e-07
Accuracy of the network on the val images: 100.0000 %
Epoch:   8
Loss: 0.0001 Acc: 1.0000
val loss:  2.3988236716832033e-07
Accuracy of the network on the val images: 100.0000 %
Epoch:   9
Loss: 0.0000 Acc: 1.0000
val loss:  1.9773339954554103e-07
Accuracy of the network on the val images: 100.0000 %
Epoch:  10
Loss: 0.0000 Acc: 1.0000
val loss:  1.678834578342503e-07
Accuracy of the network on the val images: 100.0000 %
Epoch:  11
Loss: 0.0000 Acc: 1.0000
val loss:  1.4588195335818455e-07
Accuracy of the network on the val images: 100.0000 %
Epoch:  12
Loss: 0.0000 Acc: 1.0000
val loss:  1.2914543731312733e-07
Accuracy of the network on the val images: 100.0000 %
Epoch:  13
Loss: 0.0000 Acc: 1.0000
val loss:  1.1588774759729859e-07
Accuracy of the network on the val images: 100.0000 %
Epoch:  14
Loss: 0.0000 Acc: 1.0000
val loss:  1.0526257938181515e-07
Accuracy of the network on the val images: 100.0000 %
Epoch:  15
Loss: 0.0000 Acc: 1.0000
val loss:  9.657919872552157e-08
Accuracy of the network on the val images: 100.0000 %
Epoch:  16
Loss: 0.0000 Acc: 1.0000
val loss:  8.932206037570722e-08
Accuracy of the network on the val images: 100.0000 %
Epoch:  17
Loss: 0.0000 Acc: 1.0000
val loss:  8.316039748024195e-08
Accuracy of the network on the val images: 100.0000 %
Epoch:  18
Loss: 0.0000 Acc: 1.0000
val loss:  7.792850010446273e-08
Accuracy of the network on the val images: 100.0000 %
Epoch:  19
Loss: 0.0000 Acc: 1.0000
val loss:  7.337845545407617e-08
Accuracy of the network on the val images: 100.0000 %
Epoch:  20
Loss: 0.0000 Acc: 1.0000
val loss:  6.942144136701245e-08
Accuracy of the network on the val images: 100.0000 %
Epoch:  21
Loss: 0.0000 Acc: 1.0000
val loss:  6.597402716579382e-08
Accuracy of the network on the val images: 100.0000 %
Epoch:  22
Loss: 0.0000 Acc: 1.0000
val loss:  6.291462068475085e-08
Accuracy of the network on the val images: 100.0000 %
Epoch:  23
Loss: 0.0000 Acc: 1.0000
val loss:  6.015560848027235e-08
Accuracy of the network on the val images: 100.0000 %
Epoch:  24
Loss: 0.0000 Acc: 1.0000
val loss:  5.7746459788177164e-08
Accuracy of the network on the val images: 100.0000 %
Epoch:  25
Loss: 0.0000 Acc: 1.0000
val loss:  5.548571516555967e-08
Accuracy of the network on the val images: 100.0000 %
Epoch:  26
Loss: 0.0000 Acc: 1.0000
val loss:  5.353848791855853e-08
Accuracy of the network on the val images: 100.0000 %
Epoch:  27
Loss: 0.0000 Acc: 1.0000
val loss:  5.172894452698529e-08
Accuracy of the network on the val images: 100.0000 %
Epoch:  28
Loss: 0.0000 Acc: 1.0000
val loss:  5.006185074307723e-08
Accuracy of the network on the val images: 100.0000 %
Epoch:  29
Loss: 0.0000 Acc: 1.0000
val loss:  4.85675964227994e-08
Accuracy of the network on the val images: 100.0000 %
Epoch:  30
Loss: 0.0000 Acc: 1.0000
val loss:  4.7213412472046915e-08
Accuracy of the network on the val images: 100.0000 %
Epoch:  31
Loss: 0.0000 Acc: 1.0000
val loss:  4.594565871229861e-08
Accuracy of the network on the val images: 100.0000 %
Epoch:  32
Loss: 0.0000 Acc: 1.0000
val loss:  4.472676710065571e-08
Accuracy of the network on the val images: 100.0000 %
Epoch:  33
Loss: 0.0000 Acc: 1.0000
val loss:  4.3664041186275426e-08
Accuracy of the network on the val images: 100.0000 %
Epoch:  34
Loss: 0.0000 Acc: 1.0000
val loss:  4.268893007974839e-08
Accuracy of the network on the val images: 100.0000 %
Epoch:  35
Loss: 0.0000 Acc: 1.0000
val loss:  4.1727527786861176e-08
Accuracy of the network on the val images: 100.0000 %
Epoch:  36
Loss: 0.0000 Acc: 1.0000
val loss:  4.087758361492888e-08
Accuracy of the network on the val images: 100.0000 %
Epoch:  37
Loss: 0.0000 Acc: 1.0000
val loss:  4.0074132357403866e-08
Accuracy of the network on the val images: 100.0000 %
Epoch:  38
Loss: 0.0000 Acc: 1.0000
val loss:  3.9302271034102884e-08
Accuracy of the network on the val images: 100.0000 %
Epoch:  39
Loss: 0.0000 Acc: 1.0000
val loss:  3.8579875308641933e-08
Accuracy of the network on the val images: 100.0000 %
Epoch:  40
Loss: 0.0000 Acc: 1.0000
val loss:  3.793794485318358e-08
Accuracy of the network on the val images: 100.0000 %
Epoch:  41
Loss: 0.0000 Acc: 1.0000
val loss:  3.73115171896643e-08
Accuracy of the network on the val images: 100.0000 %
Epoch:  42
Loss: 0.0000 Acc: 1.0000
val loss:  3.6726807593368e-08
Accuracy of the network on the val images: 100.0000 %
Epoch:  43
Loss: 0.0000 Acc: 1.0000
val loss:  3.61981246896903e-08
Accuracy of the network on the val images: 100.0000 %
Epoch:  44
Loss: 0.0000 Acc: 1.0000
val loss:  3.567122894310159e-08
Accuracy of the network on the val images: 100.0000 %
Epoch:  45
Loss: 0.0000 Acc: 1.0000
val loss:  3.5182479678042e-08
Accuracy of the network on the val images: 100.0000 %
Epoch:  46
Loss: 0.0000 Acc: 1.0000
val loss:  3.471518948572339e-08
Accuracy of the network on the val images: 100.0000 %
Epoch:  47
Loss: 0.0000 Acc: 1.0000
val loss:  3.4271141430508577e-08
Accuracy of the network on the val images: 100.0000 %
Epoch:  48
Loss: 0.0000 Acc: 1.0000
val loss:  3.386583557585254e-08
Accuracy of the network on the val images: 100.0000 %
Epoch:  49
Loss: 0.0000 Acc: 1.0000
val loss:  3.347960955579765e-08
Accuracy of the network on the val images: 100.0000 %
Epoch:  50
Loss: 0.0000 Acc: 1.0000
val loss:  3.3109468859038315e-08
Accuracy of the network on the val images: 100.0000 %
Training finished.
testing loss:  0.06434993743896485
Accuracy of the network on the testset images: 0.0000 %
Testing with testset finished
*******************************************
 Type of convolution :  replicate
 Type of network :  Net2
*******************************************
Results for validation dataset {0: 100.0, 1: 100.0, 2: 100.0, 3: 100.0, 4: 100.0, 5: 100.0, 6: 100.0, 7: 100.0, 8: 100.0, 9: 100.0}
mean: 100.0000 std: 0.0000 for validation
Results for test dataset {0: 0.0, 1: 0.0, 2: 0.0, 3: 0.0, 4: 0.0, 5: 0.0, 6: 0.0, 7: 0.0, 8: 0.0, 9: 0.0}
mean: 0.0000 std: 0.0000 for test

JOB STATISTICS
==============
Job ID: 8549726
Cluster: snellius
User/Group: scur2785/scur2785
State: COMPLETED (exit code 0)
Nodes: 1
Cores per node: 9
CPU Utilized: 00:06:24
CPU Efficiency: 72.32% of 00:08:51 core-walltime
Job Wall-clock time: 00:00:59
Memory Utilized: 793.82 MB
Memory Efficiency: 1.29% of 60.00 GB
