============================================================================================== 
Warning! Mixing Conda and module environments may lead to corruption of the
user environment. 
We do not recommend users mixing those two environments unless absolutely
necessary. Note that 
SURF does not provide any support for Conda environment.
For more information, please refer to our software policy page:
https://servicedesk.surf.nl/wiki/display/WIKI/Software+policy+Snellius#SoftwarepolicySnellius-UseofAnacondaandMinicondaenvironmentsonSnellius 

Remember that many packages have already been installed on the system and can
be loaded using 
the 'module load <package__name>' command. If you are uncertain if a package is
already available 
on the system, please use 'module avail' or 'module spider' to search for it.
============================================================================================== 
usage: conda [-h] [--no-plugins] [-V] COMMAND ...
conda: error: argument COMMAND: invalid choice: 'activate' (choose from 'clean', 'compare', 'config', 'create', 'info', 'init', 'install', 'list', 'notices', 'package', 'remove', 'uninstall', 'rename', 'run', 'search', 'update', 'upgrade', 'build', 'convert', 'debug', 'develop', 'doctor', 'index', 'inspect', 'metapackage', 'render', 'skeleton', 'content-trust', 'env', 'server', 'token', 'pack', 'verify', 'repo')
x tensor([[[ 4.4844e-01, -1.1546e+00, -2.2741e+00,  6.6637e-01, -1.4733e+00,
          -9.7885e-01, -1.8370e+00, -1.7070e-01, -1.9590e-01, -1.2664e-02,
          -1.3946e+00,  1.5332e+00,  5.6693e-01,  4.8903e-01,  9.4265e-01,
          -1.2443e+00, -1.3696e-01, -1.8054e+00,  8.5255e-01, -9.0268e-02,
           1.4638e+00, -1.1392e+00,  5.1058e-01,  8.4461e-02, -1.8903e+00,
          -1.0894e+00,  9.3611e-01, -1.4919e+00,  2.1615e+00,  1.3576e-01,
          -3.7902e-01,  6.0677e-01, -1.4270e-01,  1.8556e+00,  1.8551e+00,
           4.5129e-01, -8.3493e-01, -3.8988e-02, -2.1405e-01,  3.7312e-01,
          -8.5210e-01,  1.2153e-01, -5.2504e-01, -1.1464e+00, -1.1383e-01,
          -9.3578e-01,  8.7485e-01, -4.5467e-01, -1.7096e+00,  1.2131e-01,
          -2.7982e-02, -1.6570e-01, -9.9257e-01,  4.8601e-01,  1.1837e+00,
          -4.0153e-01, -1.8194e+00, -6.1374e-01,  9.7150e-01,  8.6456e-01,
          -1.6074e+00,  1.8478e+00, -7.2651e-01,  5.4616e-01],
         [ 1.2794e+00, -4.6562e-01,  2.0304e-01, -1.0887e+00, -8.0667e-01,
           6.7098e-01, -9.9660e-01, -1.9086e+00,  7.4263e-01,  9.7076e-01,
          -3.2602e-01, -8.9044e-01, -6.2968e-01, -4.8671e-02,  2.5227e-01,
           2.0901e-01,  1.9056e-01, -7.9422e-01,  6.7654e-01, -9.7447e-03,
          -8.7019e-02,  1.1169e+00, -3.6013e-01,  2.4717e+00, -2.4368e-01,
           1.7862e+00, -4.5693e-01, -1.0680e+00, -1.3109e+00, -9.4464e-01,
           1.3650e+00, -4.1729e-01, -7.9371e-02, -1.6713e-01, -1.7143e-01,
          -3.1284e-01, -6.4426e-01, -1.1053e+00,  3.6706e-01,  1.8742e+00,
           9.1820e-01, -3.4894e-01, -6.4957e-02,  1.5724e-02, -8.7582e-01,
           7.9308e-01,  1.3474e+00, -7.1134e-01,  8.2184e-01,  2.0963e+00,
          -1.7120e+00,  2.1008e-01,  2.5160e-01, -1.8329e+00,  7.8804e-02,
           2.5022e-01,  1.2198e+00, -3.6102e-01, -9.1106e-01, -1.0595e+00,
           2.9315e-02,  8.2747e-01, -1.0912e+00, -6.8619e-01],
         [-9.8516e-01,  1.4402e+00,  1.2402e-01,  1.2431e+00, -3.8144e-01,
           1.3660e+00, -1.0026e+00,  5.1599e-02,  7.8247e-01, -1.7020e+00,
           3.0807e-01,  1.9169e-01,  1.5611e+00, -9.7732e-01, -1.3608e-01,
          -2.0486e+00, -9.3590e-01, -1.5213e+00, -7.8040e-01,  1.9608e+00,
          -1.5301e-01,  6.6429e-01,  4.5839e-01,  4.0211e-01,  1.6569e+00,
          -3.0439e-01,  3.4953e-01,  8.1800e-01,  1.3064e+00,  1.2335e-01,
          -1.8438e-01,  2.9451e-01, -1.7483e+00,  8.6644e-01, -1.7556e+00,
          -6.8772e-01,  1.8854e+00, -1.3619e+00,  5.7314e-01,  1.7178e-01,
           1.6136e+00,  7.4224e-01, -1.2788e+00,  8.5479e-02,  6.9388e-01,
          -1.3815e+00, -1.3573e+00, -4.0123e-01,  1.2084e+00,  3.9224e-01,
           3.1916e-01, -1.6153e+00,  6.7700e-01, -2.0369e-01,  1.8069e-01,
          -8.7660e-01, -2.9066e-01,  9.1356e-02, -7.2561e-01,  6.3013e-01,
           3.8638e-01, -9.5091e-01, -2.1443e-01,  6.6229e-01],
         [-1.2044e+00, -3.3455e-01, -1.7500e-01, -4.1055e-01,  8.4054e-01,
           6.0003e-01,  4.1154e-01, -1.0780e+00,  6.5737e-01,  1.0313e+00,
           1.9782e-01,  4.7453e-01, -2.0336e+00, -4.1973e-01, -9.6824e-01,
          -3.3603e-01,  1.4606e+00,  6.3695e-01,  1.3760e+00, -7.5723e-01,
           2.0855e-01, -6.2105e-01,  1.6938e-01,  8.2272e-01,  9.9145e-01,
          -1.9619e-01,  9.1944e-02,  2.0723e+00, -1.1218e+00, -2.4065e-01,
           9.5930e-01,  8.6164e-01,  1.9907e-01,  2.8930e-01, -1.2278e-01,
           1.3100e+00,  3.7071e-01, -1.0442e+00, -1.0245e+00,  1.2837e+00,
           1.2939e+00,  1.7549e+00,  1.3630e+00,  8.8965e-01, -4.4316e-01,
           1.1150e+00,  3.7728e-01, -1.5656e+00, -3.6056e-01, -2.4884e-01,
          -8.0268e-01,  2.4057e-01,  1.6256e+00,  3.8083e-01,  1.1750e+00,
           2.1049e+00,  4.7819e-01,  2.3122e-01, -5.2835e-02,  2.3174e-01,
          -1.8389e+00,  1.5386e+00, -7.1643e-01,  5.2572e-01],
         [-1.9019e+00, -9.4992e-02,  3.3394e-01,  3.4667e-02, -2.0680e+00,
          -6.1552e-01, -6.7533e-01, -1.7445e-01,  8.9540e-01,  3.4720e-01,
          -9.7378e-01,  5.9026e-01, -6.0317e-01,  9.6090e-02,  3.8617e-01,
           1.3062e+00, -8.8157e-02,  5.1415e-01,  5.5739e-01,  5.4856e-01,
          -1.8544e-01,  7.6184e-01,  1.1615e+00,  4.6528e-01, -7.0822e-01,
           8.5921e-01,  1.1139e+00, -1.7051e-01,  9.9103e-01,  9.0551e-02,
           1.7449e+00,  5.7889e-01,  5.3936e-01, -3.4264e-01,  1.5578e-01,
           2.2156e-01, -5.0791e-02, -1.2767e+00, -1.2368e+00, -1.3372e-01,
           2.0324e-01, -9.5090e-01, -2.0828e-01, -5.2221e-01, -2.3212e-01,
          -1.8276e+00,  1.2514e+00,  4.6220e-01,  1.9313e+00, -6.5788e-01,
           6.5152e-02,  9.8501e-01, -2.2113e-01,  6.9122e-02,  7.5547e-01,
          -1.6197e+00,  1.0675e-01, -1.3125e+00,  2.7848e-01, -9.7736e-01,
           1.1656e+00,  2.2916e+00, -6.7614e-01,  1.6838e+00]],

        [[-2.5341e-01, -1.1013e+00,  5.1011e-01,  3.1016e-01, -4.9026e-01,
          -1.7164e+00,  4.3716e-01,  1.6427e+00, -7.0979e-03, -6.8124e-01,
          -7.5200e-01,  4.5407e-01,  5.8784e-01,  8.4588e-01,  1.0873e-01,
           9.9233e-01, -4.1950e-02, -2.4723e+00,  1.2866e+00, -5.0894e-01,
          -1.8158e+00,  1.1480e+00,  1.4256e+00, -4.3503e-01, -1.4087e+00,
          -1.9719e+00, -2.4459e+00, -2.1897e-01, -9.8672e-01, -1.2439e+00,
           2.9467e-01,  8.4015e-01,  8.8393e-01,  1.8402e+00,  9.1252e-01,
           2.9647e-01,  1.2752e+00,  9.8302e-01, -5.3691e-01,  8.4615e-01,
           8.0922e-01, -5.9094e-01,  1.3489e+00,  7.7857e-01, -1.6002e+00,
          -7.5705e-02, -2.1557e+00,  4.7854e-01, -1.5535e+00, -2.0030e+00,
          -6.3589e-01,  1.0329e+00,  7.9699e-01,  1.2283e-01,  5.7643e-01,
          -4.3769e-01,  2.7107e-01,  5.0865e-01, -1.2436e+00,  1.7009e-01,
          -1.0109e+00, -7.1371e-01,  5.7787e-01,  2.4960e-01],
         [-2.6071e-01, -1.5942e+00,  2.9868e-02,  2.2243e+00, -1.1729e+00,
          -3.2653e-01, -2.2720e+00, -1.7256e-01, -7.6782e-01,  9.2523e-01,
          -6.1107e-03, -2.3444e-01, -1.3341e-01, -3.0835e-02, -4.4281e-01,
          -1.2922e-01,  8.7973e-01,  1.0765e+00,  1.5788e+00, -5.0036e-01,
          -1.2849e+00, -1.5324e+00, -1.3119e+00,  2.1359e+00, -1.3302e+00,
           8.0923e-01, -5.0069e-01, -7.2459e-01,  8.0971e-01, -4.3086e-01,
          -3.0384e-01, -5.5296e-01, -4.0341e-01, -8.8568e-02,  1.5206e+00,
           1.5530e+00, -9.6993e-01, -8.4566e-02,  1.0776e+00,  3.3108e-01,
          -3.9609e-01,  1.6601e+00,  4.7203e-01,  6.7494e-01, -3.2310e-01,
          -3.3372e-01,  1.7087e+00, -1.3997e+00, -1.0434e+00, -8.3177e-01,
           1.2693e+00,  9.3330e-01, -1.0862e+00, -1.3276e+00, -1.5723e+00,
           8.9743e-01,  1.3578e+00,  1.3018e+00, -1.7239e+00, -1.6438e-01,
          -1.5294e+00, -4.9027e-01, -8.1108e-01, -8.3062e-01],
         [ 3.6998e-01,  1.2468e+00, -1.7669e+00, -7.0399e-01, -4.9494e-01,
          -6.6885e-01, -1.3871e+00,  3.3651e-01,  7.1460e-01, -1.3751e+00,
           1.0537e+00, -1.5708e+00,  8.2697e-01,  1.9508e-01,  1.3586e+00,
           1.0094e+00, -8.7061e-01, -6.7216e-01, -8.4276e-01, -3.6747e-01,
          -7.8199e-01,  4.8426e-01,  6.1404e-01,  1.5193e+00, -6.9087e-01,
          -2.3242e+00, -2.0657e-01,  9.4414e-05,  1.4741e+00,  3.8360e-01,
          -1.6548e+00,  4.0647e-02,  2.3996e-01,  5.1327e-01, -1.1346e+00,
           2.7839e-02, -8.8483e-01,  5.8205e-01, -5.7376e-01, -1.3749e-01,
           9.1190e-02, -2.2315e-01,  1.4163e+00,  6.6327e-01,  9.9758e-01,
          -2.8217e-01,  3.0637e-04,  9.0622e-01, -6.2273e-01, -1.4150e+00,
           5.1107e-01,  1.2621e-01, -7.6183e-01, -3.9351e-01,  5.9964e-02,
           4.9417e-01, -8.4340e-02,  1.4774e+00,  1.4801e+00,  5.0107e-01,
           1.7491e-01, -7.2194e-01,  2.3773e-01,  2.6285e-01],
         [-1.6674e+00,  8.1507e-01,  2.1996e-01,  8.9082e-01,  1.0886e-01,
          -1.3892e+00,  1.5178e+00, -2.2745e+00, -1.8214e-02, -1.2110e+00,
          -3.5237e-01, -4.7939e-02,  4.2448e-01, -7.9996e-01, -4.6407e-01,
          -3.1640e-01,  1.4245e+00, -4.4408e-01,  7.8397e-01,  2.6589e-01,
           1.7863e+00, -3.7919e-01, -1.2155e+00, -1.0945e+00,  2.3447e-01,
          -2.6900e-01,  9.6981e-01, -1.2570e+00,  8.5907e-01, -7.6478e-01,
           5.7344e-01, -5.1913e-01,  1.0825e+00, -1.7402e-01, -1.0032e+00,
          -1.2604e-01,  3.4454e-02, -4.8685e-01,  6.6739e-01,  1.5129e+00,
          -4.5514e-01, -1.0368e+00, -4.9365e-01, -4.8568e-01,  1.2310e+00,
          -1.0998e+00, -2.3885e-01,  4.5769e-01,  6.9660e-01,  5.8081e-01,
          -9.1389e-01,  1.8909e+00, -2.8055e-01, -1.5095e+00, -2.3843e-02,
           1.0270e+00,  1.8232e-01,  1.3938e+00,  5.5124e-02,  1.0589e+00,
           3.3081e-01,  1.1568e+00,  3.9201e-01,  1.4679e+00],
         [-2.4887e-01,  1.7734e-02,  3.2530e-01,  1.3929e+00, -2.0809e-01,
          -3.2350e-01,  1.0753e+00,  1.2377e+00,  2.2674e+00,  2.8296e-01,
           1.8298e-01, -2.4062e+00, -6.9780e-01,  1.6473e+00,  3.8541e-01,
           1.4446e+00,  1.2885e+00,  8.4117e-01, -1.7942e+00,  2.9429e-01,
          -5.5064e-01,  3.1061e-01, -1.1688e-01,  2.6596e-01,  3.9056e-02,
          -2.2315e-01,  7.8108e-01,  1.4272e+00,  3.2371e-01, -8.4059e-01,
          -1.5866e+00,  3.1503e-01, -1.1505e+00, -1.4075e+00,  5.3266e-01,
          -2.0999e+00, -2.4323e+00,  7.7942e-01,  1.0069e+00, -1.1577e+00,
          -7.3469e-01,  5.8849e-01, -9.9852e-01,  1.1295e+00, -2.0094e+00,
          -1.3348e+00,  4.4364e-01, -9.5850e-01, -3.3274e-02,  2.6766e-01,
           1.2685e+00, -7.0425e-01,  2.1470e-01,  4.1164e-02, -1.5125e-01,
          -9.6597e-01, -3.8978e-01,  5.0665e-01, -1.6276e-01,  1.1903e+00,
          -4.4951e-01, -1.0101e+00,  8.4613e-01, -9.0182e-01]]])
tensor([[[[[-7.2683e-01, -5.8406e-01, -1.2107e-01, -1.3292e-01,  8.4703e-01,
             3.4594e-01,  4.0035e-01, -5.9084e-03],
           [-3.2745e-01, -6.0469e-01,  5.7216e-01,  3.1083e-01, -2.7242e-01,
            -3.2951e-01, -3.5279e-01, -1.5790e-01],
           [-3.0162e-01,  4.3379e-01,  4.7358e-01, -2.4215e-01, -4.2374e-01,
            -6.4169e-01,  2.0428e-01,  2.0997e-01],
           [-6.2871e-01,  4.8824e-01, -1.0258e+00,  5.2846e-01,  1.7084e-01,
            -2.1586e-01,  7.3395e-01, -4.7842e-01],
           [ 6.0483e-01, -6.7971e-01,  1.1073e+00, -4.8211e-03,  2.7415e-01,
            -9.6982e-01, -7.7881e-01,  2.3226e-01]]],


         [[[ 1.0826e+00,  1.0025e+00, -6.7615e-01,  1.2005e+00,  1.5233e+00,
             8.8556e-01,  1.7211e-01, -2.4819e-01],
           [ 6.4342e-01,  7.0203e-01,  1.3738e-01, -1.0612e+00,  2.9011e-01,
            -5.3545e-01,  2.6070e-01, -3.9340e-01],
           [-2.1568e-01,  1.9145e-01, -2.6503e-01,  8.2076e-01, -3.9050e-01,
            -1.1299e+00, -2.9539e-01, -1.5712e-01],
           [-9.1964e-01, -1.0836e+00, -1.1244e+00,  4.4934e-01, -7.0085e-02,
             5.1199e-01,  5.2474e-01,  3.0914e-01],
           [-3.5319e-01, -6.5049e-02, -5.4317e-01,  6.5758e-01, -8.4818e-01,
             5.2680e-01,  2.1373e-01,  6.8245e-01]]],


         [[[ 9.0882e-01, -2.5621e-01, -5.9916e-01, -4.5024e-01, -1.1478e-01,
            -6.5940e-01,  1.0307e-01,  2.9088e-02],
           [ 3.1312e-01,  3.7648e-01,  8.9109e-01, -2.6035e-01, -3.2554e-01,
             1.2878e-01, -9.9335e-02, -7.9191e-01],
           [-8.9091e-02,  2.5799e-01,  2.8058e-01,  2.6813e-01, -1.7087e-02,
            -3.0086e-01, -1.7616e-01, -6.9232e-01],
           [-7.2755e-02,  9.8365e-01,  3.9150e-01, -4.6990e-01, -3.3045e-01,
            -5.9831e-02,  4.9953e-02, -3.5849e-01],
           [ 7.0640e-01, -1.2296e-01,  1.0769e-01, -3.6410e-01, -1.1664e-01,
             4.0474e-01,  3.2811e-01, -8.9100e-01]]],


         [[[-6.4538e-02, -9.6062e-01,  7.3049e-01, -4.6054e-01, -5.0953e-01,
             7.1488e-01,  6.1726e-01,  4.3834e-01],
           [-3.3990e-01,  2.5117e-01,  3.3051e-01,  6.6111e-02,  1.0822e+00,
            -1.0294e+00, -5.6873e-01, -5.5627e-01],
           [ 4.5036e-01, -3.1388e-01, -1.1429e-01,  3.0312e-01,  2.3470e-01,
            -1.0258e+00, -6.3471e-01,  3.7465e-01],
           [ 7.9479e-01,  2.4844e-01,  2.9214e-01, -1.6949e-03,  1.0570e+00,
            -4.7952e-01, -6.2529e-01, -4.0226e-01],
           [ 9.0693e-01, -1.1081e+00,  6.3082e-01,  1.5057e+00,  1.3628e+00,
             1.9578e-01, -6.2710e-01,  6.1124e-01]]],


         [[[ 2.5544e-01,  2.1827e-01,  9.1684e-01, -6.3071e-01,  2.0298e-01,
             1.1881e+00,  1.5707e-01,  2.6504e-01],
           [-2.5537e-01,  8.7967e-02, -7.5710e-01,  3.9914e-02, -8.2647e-01,
            -9.6974e-02, -6.6157e-01, -2.3247e-01],
           [-4.1229e-01, -4.8339e-02,  1.8881e-02,  1.0579e-01, -3.7360e-01,
            -4.6992e-01, -5.9911e-01, -6.4733e-01],
           [-3.0931e-01,  1.1851e+00, -8.7442e-02,  4.3146e-01, -6.6590e-01,
            -3.2729e-02, -2.6676e-01,  9.9995e-02],
           [-4.6483e-01,  1.0767e+00,  2.1097e-01, -1.2801e-01, -5.9210e-01,
             7.5137e-01,  9.2386e-01,  8.8985e-01]]],


         [[[ 9.1957e-01, -7.3417e-02,  6.5418e-02, -7.3642e-01, -4.2319e-01,
            -1.3508e-01,  4.9618e-01,  8.1678e-01],
           [ 1.7166e+00, -5.6791e-01,  1.0535e+00,  1.0259e-01,  2.4418e-01,
             2.1913e-01, -1.4429e+00,  5.0187e-02],
           [-6.5705e-02,  3.5772e-01, -1.0887e+00, -4.8157e-01,  1.2502e-01,
             1.3101e-03, -8.3108e-01, -2.8532e-01],
           [-6.7988e-02,  6.9955e-01,  1.3138e+00,  2.6138e-01, -6.6339e-01,
            -8.2249e-01, -1.0641e+00,  6.8728e-01],
           [-8.5949e-01,  1.3820e-01,  1.8868e-01, -8.2460e-01, -3.4931e-01,
            -4.5511e-01, -6.6647e-01, -7.2874e-01]]],


         [[[ 5.2682e-01,  1.0196e+00, -9.1758e-01,  6.4502e-01,  3.7911e-01,
            -7.9753e-01, -4.2105e-01, -3.0867e-01],
           [ 2.9209e-01, -8.3215e-01,  7.0983e-01, -3.9654e-01, -8.3157e-01,
            -4.9333e-01,  1.0232e+00,  3.9985e-01],
           [-1.6900e-01,  4.9992e-01, -3.9298e-01, -8.0896e-01,  4.6642e-02,
            -2.0751e-01,  1.1511e-01, -4.7662e-01],
           [-1.2428e-01, -1.4438e+00,  8.8925e-01, -5.2139e-01,  7.6013e-01,
            -5.9570e-01,  1.7082e-01, -4.5810e-01],
           [ 5.9867e-01, -7.0883e-02, -5.5436e-01,  4.6065e-02,  5.1956e-01,
             1.2213e+00,  7.4875e-01,  2.0915e-01]]],


         [[[-3.6455e-01, -4.2717e-01, -8.0951e-01, -1.8106e+00, -2.8635e-01,
             2.3720e-01,  4.8373e-01, -2.1001e-01],
           [-6.5261e-01, -8.5327e-01,  6.5674e-01,  4.7480e-01, -9.0985e-01,
            -5.4378e-01,  1.0081e-01,  3.1061e-01],
           [ 1.2657e-01, -8.6048e-01, -9.6571e-02, -5.9488e-02, -4.6820e-01,
             6.1973e-01,  6.2256e-02,  4.0403e-01],
           [ 1.2937e-01, -5.3882e-01, -1.0499e+00,  8.0340e-01,  7.0510e-01,
            -5.1649e-01,  3.6938e-02, -2.8490e-02],
           [ 7.2107e-03,  3.4834e-01,  5.1115e-01, -1.1470e+00, -1.1224e+00,
             1.0896e+00, -6.1840e-02,  3.5933e-01]]]],



        [[[[ 7.9139e-01,  5.5480e-01,  9.0943e-01, -3.2754e-02, -5.8174e-01,
             1.3403e-02, -3.9728e-01, -8.2218e-01],
           [ 4.6676e-01, -4.6936e-01, -6.4077e-01,  4.4116e-01,  1.0678e+00,
             5.4698e-01,  1.3323e+00, -9.6654e-02],
           [ 3.9275e-01, -6.0994e-02,  1.1237e-01, -1.0272e+00, -6.8484e-02,
             7.0747e-01, -4.3579e-01,  9.2327e-02],
           [ 4.3280e-01,  8.1452e-01, -2.5899e-02, -1.6657e-01, -3.5987e-01,
            -1.4307e+00, -8.2136e-02,  6.7992e-02],
           [-1.2823e+00, -6.0246e-01,  4.2133e-01, -8.8142e-01,  4.2211e-01,
             1.8376e+00,  2.2755e-01, -5.0288e-01]]],


         [[[ 3.5946e-01,  6.3430e-01, -4.2310e-01, -1.2638e-01,  1.7686e+00,
             9.5205e-01,  1.2949e+00, -1.3803e+00],
           [ 1.1111e+00, -1.4943e+00, -3.8172e-01,  5.6170e-01,  7.1215e-01,
             7.6115e-01,  3.8948e-01,  2.9413e-01],
           [ 1.9898e-01, -1.4592e-01, -3.4551e-02,  2.3119e-01,  7.0247e-01,
             2.5179e-01,  3.5874e-01, -2.4217e-01],
           [ 1.0596e-01, -8.8494e-01, -3.9354e-01,  1.2322e-01, -9.8725e-02,
            -5.9732e-01, -4.4314e-01,  1.6808e-01],
           [ 1.1111e+00, -2.7165e-01,  1.8338e-01,  6.2312e-01, -1.4777e-01,
             6.4905e-01, -3.4504e-01,  4.2151e-01]]],


         [[[ 3.9912e-01,  2.9249e-02, -4.0180e-02, -7.2198e-02,  4.1830e-01,
            -1.0605e+00,  3.4713e-01,  1.4412e+00],
           [ 1.2779e+00, -9.4910e-01,  6.7908e-01, -4.0443e-01,  2.3506e-01,
             7.1083e-01, -1.8925e-01, -4.4993e-01],
           [-3.0957e-01, -4.6162e-01, -1.3080e-01,  3.9351e-01,  3.0289e-01,
             6.1978e-01, -9.4496e-01,  3.2005e-01],
           [-6.0052e-01,  6.8428e-02,  5.6655e-01,  9.9785e-03, -5.6309e-01,
             4.1389e-01,  4.0450e-01, -5.4533e-01],
           [ 2.4487e-01, -6.2441e-01, -3.2884e-01,  1.5347e+00, -1.3625e+00,
             2.7284e-01,  1.6490e-01, -7.6421e-01]]],


         [[[-1.7316e-01, -3.8718e-01,  1.0809e-01, -7.5073e-01, -1.2630e-01,
            -6.3977e-01,  5.5515e-01,  4.7914e-01],
           [-6.8987e-01,  3.1338e-01,  8.0700e-01, -6.7540e-01, -1.8625e-01,
            -9.5831e-02,  8.2187e-01,  2.1793e-01],
           [ 2.6202e-01, -1.2770e+00, -1.1665e+00, -9.1411e-01,  8.6520e-02,
             4.6421e-01,  9.3664e-01, -1.6552e-01],
           [-1.5190e-01, -9.9366e-01,  8.7657e-01,  5.5708e-03,  2.0081e-01,
             1.3616e-01,  5.0212e-01,  9.3337e-01],
           [-1.5705e+00,  7.6820e-02, -1.2202e+00,  8.4427e-01, -1.4824e+00,
             6.6694e-01, -3.7215e-01,  5.3357e-01]]],


         [[[ 3.6301e-01,  1.0215e+00, -2.9790e-02,  3.0177e-02,  1.1242e+00,
            -1.0638e-01,  2.9168e-01,  2.4094e-01],
           [ 9.8688e-01,  2.5339e-01,  8.2426e-01,  1.7296e-02, -6.8262e-01,
             1.1857e-01,  6.0860e-01, -1.0367e+00],
           [-4.2319e-01, -5.5160e-01, -2.7826e-01, -1.0514e+00, -1.9652e-01,
            -4.3374e-01, -3.2563e-01,  4.6491e-01],
           [-2.8320e-01,  2.9667e-01,  2.2309e-01,  4.1384e-01,  2.6522e-01,
             3.5110e-01, -3.5471e-01, -4.2030e-01],
           [ 4.6974e-01, -1.4117e+00,  4.5273e-01, -4.7870e-01,  1.5848e+00,
             1.2149e-01,  8.0799e-01,  5.3301e-01]]],


         [[[ 1.4282e-01,  3.1970e-02,  3.4470e-01,  8.3953e-02,  1.1941e-01,
            -3.2587e-01,  5.1778e-01,  1.2521e+00],
           [ 3.2133e-01, -7.6521e-01,  1.4108e+00,  2.1508e-01,  1.4270e+00,
             1.6321e+00, -1.0775e+00, -2.1010e-01],
           [-5.3031e-01,  6.2312e-01,  2.4331e-01, -1.0958e+00, -6.2903e-01,
             2.9594e-01,  2.8254e-01,  3.7904e-01],
           [ 1.5338e-01, -1.0087e-01,  4.2256e-01, -1.2438e+00, -5.9094e-01,
            -2.1736e-01,  4.0853e-01, -1.0581e+00],
           [ 7.5790e-01,  9.0210e-02, -2.7138e-01, -4.7964e-01,  1.9175e+00,
             1.1138e+00,  2.3011e-01, -7.0123e-01]]],


         [[[-2.5992e-02,  9.9166e-02, -6.4224e-01, -1.0767e-01, -4.9872e-01,
             1.0224e+00, -2.1286e-02,  3.2284e-01],
           [-2.3807e-01, -2.0404e-01,  7.3108e-01, -1.7943e-01, -1.4934e-01,
             2.7360e-01, -7.1723e-01, -7.6520e-01],
           [-3.1449e-01,  3.4364e-01, -2.9038e-01,  2.0581e-01,  5.7379e-01,
            -3.1756e-01, -2.8430e-01,  8.0202e-01],
           [-1.6839e-02,  6.3683e-01,  4.7869e-01, -9.2049e-02,  4.6135e-01,
            -8.0157e-01,  1.5802e+00, -5.1241e-02],
           [-8.9984e-01, -2.5915e-01, -2.4281e-01,  3.3381e-01, -1.4383e+00,
            -1.1094e-03, -2.3550e-01, -4.0691e-01]]],


         [[[-5.6247e-01,  4.4529e-01, -5.9927e-01,  2.8920e-01,  8.6334e-02,
            -3.2891e-01,  2.7384e-01, -1.7602e-01],
           [-8.1917e-01,  4.3765e-02, -6.2769e-01,  5.0362e-01, -1.1924e+00,
            -1.9547e-01, -5.0072e-01, -1.0003e-01],
           [-2.1458e-01,  3.6204e-01,  2.5552e-01, -4.8506e-02,  1.3533e-01,
            -3.2783e-01,  1.0817e+00,  2.1297e-01],
           [-1.4514e-01,  4.6752e-01, -3.5813e-01, -1.1205e-02,  7.9449e-01,
             2.3938e-01, -4.0165e-01,  1.2556e-01],
           [-3.2504e-01,  1.1473e+00,  3.3266e-01,  2.6731e-01, -6.9964e-01,
            -1.7995e-01,  4.5226e-01, -7.8648e-01]]]]], grad_fn=<AddBackward0>)
q shape: torch.Size([2, 8, 5, 5, 8]), k shape: torch.Size([2, 8, 1, 5, 8]), v shape: torch.Size([2, 8, 5, 8])
att shape before masking: torch.Size([2, 8, 5, 5, 5])
Mask shape torch.Size([1, 1, 128, 128]) does not match att shape torch.Size([2, 8, 5, 5, 5])
x tensor([[[-1.5216e-01, -1.0589e-01,  1.1652e+00, -1.1080e+00,  6.8167e-01,
          -7.7035e-01, -3.7087e-01,  1.4724e+00, -7.8182e-01,  4.9966e-01,
           8.3503e-01, -1.8217e-01,  1.4599e+00,  6.1198e-01, -1.4738e+00,
           4.0622e-01,  3.8278e-02, -2.1885e+00,  7.9624e-01, -6.9201e-01,
          -8.1351e-01,  9.2026e-01,  2.4872e+00,  2.0803e-01, -5.6872e-01,
           8.6288e-02,  6.3957e-01, -8.2833e-01,  7.9970e-01, -1.1668e+00,
           1.5539e+00, -6.7696e-02,  8.7346e-01,  9.3811e-02,  9.5101e-01,
           1.8753e+00, -1.8718e-01, -3.2322e-01,  1.5241e+00, -7.0762e-01,
           1.6994e+00,  6.5309e-01, -1.6883e+00,  9.3802e-01, -2.1499e+00,
          -2.2799e+00,  8.8408e-01,  1.6121e-01,  7.5425e-01,  1.8329e+00,
          -1.3994e+00,  2.2809e-01,  1.9706e+00,  9.0925e-01, -3.0264e-01,
          -8.7001e-01, -3.4024e-01, -2.8531e-01,  7.1722e-01, -7.1737e-01,
           1.6898e+00,  5.1712e-01,  5.5218e-02, -1.7564e+00],
         [ 1.1107e+00, -9.7727e-01,  1.4406e+00, -4.0018e-01, -5.2719e-01,
           7.6778e-01, -4.3056e-01, -1.5053e+00,  1.5113e+00, -3.7672e-01,
          -2.8022e-01,  7.5706e-01,  1.3105e+00,  8.5839e-01,  9.5142e-01,
           5.1148e-01, -9.1259e-01,  6.0327e-01,  1.4972e-01,  1.1475e+00,
          -1.7730e-01,  7.9455e-01,  1.6283e-01,  7.4625e-01,  2.8216e-01,
           1.7050e+00, -1.1223e-01, -5.2210e-01, -1.5831e-01, -7.8956e-01,
          -2.2084e+00, -1.1910e+00, -5.3304e-01, -5.5795e-01,  8.6753e-01,
          -3.9026e-01,  5.2191e-01, -1.5212e+00,  6.6313e-01,  1.4655e-01,
           3.1334e-01,  7.8510e-01, -1.6408e-01, -5.5574e-01, -9.6308e-01,
           9.0876e-01, -9.9802e-01,  1.2661e-01,  1.6259e-01, -1.0935e+00,
          -2.8439e-01,  2.1602e-01,  1.0395e+00,  1.4537e+00, -2.5819e+00,
           2.9992e-01,  2.4446e-01,  1.6214e+00,  1.2517e+00,  2.2441e-01,
           9.5647e-01,  1.4208e+00, -8.4864e-02,  1.3565e+00],
         [-4.8889e-01,  1.1619e+00, -4.0021e-01,  8.2752e-01, -8.1601e-01,
           6.6461e-01,  7.5317e-01,  1.5395e-01,  2.6357e-01, -2.1349e-01,
           3.5706e-01, -1.0200e+00, -1.2142e+00, -4.1390e-01,  1.1415e-01,
           8.4821e-02,  6.4583e-01, -1.1607e+00,  1.5779e+00, -7.2086e-01,
           1.6495e+00, -1.4258e+00,  4.5661e-01,  2.7607e-01, -1.1900e+00,
           5.3129e-01, -1.6350e+00,  9.8219e-01,  3.7645e-01, -1.6238e+00,
          -2.6643e+00, -6.4825e-01,  9.5686e-01, -8.2202e-01, -5.4833e-01,
          -4.6663e-01, -5.6540e-01,  1.2252e+00, -1.1693e-01, -1.2297e+00,
           1.4897e+00, -9.7585e-02,  9.3301e-01,  1.9387e+00,  7.4826e-01,
          -3.4661e-01,  8.2256e-01, -1.2291e+00,  1.3121e+00,  1.3032e+00,
           2.1836e+00, -4.1006e-01,  1.3776e+00, -1.7791e-01, -2.7628e-01,
           1.6109e+00, -8.3606e-01,  1.6727e-01, -3.9058e-01, -8.3974e-01,
           8.6536e-01, -2.5890e-01, -1.4346e+00, -4.8045e-01],
         [-6.8496e-01,  1.6604e+00,  1.9671e+00,  1.7043e+00, -5.3474e-01,
          -3.8601e-01,  1.1736e+00, -9.1392e-03, -8.0030e-02, -6.3822e-01,
          -2.3341e-01,  9.6168e-01, -1.0957e+00,  7.3937e-01,  8.4653e-01,
           1.1316e+00,  3.4125e-02, -1.1296e-01, -6.1984e-01,  4.9742e-01,
          -5.6527e-01,  3.9942e-01, -2.4659e-01, -1.1118e+00, -1.4204e-02,
           1.4741e+00,  3.6015e-02,  1.2920e-01, -4.2570e-01, -1.6508e+00,
          -4.2006e-01, -2.5760e+00,  1.4449e+00, -8.8616e-01,  9.0858e-01,
          -3.6531e-01, -1.1240e+00, -1.1930e+00, -9.1146e-01, -4.2839e-01,
          -3.7260e-01,  1.7117e+00,  9.1466e-01,  5.5947e-02, -1.3523e+00,
           1.9922e-01,  6.8221e-01,  2.7034e-01, -5.3779e-01, -8.2569e-01,
          -1.0404e+00, -3.4310e-01,  6.4160e-01, -7.0010e-01, -1.0317e+00,
          -2.4099e+00,  6.5956e-01, -6.5840e-02,  7.7390e-01,  1.3768e-01,
          -7.2783e-01,  6.6597e-01, -2.4900e-01,  1.3949e+00],
         [-1.4046e+00,  1.0298e+00,  1.1925e+00,  9.2462e-01, -1.7792e-02,
           1.1475e+00,  8.1492e-01,  1.3522e+00,  3.7720e-05, -7.9460e-01,
          -5.0196e-01,  9.5382e-01,  4.7898e-01, -4.0890e-01,  2.7551e-01,
           3.5085e-01, -7.4512e-01, -1.5295e+00,  9.0915e-01, -1.1881e+00,
           1.5237e+00, -1.9513e-01,  6.6728e-01, -3.9295e-01,  1.3857e+00,
          -1.2215e+00,  3.8010e-02,  7.8063e-01, -1.5806e+00, -2.0592e+00,
           1.8667e-02,  1.9119e-01,  6.5774e-01, -1.2246e-01,  2.4212e-01,
          -2.3240e+00,  3.1712e-01, -7.0610e-01,  1.7827e+00, -7.4629e-01,
          -1.4242e-01, -8.5932e-01,  1.2213e+00, -1.1720e+00, -4.5019e-01,
          -1.1532e+00, -8.2758e-01, -4.2858e-02, -2.9723e-01, -1.3116e+00,
          -1.5484e+00,  3.1256e-01, -5.6467e-01,  1.0105e+00, -6.4144e-02,
          -6.6161e-01, -2.0344e+00, -3.5014e-01, -9.6859e-01,  4.9938e-02,
           1.6761e+00, -4.9084e-03,  1.6991e+00,  1.1242e+00]]])
tensor([[[[[-4.6366e-01, -1.7951e-02, -2.2725e-01, -1.9975e-01,  3.7663e-01,
            -3.7518e-02, -9.6498e-01,  1.9229e-01],
           [-8.5416e-01,  1.3096e-01,  6.6045e-01, -6.6222e-01,  5.5085e-01,
            -2.4945e-01,  3.1912e-01, -3.2702e-01],
           [-1.0164e-01, -8.4956e-01,  3.9228e-01, -9.0094e-01, -2.4479e-02,
            -7.5205e-01,  4.0248e-01,  2.8194e-01],
           [ 1.8052e-01, -8.1837e-01,  3.8528e-02,  5.6976e-02,  1.1362e-01,
            -9.5997e-01, -3.6342e-01, -9.8712e-01],
           [ 1.8813e-01,  2.0886e-01, -2.5152e-01,  3.9048e-01, -2.6956e-01,
            -3.7771e-01, -7.6057e-01, -3.1563e-01]]],


         [[[ 3.4262e-01, -1.2463e+00, -3.0294e-02, -1.3490e-02,  2.3955e-01,
            -6.1875e-01, -4.9616e-01, -2.2468e-01],
           [ 4.7393e-01,  1.0674e+00,  5.8725e-01, -5.9284e-01,  1.1313e+00,
             2.2353e-01,  3.2098e-01,  5.2207e-01],
           [-4.7224e-01,  7.3052e-01, -1.5927e-01, -6.7980e-03, -7.4060e-02,
            -1.3210e+00,  7.0367e-01, -1.4955e+00],
           [-8.1466e-01, -2.0016e-01, -1.2583e-01, -1.2350e+00,  3.7595e-01,
            -5.7863e-02,  2.1438e-01,  6.0803e-01],
           [ 3.0938e-01,  6.5492e-01, -6.8667e-01,  3.6634e-01,  7.1129e-01,
            -4.3850e-01, -4.3225e-02, -1.2143e-01]]],


         [[[-5.7628e-01, -7.8435e-01, -5.5524e-01, -1.3492e-01,  6.2384e-02,
             6.7849e-02,  6.3691e-01, -5.6725e-01],
           [-1.1863e-01,  2.9741e-01,  6.1973e-02, -9.6226e-02, -2.0223e-01,
             5.5959e-04, -3.2238e-01, -3.4997e-01],
           [ 4.0607e-01,  1.1790e-01, -1.5361e-01, -1.1045e+00, -2.5534e-01,
             1.2809e+00,  4.7536e-01, -3.6312e-02],
           [-1.2662e-01, -3.6349e-01,  7.4375e-01, -4.5491e-01,  8.1811e-02,
            -5.5477e-02,  2.4047e-01,  5.9967e-01],
           [ 4.1874e-01,  9.3828e-01,  3.3080e-01,  3.1316e-01,  1.0420e+00,
            -4.0421e-01,  3.4268e-01, -1.7585e-01]]],


         [[[-8.1587e-01,  3.1888e-01, -1.3178e-01, -5.0689e-02,  7.4616e-01,
             2.2023e-01,  1.2006e-02,  8.5933e-01],
           [ 1.1228e-01, -1.1865e-01,  3.8630e-01, -7.4740e-01,  3.1995e-01,
             3.0490e-01, -2.3749e-01,  2.1250e-01],
           [-3.1036e-02,  1.4892e-01, -7.8861e-01,  5.2318e-01,  1.6477e-01,
            -6.3198e-01, -2.0562e-01,  5.3113e-02],
           [ 1.9193e-03,  2.7316e-01, -5.9240e-01,  9.9846e-01, -2.8644e-01,
             1.3675e-01, -7.0867e-01,  9.7122e-02],
           [ 3.4904e-01,  3.6003e-01, -2.9652e-01,  7.0306e-01,  4.0926e-01,
            -9.0961e-01,  1.1749e+00,  5.5477e-01]]],


         [[[ 5.0774e-01,  3.7151e-01,  7.8127e-01, -4.5339e-01, -1.4972e-01,
            -7.1043e-01,  8.1515e-01,  2.1666e-01],
           [-1.2499e+00,  1.2914e-01, -1.9067e-01,  6.4388e-02, -4.7031e-01,
             5.0709e-01,  2.2513e-01,  5.0161e-01],
           [-1.2399e-01, -1.6612e-01,  3.4766e-01,  4.6201e-01, -4.4013e-01,
             6.6021e-01, -4.7363e-02, -2.8496e-01],
           [ 1.4770e-01,  1.5997e-01,  6.1623e-01, -1.2581e-01,  3.1399e-01,
             3.3889e-01,  8.5739e-01,  1.2923e+00],
           [ 1.3217e-01,  5.8556e-01, -2.5169e-01,  2.9717e-01, -4.4245e-01,
            -1.1530e+00, -2.0813e-02,  2.9765e-01]]],


         [[[-1.2097e-01,  9.8022e-03,  3.3898e-01,  3.1992e-01,  1.0199e+00,
             8.1513e-01,  4.2316e-01, -1.1613e-01],
           [ 9.8744e-02, -2.1687e-01,  3.0920e-01, -6.5285e-01, -8.3006e-02,
            -3.9611e-02,  1.1173e-01,  2.7214e-01],
           [-1.4279e-01, -2.9102e-01,  4.5816e-01,  2.7378e-01, -2.8001e-01,
             4.7977e-01,  6.0317e-01,  1.2027e+00],
           [ 5.4853e-01, -6.3557e-01,  1.0507e+00, -6.4592e-01,  4.5861e-01,
             1.0924e-01,  7.7797e-01,  1.9779e-02],
           [-2.3663e-01, -7.4389e-01,  1.3421e+00,  5.3566e-01, -2.2367e-01,
             2.1423e-01,  2.5993e-02, -8.7121e-01]]],


         [[[-1.5307e-01,  8.7017e-01, -3.8614e-01, -1.5516e-01,  5.1609e-01,
             6.9835e-01, -2.9097e-01,  3.9913e-01],
           [ 1.7671e+00, -1.4795e-02,  2.1390e-01,  1.1224e+00, -7.3803e-01,
            -6.9352e-01,  1.2112e+00, -1.5048e-02],
           [ 5.1337e-01, -5.5171e-01, -2.9115e-02,  3.0480e-03, -1.5465e-02,
            -3.5582e-01,  9.9425e-02,  4.9263e-02],
           [-9.0054e-01,  7.5593e-01,  7.1285e-01, -2.5410e-02,  8.8228e-01,
            -3.7590e-01,  8.4665e-01,  1.8612e-01],
           [-8.5575e-01,  1.5639e+00,  2.7529e-01, -1.9784e-01,  6.3207e-01,
            -7.5938e-01,  1.7717e-01,  4.5019e-01]]],


         [[[-3.5430e-01, -2.2551e-01,  1.1453e-01,  3.0968e-01, -1.1184e-01,
             6.6193e-02,  3.4491e-01,  3.6903e-01],
           [ 9.5264e-02,  1.3423e-01, -1.2931e+00, -2.8967e-01, -5.4892e-01,
             2.0133e-01, -3.7321e-01, -3.9647e-01],
           [ 7.0507e-01,  1.1251e+00,  6.2068e-01,  1.2165e-01,  9.0247e-02,
            -3.1657e-02,  3.2208e-01,  1.9089e-02],
           [-2.4190e-01,  9.1124e-01, -1.3855e-01, -2.5022e-01, -1.3020e-01,
             2.3668e-01, -9.6511e-01, -2.5793e-01],
           [-1.3619e+00,  1.2234e-01, -7.3098e-01, -7.8870e-01,  3.4304e-01,
            -3.1745e-02, -8.0311e-01, -2.4284e-01]]]]], grad_fn=<AddBackward0>)
q shape: torch.Size([1, 8, 5, 5, 8]), k shape: torch.Size([1, 8, 1, 5, 8]), v shape: torch.Size([1, 8, 5, 8])
att shape before masking: torch.Size([1, 8, 5, 5, 5])
Mask shape torch.Size([1, 1, 128, 128]) does not match att shape torch.Size([1, 8, 5, 5, 5])
x tensor([[[ 0.1078,  0.2775, -0.9740,  ...,  0.1019,  0.6863, -0.8552],
         [ 0.4613,  1.6147,  0.4802,  ..., -0.7629, -0.6168, -0.4834],
         [-0.1517, -0.9934, -0.1909,  ...,  0.5148, -0.3824,  0.2268],
         ...,
         [ 1.2080,  1.4684,  1.5508,  ...,  0.3514,  0.3158,  0.7357],
         [ 0.9724,  0.8754,  0.3406,  ...,  1.6974, -0.3337, -0.1312],
         [ 1.3289, -0.7701,  0.5208,  ...,  1.7717, -0.4354,  0.8927]],

        [[-1.7226, -0.2230, -0.2590,  ...,  0.7388, -0.3249,  0.1635],
         [-0.1454, -2.5780,  0.1360,  ..., -1.3472,  0.1199,  1.1146],
         [ 0.5103, -0.6426,  0.4717,  ..., -2.5804,  0.1776, -0.7364],
         ...,
         [ 0.4779,  0.2362, -0.4251,  ...,  0.4686,  0.0665,  0.3465],
         [ 0.4857,  0.3470,  0.8881,  ..., -0.3479, -1.1591,  1.8881],
         [ 1.1265,  0.5164, -1.5588,  ...,  0.9289, -0.0381,  2.7520]]],
       requires_grad=True)
tensor([[[[[ 3.5708e-01, -3.9254e-02,  1.7096e-02,  ...,  4.1508e-01,
             1.6796e-01, -5.8271e-01],
           [-3.5849e-01,  1.7892e+00, -3.6383e-01,  ...,  2.7229e-02,
            -6.9892e-01, -1.6541e-01],
           [ 4.0304e-01, -7.5140e-01, -5.6428e-01,  ...,  1.9486e-01,
            -6.8165e-02, -6.0360e-01],
           ...,
           [-6.5185e-01,  9.4911e-01, -7.6578e-01,  ..., -1.7517e-01,
            -1.3012e+00, -2.2480e-01],
           [ 4.1488e-01, -2.8950e-01, -7.6168e-01,  ..., -9.0090e-01,
            -2.9544e-01, -6.9074e-01],
           [-8.7002e-01,  4.6912e-01, -7.1349e-01,  ...,  1.0161e-01,
            -4.4826e-01,  1.4913e+00]]],


         [[[-7.1324e-01, -2.9442e-01, -3.1154e-01,  ...,  5.9042e-02,
             3.1967e-01,  8.7727e-02],
           [-3.2187e-02,  5.8162e-01,  9.9989e-01,  ..., -1.0754e+00,
             2.6216e-02, -8.0008e-02],
           [ 1.3839e-01,  1.1897e-01,  2.9045e-01,  ...,  5.7418e-01,
             1.7551e-01,  5.5208e-01],
           ...,
           [-5.2224e-01, -3.6447e-02, -7.0640e-01,  ...,  8.1887e-02,
            -1.5976e-01,  6.3293e-02],
           [ 1.4213e-01, -4.1229e-01, -1.2795e+00,  ...,  4.5641e-01,
            -9.8874e-01, -2.1123e-01],
           [-1.4492e-01,  1.1043e+00,  6.6027e-01,  ...,  1.8393e+00,
             1.4799e-02,  7.6747e-01]]],


         [[[-5.4927e-01,  5.8332e-01,  7.5953e-01,  ...,  2.4943e-01,
             8.7000e-02, -1.2107e+00],
           [ 1.3674e+00,  1.0107e-01, -1.1992e-01,  ...,  1.2750e+00,
            -4.2680e-01,  6.9766e-01],
           [-4.2127e-01, -8.4187e-01, -5.9519e-01,  ...,  2.6467e-01,
            -3.5783e-01,  1.3534e-01],
           ...,
           [ 2.5284e-01, -3.0554e-01,  7.7209e-01,  ..., -7.4274e-02,
            -3.3698e-02,  3.0299e-01],
           [ 2.4165e-02, -3.9426e-01,  9.7769e-02,  ..., -6.5305e-01,
            -1.7622e-01,  7.3547e-02],
           [-1.0201e-01, -1.1657e+00, -1.1570e+00,  ..., -2.7365e+00,
             8.6726e-01, -8.5613e-01]]],


         ...,


         [[[ 3.2763e-01,  9.8885e-04,  1.0975e+00,  ..., -5.5506e-01,
             3.0390e-01, -6.8372e-01],
           [-2.7940e-01, -7.0898e-01, -1.4750e+00,  ...,  5.4071e-01,
            -9.1164e-01,  1.4253e+00],
           [-2.4210e-01,  9.2201e-01,  1.7834e-01,  ...,  3.7293e-01,
             3.1197e-01,  2.6055e-01],
           ...,
           [ 8.1990e-01, -5.9059e-01, -4.3305e-01,  ..., -1.3425e+00,
            -9.5284e-02,  2.2880e-01],
           [ 2.5591e-01,  1.5811e+00, -5.9254e-01,  ..., -3.9419e-01,
            -6.9558e-01, -1.2321e+00],
           [ 1.0817e+00, -8.8435e-02,  4.3879e-01,  ...,  1.3962e-01,
            -1.3187e+00, -5.3662e-01]]],


         [[[ 6.4391e-02,  6.8600e-01,  8.0597e-01,  ..., -1.9850e+00,
            -6.5444e-01,  1.1046e-01],
           [-1.5040e+00,  3.6916e-01, -1.6120e-01,  ..., -1.1489e+00,
            -3.7687e-01,  1.0212e-01],
           [-3.5574e-01,  1.9348e-01, -1.4794e-01,  ..., -8.8363e-01,
             6.1626e-01, -2.1783e-01],
           ...,
           [-5.7560e-01, -1.2534e-01, -1.1123e-01,  ..., -4.1817e-01,
             5.6451e-01, -8.4927e-01],
           [ 2.6656e-02, -3.1496e-01, -3.5395e-02,  ..., -6.1920e-01,
            -3.9349e-01,  1.6173e+00],
           [-5.8294e-02, -7.5178e-02,  3.0614e-01,  ...,  6.7487e-01,
             2.2645e-01,  7.8725e-01]]],


         [[[-2.8211e-01, -8.4059e-01,  3.8807e-01,  ...,  7.1670e-01,
             5.4608e-01, -3.6188e-01],
           [ 2.4761e-01,  4.4617e-01,  1.1974e-01,  ...,  8.2173e-02,
            -1.2024e+00, -2.2915e-01],
           [-1.0847e-01, -2.9935e-01,  4.6052e-01,  ..., -1.2341e+00,
            -1.0448e-01, -1.4684e-01],
           ...,
           [-9.8267e-02, -4.0068e-01,  7.5304e-01,  ...,  1.9962e+00,
             1.0301e-01, -8.1551e-02],
           [ 1.1933e-01,  1.2662e+00, -4.5296e-01,  ...,  1.5975e+00,
             6.4680e-01, -8.5159e-01],
           [-3.2370e-01,  1.0263e-01, -2.9799e-01,  ..., -3.1948e-01,
             1.3922e-02, -5.0916e-01]]]],



        [[[[ 7.8847e-01,  2.0562e-01,  2.3860e-01,  ...,  4.4774e-01,
            -3.1791e-01,  7.6531e-01],
           [-1.3604e-01,  4.9391e-01, -2.5259e-01,  ..., -1.2387e+00,
            -1.2312e-01, -2.6333e-01],
           [ 2.6415e-02,  1.6548e-01,  2.3944e-01,  ..., -8.1415e-01,
            -4.5974e-01,  4.5662e-01],
           ...,
           [ 9.5555e-01, -7.3774e-01,  1.3405e-01,  ...,  1.2320e+00,
            -8.1428e-02,  1.6228e-01],
           [ 2.7638e-01, -3.6575e-01, -1.3760e-01,  ..., -8.5684e-01,
            -2.0834e+00,  6.3767e-01],
           [ 2.8313e-01, -3.5087e-01,  3.1009e-01,  ...,  1.0034e-01,
            -1.3596e+00,  6.2731e-04]]],


         [[[ 1.0735e+00,  2.2650e-02,  1.6728e-01,  ..., -3.6649e-01,
            -9.5656e-02, -6.9452e-01],
           [-1.2427e+00, -1.7641e-01, -2.2833e-01,  ..., -1.6695e+00,
            -6.4189e-01,  2.0258e-01],
           [-6.2473e-02,  1.0110e+00, -1.1292e+00,  ..., -3.3701e-01,
            -1.0380e+00, -8.0747e-01],
           ...,
           [-6.7778e-01, -8.4014e-01, -5.4701e-01,  ..., -1.1014e+00,
             2.1673e-01,  4.0880e-01],
           [-8.1227e-01,  4.0694e-01,  1.4765e-01,  ...,  8.4137e-01,
            -6.3003e-01,  4.8790e-02],
           [-2.3842e-01, -2.4181e-01, -1.6480e-02,  ...,  4.0666e-01,
            -1.0671e+00, -4.8711e-01]]],


         [[[-1.3422e-01,  8.8700e-01,  8.0648e-02,  ..., -1.7829e-01,
             3.5040e-01, -9.0651e-02],
           [ 1.7386e+00, -4.6952e-02,  6.9739e-01,  ..., -4.5799e-01,
             8.3484e-01,  4.8560e-01],
           [ 2.4207e-01,  9.9586e-01, -3.3159e-01,  ...,  2.0516e-01,
             3.0195e-01, -1.6573e-01],
           ...,
           [ 4.6502e-02, -9.5784e-01,  6.0231e-01,  ..., -5.9384e-01,
             5.0124e-01,  8.9379e-01],
           [-1.3130e-01, -2.7238e-01, -1.0403e-01,  ..., -8.5706e-01,
             1.5262e+00,  3.5285e-01],
           [ 2.2664e-01, -2.6650e-01,  8.5872e-01,  ..., -2.3351e+00,
             3.9316e-01,  7.4777e-02]]],


         ...,


         [[[ 2.0058e-01,  2.5025e-01, -7.4174e-01,  ...,  1.0948e-01,
            -2.2573e-01,  4.4414e-01],
           [-3.7532e-01, -3.2321e-01, -5.9091e-01,  ...,  2.6703e-01,
             8.1741e-01, -4.5018e-01],
           [ 2.3735e-01,  7.9988e-01,  1.4483e+00,  ...,  3.8640e-01,
             1.1852e+00, -3.0737e-01],
           ...,
           [-4.3290e-01,  6.8376e-01, -8.0039e-01,  ..., -1.1681e+00,
             2.4775e-01, -1.0205e+00],
           [-5.0799e-01, -8.5397e-02, -6.9866e-01,  ...,  1.4230e+00,
             4.5187e-01,  4.7737e-01],
           [ 3.3434e-02, -6.2823e-01, -2.4737e-01,  ...,  3.6397e-02,
             3.9333e-02, -5.9954e-01]]],


         [[[-9.0158e-01,  3.9271e-02,  1.3038e-01,  ...,  1.7030e-01,
             1.4080e-02,  2.6930e-01],
           [ 8.3071e-01, -3.3710e-01, -2.4730e-01,  ..., -8.9714e-02,
            -1.0046e-01, -9.2640e-01],
           [-1.1154e-01, -1.6007e+00, -3.3242e-01,  ..., -3.2777e-01,
             9.3841e-01, -7.7470e-01],
           ...,
           [ 1.0939e+00,  1.1302e+00,  5.6458e-01,  ..., -2.2209e+00,
            -2.0370e-01,  5.8030e-01],
           [ 5.7790e-01, -8.8503e-01,  1.0578e-01,  ...,  7.8733e-01,
             6.0475e-03,  4.1158e-01],
           [ 4.1991e-01, -7.6459e-01, -1.6779e-01,  ...,  1.6785e+00,
             2.3775e-01, -6.8197e-01]]],


         [[[ 3.6675e-01, -3.2759e-01, -5.0856e-01,  ...,  8.7322e-01,
             5.2042e-02,  3.0804e-01],
           [-7.8136e-01, -3.1163e-02, -4.8855e-01,  ...,  1.4182e+00,
             1.6923e-01,  6.9985e-01],
           [-2.6327e-01,  1.7209e-01, -4.1017e-01,  ...,  2.5003e-01,
             6.4181e-02,  1.0794e+00],
           ...,
           [-3.3656e-01,  6.5452e-01, -2.0072e-01,  ..., -6.2592e-01,
             1.9186e-01, -8.4617e-01],
           [ 3.3610e-01, -6.3665e-02, -1.4624e+00,  ..., -7.4032e-01,
            -1.3399e+00,  9.3543e-01],
           [-1.2031e-01, -9.8390e-01, -6.5998e-01,  ...,  1.6241e+00,
             5.8161e-01, -1.5406e-03]]]]], grad_fn=<AddBackward0>)
q shape: torch.Size([2, 8, 10, 10, 8]), k shape: torch.Size([2, 8, 1, 10, 8]), v shape: torch.Size([2, 8, 10, 8])
att shape before masking: torch.Size([2, 8, 10, 10, 10])
Mask shape torch.Size([1, 1, 128, 128]) does not match att shape torch.Size([2, 8, 10, 10, 10])
x tensor([[[-0.2948,  0.6902,  0.0351,  ...,  1.0199, -0.2261, -1.2194],
         [ 0.6366,  0.4800,  1.0673,  ..., -0.2330, -2.1216, -0.3141],
         [ 0.0523,  0.2187,  2.6924,  ..., -1.2838, -0.6998, -0.0968],
         ...,
         [ 1.2913, -0.0145,  1.1761,  ...,  0.2669, -0.8875,  0.1336],
         [ 0.0600,  0.9357,  1.2373,  ..., -0.4289,  0.8826,  1.2531],
         [-0.4993,  0.0215, -1.3264,  ..., -0.6448,  1.2195,  0.5907]],

        [[-1.2743,  2.4876,  1.2016,  ...,  0.3465,  0.4520,  1.3484],
         [ 0.2958, -2.2644,  0.4900,  ..., -2.0765,  0.3136, -0.3143],
         [-0.4875,  0.6813, -1.6213,  ..., -0.4744,  0.4700,  0.6599],
         ...,
         [-0.5747,  0.6624, -0.2251,  ..., -2.0098,  1.3085, -0.3537],
         [-1.4561,  1.0230, -0.0581,  ..., -0.0975,  1.0130, -0.7094],
         [-0.5703,  1.6528, -1.7307,  ..., -0.5016, -0.0487, -0.4166]]])
tensor([[[[[-1.0116e+00,  1.9700e-01,  2.0363e-01,  ..., -2.7406e-01,
            -1.0334e+00, -4.9607e-01],
           [ 1.0120e-01, -4.3103e-01, -1.4025e+00,  ...,  1.0743e+00,
            -3.4244e-01, -1.3884e-01],
           [ 8.1041e-02, -1.6054e-02,  1.9237e-01,  ...,  8.5273e-01,
             6.6474e-01,  2.3974e-01],
           ...,
           [-2.1143e+00, -4.3289e-01,  1.4250e+00,  ...,  3.4893e-02,
             4.9956e-01,  4.7756e-01],
           [-2.5121e-01, -2.0318e-01, -1.3800e-02,  ..., -8.2154e-01,
            -5.1848e-01, -2.7353e-01],
           [-1.5524e-01,  6.4191e-01, -2.6303e-01,  ...,  3.3644e-01,
             4.3714e-01, -2.9466e-01]]],


         [[[-1.7389e-01, -4.6634e-01, -8.2180e-02,  ...,  2.5883e-01,
            -6.4991e-01, -1.7020e-01],
           [ 3.9268e-01,  6.2411e-01,  6.0785e-01,  ..., -1.4449e-01,
            -2.9398e-01,  1.2195e-01],
           [ 6.0813e-02, -7.9958e-01, -8.4008e-02,  ..., -5.4873e-01,
             6.0658e-01,  5.6266e-01],
           ...,
           [-5.2633e-01, -7.2584e-01,  2.5287e-01,  ..., -1.5246e+00,
             1.4502e-01, -3.4822e-01],
           [ 9.6000e-02, -6.9457e-01,  7.7806e-01,  ..., -4.0817e-01,
            -8.4387e-01,  7.9388e-01],
           [-5.0886e-02,  2.2241e-01,  4.2837e-01,  ..., -1.0534e-01,
            -2.6960e-01, -4.3024e-01]]],


         [[[ 1.0765e+00, -4.8353e-01,  3.2198e-01,  ..., -1.1910e+00,
            -2.8577e-01,  2.5470e-01],
           [-4.8880e-01,  1.2545e+00,  1.1460e+00,  ..., -5.7036e-01,
            -2.7390e-01,  2.0789e-01],
           [ 3.8858e-02, -3.2446e-02,  2.7814e-01,  ...,  2.3206e-01,
            -1.0821e+00, -2.3466e-01],
           ...,
           [-2.0931e-02, -1.9014e-01, -2.4216e-01,  ..., -9.4017e-02,
            -1.6166e+00,  2.8042e-01],
           [ 5.6572e-01, -4.9473e-01, -1.0364e+00,  ..., -4.1834e-01,
            -1.0814e+00,  8.1641e-02],
           [-9.3937e-02,  2.2303e-01, -6.3690e-02,  ...,  3.2932e-01,
             5.3307e-01, -9.5931e-01]]],


         ...,


         [[[ 3.4845e-02,  5.4292e-01, -1.5061e-01,  ..., -4.6763e-01,
            -4.3076e-01, -1.9280e-01],
           [-3.2630e-01,  7.3157e-01,  1.4582e-01,  ..., -3.1174e-02,
             2.1392e-01,  3.7305e-01],
           [-1.7792e-02, -7.5654e-01,  3.1513e-01,  ..., -4.9472e-01,
            -1.7823e-01, -6.9779e-01],
           ...,
           [ 1.3012e-01,  9.1772e-01, -1.2240e-01,  ...,  4.7647e-01,
             4.2202e-02, -6.0298e-02],
           [-2.4112e-01, -6.7437e-01,  4.5121e-01,  ...,  7.3551e-02,
             2.9825e-01,  8.3543e-01],
           [ 3.8105e-02, -7.1250e-01, -4.5418e-04,  ...,  1.0754e+00,
             8.8779e-01,  4.3386e-01]]],


         [[[ 1.8239e-01,  8.9321e-01,  1.2064e+00,  ..., -3.4494e-01,
             1.9367e-01,  5.7066e-03],
           [-5.4640e-02,  2.9402e-01,  3.4887e-01,  ..., -4.9373e-01,
             5.0960e-01,  2.8802e-01],
           [ 1.5247e-01, -2.1433e-01,  5.6776e-02,  ..., -1.1429e+00,
             4.2694e-01,  6.7232e-01],
           ...,
           [ 1.8023e+00,  7.6810e-01, -2.9897e-02,  ...,  7.6843e-02,
             6.2321e-01, -1.2003e-01],
           [-3.6497e-01,  2.5925e-01,  4.8129e-01,  ..., -1.4657e-01,
             2.2681e-01, -7.3308e-01],
           [-1.0007e-01,  8.8161e-02,  9.4678e-01,  ..., -2.6292e-01,
            -1.7963e-02,  4.2517e-01]]],


         [[[-1.0723e-01, -2.3888e-01, -1.0839e-01,  ...,  7.8638e-01,
            -5.9842e-01,  3.9331e-01],
           [ 4.9434e-02, -1.2460e-01, -5.7576e-02,  ..., -2.0232e-01,
             1.3293e-01, -1.0349e-01],
           [ 1.2704e-01,  4.5911e-01, -1.7175e-01,  ..., -1.3653e+00,
             6.8868e-01, -7.1849e-01],
           ...,
           [ 3.5825e-01, -4.8772e-01, -5.4376e-01,  ..., -1.0249e+00,
            -2.0338e-01, -5.5023e-01],
           [ 4.3842e-01,  3.4351e-01, -3.3370e-02,  ..., -7.3521e-01,
            -5.0844e-01,  3.8087e-01],
           [-3.8350e-01,  1.5804e-01, -1.3058e-01,  ...,  2.7295e-01,
            -7.1453e-01,  2.9925e-01]]]],



        [[[[-1.4703e+00,  3.5117e-01,  1.5133e+00,  ...,  5.0576e-01,
             1.1848e+00, -3.1759e-02],
           [-4.7824e-02, -6.6860e-01,  4.7183e-01,  ...,  5.7084e-01,
            -1.4435e+00,  4.7832e-01],
           [ 1.5352e-01,  1.8898e-01,  3.2495e-01,  ..., -3.1485e-01,
             1.2441e+00, -1.0586e+00],
           ...,
           [ 7.4229e-02, -4.1472e-01, -1.1761e+00,  ..., -3.6466e-02,
             9.9515e-02, -2.0674e-01],
           [-2.4425e-01,  1.2016e+00,  6.1394e-01,  ...,  2.0900e+00,
            -1.8434e-01, -1.2620e+00],
           [ 2.4411e-01,  1.7942e+00, -1.8222e-01,  ..., -4.7961e-01,
            -1.3158e-02,  6.1159e-01]]],


         [[[ 2.4508e-01, -3.7627e-01,  6.8827e-01,  ..., -1.1678e+00,
            -1.3372e+00, -2.3748e-01],
           [ 8.1092e-01,  1.3380e-02, -8.0833e-01,  ...,  7.8602e-01,
             8.6577e-01,  3.1284e-01],
           [-1.1646e-01,  2.4662e-01,  4.3529e-01,  ...,  4.1328e-01,
            -3.0943e-01, -1.2457e-01],
           ...,
           [-1.2603e+00, -6.7728e-01,  4.6831e-01,  ...,  4.5437e-01,
            -6.6213e-02, -1.0603e-01],
           [-2.2170e-01,  6.5735e-01,  8.9485e-01,  ...,  4.7302e-01,
             2.2244e-03, -1.2276e+00],
           [ 1.4230e-01,  1.2643e+00,  3.4562e-01,  ...,  3.1173e-01,
            -2.6522e-02, -2.7024e-01]]],


         [[[-1.5245e-01, -6.9830e-01, -3.5609e-01,  ...,  3.8897e-01,
            -5.8367e-01, -4.3728e-01],
           [-7.4687e-01,  3.5628e-01, -8.9764e-01,  ...,  3.1087e-01,
             4.2036e-01,  1.2827e-01],
           [ 1.8446e-01, -4.7378e-01, -5.6877e-01,  ...,  4.6895e-01,
            -9.5651e-02,  5.1153e-01],
           ...,
           [ 7.5980e-01, -8.7892e-01,  4.3336e-01,  ...,  3.7802e-01,
            -2.8654e-01, -7.2743e-02],
           [ 2.4994e-01,  7.6034e-01, -9.1281e-01,  ..., -3.9572e-01,
             1.0823e+00,  2.2524e-01],
           [ 2.6511e-01, -6.6064e-01, -4.6839e-01,  ..., -1.1911e-01,
            -4.5089e-02, -1.9225e-01]]],


         ...,


         [[[ 1.2459e-01, -2.8488e-01,  3.1060e-01,  ..., -6.7224e-02,
            -1.1932e+00, -5.5013e-01],
           [ 9.8510e-01, -3.9961e-02,  3.0132e-01,  ...,  7.7176e-02,
            -2.9831e-01, -5.5038e-01],
           [-3.4880e-01,  6.4827e-02,  1.1723e+00,  ..., -5.7106e-01,
             7.1483e-01, -4.2671e-01],
           ...,
           [-6.9997e-01, -8.4819e-01,  1.1048e+00,  ...,  1.3890e-01,
             4.1587e-01,  3.2154e-01],
           [-1.0506e+00, -1.9281e+00,  9.5248e-01,  ...,  2.2782e-02,
             1.4236e-01,  1.0337e+00],
           [-2.4977e-01, -1.0094e+00,  7.9895e-02,  ..., -7.7306e-01,
             2.6980e-01,  5.2115e-01]]],


         [[[ 9.7489e-01,  3.0685e-01,  2.3911e-01,  ..., -1.1086e+00,
             5.7092e-01,  4.5207e-01],
           [-7.1746e-01, -1.0517e-01,  2.8858e-01,  ...,  3.6350e-01,
            -4.9071e-01, -1.5276e-02],
           [ 3.0105e-01,  1.1888e+00, -5.6700e-01,  ...,  3.6401e-01,
             1.2871e+00,  5.0543e-01],
           ...,
           [ 2.6849e-01, -6.0561e-01,  8.7775e-02,  ...,  1.4873e+00,
             1.6481e+00, -2.9553e-01],
           [ 4.8114e-01, -6.1855e-01, -4.0115e-02,  ...,  4.9060e-01,
            -2.2888e-01, -1.1306e+00],
           [ 1.9894e-01,  3.0241e-01,  3.1978e-01,  ..., -9.3986e-02,
            -5.3190e-01, -3.5425e-01]]],


         [[[ 1.2300e-01, -4.6005e-01,  2.8973e-01,  ...,  8.7409e-02,
            -4.5458e-01, -8.1150e-01],
           [-1.4210e+00, -5.2725e-01, -5.9993e-01,  ..., -5.8773e-01,
             2.8327e-01, -3.1257e-01],
           [ 2.5773e-01,  1.5741e-01,  2.3634e-01,  ...,  9.5075e-01,
            -5.8881e-01,  9.2875e-01],
           ...,
           [-1.6808e-01,  1.3318e+00,  4.9770e-01,  ...,  2.4405e-01,
            -5.1140e-01,  1.6636e-01],
           [-9.7303e-03, -5.9323e-01, -1.3278e-01,  ..., -2.9674e-01,
             2.2304e-01, -3.3350e-01],
           [ 7.0137e-02,  6.0217e-01,  9.8670e-02,  ..., -1.1383e+00,
FEEEE
======================================================================
ERROR: test_attention_component_shapes_and_softmax (__main__.TestCausalSelfAttention.test_attention_component_shapes_and_softmax)
----------------------------------------------------------------------
Traceback (most recent call last):
  File "/gpfs/home6/scur2785/uvadlc_practicals_2024/assignment2/part2/public_unittest.py", line 68, in test_attention_component_shapes_and_softmax
    outputs = module(x)
              ^^^^^^^^^
  File "/home/scur2785/.conda/envs/dl2024/lib/python3.12/site-packages/torch/nn/modules/module.py", line 1736, in _wrapped_call_impl
    return self._call_impl(*args, **kwargs)
           ^^^^^^^^^^^^^^^^^^^^^^^^^^^^^^^^
  File "/home/scur2785/.conda/envs/dl2024/lib/python3.12/site-packages/torch/nn/modules/module.py", line 1747, in _call_impl
    return forward_call(*args, **kwargs)
           ^^^^^^^^^^^^^^^^^^^^^^^^^^^^^
  File "/gpfs/home6/scur2785/uvadlc_practicals_2024/assignment2/part2/gpt.py", line 172, in forward
    raise ValueError("Mask and attention scores are mismatched!")
ValueError: Mask and attention scores are mismatched!

======================================================================
ERROR: test_causal_masking (__main__.TestCausalSelfAttention.test_causal_masking)
----------------------------------------------------------------------
Traceback (most recent call last):
  File "/gpfs/home6/scur2785/uvadlc_practicals_2024/assignment2/part2/public_unittest.py", line 34, in test_causal_masking
    outputs = module(x)
              ^^^^^^^^^
  File "/home/scur2785/.conda/envs/dl2024/lib/python3.12/site-packages/torch/nn/modules/module.py", line 1736, in _wrapped_call_impl
    return self._call_impl(*args, **kwargs)
           ^^^^^^^^^^^^^^^^^^^^^^^^^^^^^^^^
  File "/home/scur2785/.conda/envs/dl2024/lib/python3.12/site-packages/torch/nn/modules/module.py", line 1747, in _call_impl
    return forward_call(*args, **kwargs)
           ^^^^^^^^^^^^^^^^^^^^^^^^^^^^^
  File "/gpfs/home6/scur2785/uvadlc_practicals_2024/assignment2/part2/gpt.py", line 172, in forward
    raise ValueError("Mask and attention scores are mismatched!")
ValueError: Mask and attention scores are mismatched!

======================================================================
ERROR: test_gradient_flow (__main__.TestCausalSelfAttention.test_gradient_flow)
----------------------------------------------------------------------
Traceback (most recent call last):
  File "/gpfs/home6/scur2785/uvadlc_practicals_2024/assignment2/part2/public_unittest.py", line 57, in test_gradient_flow
    output = module(x)
             ^^^^^^^^^
  File "/home/scur2785/.conda/envs/dl2024/lib/python3.12/site-packages/torch/nn/modules/module.py", line 1736, in _wrapped_call_impl
    return self._call_impl(*args, **kwargs)
           ^^^^^^^^^^^^^^^^^^^^^^^^^^^^^^^^
  File "/home/scur2785/.conda/envs/dl2024/lib/python3.12/site-packages/torch/nn/modules/module.py", line 1747, in _call_impl
    return forward_call(*args, **kwargs)
           ^^^^^^^^^^^^^^^^^^^^^^^^^^^^^
  File "/gpfs/home6/scur2785/uvadlc_practicals_2024/assignment2/part2/gpt.py", line 172, in forward
    raise ValueError("Mask and attention scores are mismatched!")
ValueError: Mask and attention scores are mismatched!

======================================================================
ERROR: test_output_shape (__main__.TestCausalSelfAttention.test_output_shape)
----------------------------------------------------------------------
Traceback (most recent call last):
  File "/gpfs/home6/scur2785/uvadlc_practicals_2024/assignment2/part2/public_unittest.py", line 26, in test_output_shape
    output = module(x)
             ^^^^^^^^^
  File "/home/scur2785/.conda/envs/dl2024/lib/python3.12/site-packages/torch/nn/modules/module.py", line 1736, in _wrapped_call_impl
    return self._call_impl(*args, **kwargs)
           ^^^^^^^^^^^^^^^^^^^^^^^^^^^^^^^^
  File "/home/scur2785/.conda/envs/dl2024/lib/python3.12/site-packages/torch/nn/modules/module.py", line 1747, in _call_impl
    return forward_call(*args, **kwargs)
           ^^^^^^^^^^^^^^^^^^^^^^^^^^^^^
  File "/gpfs/home6/scur2785/uvadlc_practicals_2024/assignment2/part2/gpt.py", line 172, in forward
    raise ValueError("Mask and attention scores are mismatched!")
ValueError: Mask and attention scores are mismatched!

======================================================================
FAIL: test_apply_rotary_emb (__main__.TestCausalSelfAttention.test_apply_rotary_emb)
----------------------------------------------------------------------
Traceback (most recent call last):
  File "/gpfs/home6/scur2785/uvadlc_practicals_2024/assignment2/part2/public_unittest.py", line 46, in test_apply_rotary_emb
    self.assertEqual(xq_rot.shape, xq.shape)
AssertionError: torch.Size([1, 8, 5, 5, 8]) != torch.Size([1, 8, 5, 8])

----------------------------------------------------------------------
Ran 5 tests in 0.078s

FAILED (failures=1, errors=4)
             4.7448e-01,  2.6585e-01]]]]], grad_fn=<AddBackward0>)
q shape: torch.Size([2, 8, 10, 10, 8]), k shape: torch.Size([2, 8, 1, 10, 8]), v shape: torch.Size([2, 8, 10, 8])
att shape before masking: torch.Size([2, 8, 10, 10, 10])
Mask shape torch.Size([1, 1, 128, 128]) does not match att shape torch.Size([2, 8, 10, 10, 10])
srun: error: gcn2: task 0: Exited with exit code 1
srun: Terminating StepId=8574031.0

JOB STATISTICS
==============
Job ID: 8574031
Cluster: snellius
User/Group: scur2785/scur2785
State: FAILED (exit code 1)
Nodes: 1
Cores per node: 9
CPU Utilized: 00:00:06
CPU Efficiency: 3.92% of 00:02:33 core-walltime
Job Wall-clock time: 00:00:17
Memory Utilized: 2.34 MB
Memory Efficiency: 0.00% of 60.00 GB
