============================================================================================== 
Warning! Mixing Conda and module environments may lead to corruption of the
user environment. 
We do not recommend users mixing those two environments unless absolutely
necessary. Note that 
SURF does not provide any support for Conda environment.
For more information, please refer to our software policy page:
https://servicedesk.surf.nl/wiki/display/WIKI/Software+policy+Snellius#SoftwarepolicySnellius-UseofAnacondaandMinicondaenvironmentsonSnellius 

Remember that many packages have already been installed on the system and can
be loaded using 
the 'module load <package__name>' command. If you are uncertain if a package is
already available 
on the system, please use 'module avail' or 'module spider' to search for it.
============================================================================================== 
usage: conda [-h] [--no-plugins] [-V] COMMAND ...
conda: error: argument COMMAND: invalid choice: 'activate' (choose from 'clean', 'compare', 'config', 'create', 'info', 'init', 'install', 'list', 'notices', 'package', 'remove', 'uninstall', 'rename', 'run', 'search', 'update', 'upgrade', 'build', 'convert', 'debug', 'develop', 'doctor', 'index', 'inspect', 'metapackage', 'render', 'skeleton', 'content-trust', 'pack', 'repo', 'token', 'server', 'verify', 'env')
/gpfs/home6/scur2785/uvadlc_practicals_2024/assignment2/part1/exercise1.1/net.py:294: FutureWarning: Positional args are being deprecated, use kwargs instead. Refer to https://pytorch.org/docs/main/generated/torch.nn.Module.html#torch.nn.Module.state_dict for details.
  torch.save(net.state_dict(net_model_wts), net_model)
/gpfs/home6/scur2785/uvadlc_practicals_2024/assignment2/part1/exercise1.1/net.py:308: FutureWarning: You are using `torch.load` with `weights_only=False` (the current default value), which uses the default pickle module implicitly. It is possible to construct malicious pickle data which will execute arbitrary code during unpickling (See https://github.com/pytorch/pytorch/blob/main/SECURITY.md#untrusted-models for more details). In a future release, the default value for `weights_only` will be flipped to `True`. This limits the functions that could be executed during unpickling. Arbitrary objects will no longer be allowed to be loaded via this mode unless they are explicitly allowlisted by the user via `torch.serialization.add_safe_globals`. We recommend you start setting `weights_only=True` for any use case where you don't have full control of the loaded file. Please open an issue on GitHub for any issues related to this experimental feature.
  net.load_state_dict(torch.load(net_model))  # using best model
Namespace(train_size=2000, val_size=1000, test_size=1000, conv_type='circular', net_type='Net2', image_size=32, offset1=7, offset2=23, fluctuation=6, n_repeat=10, epochs=50, batch_size=200)
Round  :   1
Net(
  (conv1): Conv2d(3, 32, kernel_size=(3, 3), stride=(1, 1), padding=(2, 2), bias=False, padding_mode=circular)
  (conv2): Conv2d(32, 32, kernel_size=(3, 3), stride=(2, 2), padding=(2, 2), bias=False, padding_mode=circular)
  (conv3): Conv2d(32, 64, kernel_size=(3, 3), stride=(2, 2), padding=(2, 2), bias=False, padding_mode=circular)
  (conv4): Conv2d(64, 64, kernel_size=(3, 3), stride=(2, 2), padding=(2, 2), bias=False, padding_mode=circular)
  (fc1): Linear(in_features=64, out_features=2, bias=True)
  (fc2): Linear(in_features=2304, out_features=64, bias=True)
)
Model size: 832.133KB
Training is starting...
Epoch:   1
Loss: 0.6919 Acc: 0.6460
val loss:  0.0034427517056465147
Accuracy of the network on the val images: 100.0000 %
Epoch:   2
Loss: 0.5154 Acc: 1.0000
val loss:  1.3770799618214368e-05
Accuracy of the network on the val images: 100.0000 %
Epoch:   3
Loss: 0.0012 Acc: 1.0000
val loss:  2.3794177686795594e-06
Accuracy of the network on the val images: 100.0000 %
Epoch:   4
Loss: 0.0003 Acc: 1.0000
val loss:  1.1544868320925161e-06
Accuracy of the network on the val images: 100.0000 %
Epoch:   5
Loss: 0.0002 Acc: 1.0000
val loss:  7.137395587051287e-07
Accuracy of the network on the val images: 100.0000 %
Epoch:   6
Loss: 0.0001 Acc: 1.0000
val loss:  4.937625635648147e-07
Accuracy of the network on the val images: 100.0000 %
Epoch:   7
Loss: 0.0001 Acc: 1.0000
val loss:  3.661295340862125e-07
Accuracy of the network on the val images: 100.0000 %
Epoch:   8
Loss: 0.0001 Acc: 1.0000
val loss:  2.852824836736545e-07
Accuracy of the network on the val images: 100.0000 %
Epoch:   9
Loss: 0.0001 Acc: 1.0000
val loss:  2.313543918717187e-07
Accuracy of the network on the val images: 100.0000 %
Epoch:  10
Loss: 0.0000 Acc: 1.0000
val loss:  1.9375248302822002e-07
Accuracy of the network on the val images: 100.0000 %
Epoch:  11
Loss: 0.0000 Acc: 1.0000
val loss:  1.6650167344778312e-07
Accuracy of the network on the val images: 100.0000 %
Epoch:  12
Loss: 0.0000 Acc: 1.0000
val loss:  1.459542618249543e-07
Accuracy of the network on the val images: 100.0000 %
Epoch:  13
Loss: 0.0000 Acc: 1.0000
val loss:  1.3013171701459215e-07
Accuracy of the network on the val images: 100.0000 %
Epoch:  14
Loss: 0.0000 Acc: 1.0000
val loss:  1.1750243356800638e-07
Accuracy of the network on the val images: 100.0000 %
Epoch:  15
Loss: 0.0000 Acc: 1.0000
val loss:  1.0721121907408815e-07
Accuracy of the network on the val images: 100.0000 %
Epoch:  16
Loss: 0.0000 Acc: 1.0000
val loss:  9.874611350824125e-08
Accuracy of the network on the val images: 100.0000 %
Epoch:  17
Loss: 0.0000 Acc: 1.0000
val loss:  9.16082899493631e-08
Accuracy of the network on the val images: 100.0000 %
Epoch:  18
Loss: 0.0000 Acc: 1.0000
val loss:  8.553968837077264e-08
Accuracy of the network on the val images: 100.0000 %
Epoch:  19
Loss: 0.0000 Acc: 1.0000
val loss:  8.038177838898264e-08
Accuracy of the network on the val images: 100.0000 %
Epoch:  20
Loss: 0.0000 Acc: 1.0000
val loss:  7.582106354675489e-08
Accuracy of the network on the val images: 100.0000 %
Epoch:  21
Loss: 0.0000 Acc: 1.0000
val loss:  7.185277627286269e-08
Accuracy of the network on the val images: 100.0000 %
Epoch:  22
Loss: 0.0000 Acc: 1.0000
val loss:  6.839229354227428e-08
Accuracy of the network on the val images: 100.0000 %
Epoch:  23
Loss: 0.0000 Acc: 1.0000
val loss:  6.530311929964228e-08
Accuracy of the network on the val images: 100.0000 %
Epoch:  24
Loss: 0.0000 Acc: 1.0000
val loss:  6.253579158510547e-08
Accuracy of the network on the val images: 100.0000 %
Epoch:  25
Loss: 0.0000 Acc: 1.0000
val loss:  6.001581095915753e-08
Accuracy of the network on the val images: 100.0000 %
Epoch:  26
Loss: 0.0000 Acc: 1.0000
val loss:  5.7806953918770885e-08
Accuracy of the network on the val images: 100.0000 %
Epoch:  27
Loss: 0.0000 Acc: 1.0000
val loss:  5.5744118071743284e-08
Accuracy of the network on the val images: 100.0000 %
Epoch:  28
Loss: 0.0000 Acc: 1.0000
val loss:  5.388928821048466e-08
Accuracy of the network on the val images: 100.0000 %
Epoch:  29
Loss: 0.0000 Acc: 1.0000
val loss:  5.2222208068997136e-08
Accuracy of the network on the val images: 100.0000 %
Epoch:  30
Loss: 0.0000 Acc: 1.0000
val loss:  5.069161488790996e-08
Accuracy of the network on the val images: 100.0000 %
Epoch:  31
Loss: 0.0000 Acc: 1.0000
val loss:  4.926175006403355e-08
Accuracy of the network on the val images: 100.0000 %
Epoch:  32
Loss: 0.0000 Acc: 1.0000
val loss:  4.7950493353710044e-08
Accuracy of the network on the val images: 100.0000 %
Epoch:  33
Loss: 0.0000 Acc: 1.0000
val loss:  4.6756050323892854e-08
Accuracy of the network on the val images: 100.0000 %
Epoch:  34
Loss: 0.0000 Acc: 1.0000
val loss:  4.5649826461158227e-08
Accuracy of the network on the val images: 100.0000 %
Epoch:  35
Loss: 0.0000 Acc: 1.0000
val loss:  4.460797117644688e-08
Accuracy of the network on the val images: 100.0000 %
Epoch:  36
Loss: 0.0000 Acc: 1.0000
val loss:  4.361439232525299e-08
Accuracy of the network on the val images: 100.0000 %
Epoch:  37
Loss: 0.0000 Acc: 1.0000
val loss:  4.273703734725132e-08
Accuracy of the network on the val images: 100.0000 %
Epoch:  38
Loss: 0.0000 Acc: 1.0000
val loss:  4.189425271761138e-08
Accuracy of the network on the val images: 100.0000 %
Epoch:  39
Loss: 0.0000 Acc: 1.0000
val loss:  4.1097362100117604e-08
Accuracy of the network on the val images: 100.0000 %
Epoch:  40
Loss: 0.0000 Acc: 1.0000
val loss:  4.0365440781897635e-08
Accuracy of the network on the val images: 100.0000 %
Epoch:  41
Loss: 0.0000 Acc: 1.0000
val loss:  3.969788622271153e-08
Accuracy of the network on the val images: 100.0000 %
Epoch:  42
Loss: 0.0000 Acc: 1.0000
val loss:  3.90458326364751e-08
Accuracy of the network on the val images: 100.0000 %
Epoch:  43
Loss: 0.0000 Acc: 1.0000
val loss:  3.8434901398431975e-08
Accuracy of the network on the val images: 100.0000 %
Epoch:  44
Loss: 0.0000 Acc: 1.0000
val loss:  3.7869267998758004e-08
Accuracy of the network on the val images: 100.0000 %
Epoch:  45
Loss: 0.0000 Acc: 1.0000
val loss:  3.732330515049398e-08
Accuracy of the network on the val images: 100.0000 %
Epoch:  46
Loss: 0.0000 Acc: 1.0000
val loss:  3.68250225619704e-08
Accuracy of the network on the val images: 100.0000 %
Epoch:  47
Loss: 0.0000 Acc: 1.0000
val loss:  3.6332103263703175e-08
Accuracy of the network on the val images: 100.0000 %
Epoch:  48
Loss: 0.0000 Acc: 1.0000
val loss:  3.58463416887389e-08
Accuracy of the network on the val images: 100.0000 %
Epoch:  49
Loss: 0.0000 Acc: 1.0000
val loss:  3.544342462191707e-08
Accuracy of the network on the val images: 100.0000 %
Epoch:  50
Loss: 0.0000 Acc: 1.0000
val loss:  3.504289088596124e-08
Accuracy of the network on the val images: 100.0000 %
Training finished.
testing loss:  0.06083978366851807
Accuracy of the network on the testset images: 0.0000 %
Testing with testset finished
Round  :   2
Net(
  (conv1): Conv2d(3, 32, kernel_size=(3, 3), stride=(1, 1), padding=(2, 2), bias=False, padding_mode=circular)
  (conv2): Conv2d(32, 32, kernel_size=(3, 3), stride=(2, 2), padding=(2, 2), bias=False, padding_mode=circular)
  (conv3): Conv2d(32, 64, kernel_size=(3, 3), stride=(2, 2), padding=(2, 2), bias=False, padding_mode=circular)
  (conv4): Conv2d(64, 64, kernel_size=(3, 3), stride=(2, 2), padding=(2, 2), bias=False, padding_mode=circular)
  (fc1): Linear(in_features=64, out_features=2, bias=True)
  (fc2): Linear(in_features=2304, out_features=64, bias=True)
)
Model size: 832.133KB
Training is starting...
Epoch:   1
Loss: 0.6917 Acc: 0.5040
val loss:  0.003426620543003082
Accuracy of the network on the val images: 98.5000 %
Epoch:   2
Loss: 0.4002 Acc: 0.9985
val loss:  9.63420351035893e-06
Accuracy of the network on the val images: 100.0000 %
Epoch:   3
Loss: 0.0009 Acc: 1.0000
val loss:  2.2025360958650708e-06
Accuracy of the network on the val images: 100.0000 %
Epoch:   4
Loss: 0.0003 Acc: 1.0000
val loss:  1.1118008987978101e-06
Accuracy of the network on the val images: 100.0000 %
Epoch:   5
Loss: 0.0002 Acc: 1.0000
val loss:  6.971475086174905e-07
Accuracy of the network on the val images: 100.0000 %
Epoch:   6
Loss: 0.0001 Acc: 1.0000
val loss:  4.852512647630647e-07
Accuracy of the network on the val images: 100.0000 %
Epoch:   7
Loss: 0.0001 Acc: 1.0000
val loss:  3.608493716455996e-07
Accuracy of the network on the val images: 100.0000 %
Epoch:   8
Loss: 0.0001 Acc: 1.0000
val loss:  2.816361338773277e-07
Accuracy of the network on the val images: 100.0000 %
Epoch:   9
Loss: 0.0001 Acc: 1.0000
val loss:  2.2862305559101516e-07
Accuracy of the network on the val images: 100.0000 %
Epoch:  10
Loss: 0.0000 Acc: 1.0000
val loss:  1.9197068468201905e-07
Accuracy of the network on the val images: 100.0000 %
Epoch:  11
Loss: 0.0000 Acc: 1.0000
val loss:  1.6500421406817622e-07
Accuracy of the network on the val images: 100.0000 %
Epoch:  12
Loss: 0.0000 Acc: 1.0000
val loss:  1.4496287258225493e-07
Accuracy of the network on the val images: 100.0000 %
Epoch:  13
Loss: 0.0000 Acc: 1.0000
val loss:  1.29153477246291e-07
Accuracy of the network on the val images: 100.0000 %
Epoch:  14
Loss: 0.0000 Acc: 1.0000
val loss:  1.1675726818793919e-07
Accuracy of the network on the val images: 100.0000 %
Epoch:  15
Loss: 0.0000 Acc: 1.0000
val loss:  1.0661625674401875e-07
Accuracy of the network on the val images: 100.0000 %
Epoch:  16
Loss: 0.0000 Acc: 1.0000
val loss:  9.822984429774806e-08
Accuracy of the network on the val images: 100.0000 %
Epoch:  17
Loss: 0.0000 Acc: 1.0000
val loss:  9.111349027079996e-08
Accuracy of the network on the val images: 100.0000 %
Epoch:  18
Loss: 0.0000 Acc: 1.0000
val loss:  8.515754961990751e-08
Accuracy of the network on the val images: 100.0000 %
Epoch:  19
Loss: 0.0000 Acc: 1.0000
val loss:  8.000083835213445e-08
Accuracy of the network on the val images: 100.0000 %
Epoch:  20
Loss: 0.0000 Acc: 1.0000
val loss:  7.548125722678379e-08
Accuracy of the network on the val images: 100.0000 %
Epoch:  21
Loss: 0.0000 Acc: 1.0000
val loss:  7.154277500376338e-08
Accuracy of the network on the val images: 100.0000 %
Epoch:  22
Loss: 0.0000 Acc: 1.0000
val loss:  6.809719980083173e-08
Accuracy of the network on the val images: 100.0000 %
Epoch:  23
Loss: 0.0000 Acc: 1.0000
val loss:  6.499551818706095e-08
Accuracy of the network on the val images: 100.0000 %
Epoch:  24
Loss: 0.0000 Acc: 1.0000
val loss:  6.222640877240338e-08
Accuracy of the network on the val images: 100.0000 %
Epoch:  25
Loss: 0.0000 Acc: 1.0000
val loss:  5.977318323857616e-08
Accuracy of the network on the val images: 100.0000 %
Epoch:  26
Loss: 0.0000 Acc: 1.0000
val loss:  5.753869845648296e-08
Accuracy of the network on the val images: 100.0000 %
Epoch:  27
Loss: 0.0000 Acc: 1.0000
val loss:  5.5518180488434156e-08
Accuracy of the network on the val images: 100.0000 %
Epoch:  28
Loss: 0.0000 Acc: 1.0000
val loss:  5.369852169678779e-08
Accuracy of the network on the val images: 100.0000 %
Epoch:  29
Loss: 0.0000 Acc: 1.0000
val loss:  5.199508359510219e-08
Accuracy of the network on the val images: 100.0000 %
Epoch:  30
Loss: 0.0000 Acc: 1.0000
val loss:  5.047820286563365e-08
Accuracy of the network on the val images: 100.0000 %
Epoch:  31
Loss: 0.0000 Acc: 1.0000
val loss:  4.905072637484409e-08
Accuracy of the network on the val images: 100.0000 %
Epoch:  32
Loss: 0.0000 Acc: 1.0000
val loss:  4.773231648869114e-08
Accuracy of the network on the val images: 100.0000 %
Epoch:  33
Loss: 0.0000 Acc: 1.0000
val loss:  4.65325138065964e-08
Accuracy of the network on the val images: 100.0000 %
Epoch:  34
Loss: 0.0000 Acc: 1.0000
val loss:  4.540543068287661e-08
Accuracy of the network on the val images: 100.0000 %
Epoch:  35
Loss: 0.0000 Acc: 1.0000
val loss:  4.438324594957521e-08
Accuracy of the network on the val images: 100.0000 %
Epoch:  36
Loss: 0.0000 Acc: 1.0000
val loss:  4.344748322182568e-08
Accuracy of the network on the val images: 100.0000 %
Epoch:  37
Loss: 0.0000 Acc: 1.0000
val loss:  4.252304188412381e-08
Accuracy of the network on the val images: 100.0000 %
Epoch:  38
Loss: 0.0000 Acc: 1.0000
val loss:  4.170588590568514e-08
Accuracy of the network on the val images: 100.0000 %
Epoch:  39
Loss: 0.0000 Acc: 1.0000
val loss:  4.0894692574511284e-08
Accuracy of the network on the val images: 100.0000 %
Epoch:  40
Loss: 0.0000 Acc: 1.0000
val loss:  4.018482241008314e-08
Accuracy of the network on the val images: 100.0000 %
Epoch:  41
Loss: 0.0000 Acc: 1.0000
val loss:  3.949104348066612e-08
Accuracy of the network on the val images: 100.0000 %
Epoch:  42
Loss: 0.0000 Acc: 1.0000
val loss:  3.8858662264829035e-08
Accuracy of the network on the val images: 100.0000 %
Epoch:  43
Loss: 0.0000 Acc: 1.0000
val loss:  3.825488420261536e-08
Accuracy of the network on the val images: 100.0000 %
Epoch:  44
Loss: 0.0000 Acc: 1.0000
val loss:  3.76576576854859e-08
Accuracy of the network on the val images: 100.0000 %
Epoch:  45
Loss: 0.0000 Acc: 1.0000
val loss:  3.71075252587616e-08
Accuracy of the network on the val images: 100.0000 %
Epoch:  46
Loss: 0.0000 Acc: 1.0000
val loss:  3.6626528526539916e-08
Accuracy of the network on the val images: 100.0000 %
Epoch:  47
Loss: 0.0000 Acc: 1.0000
val loss:  3.6158049624646086e-08
Accuracy of the network on the val images: 100.0000 %
Epoch:  48
Loss: 0.0000 Acc: 1.0000
val loss:  3.568062948033912e-08
Accuracy of the network on the val images: 100.0000 %
Epoch:  49
Loss: 0.0000 Acc: 1.0000
val loss:  3.5231223137088816e-08
Accuracy of the network on the val images: 100.0000 %
Epoch:  50
Loss: 0.0000 Acc: 1.0000
val loss:  3.48438020409958e-08
Accuracy of the network on the val images: 100.0000 %
Training finished.
testing loss:  0.05630123329162598
Accuracy of the network on the testset images: 0.0000 %
Testing with testset finished
Round  :   3
Net(
  (conv1): Conv2d(3, 32, kernel_size=(3, 3), stride=(1, 1), padding=(2, 2), bias=False, padding_mode=circular)
  (conv2): Conv2d(32, 32, kernel_size=(3, 3), stride=(2, 2), padding=(2, 2), bias=False, padding_mode=circular)
  (conv3): Conv2d(32, 64, kernel_size=(3, 3), stride=(2, 2), padding=(2, 2), bias=False, padding_mode=circular)
  (conv4): Conv2d(64, 64, kernel_size=(3, 3), stride=(2, 2), padding=(2, 2), bias=False, padding_mode=circular)
  (fc1): Linear(in_features=64, out_features=2, bias=True)
  (fc2): Linear(in_features=2304, out_features=64, bias=True)
)
Model size: 832.133KB
Training is starting...
Epoch:   1
Loss: 0.6917 Acc: 0.5610
val loss:  0.003437816083431244
Accuracy of the network on the val images: 100.0000 %
Epoch:   2
Loss: 0.4694 Acc: 1.0000
val loss:  1.3080624165013433e-05
Accuracy of the network on the val images: 100.0000 %
Epoch:   3
Loss: 0.0011 Acc: 1.0000
val loss:  2.40193321951665e-06
Accuracy of the network on the val images: 100.0000 %
Epoch:   4
Loss: 0.0003 Acc: 1.0000
val loss:  1.1713595740729944e-06
Accuracy of the network on the val images: 100.0000 %
Epoch:   5
Loss: 0.0002 Acc: 1.0000
val loss:  7.229483599076048e-07
Accuracy of the network on the val images: 100.0000 %
Epoch:   6
Loss: 0.0001 Acc: 1.0000
val loss:  4.97531502333004e-07
Accuracy of the network on the val images: 100.0000 %
Epoch:   7
Loss: 0.0001 Acc: 1.0000
val loss:  3.6710393032990394e-07
Accuracy of the network on the val images: 100.0000 %
Epoch:   8
Loss: 0.0001 Acc: 1.0000
val loss:  2.856211576727219e-07
Accuracy of the network on the val images: 100.0000 %
Epoch:   9
Loss: 0.0001 Acc: 1.0000
val loss:  2.3174285888671874e-07
Accuracy of the network on the val images: 100.0000 %
Epoch:  10
Loss: 0.0000 Acc: 1.0000
val loss:  1.942850540217478e-07
Accuracy of the network on the val images: 100.0000 %
Epoch:  11
Loss: 0.0000 Acc: 1.0000
val loss:  1.671414211159572e-07
Accuracy of the network on the val images: 100.0000 %
Epoch:  12
Loss: 0.0000 Acc: 1.0000
val loss:  1.4682519395137206e-07
Accuracy of the network on the val images: 100.0000 %
Epoch:  13
Loss: 0.0000 Acc: 1.0000
val loss:  1.3101274089422078e-07
Accuracy of the network on the val images: 100.0000 %
Epoch:  14
Loss: 0.0000 Acc: 1.0000
val loss:  1.1843649372167419e-07
Accuracy of the network on the val images: 100.0000 %
Epoch:  15
Loss: 0.0000 Acc: 1.0000
val loss:  1.0812679101945833e-07
Accuracy of the network on the val images: 100.0000 %
Epoch:  16
Loss: 0.0000 Acc: 1.0000
val loss:  9.966821380658075e-08
Accuracy of the network on the val images: 100.0000 %
Epoch:  17
Loss: 0.0000 Acc: 1.0000
val loss:  9.251370283891448e-08
Accuracy of the network on the val images: 100.0000 %
Epoch:  18
Loss: 0.0000 Acc: 1.0000
val loss:  8.641766999062383e-08
Accuracy of the network on the val images: 100.0000 %
Epoch:  19
Loss: 0.0000 Acc: 1.0000
val loss:  8.123173665808281e-08
Accuracy of the network on the val images: 100.0000 %
Epoch:  20
Loss: 0.0000 Acc: 1.0000
val loss:  7.664956592634554e-08
Accuracy of the network on the val images: 100.0000 %
Epoch:  21
Loss: 0.0000 Acc: 1.0000
val loss:  7.2692600042501e-08
Accuracy of the network on the val images: 100.0000 %
Epoch:  22
Loss: 0.0000 Acc: 1.0000
val loss:  6.914569166838191e-08
Accuracy of the network on the val images: 100.0000 %
Epoch:  23
Loss: 0.0000 Acc: 1.0000
val loss:  6.607380782952532e-08
Accuracy of the network on the val images: 100.0000 %
Epoch:  24
Loss: 0.0000 Acc: 1.0000
val loss:  6.328262952592922e-08
Accuracy of the network on the val images: 100.0000 %
Epoch:  25
Loss: 0.0000 Acc: 1.0000
val loss:  6.072570067772176e-08
Accuracy of the network on the val images: 100.0000 %
Epoch:  26
Loss: 0.0000 Acc: 1.0000
val loss:  5.852339290868258e-08
Accuracy of the network on the val images: 100.0000 %
Epoch:  27
Loss: 0.0000 Acc: 1.0000
val loss:  5.6467704780516216e-08
Accuracy of the network on the val images: 100.0000 %
Epoch:  28
Loss: 0.0000 Acc: 1.0000
val loss:  5.462062199512729e-08
Accuracy of the network on the val images: 100.0000 %
Epoch:  29
Loss: 0.0000 Acc: 1.0000
val loss:  5.291599609336117e-08
Accuracy of the network on the val images: 100.0000 %
Epoch:  30
Loss: 0.0000 Acc: 1.0000
val loss:  5.137586595083121e-08
Accuracy of the network on the val images: 100.0000 %
Epoch:  31
Loss: 0.0000 Acc: 1.0000
val loss:  4.993169659428531e-08
Accuracy of the network on the val images: 100.0000 %
Epoch:  32
Loss: 0.0000 Acc: 1.0000
val loss:  4.8622228860040194e-08
Accuracy of the network on the val images: 100.0000 %
Epoch:  33
Loss: 0.0000 Acc: 1.0000
val loss:  4.739023825095501e-08
Accuracy of the network on the val images: 100.0000 %
Epoch:  34
Loss: 0.0000 Acc: 1.0000
val loss:  4.625301698979456e-08
Accuracy of the network on the val images: 100.0000 %
Epoch:  35
Loss: 0.0000 Acc: 1.0000
val loss:  4.522189192357473e-08
Accuracy of the network on the val images: 100.0000 %
Epoch:  36
Loss: 0.0000 Acc: 1.0000
val loss:  4.425096039994969e-08
Accuracy of the network on the val images: 100.0000 %
Epoch:  37
Loss: 0.0000 Acc: 1.0000
val loss:  4.336764413892524e-08
Accuracy of the network on the val images: 100.0000 %
Epoch:  38
Loss: 0.0000 Acc: 1.0000
val loss:  4.2507576836214864e-08
Accuracy of the network on the val images: 100.0000 %
Epoch:  39
Loss: 0.0000 Acc: 1.0000
val loss:  4.169995554548223e-08
Accuracy of the network on the val images: 100.0000 %
Epoch:  40
Loss: 0.0000 Acc: 1.0000
val loss:  4.095909343959647e-08
Accuracy of the network on the val images: 100.0000 %
Epoch:  41
Loss: 0.0000 Acc: 1.0000
val loss:  4.028557941637701e-08
Accuracy of the network on the val images: 100.0000 %
Epoch:  42
Loss: 0.0000 Acc: 1.0000
val loss:  3.9612066302652236e-08
Accuracy of the network on the val images: 100.0000 %
Epoch:  43
Loss: 0.0000 Acc: 1.0000
val loss:  3.900352203345392e-08
Accuracy of the network on the val images: 100.0000 %
Epoch:  44
Loss: 0.0000 Acc: 1.0000
val loss:  3.8446829421445725e-08
Accuracy of the network on the val images: 100.0000 %
Epoch:  45
Loss: 0.0000 Acc: 1.0000
val loss:  3.78710624318046e-08
Accuracy of the network on the val images: 100.0000 %
Epoch:  46
Loss: 0.0000 Acc: 1.0000
val loss:  3.735788050107658e-08
Accuracy of the network on the val images: 100.0000 %
Epoch:  47
Loss: 0.0000 Acc: 1.0000
val loss:  3.6870922485832126e-08
Accuracy of the network on the val images: 100.0000 %
Epoch:  48
Loss: 0.0000 Acc: 1.0000
val loss:  3.6396481846168175e-08
Accuracy of the network on the val images: 100.0000 %
Epoch:  49
Loss: 0.0000 Acc: 1.0000
val loss:  3.5965552342531735e-08
Accuracy of the network on the val images: 100.0000 %
Epoch:  50
Loss: 0.0000 Acc: 1.0000
val loss:  3.5551906876207796e-08
Accuracy of the network on the val images: 100.0000 %
Training finished.
testing loss:  0.06310889339447022
Accuracy of the network on the testset images: 0.0000 %
Testing with testset finished
Round  :   4
Net(
  (conv1): Conv2d(3, 32, kernel_size=(3, 3), stride=(1, 1), padding=(2, 2), bias=False, padding_mode=circular)
  (conv2): Conv2d(32, 32, kernel_size=(3, 3), stride=(2, 2), padding=(2, 2), bias=False, padding_mode=circular)
  (conv3): Conv2d(32, 64, kernel_size=(3, 3), stride=(2, 2), padding=(2, 2), bias=False, padding_mode=circular)
  (conv4): Conv2d(64, 64, kernel_size=(3, 3), stride=(2, 2), padding=(2, 2), bias=False, padding_mode=circular)
  (fc1): Linear(in_features=64, out_features=2, bias=True)
  (fc2): Linear(in_features=2304, out_features=64, bias=True)
)
Model size: 832.133KB
Training is starting...
Epoch:   1
Loss: 0.6922 Acc: 0.7530
val loss:  0.0034497272968292236
Accuracy of the network on the val images: 100.0000 %
Epoch:   2
Loss: 0.6326 Acc: 1.0000
val loss:  0.00018555942177772523
Accuracy of the network on the val images: 100.0000 %
Epoch:   3
Loss: 0.0054 Acc: 1.0000
val loss:  3.0219643958844245e-06
Accuracy of the network on the val images: 100.0000 %
Epoch:   4
Loss: 0.0004 Acc: 1.0000
val loss:  1.319769857218489e-06
Accuracy of the network on the val images: 100.0000 %
Epoch:   5
Loss: 0.0002 Acc: 1.0000
val loss:  7.824131898814813e-07
Accuracy of the network on the val images: 100.0000 %
Epoch:   6
Loss: 0.0001 Acc: 1.0000
val loss:  5.280766927171499e-07
Accuracy of the network on the val images: 100.0000 %
Epoch:   7
Loss: 0.0001 Acc: 1.0000
val loss:  3.850877546938136e-07
Accuracy of the network on the val images: 100.0000 %
Epoch:   8
Loss: 0.0001 Acc: 1.0000
val loss:  2.9652057492057793e-07
Accuracy of the network on the val images: 100.0000 %
Epoch:   9
Loss: 0.0001 Acc: 1.0000
val loss:  2.3877463172539137e-07
Accuracy of the network on the val images: 100.0000 %
Epoch:  10
Loss: 0.0000 Acc: 1.0000
val loss:  1.9904716828023084e-07
Accuracy of the network on the val images: 100.0000 %
Epoch:  11
Loss: 0.0000 Acc: 1.0000
val loss:  1.7051933173206636e-07
Accuracy of the network on the val images: 100.0000 %
Epoch:  12
Loss: 0.0000 Acc: 1.0000
val loss:  1.492693609179696e-07
Accuracy of the network on the val images: 100.0000 %
Epoch:  13
Loss: 0.0000 Acc: 1.0000
val loss:  1.3271800344227814e-07
Accuracy of the network on the val images: 100.0000 %
Epoch:  14
Loss: 0.0000 Acc: 1.0000
val loss:  1.1968826947850175e-07
Accuracy of the network on the val images: 100.0000 %
Epoch:  15
Loss: 0.0000 Acc: 1.0000
val loss:  1.0919267333520111e-07
Accuracy of the network on the val images: 100.0000 %
Epoch:  16
Loss: 0.0000 Acc: 1.0000
val loss:  1.0042542635346763e-07
Accuracy of the network on the val images: 100.0000 %
Epoch:  17
Loss: 0.0000 Acc: 1.0000
val loss:  9.307187610829715e-08
Accuracy of the network on the val images: 100.0000 %
Epoch:  18
Loss: 0.0000 Acc: 1.0000
val loss:  8.688290836289525e-08
Accuracy of the network on the val images: 100.0000 %
Epoch:  19
Loss: 0.0000 Acc: 1.0000
val loss:  8.153310500347288e-08
Accuracy of the network on the val images: 100.0000 %
Epoch:  20
Loss: 0.0000 Acc: 1.0000
val loss:  7.691280006838496e-08
Accuracy of the network on the val images: 100.0000 %
Epoch:  21
Loss: 0.0000 Acc: 1.0000
val loss:  7.289744644367601e-08
Accuracy of the network on the val images: 100.0000 %
Epoch:  22
Loss: 0.0000 Acc: 1.0000
val loss:  6.932908581802621e-08
Accuracy of the network on the val images: 100.0000 %
Epoch:  23
Loss: 0.0000 Acc: 1.0000
val loss:  6.616244900214951e-08
Accuracy of the network on the val images: 100.0000 %
Epoch:  24
Loss: 0.0000 Acc: 1.0000
val loss:  6.336116075544851e-08
Accuracy of the network on the val images: 100.0000 %
Epoch:  25
Loss: 0.0000 Acc: 1.0000
val loss:  6.079887498344761e-08
Accuracy of the network on the val images: 100.0000 %
Epoch:  26
Loss: 0.0000 Acc: 1.0000
val loss:  5.853995571669657e-08
Accuracy of the network on the val images: 100.0000 %
Epoch:  27
Loss: 0.0000 Acc: 1.0000
val loss:  5.6469370974809866e-08
Accuracy of the network on the val images: 100.0000 %
Epoch:  28
Loss: 0.0000 Acc: 1.0000
val loss:  5.459607473312644e-08
Accuracy of the network on the val images: 100.0000 %
Epoch:  29
Loss: 0.0000 Acc: 1.0000
val loss:  5.288608554110397e-08
Accuracy of the network on the val images: 100.0000 %
Epoch:  30
Loss: 0.0000 Acc: 1.0000
val loss:  5.131556372361956e-08
Accuracy of the network on the val images: 100.0000 %
Epoch:  31
Loss: 0.0000 Acc: 1.0000
val loss:  4.987735701433848e-08
Accuracy of the network on the val images: 100.0000 %
Epoch:  32
Loss: 0.0000 Acc: 1.0000
val loss:  4.85643158754101e-08
Accuracy of the network on the val images: 100.0000 %
Epoch:  33
Loss: 0.0000 Acc: 1.0000
val loss:  4.731683566205902e-08
Accuracy of the network on the val images: 100.0000 %
Epoch:  34
Loss: 0.0000 Acc: 1.0000
val loss:  4.619034643837949e-08
Accuracy of the network on the val images: 100.0000 %
Epoch:  35
Loss: 0.0000 Acc: 1.0000
val loss:  4.514015154200024e-08
Accuracy of the network on the val images: 100.0000 %
Epoch:  36
Loss: 0.0000 Acc: 1.0000
val loss:  4.414359409565804e-08
Accuracy of the network on the val images: 100.0000 %
Epoch:  37
Loss: 0.0000 Acc: 1.0000
val loss:  4.325730333221145e-08
Accuracy of the network on the val images: 100.0000 %
Epoch:  38
Loss: 0.0000 Acc: 1.0000
val loss:  4.237995153744123e-08
Accuracy of the network on the val images: 100.0000 %
Epoch:  39
Loss: 0.0000 Acc: 1.0000
val loss:  4.161643937550252e-08
Accuracy of the network on the val images: 100.0000 %
Epoch:  40
Loss: 0.0000 Acc: 1.0000
val loss:  4.087617298864643e-08
Accuracy of the network on the val images: 100.0000 %
Epoch:  41
Loss: 0.0000 Acc: 1.0000
val loss:  4.0160940898203987e-08
Accuracy of the network on the val images: 100.0000 %
Epoch:  42
Loss: 0.0000 Acc: 1.0000
val loss:  3.9501136143371696e-08
Accuracy of the network on the val images: 100.0000 %
Epoch:  43
Loss: 0.0000 Acc: 1.0000
val loss:  3.8886633319634713e-08
Accuracy of the network on the val images: 100.0000 %
Epoch:  44
Loss: 0.0000 Acc: 1.0000
val loss:  3.8298949220916256e-08
Accuracy of the network on the val images: 100.0000 %
Epoch:  45
Loss: 0.0000 Acc: 1.0000
val loss:  3.777981009989162e-08
Accuracy of the network on the val images: 100.0000 %
Epoch:  46
Loss: 0.0000 Acc: 1.0000
val loss:  3.722192377608735e-08
Accuracy of the network on the val images: 100.0000 %
Epoch:  47
Loss: 0.0000 Acc: 1.0000
val loss:  3.674808340292657e-08
Accuracy of the network on the val images: 100.0000 %
Epoch:  48
Loss: 0.0000 Acc: 1.0000
val loss:  3.629152388384682e-08
Accuracy of the network on the val images: 100.0000 %
Epoch:  49
Loss: 0.0000 Acc: 1.0000
val loss:  3.58588072231214e-08
Accuracy of the network on the val images: 100.0000 %
Epoch:  50
Loss: 0.0000 Acc: 1.0000
val loss:  3.5434431993053294e-08
Accuracy of the network on the val images: 100.0000 %
Training finished.
testing loss:  0.06410335063934326
Accuracy of the network on the testset images: 0.0000 %
Testing with testset finished
Round  :   5
Net(
  (conv1): Conv2d(3, 32, kernel_size=(3, 3), stride=(1, 1), padding=(2, 2), bias=False, padding_mode=circular)
  (conv2): Conv2d(32, 32, kernel_size=(3, 3), stride=(2, 2), padding=(2, 2), bias=False, padding_mode=circular)
  (conv3): Conv2d(32, 64, kernel_size=(3, 3), stride=(2, 2), padding=(2, 2), bias=False, padding_mode=circular)
  (conv4): Conv2d(64, 64, kernel_size=(3, 3), stride=(2, 2), padding=(2, 2), bias=False, padding_mode=circular)
  (fc1): Linear(in_features=64, out_features=2, bias=True)
  (fc2): Linear(in_features=2304, out_features=64, bias=True)
)
Model size: 832.133KB
Training is starting...
Epoch:   1
Loss: 0.6915 Acc: 0.6655
val loss:  0.0034271811842918397
Accuracy of the network on the val images: 100.0000 %
Epoch:   2
Loss: 0.3798 Acc: 1.0000
val loss:  6.333448807708919e-06
Accuracy of the network on the val images: 100.0000 %
Epoch:   3
Loss: 0.0007 Acc: 1.0000
val loss:  1.7393344023730605e-06
Accuracy of the network on the val images: 100.0000 %
Epoch:   4
Loss: 0.0003 Acc: 1.0000
val loss:  9.10907139768824e-07
Accuracy of the network on the val images: 100.0000 %
Epoch:   5
Loss: 0.0001 Acc: 1.0000
val loss:  5.809737485833466e-07
Accuracy of the network on the val images: 100.0000 %
Epoch:   6
Loss: 0.0001 Acc: 1.0000
val loss:  4.1025223617907613e-07
Accuracy of the network on the val images: 100.0000 %
Epoch:   7
Loss: 0.0001 Acc: 1.0000
val loss:  3.0962266464484853e-07
Accuracy of the network on the val images: 100.0000 %
Epoch:   8
Loss: 0.0001 Acc: 1.0000
val loss:  2.4543236213503403e-07
Accuracy of the network on the val images: 100.0000 %
Epoch:   9
Loss: 0.0000 Acc: 1.0000
val loss:  2.0218773715896533e-07
Accuracy of the network on the val images: 100.0000 %
Epoch:  10
Loss: 0.0000 Acc: 1.0000
val loss:  1.7157154070446269e-07
Accuracy of the network on the val images: 100.0000 %
Epoch:  11
Loss: 0.0000 Acc: 1.0000
val loss:  1.4904454474162775e-07
Accuracy of the network on the val images: 100.0000 %
Epoch:  12
Loss: 0.0000 Acc: 1.0000
val loss:  1.3177886103221682e-07
Accuracy of the network on the val images: 100.0000 %
Epoch:  13
Loss: 0.0000 Acc: 1.0000
val loss:  1.1833469579869415e-07
Accuracy of the network on the val images: 100.0000 %
Epoch:  14
Loss: 0.0000 Acc: 1.0000
val loss:  1.0745329564088024e-07
Accuracy of the network on the val images: 100.0000 %
Epoch:  15
Loss: 0.0000 Acc: 1.0000
val loss:  9.859472993412055e-08
Accuracy of the network on the val images: 100.0000 %
Epoch:  16
Loss: 0.0000 Acc: 1.0000
val loss:  9.116715955315158e-08
Accuracy of the network on the val images: 100.0000 %
Epoch:  17
Loss: 0.0000 Acc: 1.0000
val loss:  8.490420350426575e-08
Accuracy of the network on the val images: 100.0000 %
Epoch:  18
Loss: 0.0000 Acc: 1.0000
val loss:  7.951556563057239e-08
Accuracy of the network on the val images: 100.0000 %
Epoch:  19
Loss: 0.0000 Acc: 1.0000
val loss:  7.490296229661908e-08
Accuracy of the network on the val images: 100.0000 %
Epoch:  20
Loss: 0.0000 Acc: 1.0000
val loss:  7.084821663738694e-08
Accuracy of the network on the val images: 100.0000 %
Epoch:  21
Loss: 0.0000 Acc: 1.0000
val loss:  6.732094334438444e-08
Accuracy of the network on the val images: 100.0000 %
Epoch:  22
Loss: 0.0000 Acc: 1.0000
val loss:  6.417095573851839e-08
Accuracy of the network on the val images: 100.0000 %
Epoch:  23
Loss: 0.0000 Acc: 1.0000
val loss:  6.138512435427401e-08
Accuracy of the network on the val images: 100.0000 %
Epoch:  24
Loss: 0.0000 Acc: 1.0000
val loss:  5.887466340936953e-08
Accuracy of the network on the val images: 100.0000 %
Epoch:  25
Loss: 0.0000 Acc: 1.0000
val loss:  5.662167859554757e-08
Accuracy of the network on the val images: 100.0000 %
Epoch:  26
Loss: 0.0000 Acc: 1.0000
val loss:  5.457492807181552e-08
Accuracy of the network on the val images: 100.0000 %
Epoch:  27
Loss: 0.0000 Acc: 1.0000
val loss:  5.273856095300289e-08
Accuracy of the network on the val images: 100.0000 %
Epoch:  28
Loss: 0.0000 Acc: 1.0000
val loss:  5.104702813696349e-08
Accuracy of the network on the val images: 100.0000 %
Epoch:  29
Loss: 0.0000 Acc: 1.0000
val loss:  4.951940172759351e-08
Accuracy of the network on the val images: 100.0000 %
Epoch:  30
Loss: 0.0000 Acc: 1.0000
val loss:  4.811336657439824e-08
Accuracy of the network on the val images: 100.0000 %
Epoch:  31
Loss: 0.0000 Acc: 1.0000
val loss:  4.681104019255145e-08
Accuracy of the network on the val images: 100.0000 %
Epoch:  32
Loss: 0.0000 Acc: 1.0000
val loss:  4.559812168736244e-08
Accuracy of the network on the val images: 100.0000 %
Epoch:  33
Loss: 0.0000 Acc: 1.0000
val loss:  4.449426796782063e-08
Accuracy of the network on the val images: 100.0000 %
Epoch:  34
Loss: 0.0000 Acc: 1.0000
val loss:  4.346432888269192e-08
Accuracy of the network on the val images: 100.0000 %
Epoch:  35
Loss: 0.0000 Acc: 1.0000
val loss:  4.253451743352343e-08
Accuracy of the network on the val images: 100.0000 %
Epoch:  36
Loss: 0.0000 Acc: 1.0000
val loss:  4.162854793321458e-08
Accuracy of the network on the val images: 100.0000 %
Epoch:  37
Loss: 0.0000 Acc: 1.0000
val loss:  4.08191381211509e-08
Accuracy of the network on the val images: 100.0000 %
Epoch:  38
Loss: 0.0000 Acc: 1.0000
val loss:  4.004131733381655e-08
Accuracy of the network on the val images: 100.0000 %
Epoch:  39
Loss: 0.0000 Acc: 1.0000
val loss:  3.930462116841227e-08
Accuracy of the network on the val images: 100.0000 %
Epoch:  40
Loss: 0.0000 Acc: 1.0000
val loss:  3.8631104416708695e-08
Accuracy of the network on the val images: 100.0000 %
Epoch:  41
Loss: 0.0000 Acc: 1.0000
val loss:  3.7999308005964846e-08
Accuracy of the network on the val images: 100.0000 %
Epoch:  42
Loss: 0.0000 Acc: 1.0000
val loss:  3.74074479623232e-08
Accuracy of the network on the val images: 100.0000 %
Epoch:  43
Loss: 0.0000 Acc: 1.0000
val loss:  3.6830487260886e-08
Accuracy of the network on the val images: 100.0000 %
Epoch:  44
Loss: 0.0000 Acc: 1.0000
val loss:  3.6297038604971024e-08
Accuracy of the network on the val images: 100.0000 %
Epoch:  45
Loss: 0.0000 Acc: 1.0000
val loss:  3.581067312552477e-08
Accuracy of the network on the val images: 100.0000 %
Epoch:  46
Loss: 0.0000 Acc: 1.0000
val loss:  3.5336232031113466e-08
Accuracy of the network on the val images: 100.0000 %
Epoch:  47
Loss: 0.0000 Acc: 1.0000
val loss:  3.4895165754278424e-08
Accuracy of the network on the val images: 100.0000 %
Epoch:  48
Loss: 0.0000 Acc: 1.0000
val loss:  3.446423352215788e-08
Accuracy of the network on the val images: 100.0000 %
Epoch:  49
Loss: 0.0000 Acc: 1.0000
val loss:  3.406250652915333e-08
Accuracy of the network on the val images: 100.0000 %
Epoch:  50
Loss: 0.0000 Acc: 1.0000
val loss:  3.368938951098244e-08
Accuracy of the network on the val images: 100.0000 %
Training finished.
testing loss:  0.06170376968383789
Accuracy of the network on the testset images: 0.0000 %
Testing with testset finished
Round  :   6
Net(
  (conv1): Conv2d(3, 32, kernel_size=(3, 3), stride=(1, 1), padding=(2, 2), bias=False, padding_mode=circular)
  (conv2): Conv2d(32, 32, kernel_size=(3, 3), stride=(2, 2), padding=(2, 2), bias=False, padding_mode=circular)
  (conv3): Conv2d(32, 64, kernel_size=(3, 3), stride=(2, 2), padding=(2, 2), bias=False, padding_mode=circular)
  (conv4): Conv2d(64, 64, kernel_size=(3, 3), stride=(2, 2), padding=(2, 2), bias=False, padding_mode=circular)
  (fc1): Linear(in_features=64, out_features=2, bias=True)
  (fc2): Linear(in_features=2304, out_features=64, bias=True)
)
Model size: 832.133KB
Training is starting...
Epoch:   1
Loss: 0.6922 Acc: 0.5000
val loss:  0.0034362179040908812
Accuracy of the network on the val images: 85.9000 %
Epoch:   2
Loss: 0.4530 Acc: 0.9855
val loss:  9.05629072804004e-06
Accuracy of the network on the val images: 100.0000 %
Epoch:   3
Loss: 0.0009 Acc: 1.0000
val loss:  2.0396686741150917e-06
Accuracy of the network on the val images: 100.0000 %
Epoch:   4
Loss: 0.0003 Acc: 1.0000
val loss:  1.032434534863569e-06
Accuracy of the network on the val images: 100.0000 %
Epoch:   5
Loss: 0.0002 Acc: 1.0000
val loss:  6.497756548924372e-07
Accuracy of the network on the val images: 100.0000 %
Epoch:   6
Loss: 0.0001 Acc: 1.0000
val loss:  4.549675213638693e-07
Accuracy of the network on the val images: 100.0000 %
Epoch:   7
Loss: 0.0001 Acc: 1.0000
val loss:  3.4107461760868316e-07
Accuracy of the network on the val images: 100.0000 %
Epoch:   8
Loss: 0.0001 Acc: 1.0000
val loss:  2.689261891646311e-07
Accuracy of the network on the val images: 100.0000 %
Epoch:   9
Loss: 0.0000 Acc: 1.0000
val loss:  2.202167161158286e-07
Accuracy of the network on the val images: 100.0000 %
Epoch:  10
Loss: 0.0000 Acc: 1.0000
val loss:  1.8612466010381468e-07
Accuracy of the network on the val images: 100.0000 %
Epoch:  11
Loss: 0.0000 Acc: 1.0000
val loss:  1.6102449080790392e-07
Accuracy of the network on the val images: 100.0000 %
Epoch:  12
Loss: 0.0000 Acc: 1.0000
val loss:  1.4211170127964578e-07
Accuracy of the network on the val images: 100.0000 %
Epoch:  13
Loss: 0.0000 Acc: 1.0000
val loss:  1.2724860243906733e-07
Accuracy of the network on the val images: 100.0000 %
Epoch:  14
Loss: 0.0000 Acc: 1.0000
val loss:  1.1530584561114665e-07
Accuracy of the network on the val images: 100.0000 %
Epoch:  15
Loss: 0.0000 Acc: 1.0000
val loss:  1.0563083742454183e-07
Accuracy of the network on the val images: 100.0000 %
Epoch:  16
Loss: 0.0000 Acc: 1.0000
val loss:  9.758051601238548e-08
Accuracy of the network on the val images: 100.0000 %
Epoch:  17
Loss: 0.0000 Acc: 1.0000
val loss:  9.077343747776467e-08
Accuracy of the network on the val images: 100.0000 %
Epoch:  18
Loss: 0.0000 Acc: 1.0000
val loss:  8.495812198816566e-08
Accuracy of the network on the val images: 100.0000 %
Epoch:  19
Loss: 0.0000 Acc: 1.0000
val loss:  7.99927074695006e-08
Accuracy of the network on the val images: 100.0000 %
Epoch:  20
Loss: 0.0000 Acc: 1.0000
val loss:  7.560064841527492e-08
Accuracy of the network on the val images: 100.0000 %
Epoch:  21
Loss: 0.0000 Acc: 1.0000
val loss:  7.177658608270577e-08
Accuracy of the network on the val images: 100.0000 %
Epoch:  22
Loss: 0.0000 Acc: 1.0000
val loss:  6.838641729700611e-08
Accuracy of the network on the val images: 100.0000 %
Epoch:  23
Loss: 0.0000 Acc: 1.0000
val loss:  6.535862576129148e-08
Accuracy of the network on the val images: 100.0000 %
Epoch:  24
Loss: 0.0000 Acc: 1.0000
val loss:  6.266639502428006e-08
Accuracy of the network on the val images: 100.0000 %
Epoch:  25
Loss: 0.0000 Acc: 1.0000
val loss:  6.02668042120058e-08
Accuracy of the network on the val images: 100.0000 %
Epoch:  26
Loss: 0.0000 Acc: 1.0000
val loss:  5.806449280498782e-08
Accuracy of the network on the val images: 100.0000 %
Epoch:  27
Loss: 0.0000 Acc: 1.0000
val loss:  5.6067814512061886e-08
Accuracy of the network on the val images: 100.0000 %
Epoch:  28
Loss: 0.0000 Acc: 1.0000
val loss:  5.428211807156913e-08
Accuracy of the network on the val images: 100.0000 %
Epoch:  29
Loss: 0.0000 Acc: 1.0000
val loss:  5.261145906843012e-08
Accuracy of the network on the val images: 100.0000 %
Epoch:  30
Loss: 0.0000 Acc: 1.0000
val loss:  5.1096959396090825e-08
Accuracy of the network on the val images: 100.0000 %
Epoch:  31
Loss: 0.0000 Acc: 1.0000
val loss:  4.97123874083627e-08
Accuracy of the network on the val images: 100.0000 %
Epoch:  32
Loss: 0.0000 Acc: 1.0000
val loss:  4.84571519336896e-08
Accuracy of the network on the val images: 100.0000 %
Epoch:  33
Loss: 0.0000 Acc: 1.0000
val loss:  4.7237679609679614e-08
Accuracy of the network on the val images: 100.0000 %
Epoch:  34
Loss: 0.0000 Acc: 1.0000
val loss:  4.613741157299955e-08
Accuracy of the network on the val images: 100.0000 %
Epoch:  35
Loss: 0.0000 Acc: 1.0000
val loss:  4.512952773438883e-08
Accuracy of the network on the val images: 100.0000 %
Epoch:  36
Loss: 0.0000 Acc: 1.0000
val loss:  4.4166344650875546e-08
Accuracy of the network on the val images: 100.0000 %
Epoch:  37
Loss: 0.0000 Acc: 1.0000
val loss:  4.329733656049939e-08
Accuracy of the network on the val images: 100.0000 %
Epoch:  38
Loss: 0.0000 Acc: 1.0000
val loss:  4.2428921005921436e-08
Accuracy of the network on the val images: 100.0000 %
Epoch:  39
Loss: 0.0000 Acc: 1.0000
val loss:  4.170653210167075e-08
Accuracy of the network on the val images: 100.0000 %
Epoch:  40
Loss: 0.0000 Acc: 1.0000
val loss:  4.0948977584776e-08
Accuracy of the network on the val images: 100.0000 %
Epoch:  41
Loss: 0.0000 Acc: 1.0000
val loss:  4.028142575407401e-08
Accuracy of the network on the val images: 100.0000 %
Epoch:  42
Loss: 0.0000 Acc: 1.0000
val loss:  3.9639499846089166e-08
Accuracy of the network on the val images: 100.0000 %
Epoch:  43
Loss: 0.0000 Acc: 1.0000
val loss:  3.903512788383523e-08
Accuracy of the network on the val images: 100.0000 %
Epoch:  44
Loss: 0.0000 Acc: 1.0000
val loss:  3.8473664517368885e-08
Accuracy of the network on the val images: 100.0000 %
Epoch:  45
Loss: 0.0000 Acc: 1.0000
val loss:  3.7943195366096914e-08
Accuracy of the network on the val images: 100.0000 %
Epoch:  46
Loss: 0.0000 Acc: 1.0000
val loss:  3.740676766028628e-08
Accuracy of the network on the val images: 100.0000 %
Epoch:  47
Loss: 0.0000 Acc: 1.0000
val loss:  3.69585554835794e-08
Accuracy of the network on the val images: 100.0000 %
Epoch:  48
Loss: 0.0000 Acc: 1.0000
val loss:  3.649722293630475e-08
Accuracy of the network on the val images: 100.0000 %
Epoch:  49
Loss: 0.0000 Acc: 1.0000
val loss:  3.607046528486535e-08
Accuracy of the network on the val images: 100.0000 %
Epoch:  50
Loss: 0.0000 Acc: 1.0000
val loss:  3.5662184473039814e-08
Accuracy of the network on the val images: 100.0000 %
Training finished.
testing loss:  0.06305724239349365
Accuracy of the network on the testset images: 0.0000 %
Testing with testset finished
Round  :   7
Net(
  (conv1): Conv2d(3, 32, kernel_size=(3, 3), stride=(1, 1), padding=(2, 2), bias=False, padding_mode=circular)
  (conv2): Conv2d(32, 32, kernel_size=(3, 3), stride=(2, 2), padding=(2, 2), bias=False, padding_mode=circular)
  (conv3): Conv2d(32, 64, kernel_size=(3, 3), stride=(2, 2), padding=(2, 2), bias=False, padding_mode=circular)
  (conv4): Conv2d(64, 64, kernel_size=(3, 3), stride=(2, 2), padding=(2, 2), bias=False, padding_mode=circular)
  (fc1): Linear(in_features=64, out_features=2, bias=True)
  (fc2): Linear(in_features=2304, out_features=64, bias=True)
)
Model size: 832.133KB
Training is starting...
Epoch:   1
Loss: 0.6731 Acc: 0.7500
val loss:  0.001811379611492157
Accuracy of the network on the val images: 100.0000 %
Epoch:   2
Loss: 0.0413 Acc: 1.0000
val loss:  3.084727213717997e-06
Accuracy of the network on the val images: 100.0000 %
Epoch:   3
Loss: 0.0004 Acc: 1.0000
val loss:  1.2805731821572409e-06
Accuracy of the network on the val images: 100.0000 %
Epoch:   4
Loss: 0.0002 Acc: 1.0000
val loss:  7.444820075761526e-07
Accuracy of the network on the val images: 100.0000 %
Epoch:   5
Loss: 0.0001 Acc: 1.0000
val loss:  4.971851667505689e-07
Accuracy of the network on the val images: 100.0000 %
Epoch:   6
Loss: 0.0001 Acc: 1.0000
val loss:  3.6015239311382175e-07
Accuracy of the network on the val images: 100.0000 %
Epoch:   7
Loss: 0.0001 Acc: 1.0000
val loss:  2.766111065284349e-07
Accuracy of the network on the val images: 100.0000 %
Epoch:   8
Loss: 0.0000 Acc: 1.0000
val loss:  2.223520932602696e-07
Accuracy of the network on the val images: 100.0000 %
Epoch:   9
Loss: 0.0000 Acc: 1.0000
val loss:  1.850390435720328e-07
Accuracy of the network on the val images: 100.0000 %
Epoch:  10
Loss: 0.0000 Acc: 1.0000
val loss:  1.584146903041983e-07
Accuracy of the network on the val images: 100.0000 %
Epoch:  11
Loss: 0.0000 Acc: 1.0000
val loss:  1.385129817208508e-07
Accuracy of the network on the val images: 100.0000 %
Epoch:  12
Loss: 0.0000 Acc: 1.0000
val loss:  1.232534232258331e-07
Accuracy of the network on the val images: 100.0000 %
Epoch:  13
Loss: 0.0000 Acc: 1.0000
val loss:  1.1114487642771565e-07
Accuracy of the network on the val images: 100.0000 %
Epoch:  14
Loss: 0.0000 Acc: 1.0000
val loss:  1.0129992915608454e-07
Accuracy of the network on the val images: 100.0000 %
Epoch:  15
Loss: 0.0000 Acc: 1.0000
val loss:  9.316788782598451e-08
Accuracy of the network on the val images: 100.0000 %
Epoch:  16
Loss: 0.0000 Acc: 1.0000
val loss:  8.639295992907137e-08
Accuracy of the network on the val images: 100.0000 %
Epoch:  17
Loss: 0.0000 Acc: 1.0000
val loss:  8.063600762397982e-08
Accuracy of the network on the val images: 100.0000 %
Epoch:  18
Loss: 0.0000 Acc: 1.0000
val loss:  7.567592638224596e-08
Accuracy of the network on the val images: 100.0000 %
Epoch:  19
Loss: 0.0000 Acc: 1.0000
val loss:  7.142867070797365e-08
Accuracy of the network on the val images: 100.0000 %
Epoch:  20
Loss: 0.0000 Acc: 1.0000
val loss:  6.765167290723185e-08
Accuracy of the network on the val images: 100.0000 %
Epoch:  21
Loss: 0.0000 Acc: 1.0000
val loss:  6.440512788685738e-08
Accuracy of the network on the val images: 100.0000 %
Epoch:  22
Loss: 0.0000 Acc: 1.0000
val loss:  6.14226182733546e-08
Accuracy of the network on the val images: 100.0000 %
Epoch:  23
Loss: 0.0000 Acc: 1.0000
val loss:  5.8814403018914165e-08
Accuracy of the network on the val images: 100.0000 %
Epoch:  24
Loss: 0.0000 Acc: 1.0000
val loss:  5.652804884448415e-08
Accuracy of the network on the val images: 100.0000 %
Epoch:  25
Loss: 0.0000 Acc: 1.0000
val loss:  5.4412154895544517e-08
Accuracy of the network on the val images: 100.0000 %
Epoch:  26
Loss: 0.0000 Acc: 1.0000
val loss:  5.24929464518209e-08
Accuracy of the network on the val images: 100.0000 %
Epoch:  27
Loss: 0.0000 Acc: 1.0000
val loss:  5.0758498218783644e-08
Accuracy of the network on the val images: 100.0000 %
Epoch:  28
Loss: 0.0000 Acc: 1.0000
val loss:  4.914564760838403e-08
Accuracy of the network on the val images: 100.0000 %
Epoch:  29
Loss: 0.0000 Acc: 1.0000
val loss:  4.7716369408590255e-08
Accuracy of the network on the val images: 100.0000 %
Epoch:  30
Loss: 0.0000 Acc: 1.0000
val loss:  4.641464056476252e-08
Accuracy of the network on the val images: 100.0000 %
Epoch:  31
Loss: 0.0000 Acc: 1.0000
val loss:  4.5146885895519516e-08
Accuracy of the network on the val images: 100.0000 %
Epoch:  32
Loss: 0.0000 Acc: 1.0000
val loss:  4.4032305595465004e-08
Accuracy of the network on the val images: 100.0000 %
Epoch:  33
Loss: 0.0000 Acc: 1.0000
val loss:  4.298448357076268e-08
Accuracy of the network on the val images: 100.0000 %
Epoch:  34
Loss: 0.0000 Acc: 1.0000
val loss:  4.201414503768319e-08
Accuracy of the network on the val images: 100.0000 %
Epoch:  35
Loss: 0.0000 Acc: 1.0000
val loss:  4.110996542294743e-08
Accuracy of the network on the val images: 100.0000 %
Epoch:  36
Loss: 0.0000 Acc: 1.0000
val loss:  4.0270153476740234e-08
Accuracy of the network on the val images: 100.0000 %
Epoch:  37
Loss: 0.0000 Acc: 1.0000
val loss:  3.9488757465733214e-08
Accuracy of the network on the val images: 100.0000 %
Epoch:  38
Loss: 0.0000 Acc: 1.0000
val loss:  3.876219625453814e-08
Accuracy of the network on the val images: 100.0000 %
Epoch:  39
Loss: 0.0000 Acc: 1.0000
val loss:  3.80576871066296e-08
Accuracy of the network on the val images: 100.0000 %
Epoch:  40
Loss: 0.0000 Acc: 1.0000
val loss:  3.740085685421946e-08
Accuracy of the network on the val images: 100.0000 %
Epoch:  41
Loss: 0.0000 Acc: 1.0000
val loss:  3.6797673146793385e-08
Accuracy of the network on the val images: 100.0000 %
Epoch:  42
Loss: 0.0000 Acc: 1.0000
val loss:  3.6255877148505536e-08
Accuracy of the network on the val images: 100.0000 %
Epoch:  43
Loss: 0.0000 Acc: 1.0000
val loss:  3.572302603060962e-08
Accuracy of the network on the val images: 100.0000 %
Epoch:  44
Loss: 0.0000 Acc: 1.0000
val loss:  3.519136316754157e-08
Accuracy of the network on the val images: 100.0000 %
Epoch:  45
Loss: 0.0000 Acc: 1.0000
val loss:  3.472288199191098e-08
Accuracy of the network on the val images: 100.0000 %
Epoch:  46
Loss: 0.0000 Acc: 1.0000
val loss:  3.428479703870835e-08
Accuracy of the network on the val images: 100.0000 %
Epoch:  47
Loss: 0.0000 Acc: 1.0000
val loss:  3.384850060683675e-08
Accuracy of the network on the val images: 100.0000 %
Epoch:  48
Loss: 0.0000 Acc: 1.0000
val loss:  3.346524908920401e-08
Accuracy of the network on the val images: 100.0000 %
Epoch:  49
Loss: 0.0000 Acc: 1.0000
val loss:  3.305875497972011e-08
Accuracy of the network on the val images: 100.0000 %
Epoch:  50
Loss: 0.0000 Acc: 1.0000
val loss:  3.270053957749042e-08
Accuracy of the network on the val images: 100.0000 %
Training finished.
testing loss:  0.060354625701904294
Accuracy of the network on the testset images: 0.0000 %
Testing with testset finished
Round  :   8
Net(
  (conv1): Conv2d(3, 32, kernel_size=(3, 3), stride=(1, 1), padding=(2, 2), bias=False, padding_mode=circular)
  (conv2): Conv2d(32, 32, kernel_size=(3, 3), stride=(2, 2), padding=(2, 2), bias=False, padding_mode=circular)
  (conv3): Conv2d(32, 64, kernel_size=(3, 3), stride=(2, 2), padding=(2, 2), bias=False, padding_mode=circular)
  (conv4): Conv2d(64, 64, kernel_size=(3, 3), stride=(2, 2), padding=(2, 2), bias=False, padding_mode=circular)
  (fc1): Linear(in_features=64, out_features=2, bias=True)
  (fc2): Linear(in_features=2304, out_features=64, bias=True)
)
Model size: 832.133KB
Training is starting...
Epoch:   1
Loss: 0.6923 Acc: 0.5615
val loss:  0.003453069806098938
Accuracy of the network on the val images: 100.0000 %
Epoch:   2
Loss: 0.6751 Acc: 1.0000
val loss:  0.0023990680575370787
Accuracy of the network on the val images: 100.0000 %
Epoch:   3
Loss: 0.0656 Acc: 1.0000
val loss:  3.4124625963158906e-06
Accuracy of the network on the val images: 100.0000 %
Epoch:   4
Loss: 0.0004 Acc: 1.0000
val loss:  1.4041525137145073e-06
Accuracy of the network on the val images: 100.0000 %
Epoch:   5
Loss: 0.0002 Acc: 1.0000
val loss:  8.17522537545301e-07
Accuracy of the network on the val images: 100.0000 %
Epoch:   6
Loss: 0.0001 Acc: 1.0000
val loss:  5.469863099278882e-07
Accuracy of the network on the val images: 100.0000 %
Epoch:   7
Loss: 0.0001 Acc: 1.0000
val loss:  3.9608800580026583e-07
Accuracy of the network on the val images: 100.0000 %
Epoch:   8
Loss: 0.0001 Acc: 1.0000
val loss:  3.029716535820626e-07
Accuracy of the network on the val images: 100.0000 %
Epoch:   9
Loss: 0.0001 Acc: 1.0000
val loss:  2.421332756057382e-07
Accuracy of the network on the val images: 100.0000 %
Epoch:  10
Loss: 0.0000 Acc: 1.0000
val loss:  2.004041562031489e-07
Accuracy of the network on the val images: 100.0000 %
Epoch:  11
Loss: 0.0000 Acc: 1.0000
val loss:  1.707031588011887e-07
Accuracy of the network on the val images: 100.0000 %
Epoch:  12
Loss: 0.0000 Acc: 1.0000
val loss:  1.4863827527733519e-07
Accuracy of the network on the val images: 100.0000 %
Epoch:  13
Loss: 0.0000 Acc: 1.0000
val loss:  1.3185017451178281e-07
Accuracy of the network on the val images: 100.0000 %
Epoch:  14
Loss: 0.0000 Acc: 1.0000
val loss:  1.1849016300402582e-07
Accuracy of the network on the val images: 100.0000 %
Epoch:  15
Loss: 0.0000 Acc: 1.0000
val loss:  1.0773582471301779e-07
Accuracy of the network on the val images: 100.0000 %
Epoch:  16
Loss: 0.0000 Acc: 1.0000
val loss:  9.892024354485329e-08
Accuracy of the network on the val images: 100.0000 %
Epoch:  17
Loss: 0.0000 Acc: 1.0000
val loss:  9.153565406450071e-08
Accuracy of the network on the val images: 100.0000 %
Epoch:  18
Loss: 0.0000 Acc: 1.0000
val loss:  8.532697211194318e-08
Accuracy of the network on the val images: 100.0000 %
Epoch:  19
Loss: 0.0000 Acc: 1.0000
val loss:  8.003971925063524e-08
Accuracy of the network on the val images: 100.0000 %
Epoch:  20
Loss: 0.0000 Acc: 1.0000
val loss:  7.541461218352197e-08
Accuracy of the network on the val images: 100.0000 %
Epoch:  21
Loss: 0.0000 Acc: 1.0000
val loss:  7.132592509151436e-08
Accuracy of the network on the val images: 100.0000 %
Epoch:  22
Loss: 0.0000 Acc: 1.0000
val loss:  6.781477532058489e-08
Accuracy of the network on the val images: 100.0000 %
Epoch:  23
Loss: 0.0000 Acc: 1.0000
val loss:  6.469043091783532e-08
Accuracy of the network on the val images: 100.0000 %
Epoch:  24
Loss: 0.0000 Acc: 1.0000
val loss:  6.189330542838434e-08
Accuracy of the network on the val images: 100.0000 %
Epoch:  25
Loss: 0.0000 Acc: 1.0000
val loss:  5.939894617768005e-08
Accuracy of the network on the val images: 100.0000 %
Epoch:  26
Loss: 0.0000 Acc: 1.0000
val loss:  5.711200356017798e-08
Accuracy of the network on the val images: 100.0000 %
Epoch:  27
Loss: 0.0000 Acc: 1.0000
val loss:  5.50831364307669e-08
Accuracy of the network on the val images: 100.0000 %
Epoch:  28
Loss: 0.0000 Acc: 1.0000
val loss:  5.323605364537798e-08
Accuracy of the network on the val images: 100.0000 %
Epoch:  29
Loss: 0.0000 Acc: 1.0000
val loss:  5.154274731467012e-08
Accuracy of the network on the val images: 100.0000 %
Epoch:  30
Loss: 0.0000 Acc: 1.0000
val loss:  4.9982949349214325e-08
Accuracy of the network on the val images: 100.0000 %
Epoch:  31
Loss: 0.0000 Acc: 1.0000
val loss:  4.85655964439502e-08
Accuracy of the network on the val images: 100.0000 %
Epoch:  32
Loss: 0.0000 Acc: 1.0000
val loss:  4.7266858018701895e-08
Accuracy of the network on the val images: 100.0000 %
Epoch:  33
Loss: 0.0000 Acc: 1.0000
val loss:  4.607003120327136e-08
Accuracy of the network on the val images: 100.0000 %
Epoch:  34
Loss: 0.0000 Acc: 1.0000
val loss:  4.495426946959924e-08
Accuracy of the network on the val images: 100.0000 %
Epoch:  35
Loss: 0.0000 Acc: 1.0000
val loss:  4.39106215708307e-08
Accuracy of the network on the val images: 100.0000 %
Epoch:  36
Loss: 0.0000 Acc: 1.0000
val loss:  4.2924194076476855e-08
Accuracy of the network on the val images: 100.0000 %
Epoch:  37
Loss: 0.0000 Acc: 1.0000
val loss:  4.2055779886140957e-08
Accuracy of the network on the val images: 100.0000 %
Epoch:  38
Loss: 0.0000 Acc: 1.0000
val loss:  4.1214782868337353e-08
Accuracy of the network on the val images: 100.0000 %
Epoch:  39
Loss: 0.0000 Acc: 1.0000
val loss:  4.043338958581444e-08
Accuracy of the network on the val images: 100.0000 %
Epoch:  40
Loss: 0.0000 Acc: 1.0000
val loss:  3.9696102248854005e-08
Accuracy of the network on the val images: 100.0000 %
Epoch:  41
Loss: 0.0000 Acc: 1.0000
val loss:  3.9042255139065676e-08
Accuracy of the network on the val images: 100.0000 %
Epoch:  42
Loss: 0.0000 Acc: 1.0000
val loss:  3.837768099401728e-08
Accuracy of the network on the val images: 100.0000 %
Epoch:  43
Loss: 0.0000 Acc: 1.0000
val loss:  3.776734592975117e-08
Accuracy of the network on the val images: 100.0000 %
Epoch:  44
Loss: 0.0000 Acc: 1.0000
val loss:  3.720469385370961e-08
Accuracy of the network on the val images: 100.0000 %
Epoch:  45
Loss: 0.0000 Acc: 1.0000
val loss:  3.667184137157165e-08
Accuracy of the network on the val images: 100.0000 %
Epoch:  46
Loss: 0.0000 Acc: 1.0000
val loss:  3.614435263443738e-08
Accuracy of the network on the val images: 100.0000 %
Epoch:  47
Loss: 0.0000 Acc: 1.0000
val loss:  3.5687197851075326e-08
Accuracy of the network on the val images: 100.0000 %
Epoch:  48
Loss: 0.0000 Acc: 1.0000
val loss:  3.5216928608861054e-08
Accuracy of the network on the val images: 100.0000 %
Epoch:  49
Loss: 0.0000 Acc: 1.0000
val loss:  3.4799112654582134e-08
Accuracy of the network on the val images: 100.0000 %
Epoch:  50
Loss: 0.0000 Acc: 1.0000
val loss:  3.442003753661993e-08
Accuracy of the network on the val images: 100.0000 %
Training finished.
testing loss:  0.06014042472839355
Accuracy of the network on the testset images: 0.0000 %
Testing with testset finished
Round  :   9
Net(
  (conv1): Conv2d(3, 32, kernel_size=(3, 3), stride=(1, 1), padding=(2, 2), bias=False, padding_mode=circular)
  (conv2): Conv2d(32, 32, kernel_size=(3, 3), stride=(2, 2), padding=(2, 2), bias=False, padding_mode=circular)
  (conv3): Conv2d(32, 64, kernel_size=(3, 3), stride=(2, 2), padding=(2, 2), bias=False, padding_mode=circular)
  (conv4): Conv2d(64, 64, kernel_size=(3, 3), stride=(2, 2), padding=(2, 2), bias=False, padding_mode=circular)
  (fc1): Linear(in_features=64, out_features=2, bias=True)
  (fc2): Linear(in_features=2304, out_features=64, bias=True)
)
Model size: 832.133KB
Training is starting...
Epoch:   1
Loss: 0.6901 Acc: 0.7490
val loss:  0.0033983303308486937
Accuracy of the network on the val images: 100.0000 %
Epoch:   2
Loss: 0.3138 Acc: 1.0000
val loss:  5.7223109761253e-06
Accuracy of the network on the val images: 100.0000 %
Epoch:   3
Loss: 0.0006 Acc: 1.0000
val loss:  1.749604707583785e-06
Accuracy of the network on the val images: 100.0000 %
Epoch:   4
Loss: 0.0003 Acc: 1.0000
val loss:  9.40278812777251e-07
Accuracy of the network on the val images: 100.0000 %
Epoch:   5
Loss: 0.0002 Acc: 1.0000
val loss:  6.076037534512579e-07
Accuracy of the network on the val images: 100.0000 %
Epoch:   6
Loss: 0.0001 Acc: 1.0000
val loss:  4.320930456742644e-07
Accuracy of the network on the val images: 100.0000 %
Epoch:   7
Loss: 0.0001 Acc: 1.0000
val loss:  3.2716268469812346e-07
Accuracy of the network on the val images: 100.0000 %
Epoch:   8
Loss: 0.0001 Acc: 1.0000
val loss:  2.5954636294045486e-07
Accuracy of the network on the val images: 100.0000 %
Epoch:   9
Loss: 0.0000 Acc: 1.0000
val loss:  2.1384355204645545e-07
Accuracy of the network on the val images: 100.0000 %
Epoch:  10
Loss: 0.0000 Acc: 1.0000
val loss:  1.814327733882237e-07
Accuracy of the network on the val images: 100.0000 %
Epoch:  11
Loss: 0.0000 Acc: 1.0000
val loss:  1.5751861610624472e-07
Accuracy of the network on the val images: 100.0000 %
Epoch:  12
Loss: 0.0000 Acc: 1.0000
val loss:  1.392417907482013e-07
Accuracy of the network on the val images: 100.0000 %
Epoch:  13
Loss: 0.0000 Acc: 1.0000
val loss:  1.2495442751969676e-07
Accuracy of the network on the val images: 100.0000 %
Epoch:  14
Loss: 0.0000 Acc: 1.0000
val loss:  1.1342768993927166e-07
Accuracy of the network on the val images: 100.0000 %
Epoch:  15
Loss: 0.0000 Acc: 1.0000
val loss:  1.0401493636891246e-07
Accuracy of the network on the val images: 100.0000 %
Epoch:  16
Loss: 0.0000 Acc: 1.0000
val loss:  9.616607894713524e-08
Accuracy of the network on the val images: 100.0000 %
Epoch:  17
Loss: 0.0000 Acc: 1.0000
val loss:  8.953483120421879e-08
Accuracy of the network on the val images: 100.0000 %
Epoch:  18
Loss: 0.0000 Acc: 1.0000
val loss:  8.384527700400213e-08
Accuracy of the network on the val images: 100.0000 %
Epoch:  19
Loss: 0.0000 Acc: 1.0000
val loss:  7.893767906352877e-08
Accuracy of the network on the val images: 100.0000 %
Epoch:  20
Loss: 0.0000 Acc: 1.0000
val loss:  7.469581487384858e-08
Accuracy of the network on the val images: 100.0000 %
Epoch:  21
Loss: 0.0000 Acc: 1.0000
val loss:  7.092600299074547e-08
Accuracy of the network on the val images: 100.0000 %
Epoch:  22
Loss: 0.0000 Acc: 1.0000
val loss:  6.762941575289005e-08
Accuracy of the network on the val images: 100.0000 %
Epoch:  23
Loss: 0.0000 Acc: 1.0000
val loss:  6.465884234785336e-08
Accuracy of the network on the val images: 100.0000 %
Epoch:  24
Loss: 0.0000 Acc: 1.0000
val loss:  6.200594816618832e-08
Accuracy of the network on the val images: 100.0000 %
Epoch:  25
Loss: 0.0000 Acc: 1.0000
val loss:  5.962245359114605e-08
Accuracy of the network on the val images: 100.0000 %
Epoch:  26
Loss: 0.0000 Acc: 1.0000
val loss:  5.748809053329751e-08
Accuracy of the network on the val images: 100.0000 %
Epoch:  27
Loss: 0.0000 Acc: 1.0000
val loss:  5.551167032535886e-08
Accuracy of the network on the val images: 100.0000 %
Epoch:  28
Loss: 0.0000 Acc: 1.0000
val loss:  5.3749826292914805e-08
Accuracy of the network on the val images: 100.0000 %
Epoch:  29
Loss: 0.0000 Acc: 1.0000
val loss:  5.2151286581647586e-08
Accuracy of the network on the val images: 100.0000 %
Epoch:  30
Loss: 0.0000 Acc: 1.0000
val loss:  5.0620694310055115e-08
Accuracy of the network on the val images: 100.0000 %
Epoch:  31
Loss: 0.0000 Acc: 1.0000
val loss:  4.925043231196469e-08
Accuracy of the network on the val images: 100.0000 %
Epoch:  32
Loss: 0.0000 Acc: 1.0000
val loss:  4.7991028623073365e-08
Accuracy of the network on the val images: 100.0000 %
Epoch:  33
Loss: 0.0000 Acc: 1.0000
val loss:  4.681745031120954e-08
Accuracy of the network on the val images: 100.0000 %
Epoch:  34
Loss: 0.0000 Acc: 1.0000
val loss:  4.570943292492302e-08
Accuracy of the network on the val images: 100.0000 %
Epoch:  35
Loss: 0.0000 Acc: 1.0000
val loss:  4.469201439860626e-08
Accuracy of the network on the val images: 100.0000 %
Epoch:  36
Loss: 0.0000 Acc: 1.0000
val loss:  4.3767573060904393e-08
Accuracy of the network on the val images: 100.0000 %
Epoch:  37
Loss: 0.0000 Acc: 1.0000
val loss:  4.2891415432677605e-08
Accuracy of the network on the val images: 100.0000 %
Epoch:  38
Loss: 0.0000 Acc: 1.0000
val loss:  4.206531593808904e-08
Accuracy of the network on the val images: 100.0000 %
Epoch:  39
Loss: 0.0000 Acc: 1.0000
val loss:  4.131491550651845e-08
Accuracy of the network on the val images: 100.0000 %
Epoch:  40
Loss: 0.0000 Acc: 1.0000
val loss:  4.0596102280687774e-08
Accuracy of the network on the val images: 100.0000 %
Epoch:  41
Loss: 0.0000 Acc: 1.0000
val loss:  3.9920206745591715e-08
Accuracy of the network on the val images: 100.0000 %
Epoch:  42
Loss: 0.0000 Acc: 1.0000
val loss:  3.927350962840137e-08
Accuracy of the network on the val images: 100.0000 %
Epoch:  43
Loss: 0.0000 Acc: 1.0000
val loss:  3.8703708469256524e-08
Accuracy of the network on the val images: 100.0000 %
Epoch:  44
Loss: 0.0000 Acc: 1.0000
val loss:  3.815237960225204e-08
Accuracy of the network on the val images: 100.0000 %
Epoch:  45
Loss: 0.0000 Acc: 1.0000
val loss:  3.761595417017815e-08
Accuracy of the network on the val images: 100.0000 %
Epoch:  46
Loss: 0.0000 Acc: 1.0000
val loss:  3.7091446756676304e-08
Accuracy of the network on the val images: 100.0000 %
Epoch:  47
Loss: 0.0000 Acc: 1.0000
val loss:  3.6624158383347096e-08
Accuracy of the network on the val images: 100.0000 %
Epoch:  48
Loss: 0.0000 Acc: 1.0000
val loss:  3.619084236561321e-08
Accuracy of the network on the val images: 100.0000 %
Epoch:  49
Loss: 0.0000 Acc: 1.0000
val loss:  3.576051039999584e-08
Accuracy of the network on the val images: 100.0000 %
Epoch:  50
Loss: 0.0000 Acc: 1.0000
val loss:  3.5342094179213745e-08
Accuracy of the network on the val images: 100.0000 %
Training finished.
testing loss:  0.06399582481384278
Accuracy of the network on the testset images: 0.0000 %
Testing with testset finished
Round  :  10
Net(
  (conv1): Conv2d(3, 32, kernel_size=(3, 3), stride=(1, 1), padding=(2, 2), bias=False, padding_mode=circular)
  (conv2): Conv2d(32, 32, kernel_size=(3, 3), stride=(2, 2), padding=(2, 2), bias=False, padding_mode=circular)
  (conv3): Conv2d(32, 64, kernel_size=(3, 3), stride=(2, 2), padding=(2, 2), bias=False, padding_mode=circular)
  (conv4): Conv2d(64, 64, kernel_size=(3, 3), stride=(2, 2), padding=(2, 2), bias=False, padding_mode=circular)
  (fc1): Linear(in_features=64, out_features=2, bias=True)
  (fc2): Linear(in_features=2304, out_features=64, bias=True)
)
Model size: 832.133KB
Training is starting...
Epoch:   1
Loss: 0.6898 Acc: 0.6350
val loss:  0.003358863413333893
Accuracy of the network on the val images: 100.0000 %
Epoch:   2
Loss: 0.2345 Acc: 1.0000
val loss:  4.566415620502084e-06
Accuracy of the network on the val images: 100.0000 %
Epoch:   3
Loss: 0.0005 Acc: 1.0000
val loss:  1.536888856207952e-06
Accuracy of the network on the val images: 100.0000 %
Epoch:   4
Loss: 0.0002 Acc: 1.0000
val loss:  8.425322157563642e-07
Accuracy of the network on the val images: 100.0000 %
Epoch:   5
Loss: 0.0001 Acc: 1.0000
val loss:  5.475134457810782e-07
Accuracy of the network on the val images: 100.0000 %
Epoch:   6
Loss: 0.0001 Acc: 1.0000
val loss:  3.9058231777744367e-07
Accuracy of the network on the val images: 100.0000 %
Epoch:   7
Loss: 0.0001 Acc: 1.0000
val loss:  2.966549072880298e-07
Accuracy of the network on the val images: 100.0000 %
Epoch:   8
Loss: 0.0001 Acc: 1.0000
val loss:  2.360518410569057e-07
Accuracy of the network on the val images: 100.0000 %
Epoch:   9
Loss: 0.0000 Acc: 1.0000
val loss:  1.951775630004704e-07
Accuracy of the network on the val images: 100.0000 %
Epoch:  10
Loss: 0.0000 Acc: 1.0000
val loss:  1.6602816685917787e-07
Accuracy of the network on the val images: 100.0000 %
Epoch:  11
Loss: 0.0000 Acc: 1.0000
val loss:  1.4450490562012418e-07
Accuracy of the network on the val images: 100.0000 %
Epoch:  12
Loss: 0.0000 Acc: 1.0000
val loss:  1.2804446669179015e-07
Accuracy of the network on the val images: 100.0000 %
Epoch:  13
Loss: 0.0000 Acc: 1.0000
val loss:  1.1512185119499918e-07
Accuracy of the network on the val images: 100.0000 %
Epoch:  14
Loss: 0.0000 Acc: 1.0000
val loss:  1.0464994556969031e-07
Accuracy of the network on the val images: 100.0000 %
Epoch:  15
Loss: 0.0000 Acc: 1.0000
val loss:  9.605722152628005e-08
Accuracy of the network on the val images: 100.0000 %
Epoch:  16
Loss: 0.0000 Acc: 1.0000
val loss:  8.894138773030135e-08
Accuracy of the network on the val images: 100.0000 %
Epoch:  17
Loss: 0.0000 Acc: 1.0000
val loss:  8.290612186101498e-08
Accuracy of the network on the val images: 100.0000 %
Epoch:  18
Loss: 0.0000 Acc: 1.0000
val loss:  7.772671960992739e-08
Accuracy of the network on the val images: 100.0000 %
Epoch:  19
Loss: 0.0000 Acc: 1.0000
val loss:  7.324643684114562e-08
Accuracy of the network on the val images: 100.0000 %
Epoch:  20
Loss: 0.0000 Acc: 1.0000
val loss:  6.932223004696425e-08
Accuracy of the network on the val images: 100.0000 %
Epoch:  21
Loss: 0.0000 Acc: 1.0000
val loss:  6.589987242477947e-08
Accuracy of the network on the val images: 100.0000 %
Epoch:  22
Loss: 0.0000 Acc: 1.0000
val loss:  6.286969073698856e-08
Accuracy of the network on the val images: 100.0000 %
Epoch:  23
Loss: 0.0000 Acc: 1.0000
val loss:  6.014764403516892e-08
Accuracy of the network on the val images: 100.0000 %
Epoch:  24
Loss: 0.0000 Acc: 1.0000
val loss:  5.7736127928365023e-08
Accuracy of the network on the val images: 100.0000 %
Epoch:  25
Loss: 0.0000 Acc: 1.0000
val loss:  5.552606126002502e-08
Accuracy of the network on the val images: 100.0000 %
Epoch:  26
Loss: 0.0000 Acc: 1.0000
val loss:  5.3563348956231495e-08
Accuracy of the network on the val images: 100.0000 %
Epoch:  27
Loss: 0.0000 Acc: 1.0000
val loss:  5.177169259695802e-08
Accuracy of the network on the val images: 100.0000 %
Epoch:  28
Loss: 0.0000 Acc: 1.0000
val loss:  5.013022837374592e-08
Accuracy of the network on the val images: 100.0000 %
Epoch:  29
Loss: 0.0000 Acc: 1.0000
val loss:  4.866579001827631e-08
Accuracy of the network on the val images: 100.0000 %
Epoch:  30
Loss: 0.0000 Acc: 1.0000
val loss:  4.7266913497878705e-08
Accuracy of the network on the val images: 100.0000 %
Epoch:  31
Loss: 0.0000 Acc: 1.0000
val loss:  4.6017633394512816e-08
Accuracy of the network on the val images: 100.0000 %
Epoch:  32
Loss: 0.0000 Acc: 1.0000
val loss:  4.4835709104518176e-08
Accuracy of the network on the val images: 100.0000 %
Epoch:  33
Loss: 0.0000 Acc: 1.0000
val loss:  4.3770605316240107e-08
Accuracy of the network on the val images: 100.0000 %
Epoch:  34
Loss: 0.0000 Acc: 1.0000
val loss:  4.277582911527134e-08
Accuracy of the network on the val images: 100.0000 %
Epoch:  35
Loss: 0.0000 Acc: 1.0000
val loss:  4.184244562566164e-08
Accuracy of the network on the val images: 100.0000 %
Epoch:  36
Loss: 0.0000 Acc: 1.0000
val loss:  4.0982969949254766e-08
Accuracy of the network on the val images: 100.0000 %
Epoch:  37
Loss: 0.0000 Acc: 1.0000
val loss:  4.018011713924352e-08
Accuracy of the network on the val images: 100.0000 %
Epoch:  38
Loss: 0.0000 Acc: 1.0000
val loss:  3.942911962440121e-08
Accuracy of the network on the val images: 100.0000 %
Epoch:  39
Loss: 0.0000 Acc: 1.0000
val loss:  3.8744278754165865e-08
Accuracy of the network on the val images: 100.0000 %
Epoch:  40
Loss: 0.0000 Acc: 1.0000
val loss:  3.805884216490085e-08
Accuracy of the network on the val images: 100.0000 %
Epoch:  41
Loss: 0.0000 Acc: 1.0000
val loss:  3.744492914847797e-08
Accuracy of the network on the val images: 100.0000 %
Epoch:  42
Loss: 0.0000 Acc: 1.0000
val loss:  3.685664523800369e-08
Accuracy of the network on the val images: 100.0000 %
Epoch:  43
Loss: 0.0000 Acc: 1.0000
val loss:  3.6299355542723785e-08
Accuracy of the network on the val images: 100.0000 %
Epoch:  44
Loss: 0.0000 Acc: 1.0000
val loss:  3.578140513127437e-08
Accuracy of the network on the val images: 100.0000 %
Epoch:  45
Loss: 0.0000 Acc: 1.0000
val loss:  3.530994217726402e-08
Accuracy of the network on the val images: 100.0000 %
Epoch:  46
Loss: 0.0000 Acc: 1.0000
val loss:  3.482715419522719e-08
Accuracy of the network on the val images: 100.0000 %
Epoch:  47
Loss: 0.0000 Acc: 1.0000
val loss:  3.4386091101623605e-08
Accuracy of the network on the val images: 100.0000 %
Epoch:  48
Loss: 0.0000 Acc: 1.0000
val loss:  3.400403556952369e-08
Accuracy of the network on the val images: 100.0000 %
Epoch:  49
Loss: 0.0000 Acc: 1.0000
val loss:  3.3592772524571046e-08
Accuracy of the network on the val images: 100.0000 %
Epoch:  50
Loss: 0.0000 Acc: 1.0000
val loss:  3.322978909636731e-08
Accuracy of the network on the val images: 100.0000 %
Training finished.
testing loss:  0.06376409816741943
Accuracy of the network on the testset images: 0.0000 %
Testing with testset finished
*******************************************
 Type of convolution :  circular
 Type of network :  Net2
*******************************************
Results for validation dataset {0: 100.0, 1: 100.0, 2: 100.0, 3: 100.0, 4: 100.0, 5: 100.0, 6: 100.0, 7: 100.0, 8: 100.0, 9: 100.0}
mean: 100.0000 std: 0.0000 for validation
Results for test dataset {0: 0.0, 1: 0.0, 2: 0.0, 3: 0.0, 4: 0.0, 5: 0.0, 6: 0.0, 7: 0.0, 8: 0.0, 9: 0.0}
mean: 0.0000 std: 0.0000 for test

JOB STATISTICS
==============
Job ID: 8549752
Cluster: snellius
User/Group: scur2785/scur2785
State: COMPLETED (exit code 0)
Nodes: 1
Cores per node: 9
CPU Utilized: 00:08:33
CPU Efficiency: 77.03% of 00:11:06 core-walltime
Job Wall-clock time: 00:01:14
Memory Utilized: 780.63 MB
Memory Efficiency: 1.27% of 60.00 GB
