============================================================================================== 
Warning! Mixing Conda and module environments may lead to corruption of the
user environment. 
We do not recommend users mixing those two environments unless absolutely
necessary. Note that 
SURF does not provide any support for Conda environment.
For more information, please refer to our software policy page:
https://servicedesk.surf.nl/wiki/display/WIKI/Software+policy+Snellius#SoftwarepolicySnellius-UseofAnacondaandMinicondaenvironmentsonSnellius 

Remember that many packages have already been installed on the system and can
be loaded using 
the 'module load <package__name>' command. If you are uncertain if a package is
already available 
on the system, please use 'module avail' or 'module spider' to search for it.
============================================================================================== 
usage: conda [-h] [--no-plugins] [-V] COMMAND ...
conda: error: argument COMMAND: invalid choice: 'activate' (choose from 'clean', 'compare', 'config', 'create', 'info', 'init', 'install', 'list', 'notices', 'package', 'remove', 'uninstall', 'rename', 'run', 'search', 'update', 'upgrade', 'build', 'convert', 'debug', 'develop', 'doctor', 'index', 'inspect', 'metapackage', 'render', 'skeleton', 'verify', 'pack', 'content-trust', 'repo', 'server', 'token', 'env')
/gpfs/home6/scur2785/uvadlc_practicals_2024/assignment2/part1/exercise1.1/net.py:294: FutureWarning: Positional args are being deprecated, use kwargs instead. Refer to https://pytorch.org/docs/main/generated/torch.nn.Module.html#torch.nn.Module.state_dict for details.
  torch.save(net.state_dict(net_model_wts), net_model)
/gpfs/home6/scur2785/uvadlc_practicals_2024/assignment2/part1/exercise1.1/net.py:308: FutureWarning: You are using `torch.load` with `weights_only=False` (the current default value), which uses the default pickle module implicitly. It is possible to construct malicious pickle data which will execute arbitrary code during unpickling (See https://github.com/pytorch/pytorch/blob/main/SECURITY.md#untrusted-models for more details). In a future release, the default value for `weights_only` will be flipped to `True`. This limits the functions that could be executed during unpickling. Arbitrary objects will no longer be allowed to be loaded via this mode unless they are explicitly allowlisted by the user via `torch.serialization.add_safe_globals`. We recommend you start setting `weights_only=True` for any use case where you don't have full control of the loaded file. Please open an issue on GitHub for any issues related to this experimental feature.
  net.load_state_dict(torch.load(net_model))  # using best model
Namespace(train_size=2000, val_size=1000, test_size=1000, conv_type='fconv', net_type='Net1', image_size=32, offset1=7, offset2=23, fluctuation=6, n_repeat=10, epochs=50, batch_size=200)
Round  :   1
Net(
  (conv1): Conv2d(3, 32, kernel_size=(3, 3), stride=(1, 1), padding=(2, 2), bias=False)
  (conv2): Conv2d(32, 32, kernel_size=(3, 3), stride=(2, 2), padding=(2, 2), bias=False)
  (conv3): Conv2d(32, 64, kernel_size=(3, 3), stride=(2, 2), padding=(2, 2), bias=False)
  (conv4): Conv2d(64, 64, kernel_size=(3, 3), stride=(2, 2), padding=(2, 2), bias=False)
  (fc1): Linear(in_features=64, out_features=2, bias=True)
  (adap_max): AdaptiveMaxPool2d(output_size=1)
)
Model size: 255.883KB
Training is starting...
Epoch:   1
Loss: 0.6931 Acc: 0.5000
val loss:  0.003463396370410919
Accuracy of the network on the val images: 50.0000 %
Epoch:   2
Loss: 0.6924 Acc: 0.5595
val loss:  0.0034592636823654174
Accuracy of the network on the val images: 68.4000 %
Epoch:   3
Loss: 0.6911 Acc: 0.7040
val loss:  0.0034487590789794922
Accuracy of the network on the val images: 71.7000 %
Epoch:   4
Loss: 0.6868 Acc: 0.7195
val loss:  0.0033976103067398073
Accuracy of the network on the val images: 72.3000 %
Epoch:   5
Loss: 0.6434 Acc: 0.7320
val loss:  0.0026604167222976684
Accuracy of the network on the val images: 74.7000 %
Epoch:   6
Loss: 0.5876 Acc: 0.6695
val loss:  0.002476709336042404
Accuracy of the network on the val images: 77.9000 %
Epoch:   7
Loss: 0.5379 Acc: 0.7400
val loss:  0.0026608521342277526
Accuracy of the network on the val images: 74.7000 %
patience 1
Epoch:   8
Loss: 0.4083 Acc: 0.7885
val loss:  0.0019729684293270113
Accuracy of the network on the val images: 79.9000 %
Epoch:   9
Loss: 0.4085 Acc: 0.7915
val loss:  0.0016048320829868316
Accuracy of the network on the val images: 81.6000 %
Epoch:  10
Loss: 0.4001 Acc: 0.7955
val loss:  0.0016105703711509704
Accuracy of the network on the val images: 81.9000 %
patience 1
Epoch:  11
Loss: 0.3326 Acc: 0.8025
val loss:  0.0014750377833843231
Accuracy of the network on the val images: 83.0000 %
Epoch:  12
Loss: 0.3444 Acc: 0.8115
val loss:  0.001437254548072815
Accuracy of the network on the val images: 84.0000 %
Epoch:  13
Loss: 0.3168 Acc: 0.8210
val loss:  0.0013993914127349853
Accuracy of the network on the val images: 83.4000 %
Epoch:  14
Loss: 0.3113 Acc: 0.8190
val loss:  0.0013225892037153244
Accuracy of the network on the val images: 85.2000 %
Epoch:  15
Loss: 0.3157 Acc: 0.8260
val loss:  0.0013132380694150924
Accuracy of the network on the val images: 86.1000 %
Epoch:  16
Loss: 0.2922 Acc: 0.8540
val loss:  0.001294127032160759
Accuracy of the network on the val images: 85.7000 %
Epoch:  17
Loss: 0.2796 Acc: 0.8455
val loss:  0.0012563153356313706
Accuracy of the network on the val images: 86.2000 %
Epoch:  18
Loss: 0.2809 Acc: 0.8545
val loss:  0.0012326941937208175
Accuracy of the network on the val images: 86.9000 %
Epoch:  19
Loss: 0.2690 Acc: 0.8480
val loss:  0.0012042330503463745
Accuracy of the network on the val images: 86.9000 %
Epoch:  20
Loss: 0.2711 Acc: 0.8545
val loss:  0.0012248921543359756
Accuracy of the network on the val images: 86.2000 %
patience 1
Epoch:  21
Loss: 0.2612 Acc: 0.8510
val loss:  0.0011830569803714752
Accuracy of the network on the val images: 86.7000 %
Epoch:  22
Loss: 0.2591 Acc: 0.8540
val loss:  0.0011820423901081085
Accuracy of the network on the val images: 87.1000 %
Epoch:  23
Loss: 0.2578 Acc: 0.8565
val loss:  0.001201950043439865
Accuracy of the network on the val images: 86.2000 %
patience 1
Epoch:  24
Loss: 0.2592 Acc: 0.8575
val loss:  0.001176170289516449
Accuracy of the network on the val images: 87.0000 %
Epoch:  25
Loss: 0.2525 Acc: 0.8560
val loss:  0.0011849486380815506
Accuracy of the network on the val images: 86.7000 %
patience 1
Epoch:  26
Loss: 0.2532 Acc: 0.8590
val loss:  0.0011520185470581055
Accuracy of the network on the val images: 87.4000 %
Epoch:  27
Loss: 0.2526 Acc: 0.8595
val loss:  0.0011867557168006896
Accuracy of the network on the val images: 86.0000 %
patience 1
Epoch:  28
Loss: 0.2504 Acc: 0.8620
val loss:  0.0011654271632432938
Accuracy of the network on the val images: 86.3000 %
patience 2
Epoch:  29
Loss: 0.2503 Acc: 0.8630
val loss:  0.0011769940704107285
Accuracy of the network on the val images: 86.1000 %
patience 3
Epoch:  30
Loss: 0.2522 Acc: 0.8570
val loss:  0.0011582485884428025
Accuracy of the network on the val images: 87.1000 %
patience 4
Epoch:  31
Loss: 0.2528 Acc: 0.8605
val loss:  0.0011634272336959839
Accuracy of the network on the val images: 87.2000 %
patience 5
Epoch:  32
Loss: 0.2446 Acc: 0.8650
val loss:  0.0011678733676671982
Accuracy of the network on the val images: 86.8000 %
patience 6
Epoch:  33
Loss: 0.2479 Acc: 0.8625
val loss:  0.0011608248949050903
Accuracy of the network on the val images: 87.3000 %
patience 7
Epoch:  34
Loss: 0.2465 Acc: 0.8645
val loss:  0.0011490570157766341
Accuracy of the network on the val images: 87.4000 %
Epoch:  35
Loss: 0.2445 Acc: 0.8695
val loss:  0.0011663996577262878
Accuracy of the network on the val images: 86.8000 %
patience 1
Epoch:  36
Loss: 0.2441 Acc: 0.8625
val loss:  0.0011396638453006745
Accuracy of the network on the val images: 87.6000 %
Epoch:  37
Loss: 0.2399 Acc: 0.8685
val loss:  0.001141116887331009
Accuracy of the network on the val images: 87.6000 %
patience 1
Epoch:  38
Loss: 0.2411 Acc: 0.8690
val loss:  0.0011472056955099106
Accuracy of the network on the val images: 87.4000 %
patience 2
Epoch:  39
Loss: 0.2390 Acc: 0.8690
val loss:  0.0011712159365415574
Accuracy of the network on the val images: 87.5000 %
patience 3
Epoch:  40
Loss: 0.2380 Acc: 0.8665
val loss:  0.0011554900705814362
Accuracy of the network on the val images: 87.6000 %
patience 4
Epoch:  41
Loss: 0.2431 Acc: 0.8670
val loss:  0.0011052234470844268
Accuracy of the network on the val images: 88.2000 %
Epoch:  42
Loss: 0.2387 Acc: 0.8705
val loss:  0.001103173017501831
Accuracy of the network on the val images: 88.4000 %
Epoch:  43
Loss: 0.2395 Acc: 0.8685
val loss:  0.0010687386244535447
Accuracy of the network on the val images: 89.3000 %
Epoch:  44
Loss: 0.2349 Acc: 0.8730
val loss:  0.00111520516872406
Accuracy of the network on the val images: 87.8000 %
patience 1
Epoch:  45
Loss: 0.2318 Acc: 0.8730
val loss:  0.001054901883006096
Accuracy of the network on the val images: 89.7000 %
Epoch:  46
Loss: 0.2358 Acc: 0.8745
val loss:  0.001195080503821373
Accuracy of the network on the val images: 87.0000 %
patience 1
Epoch:  47
Loss: 0.2277 Acc: 0.8745
val loss:  0.0010515806823968887
Accuracy of the network on the val images: 89.6000 %
Epoch:  48
Loss: 0.2363 Acc: 0.8715
val loss:  0.0012549725025892257
Accuracy of the network on the val images: 85.4000 %
patience 1
Epoch:  49
Loss: 0.2283 Acc: 0.8760
val loss:  0.001080717995762825
Accuracy of the network on the val images: 88.0000 %
patience 2
Epoch:  50
Loss: 0.2309 Acc: 0.8750
val loss:  0.0010810823291540145
Accuracy of the network on the val images: 88.6000 %
patience 3
Training finished.
testing loss:  0.0010515806823968887
Accuracy of the network on the testset images: 89.6000 %
Testing with testset finished
Round  :   2
Net(
  (conv1): Conv2d(3, 32, kernel_size=(3, 3), stride=(1, 1), padding=(2, 2), bias=False)
  (conv2): Conv2d(32, 32, kernel_size=(3, 3), stride=(2, 2), padding=(2, 2), bias=False)
  (conv3): Conv2d(32, 64, kernel_size=(3, 3), stride=(2, 2), padding=(2, 2), bias=False)
  (conv4): Conv2d(64, 64, kernel_size=(3, 3), stride=(2, 2), padding=(2, 2), bias=False)
  (fc1): Linear(in_features=64, out_features=2, bias=True)
  (adap_max): AdaptiveMaxPool2d(output_size=1)
)
Model size: 255.883KB
Training is starting...
Epoch:   1
Loss: 0.6936 Acc: 0.5000
val loss:  0.003464485168457031
Accuracy of the network on the val images: 50.0000 %
Epoch:   2
Loss: 0.6926 Acc: 0.5030
val loss:  0.0034602835774421694
Accuracy of the network on the val images: 54.9000 %
Epoch:   3
Loss: 0.6916 Acc: 0.6125
val loss:  0.003452485740184784
Accuracy of the network on the val images: 64.9000 %
Epoch:   4
Loss: 0.6888 Acc: 0.6395
val loss:  0.003422111451625824
Accuracy of the network on the val images: 65.4000 %
Epoch:   5
Loss: 0.6704 Acc: 0.6740
val loss:  0.003104216277599335
Accuracy of the network on the val images: 73.7000 %
Epoch:   6
Loss: 0.6125 Acc: 0.7080
val loss:  0.0022509497702121735
Accuracy of the network on the val images: 80.1000 %
Epoch:   7
Loss: 0.5613 Acc: 0.7185
val loss:  0.002590726226568222
Accuracy of the network on the val images: 72.6000 %
patience 1
Epoch:   8
Loss: 0.4109 Acc: 0.7930
val loss:  0.0016769878566265106
Accuracy of the network on the val images: 83.0000 %
Epoch:   9
Loss: 0.4863 Acc: 0.7595
val loss:  0.0025636517107486723
Accuracy of the network on the val images: 73.5000 %
patience 1
Epoch:  10
Loss: 0.3750 Acc: 0.8060
val loss:  0.0015588101148605346
Accuracy of the network on the val images: 83.2000 %
Epoch:  11
Loss: 0.3351 Acc: 0.8130
val loss:  0.002138319879770279
Accuracy of the network on the val images: 79.7000 %
patience 1
Epoch:  12
Loss: 0.3494 Acc: 0.8015
val loss:  0.0015277117788791655
Accuracy of the network on the val images: 82.9000 %
Epoch:  13
Loss: 0.3618 Acc: 0.7980
val loss:  0.001690851628780365
Accuracy of the network on the val images: 82.2000 %
patience 1
Epoch:  14
Loss: 0.3043 Acc: 0.8275
val loss:  0.001366309255361557
Accuracy of the network on the val images: 84.6000 %
Epoch:  15
Loss: 0.3077 Acc: 0.8295
val loss:  0.0017121532559394837
Accuracy of the network on the val images: 82.7000 %
patience 1
Epoch:  16
Loss: 0.3009 Acc: 0.8235
val loss:  0.001287621185183525
Accuracy of the network on the val images: 86.5000 %
Epoch:  17
Loss: 0.2889 Acc: 0.8405
val loss:  0.0012956433594226836
Accuracy of the network on the val images: 85.7000 %
patience 1
Epoch:  18
Loss: 0.2950 Acc: 0.8385
val loss:  0.0012585364878177643
Accuracy of the network on the val images: 86.0000 %
Epoch:  19
Loss: 0.2521 Acc: 0.8610
val loss:  0.0014909948408603668
Accuracy of the network on the val images: 82.6000 %
patience 1
Epoch:  20
Loss: 0.2816 Acc: 0.8450
val loss:  0.0014615708291530608
Accuracy of the network on the val images: 83.0000 %
patience 2
Epoch:  21
Loss: 0.2605 Acc: 0.8505
val loss:  0.001171651154756546
Accuracy of the network on the val images: 87.9000 %
Epoch:  22
Loss: 0.2918 Acc: 0.8405
val loss:  0.0011871926635503769
Accuracy of the network on the val images: 87.5000 %
patience 1
Epoch:  23
Loss: 0.2563 Acc: 0.8555
val loss:  0.0012112993001937866
Accuracy of the network on the val images: 86.6000 %
patience 2
Epoch:  24
Loss: 0.2453 Acc: 0.8625
val loss:  0.0011291981637477876
Accuracy of the network on the val images: 88.2000 %
Epoch:  25
Loss: 0.2716 Acc: 0.8480
val loss:  0.0011482698917388917
Accuracy of the network on the val images: 87.5000 %
patience 1
Epoch:  26
Loss: 0.2504 Acc: 0.8585
val loss:  0.0011948917508125304
Accuracy of the network on the val images: 86.3000 %
patience 2
Epoch:  27
Loss: 0.2412 Acc: 0.8640
val loss:  0.0011053184121847153
Accuracy of the network on the val images: 88.3000 %
Epoch:  28
Loss: 0.2641 Acc: 0.8500
val loss:  0.0011907784193754196
Accuracy of the network on the val images: 86.2000 %
patience 1
Epoch:  29
Loss: 0.2377 Acc: 0.8665
val loss:  0.0011506906151771544
Accuracy of the network on the val images: 86.9000 %
patience 2
Epoch:  30
Loss: 0.2396 Acc: 0.8610
val loss:  0.0010881973952054978
Accuracy of the network on the val images: 88.8000 %
Epoch:  31
Loss: 0.2563 Acc: 0.8610
val loss:  0.0011280287206172942
Accuracy of the network on the val images: 87.0000 %
patience 1
Epoch:  32
Loss: 0.2431 Acc: 0.8620
val loss:  0.0011235663741827012
Accuracy of the network on the val images: 87.7000 %
patience 2
Epoch:  33
Loss: 0.2589 Acc: 0.8590
val loss:  0.0011154846251010895
Accuracy of the network on the val images: 88.0000 %
patience 3
Epoch:  34
Loss: 0.2439 Acc: 0.8615
val loss:  0.0011021578907966614
Accuracy of the network on the val images: 88.0000 %
patience 4
Epoch:  35
Loss: 0.2425 Acc: 0.8650
val loss:  0.0011558032929897307
Accuracy of the network on the val images: 87.1000 %
patience 5
Epoch:  36
Loss: 0.2383 Acc: 0.8635
val loss:  0.0010712835490703583
Accuracy of the network on the val images: 89.2000 %
Epoch:  37
Loss: 0.2522 Acc: 0.8620
val loss:  0.0011023527234792709
Accuracy of the network on the val images: 88.1000 %
patience 1
Epoch:  38
Loss: 0.2380 Acc: 0.8605
val loss:  0.0011673328280448914
Accuracy of the network on the val images: 86.6000 %
patience 2
Epoch:  39
Loss: 0.2300 Acc: 0.8690
val loss:  0.0010694524049758912
Accuracy of the network on the val images: 88.9000 %
Epoch:  40
Loss: 0.2370 Acc: 0.8700
val loss:  0.001266691118478775
Accuracy of the network on the val images: 86.6000 %
patience 1
Epoch:  41
Loss: 0.2283 Acc: 0.8720
val loss:  0.0011528739184141158
Accuracy of the network on the val images: 87.1000 %
patience 2
Epoch:  42
Loss: 0.2222 Acc: 0.8770
val loss:  0.0010974988490343094
Accuracy of the network on the val images: 87.5000 %
patience 3
Epoch:  43
Loss: 0.2398 Acc: 0.8645
val loss:  0.0012305203229188919
Accuracy of the network on the val images: 85.4000 %
patience 4
Epoch:  44
Loss: 0.2294 Acc: 0.8735
val loss:  0.001088822916150093
Accuracy of the network on the val images: 87.9000 %
patience 5
Epoch:  45
Loss: 0.2394 Acc: 0.8645
val loss:  0.0010613807290792464
Accuracy of the network on the val images: 88.5000 %
Epoch:  46
Loss: 0.2266 Acc: 0.8780
val loss:  0.0011586667895317078
Accuracy of the network on the val images: 87.7000 %
patience 1
Epoch:  47
Loss: 0.2461 Acc: 0.8610
val loss:  0.0010660573691129685
Accuracy of the network on the val images: 88.8000 %
patience 2
Epoch:  48
Loss: 0.2316 Acc: 0.8700
val loss:  0.0011310107111930847
Accuracy of the network on the val images: 88.1000 %
patience 3
Epoch:  49
Loss: 0.2247 Acc: 0.8760
val loss:  0.0010451147258281708
Accuracy of the network on the val images: 89.0000 %
Epoch:  50
Loss: 0.2370 Acc: 0.8750
val loss:  0.0011103994995355607
Accuracy of the network on the val images: 87.7000 %
patience 1
Training finished.
testing loss:  0.0010451147258281708
Accuracy of the network on the testset images: 89.0000 %
Testing with testset finished
Round  :   3
Net(
  (conv1): Conv2d(3, 32, kernel_size=(3, 3), stride=(1, 1), padding=(2, 2), bias=False)
  (conv2): Conv2d(32, 32, kernel_size=(3, 3), stride=(2, 2), padding=(2, 2), bias=False)
  (conv3): Conv2d(32, 64, kernel_size=(3, 3), stride=(2, 2), padding=(2, 2), bias=False)
  (conv4): Conv2d(64, 64, kernel_size=(3, 3), stride=(2, 2), padding=(2, 2), bias=False)
  (fc1): Linear(in_features=64, out_features=2, bias=True)
  (adap_max): AdaptiveMaxPool2d(output_size=1)
)
Model size: 255.883KB
Training is starting...
Epoch:   1
Loss: 0.6935 Acc: 0.5000
val loss:  0.0034650152921676634
Accuracy of the network on the val images: 50.0000 %
Epoch:   2
Loss: 0.6928 Acc: 0.5000
val loss:  0.003462936818599701
Accuracy of the network on the val images: 50.0000 %
Epoch:   3
Loss: 0.6925 Acc: 0.5300
val loss:  0.003461015224456787
Accuracy of the network on the val images: 62.0000 %
Epoch:   4
Loss: 0.6920 Acc: 0.6505
val loss:  0.0034579055905342103
Accuracy of the network on the val images: 67.2000 %
Epoch:   5
Loss: 0.6912 Acc: 0.6670
val loss:  0.0034512484669685364
Accuracy of the network on the val images: 67.7000 %
Epoch:   6
Loss: 0.6890 Acc: 0.6745
val loss:  0.003430648386478424
Accuracy of the network on the val images: 68.5000 %
Epoch:   7
Loss: 0.6792 Acc: 0.6685
val loss:  0.003292859971523285
Accuracy of the network on the val images: 69.5000 %
Epoch:   8
Loss: 0.6264 Acc: 0.6680
val loss:  0.002701495587825775
Accuracy of the network on the val images: 75.9000 %
Epoch:   9
Loss: 0.5664 Acc: 0.7005
val loss:  0.0021947621405124665
Accuracy of the network on the val images: 79.8000 %
Epoch:  10
Loss: 0.4893 Acc: 0.7400
val loss:  0.0029394769072532655
Accuracy of the network on the val images: 70.6000 %
patience 1
Epoch:  11
Loss: 0.4256 Acc: 0.7890
val loss:  0.0020058950781822204
Accuracy of the network on the val images: 78.6000 %
Epoch:  12
Loss: 0.4321 Acc: 0.7775
val loss:  0.0017635367214679717
Accuracy of the network on the val images: 80.5000 %
Epoch:  13
Loss: 0.3701 Acc: 0.8030
val loss:  0.0017339307963848115
Accuracy of the network on the val images: 81.1000 %
Epoch:  14
Loss: 0.3294 Acc: 0.8160
val loss:  0.0014435464739799499
Accuracy of the network on the val images: 83.4000 %
Epoch:  15
Loss: 0.3447 Acc: 0.8165
val loss:  0.0014760894775390624
Accuracy of the network on the val images: 83.1000 %
patience 1
Epoch:  16
Loss: 0.3000 Acc: 0.8295
val loss:  0.0014305968582630157
Accuracy of the network on the val images: 82.1000 %
Epoch:  17
Loss: 0.3053 Acc: 0.8240
val loss:  0.0013032358288764955
Accuracy of the network on the val images: 85.7000 %
Epoch:  18
Loss: 0.3018 Acc: 0.8375
val loss:  0.0012905261516571046
Accuracy of the network on the val images: 86.2000 %
Epoch:  19
Loss: 0.2837 Acc: 0.8405
val loss:  0.0012516685724258422
Accuracy of the network on the val images: 87.0000 %
Epoch:  20
Loss: 0.2902 Acc: 0.8340
val loss:  0.0012385087013244628
Accuracy of the network on the val images: 86.7000 %
Epoch:  21
Loss: 0.2798 Acc: 0.8430
val loss:  0.001212111219763756
Accuracy of the network on the val images: 87.0000 %
Epoch:  22
Loss: 0.2795 Acc: 0.8435
val loss:  0.0012386842519044876
Accuracy of the network on the val images: 85.7000 %
patience 1
Epoch:  23
Loss: 0.2659 Acc: 0.8430
val loss:  0.0011880366653203964
Accuracy of the network on the val images: 87.3000 %
Epoch:  24
Loss: 0.2666 Acc: 0.8490
val loss:  0.0012190592736005784
Accuracy of the network on the val images: 86.8000 %
patience 1
Epoch:  25
Loss: 0.2603 Acc: 0.8470
val loss:  0.0013499787151813507
Accuracy of the network on the val images: 84.5000 %
patience 2
Epoch:  26
Loss: 0.2474 Acc: 0.8605
val loss:  0.0012689126878976823
Accuracy of the network on the val images: 86.2000 %
patience 3
Epoch:  27
Loss: 0.2440 Acc: 0.8565
val loss:  0.0012176270633935929
Accuracy of the network on the val images: 85.2000 %
patience 4
Epoch:  28
Loss: 0.2765 Acc: 0.8365
val loss:  0.001221114605665207
Accuracy of the network on the val images: 86.8000 %
patience 5
Epoch:  29
Loss: 0.2508 Acc: 0.8655
val loss:  0.0011591630280017853
Accuracy of the network on the val images: 87.4000 %
Epoch:  30
Loss: 0.2509 Acc: 0.8590
val loss:  0.001136765018105507
Accuracy of the network on the val images: 87.8000 %
Epoch:  31
Loss: 0.2611 Acc: 0.8550
val loss:  0.00117319293320179
Accuracy of the network on the val images: 87.2000 %
patience 1
Epoch:  32
Loss: 0.2423 Acc: 0.8635
val loss:  0.0014327556490898133
Accuracy of the network on the val images: 83.1000 %
patience 2
Epoch:  33
Loss: 0.2443 Acc: 0.8570
val loss:  0.0011189100742340088
Accuracy of the network on the val images: 87.8000 %
Epoch:  34
Loss: 0.2454 Acc: 0.8655
val loss:  0.0011250116825103759
Accuracy of the network on the val images: 88.2000 %
patience 1
Epoch:  35
Loss: 0.2469 Acc: 0.8675
val loss:  0.001099629208445549
Accuracy of the network on the val images: 88.2000 %
Epoch:  36
Loss: 0.2481 Acc: 0.8620
val loss:  0.001116377979516983
Accuracy of the network on the val images: 87.8000 %
patience 1
Epoch:  37
Loss: 0.2605 Acc: 0.8535
val loss:  0.0011523591130971908
Accuracy of the network on the val images: 87.3000 %
patience 2
Epoch:  38
Loss: 0.2370 Acc: 0.8700
val loss:  0.0010878092348575593
Accuracy of the network on the val images: 88.9000 %
Epoch:  39
Loss: 0.2432 Acc: 0.8670
val loss:  0.001083764061331749
Accuracy of the network on the val images: 88.5000 %
Epoch:  40
Loss: 0.2398 Acc: 0.8680
val loss:  0.0010900125205516814
Accuracy of the network on the val images: 88.5000 %
patience 1
Epoch:  41
Loss: 0.2398 Acc: 0.8675
val loss:  0.001089236170053482
Accuracy of the network on the val images: 88.5000 %
patience 2
Epoch:  42
Loss: 0.2413 Acc: 0.8680
val loss:  0.0011331012099981307
Accuracy of the network on the val images: 88.2000 %
patience 3
Epoch:  43
Loss: 0.2442 Acc: 0.8595
val loss:  0.0012239497154951096
Accuracy of the network on the val images: 85.9000 %
patience 4
Epoch:  44
Loss: 0.2295 Acc: 0.8700
val loss:  0.0010949978083372115
Accuracy of the network on the val images: 88.4000 %
patience 5
Epoch:  45
Loss: 0.2354 Acc: 0.8705
val loss:  0.001090724304318428
Accuracy of the network on the val images: 88.5000 %
patience 6
Epoch:  46
Loss: 0.2389 Acc: 0.8730
val loss:  0.0011233295798301697
Accuracy of the network on the val images: 88.0000 %
patience 7
Epoch:  47
Loss: 0.2408 Acc: 0.8650
val loss:  0.0012296595573425293
Accuracy of the network on the val images: 85.7000 %
patience 8
Epoch:  48
Loss: 0.2234 Acc: 0.8765
val loss:  0.0011329545825719833
Accuracy of the network on the val images: 87.6000 %
Training finished.
testing loss:  0.001083764061331749
Accuracy of the network on the testset images: 88.5000 %
Testing with testset finished
Round  :   4
Net(
  (conv1): Conv2d(3, 32, kernel_size=(3, 3), stride=(1, 1), padding=(2, 2), bias=False)
  (conv2): Conv2d(32, 32, kernel_size=(3, 3), stride=(2, 2), padding=(2, 2), bias=False)
  (conv3): Conv2d(32, 64, kernel_size=(3, 3), stride=(2, 2), padding=(2, 2), bias=False)
  (conv4): Conv2d(64, 64, kernel_size=(3, 3), stride=(2, 2), padding=(2, 2), bias=False)
  (fc1): Linear(in_features=64, out_features=2, bias=True)
  (adap_max): AdaptiveMaxPool2d(output_size=1)
)
Model size: 255.883KB
Training is starting...
Epoch:   1
Loss: 0.6930 Acc: 0.5050
val loss:  0.003463221311569214
Accuracy of the network on the val images: 56.0000 %
Epoch:   2
Loss: 0.6925 Acc: 0.6215
val loss:  0.00345991176366806
Accuracy of the network on the val images: 69.4000 %
Epoch:   3
Loss: 0.6916 Acc: 0.6860
val loss:  0.0034531522393226625
Accuracy of the network on the val images: 71.3000 %
Epoch:   4
Loss: 0.6893 Acc: 0.6975
val loss:  0.0034301052689552306
Accuracy of the network on the val images: 71.7000 %
Epoch:   5
Loss: 0.6776 Acc: 0.7025
val loss:  0.003251813769340515
Accuracy of the network on the val images: 72.3000 %
Epoch:   6
Loss: 0.6035 Acc: 0.7045
val loss:  0.0024626909494400023
Accuracy of the network on the val images: 77.4000 %
Epoch:   7
Loss: 0.5175 Acc: 0.7495
val loss:  0.0019422699213027955
Accuracy of the network on the val images: 81.0000 %
Epoch:   8
Loss: 0.4534 Acc: 0.7720
val loss:  0.002006190747022629
Accuracy of the network on the val images: 79.6000 %
patience 1
Epoch:   9
Loss: 0.3810 Acc: 0.8050
val loss:  0.0017398141026496888
Accuracy of the network on the val images: 81.1000 %
Epoch:  10
Loss: 0.3696 Acc: 0.8015
val loss:  0.0016184524595737456
Accuracy of the network on the val images: 81.6000 %
Epoch:  11
Loss: 0.3498 Acc: 0.8125
val loss:  0.001579854041337967
Accuracy of the network on the val images: 81.3000 %
Epoch:  12
Loss: 0.3326 Acc: 0.8135
val loss:  0.0014717815816402435
Accuracy of the network on the val images: 82.6000 %
Epoch:  13
Loss: 0.3195 Acc: 0.8175
val loss:  0.001404710978269577
Accuracy of the network on the val images: 83.7000 %
Epoch:  14
Loss: 0.3125 Acc: 0.8180
val loss:  0.0013239984214305878
Accuracy of the network on the val images: 85.6000 %
Epoch:  15
Loss: 0.2989 Acc: 0.8260
val loss:  0.001309662789106369
Accuracy of the network on the val images: 85.9000 %
Epoch:  16
Loss: 0.3000 Acc: 0.8295
val loss:  0.0012650726437568665
Accuracy of the network on the val images: 85.8000 %
Epoch:  17
Loss: 0.2944 Acc: 0.8370
val loss:  0.0013427842557430267
Accuracy of the network on the val images: 83.8000 %
patience 1
Epoch:  18
Loss: 0.2666 Acc: 0.8510
val loss:  0.0011955691128969193
Accuracy of the network on the val images: 87.6000 %
Epoch:  19
Loss: 0.2760 Acc: 0.8435
val loss:  0.0012312859296798706
Accuracy of the network on the val images: 85.8000 %
patience 1
Epoch:  20
Loss: 0.2445 Acc: 0.8575
val loss:  0.0011452765166759492
Accuracy of the network on the val images: 87.0000 %
Epoch:  21
Loss: 0.2803 Acc: 0.8475
val loss:  0.0012413609772920608
Accuracy of the network on the val images: 86.1000 %
patience 1
Epoch:  22
Loss: 0.2509 Acc: 0.8595
val loss:  0.001133817046880722
Accuracy of the network on the val images: 87.5000 %
Epoch:  23
Loss: 0.2619 Acc: 0.8520
val loss:  0.0012129958122968673
Accuracy of the network on the val images: 86.6000 %
patience 1
Epoch:  24
Loss: 0.2474 Acc: 0.8585
val loss:  0.0011303868442773819
Accuracy of the network on the val images: 87.6000 %
Epoch:  25
Loss: 0.2556 Acc: 0.8530
val loss:  0.0011851055473089218
Accuracy of the network on the val images: 86.7000 %
patience 1
Epoch:  26
Loss: 0.2485 Acc: 0.8595
val loss:  0.001117467924952507
Accuracy of the network on the val images: 88.1000 %
Epoch:  27
Loss: 0.2555 Acc: 0.8560
val loss:  0.0012277898639440536
Accuracy of the network on the val images: 86.4000 %
patience 1
Epoch:  28
Loss: 0.2424 Acc: 0.8670
val loss:  0.001127786785364151
Accuracy of the network on the val images: 87.6000 %
patience 2
Epoch:  29
Loss: 0.2508 Acc: 0.8585
val loss:  0.0011647768169641495
Accuracy of the network on the val images: 87.3000 %
patience 3
Epoch:  30
Loss: 0.2431 Acc: 0.8620
val loss:  0.0011392507553100585
Accuracy of the network on the val images: 87.4000 %
patience 4
Epoch:  31
Loss: 0.2449 Acc: 0.8615
val loss:  0.0011386345773935318
Accuracy of the network on the val images: 87.7000 %
patience 5
Epoch:  32
Loss: 0.2429 Acc: 0.8645
val loss:  0.001125336080789566
Accuracy of the network on the val images: 87.7000 %
patience 6
Epoch:  33
Loss: 0.2453 Acc: 0.8645
val loss:  0.0011239156872034073
Accuracy of the network on the val images: 87.8000 %
patience 7
Epoch:  34
Loss: 0.2444 Acc: 0.8640
val loss:  0.0011090141534805297
Accuracy of the network on the val images: 88.1000 %
Epoch:  35
Loss: 0.2534 Acc: 0.8610
val loss:  0.0011439534574747086
Accuracy of the network on the val images: 87.7000 %
patience 1
Epoch:  36
Loss: 0.2392 Acc: 0.8630
val loss:  0.001108604148030281
Accuracy of the network on the val images: 87.5000 %
Epoch:  37
Loss: 0.2388 Acc: 0.8680
val loss:  0.0011044692695140839
Accuracy of the network on the val images: 87.9000 %
Epoch:  38
Loss: 0.2414 Acc: 0.8660
val loss:  0.0011164286583662034
Accuracy of the network on the val images: 87.2000 %
patience 1
Epoch:  39
Loss: 0.2341 Acc: 0.8705
val loss:  0.0010808353424072265
Accuracy of the network on the val images: 89.0000 %
Epoch:  40
Loss: 0.2422 Acc: 0.8705
val loss:  0.0011303214430809021
Accuracy of the network on the val images: 86.9000 %
patience 1
Epoch:  41
Loss: 0.2298 Acc: 0.8700
val loss:  0.0010705372840166092
Accuracy of the network on the val images: 89.4000 %
Epoch:  42
Loss: 0.2387 Acc: 0.8745
val loss:  0.0010891545414924621
Accuracy of the network on the val images: 88.2000 %
patience 1
Epoch:  43
Loss: 0.2332 Acc: 0.8715
val loss:  0.0010620499700307847
Accuracy of the network on the val images: 88.9000 %
Epoch:  44
Loss: 0.2442 Acc: 0.8710
val loss:  0.001073546975851059
Accuracy of the network on the val images: 88.7000 %
patience 1
Epoch:  45
Loss: 0.2302 Acc: 0.8745
val loss:  0.0010652750730514525
Accuracy of the network on the val images: 89.2000 %
patience 2
Epoch:  46
Loss: 0.2318 Acc: 0.8725
val loss:  0.0010596205294132232
Accuracy of the network on the val images: 89.0000 %
Epoch:  47
Loss: 0.2355 Acc: 0.8710
val loss:  0.0010682114511728286
Accuracy of the network on the val images: 88.4000 %
patience 1
Epoch:  48
Loss: 0.2295 Acc: 0.8720
val loss:  0.0010669213831424713
Accuracy of the network on the val images: 88.9000 %
patience 2
Epoch:  49
Loss: 0.2291 Acc: 0.8730
val loss:  0.0010444610118865967
Accuracy of the network on the val images: 89.2000 %
Epoch:  50
Loss: 0.2348 Acc: 0.8730
val loss:  0.0010635311305522918
Accuracy of the network on the val images: 88.7000 %
patience 1
Training finished.
testing loss:  0.0010444610118865967
Accuracy of the network on the testset images: 89.2000 %
Testing with testset finished
Round  :   5
Net(
  (conv1): Conv2d(3, 32, kernel_size=(3, 3), stride=(1, 1), padding=(2, 2), bias=False)
  (conv2): Conv2d(32, 32, kernel_size=(3, 3), stride=(2, 2), padding=(2, 2), bias=False)
  (conv3): Conv2d(32, 64, kernel_size=(3, 3), stride=(2, 2), padding=(2, 2), bias=False)
  (conv4): Conv2d(64, 64, kernel_size=(3, 3), stride=(2, 2), padding=(2, 2), bias=False)
  (fc1): Linear(in_features=64, out_features=2, bias=True)
  (adap_max): AdaptiveMaxPool2d(output_size=1)
)
Model size: 255.883KB
Training is starting...
Epoch:   1
Loss: 0.6932 Acc: 0.5000
val loss:  0.003463130533695221
Accuracy of the network on the val images: 50.0000 %
Epoch:   2
Loss: 0.6923 Acc: 0.5630
val loss:  0.003457976996898651
Accuracy of the network on the val images: 68.2000 %
Epoch:   3
Loss: 0.6908 Acc: 0.6745
val loss:  0.0034447833299636843
Accuracy of the network on the val images: 69.4000 %
Epoch:   4
Loss: 0.6848 Acc: 0.6920
val loss:  0.0033634769320487977
Accuracy of the network on the val images: 70.5000 %
Epoch:   5
Loss: 0.6274 Acc: 0.7045
val loss:  0.0036739264130592345
Accuracy of the network on the val images: 51.2000 %
patience 1
Epoch:   6
Loss: 0.5799 Acc: 0.6860
val loss:  0.0023011671900749204
Accuracy of the network on the val images: 79.8000 %
Epoch:   7
Loss: 0.5740 Acc: 0.7255
val loss:  0.00250131955742836
Accuracy of the network on the val images: 75.9000 %
patience 1
Epoch:   8
Loss: 0.4131 Acc: 0.7795
val loss:  0.0016494843363761902
Accuracy of the network on the val images: 81.8000 %
Epoch:   9
Loss: 0.4170 Acc: 0.7925
val loss:  0.0030607259869575502
Accuracy of the network on the val images: 73.8000 %
patience 1
Epoch:  10
Loss: 0.4259 Acc: 0.7860
val loss:  0.0015347201824188232
Accuracy of the network on the val images: 82.7000 %
Epoch:  11
Loss: 0.3151 Acc: 0.8220
val loss:  0.0015912687480449676
Accuracy of the network on the val images: 81.5000 %
patience 1
Epoch:  12
Loss: 0.3688 Acc: 0.7980
val loss:  0.001533444732427597
Accuracy of the network on the val images: 82.3000 %
Epoch:  13
Loss: 0.3035 Acc: 0.8240
val loss:  0.001378343790769577
Accuracy of the network on the val images: 84.6000 %
Epoch:  14
Loss: 0.3460 Acc: 0.8120
val loss:  0.001495848447084427
Accuracy of the network on the val images: 83.2000 %
patience 1
Epoch:  15
Loss: 0.2881 Acc: 0.8350
val loss:  0.0013034359514713287
Accuracy of the network on the val images: 85.8000 %
Epoch:  16
Loss: 0.2967 Acc: 0.8290
val loss:  0.0013381537795066833
Accuracy of the network on the val images: 84.8000 %
patience 1
Epoch:  17
Loss: 0.2995 Acc: 0.8270
val loss:  0.0013592950403690338
Accuracy of the network on the val images: 84.1000 %
patience 2
Epoch:  18
Loss: 0.2830 Acc: 0.8325
val loss:  0.0012252775877714156
Accuracy of the network on the val images: 86.7000 %
Epoch:  19
Loss: 0.3001 Acc: 0.8300
val loss:  0.0013957968354225158
Accuracy of the network on the val images: 84.1000 %
patience 1
Epoch:  20
Loss: 0.2659 Acc: 0.8490
val loss:  0.0012629328668117524
Accuracy of the network on the val images: 84.7000 %
patience 2
Epoch:  21
Loss: 0.2494 Acc: 0.8560
val loss:  0.0012536270171403885
Accuracy of the network on the val images: 85.2000 %
patience 3
Epoch:  22
Loss: 0.2930 Acc: 0.8340
val loss:  0.001267091691493988
Accuracy of the network on the val images: 84.4000 %
patience 4
Epoch:  23
Loss: 0.2455 Acc: 0.8570
val loss:  0.0011759805381298064
Accuracy of the network on the val images: 86.8000 %
Epoch:  24
Loss: 0.2496 Acc: 0.8585
val loss:  0.001137468308210373
Accuracy of the network on the val images: 87.3000 %
Epoch:  25
Loss: 0.2698 Acc: 0.8470
val loss:  0.0011799979656934739
Accuracy of the network on the val images: 86.7000 %
patience 1
Epoch:  26
Loss: 0.2496 Acc: 0.8570
val loss:  0.001165764719247818
Accuracy of the network on the val images: 87.4000 %
patience 2
Epoch:  27
Loss: 0.2512 Acc: 0.8580
val loss:  0.0011672163754701615
Accuracy of the network on the val images: 87.3000 %
patience 3
Epoch:  28
Loss: 0.2502 Acc: 0.8550
val loss:  0.0011470204293727874
Accuracy of the network on the val images: 87.8000 %
patience 4
Epoch:  29
Loss: 0.2481 Acc: 0.8595
val loss:  0.0011283520311117172
Accuracy of the network on the val images: 88.5000 %
Epoch:  30
Loss: 0.2573 Acc: 0.8535
val loss:  0.0011568367928266525
Accuracy of the network on the val images: 87.3000 %
patience 1
Epoch:  31
Loss: 0.2471 Acc: 0.8610
val loss:  0.0012389930188655854
Accuracy of the network on the val images: 86.9000 %
patience 2
Epoch:  32
Loss: 0.2374 Acc: 0.8600
val loss:  0.0010944528877735139
Accuracy of the network on the val images: 88.1000 %
Epoch:  33
Loss: 0.2525 Acc: 0.8580
val loss:  0.001139596074819565
Accuracy of the network on the val images: 87.5000 %
patience 1
Epoch:  34
Loss: 0.2393 Acc: 0.8620
val loss:  0.0011119626313447952
Accuracy of the network on the val images: 88.1000 %
patience 2
Epoch:  35
Loss: 0.2497 Acc: 0.8620
val loss:  0.001146318882703781
Accuracy of the network on the val images: 86.9000 %
patience 3
Epoch:  36
Loss: 0.2425 Acc: 0.8640
val loss:  0.0011254724264144898
Accuracy of the network on the val images: 87.7000 %
patience 4
Epoch:  37
Loss: 0.2419 Acc: 0.8670
val loss:  0.0011082182228565217
Accuracy of the network on the val images: 88.3000 %
patience 5
Epoch:  38
Loss: 0.2429 Acc: 0.8635
val loss:  0.0010642661303281785
Accuracy of the network on the val images: 88.8000 %
Epoch:  39
Loss: 0.2393 Acc: 0.8705
val loss:  0.0011753821223974227
Accuracy of the network on the val images: 86.7000 %
patience 1
Epoch:  40
Loss: 0.2289 Acc: 0.8735
val loss:  0.0011099321842193604
Accuracy of the network on the val images: 86.4000 %
patience 2
Epoch:  41
Loss: 0.2501 Acc: 0.8560
val loss:  0.0010982061475515365
Accuracy of the network on the val images: 88.4000 %
patience 3
Epoch:  42
Loss: 0.2366 Acc: 0.8665
val loss:  0.0012008848637342453
Accuracy of the network on the val images: 86.7000 %
patience 4
Epoch:  43
Loss: 0.2310 Acc: 0.8720
val loss:  0.001059702754020691
Accuracy of the network on the val images: 88.4000 %
Epoch:  44
Loss: 0.2400 Acc: 0.8700
val loss:  0.0012032816112041472
Accuracy of the network on the val images: 86.9000 %
patience 1
Epoch:  45
Loss: 0.2260 Acc: 0.8780
val loss:  0.0013277827352285384
Accuracy of the network on the val images: 85.1000 %
patience 2
Epoch:  46
Loss: 0.2492 Acc: 0.8595
val loss:  0.0012863212823867798
Accuracy of the network on the val images: 85.7000 %
patience 3
Epoch:  47
Loss: 0.2287 Acc: 0.8800
val loss:  0.0010739256888628007
Accuracy of the network on the val images: 87.8000 %
patience 4
Epoch:  48
Loss: 0.2441 Acc: 0.8640
val loss:  0.0010673369616270064
Accuracy of the network on the val images: 89.1000 %
patience 5
Epoch:  49
Loss: 0.2322 Acc: 0.8720
val loss:  0.0011518215835094451
Accuracy of the network on the val images: 87.0000 %
patience 6
Epoch:  50
Loss: 0.2300 Acc: 0.8700
val loss:  0.0010404941737651825
Accuracy of the network on the val images: 89.4000 %
Training finished.
testing loss:  0.0010404941737651825
Accuracy of the network on the testset images: 89.4000 %
Testing with testset finished
Round  :   6
Net(
  (conv1): Conv2d(3, 32, kernel_size=(3, 3), stride=(1, 1), padding=(2, 2), bias=False)
  (conv2): Conv2d(32, 32, kernel_size=(3, 3), stride=(2, 2), padding=(2, 2), bias=False)
  (conv3): Conv2d(32, 64, kernel_size=(3, 3), stride=(2, 2), padding=(2, 2), bias=False)
  (conv4): Conv2d(64, 64, kernel_size=(3, 3), stride=(2, 2), padding=(2, 2), bias=False)
  (fc1): Linear(in_features=64, out_features=2, bias=True)
  (adap_max): AdaptiveMaxPool2d(output_size=1)
)
Model size: 255.883KB
Training is starting...
Epoch:   1
Loss: 0.6943 Acc: 0.5000
val loss:  0.003466741323471069
Accuracy of the network on the val images: 50.0000 %
Epoch:   2
Loss: 0.6929 Acc: 0.5000
val loss:  0.0034610818028450014
Accuracy of the network on the val images: 50.0000 %
Epoch:   3
Loss: 0.6916 Acc: 0.5240
val loss:  0.0034521987438201904
Accuracy of the network on the val images: 64.7000 %
Epoch:   4
Loss: 0.6886 Acc: 0.6790
val loss:  0.003419853925704956
Accuracy of the network on the val images: 68.9000 %
Epoch:   5
Loss: 0.6696 Acc: 0.6770
val loss:  0.003102867901325226
Accuracy of the network on the val images: 74.1000 %
Epoch:   6
Loss: 0.6038 Acc: 0.7030
val loss:  0.0023038325905799864
Accuracy of the network on the val images: 76.7000 %
Epoch:   7
Loss: 0.5584 Acc: 0.6975
val loss:  0.002226433664560318
Accuracy of the network on the val images: 77.6000 %
Epoch:   8
Loss: 0.3851 Acc: 0.8030
val loss:  0.0021620400249958037
Accuracy of the network on the val images: 77.6000 %
Epoch:   9
Loss: 0.4756 Acc: 0.7580
val loss:  0.0016756187379360198
Accuracy of the network on the val images: 82.5000 %
Epoch:  10
Loss: 0.3900 Acc: 0.7880
val loss:  0.002018418490886688
Accuracy of the network on the val images: 79.9000 %
patience 1
Epoch:  11
Loss: 0.3480 Acc: 0.8100
val loss:  0.001603119432926178
Accuracy of the network on the val images: 81.6000 %
Epoch:  12
Loss: 0.3898 Acc: 0.7955
val loss:  0.001565845787525177
Accuracy of the network on the val images: 83.5000 %
Epoch:  13
Loss: 0.3140 Acc: 0.8260
val loss:  0.0013671777844429017
Accuracy of the network on the val images: 84.2000 %
Epoch:  14
Loss: 0.3362 Acc: 0.8135
val loss:  0.0018313928544521332
Accuracy of the network on the val images: 81.2000 %
patience 1
Epoch:  15
Loss: 0.2939 Acc: 0.8360
val loss:  0.001292324498295784
Accuracy of the network on the val images: 86.5000 %
Epoch:  16
Loss: 0.3142 Acc: 0.8245
val loss:  0.001278602734208107
Accuracy of the network on the val images: 87.2000 %
Epoch:  17
Loss: 0.2746 Acc: 0.8420
val loss:  0.0012849516421556473
Accuracy of the network on the val images: 85.0000 %
patience 1
Epoch:  18
Loss: 0.3003 Acc: 0.8255
val loss:  0.0012259370982646942
Accuracy of the network on the val images: 87.6000 %
Epoch:  19
Loss: 0.2804 Acc: 0.8380
val loss:  0.0012303139418363572
Accuracy of the network on the val images: 86.8000 %
patience 1
Epoch:  20
Loss: 0.2634 Acc: 0.8505
val loss:  0.0017441824674606324
Accuracy of the network on the val images: 82.1000 %
patience 2
Epoch:  21
Loss: 0.2627 Acc: 0.8535
val loss:  0.0011766613274812698
Accuracy of the network on the val images: 87.3000 %
Epoch:  22
Loss: 0.2564 Acc: 0.8525
val loss:  0.0012282581627368926
Accuracy of the network on the val images: 86.1000 %
patience 1
Epoch:  23
Loss: 0.2695 Acc: 0.8415
val loss:  0.0011910053193569183
Accuracy of the network on the val images: 86.5000 %
patience 2
Epoch:  24
Loss: 0.2477 Acc: 0.8580
val loss:  0.001131305828690529
Accuracy of the network on the val images: 87.7000 %
Epoch:  25
Loss: 0.2552 Acc: 0.8490
val loss:  0.0011244255006313325
Accuracy of the network on the val images: 87.7000 %
Epoch:  26
Loss: 0.2571 Acc: 0.8525
val loss:  0.001217556044459343
Accuracy of the network on the val images: 86.1000 %
patience 1
Epoch:  27
Loss: 0.2402 Acc: 0.8595
val loss:  0.0011187088787555696
Accuracy of the network on the val images: 87.8000 %
Epoch:  28
Loss: 0.2618 Acc: 0.8495
val loss:  0.0011344000697135926
Accuracy of the network on the val images: 88.0000 %
patience 1
Epoch:  29
Loss: 0.2596 Acc: 0.8515
val loss:  0.0012978562116622925
Accuracy of the network on the val images: 85.3000 %
patience 2
Epoch:  30
Loss: 0.2402 Acc: 0.8660
val loss:  0.0011517210155725479
Accuracy of the network on the val images: 87.1000 %
patience 3
Epoch:  31
Loss: 0.2405 Acc: 0.8650
val loss:  0.0011164755672216416
Accuracy of the network on the val images: 87.4000 %
Epoch:  32
Loss: 0.2523 Acc: 0.8585
val loss:  0.00115199413895607
Accuracy of the network on the val images: 87.8000 %
patience 1
Epoch:  33
Loss: 0.2352 Acc: 0.8715
val loss:  0.001101605474948883
Accuracy of the network on the val images: 88.3000 %
Epoch:  34
Loss: 0.2433 Acc: 0.8615
val loss:  0.0011098913699388504
Accuracy of the network on the val images: 88.2000 %
patience 1
Epoch:  35
Loss: 0.2441 Acc: 0.8615
val loss:  0.0010783931463956833
Accuracy of the network on the val images: 89.3000 %
Epoch:  36
Loss: 0.2429 Acc: 0.8680
val loss:  0.0010902954041957856
Accuracy of the network on the val images: 88.5000 %
patience 1
Epoch:  37
Loss: 0.2349 Acc: 0.8695
val loss:  0.0010760106295347213
Accuracy of the network on the val images: 88.4000 %
Epoch:  38
Loss: 0.2477 Acc: 0.8585
val loss:  0.0010693396031856536
Accuracy of the network on the val images: 89.5000 %
Epoch:  39
Loss: 0.2412 Acc: 0.8715
val loss:  0.0011217322796583176
Accuracy of the network on the val images: 87.7000 %
patience 1
Epoch:  40
Loss: 0.2304 Acc: 0.8755
val loss:  0.001138204738497734
Accuracy of the network on the val images: 87.8000 %
patience 2
Epoch:  41
Loss: 0.2303 Acc: 0.8735
val loss:  0.0011220871508121491
Accuracy of the network on the val images: 87.7000 %
patience 3
Epoch:  42
Loss: 0.2388 Acc: 0.8650
val loss:  0.0011242475956678391
Accuracy of the network on the val images: 88.0000 %
patience 4
Epoch:  43
Loss: 0.2313 Acc: 0.8705
val loss:  0.001046563297510147
Accuracy of the network on the val images: 89.2000 %
Epoch:  44
Loss: 0.2360 Acc: 0.8725
val loss:  0.0011237172335386277
Accuracy of the network on the val images: 88.2000 %
patience 1
Epoch:  45
Loss: 0.2274 Acc: 0.8755
val loss:  0.0011221389770507812
Accuracy of the network on the val images: 87.5000 %
patience 2
Epoch:  46
Loss: 0.2341 Acc: 0.8690
val loss:  0.0011524284034967421
Accuracy of the network on the val images: 87.5000 %
patience 3
Epoch:  47
Loss: 0.2293 Acc: 0.8755
val loss:  0.001126151591539383
Accuracy of the network on the val images: 88.2000 %
patience 4
Epoch:  48
Loss: 0.2307 Acc: 0.8690
val loss:  0.001137219876050949
Accuracy of the network on the val images: 87.3000 %
patience 5
Epoch:  49
Loss: 0.2341 Acc: 0.8695
val loss:  0.0011718824058771133
Accuracy of the network on the val images: 87.5000 %
patience 6
Epoch:  50
Loss: 0.2264 Acc: 0.8790
val loss:  0.0010243609249591828
Accuracy of the network on the val images: 89.6000 %
Training finished.
testing loss:  0.0010243609249591828
Accuracy of the network on the testset images: 89.6000 %
Testing with testset finished
Round  :   7
Net(
  (conv1): Conv2d(3, 32, kernel_size=(3, 3), stride=(1, 1), padding=(2, 2), bias=False)
  (conv2): Conv2d(32, 32, kernel_size=(3, 3), stride=(2, 2), padding=(2, 2), bias=False)
  (conv3): Conv2d(32, 64, kernel_size=(3, 3), stride=(2, 2), padding=(2, 2), bias=False)
  (conv4): Conv2d(64, 64, kernel_size=(3, 3), stride=(2, 2), padding=(2, 2), bias=False)
  (fc1): Linear(in_features=64, out_features=2, bias=True)
  (adap_max): AdaptiveMaxPool2d(output_size=1)
)
Model size: 255.883KB
Training is starting...
Epoch:   1
Loss: 0.6933 Acc: 0.5000
val loss:  0.003461359739303589
Accuracy of the network on the val images: 50.0000 %
Epoch:   2
Loss: 0.6916 Acc: 0.5540
val loss:  0.0034503753781318664
Accuracy of the network on the val images: 68.7000 %
Epoch:   3
Loss: 0.6876 Acc: 0.6760
val loss:  0.0034007464051246643
Accuracy of the network on the val images: 70.0000 %
Epoch:   4
Loss: 0.6467 Acc: 0.7145
val loss:  0.0026073004007339477
Accuracy of the network on the val images: 75.7000 %
Epoch:   5
Loss: 0.5343 Acc: 0.7260
val loss:  0.0031194798946380616
Accuracy of the network on the val images: 73.9000 %
patience 1
Epoch:   6
Loss: 0.5596 Acc: 0.7210
val loss:  0.0019364439249038696
Accuracy of the network on the val images: 80.0000 %
Epoch:   7
Loss: 0.4563 Acc: 0.7615
val loss:  0.0021500633656978607
Accuracy of the network on the val images: 76.5000 %
patience 1
Epoch:   8
Loss: 0.3806 Acc: 0.8025
val loss:  0.0028783490061759947
Accuracy of the network on the val images: 72.0000 %
patience 2
Epoch:   9
Loss: 0.3772 Acc: 0.8050
val loss:  0.0017001813352108001
Accuracy of the network on the val images: 82.7000 %
Epoch:  10
Loss: 0.4041 Acc: 0.7980
val loss:  0.0015334246456623077
Accuracy of the network on the val images: 82.9000 %
Epoch:  11
Loss: 0.3253 Acc: 0.8210
val loss:  0.0014203737378120423
Accuracy of the network on the val images: 83.8000 %
Epoch:  12
Loss: 0.3231 Acc: 0.8255
val loss:  0.0013820592015981673
Accuracy of the network on the val images: 83.8000 %
Epoch:  13
Loss: 0.3049 Acc: 0.8340
val loss:  0.001471501439809799
Accuracy of the network on the val images: 84.0000 %
patience 1
Epoch:  14
Loss: 0.2987 Acc: 0.8360
val loss:  0.0013007345646619797
Accuracy of the network on the val images: 85.0000 %
Epoch:  15
Loss: 0.2890 Acc: 0.8445
val loss:  0.001277694046497345
Accuracy of the network on the val images: 85.4000 %
Epoch:  16
Loss: 0.2828 Acc: 0.8425
val loss:  0.0012371345460414887
Accuracy of the network on the val images: 86.9000 %
Epoch:  17
Loss: 0.3015 Acc: 0.8390
val loss:  0.001368219345808029
Accuracy of the network on the val images: 84.0000 %
patience 1
Epoch:  18
Loss: 0.2590 Acc: 0.8545
val loss:  0.001183125913143158
Accuracy of the network on the val images: 87.3000 %
Epoch:  19
Loss: 0.2663 Acc: 0.8510
val loss:  0.0012405238449573516
Accuracy of the network on the val images: 86.2000 %
patience 1
Epoch:  20
Loss: 0.2530 Acc: 0.8560
val loss:  0.0011506980657577514
Accuracy of the network on the val images: 87.4000 %
Epoch:  21
Loss: 0.2725 Acc: 0.8435
val loss:  0.001216718152165413
Accuracy of the network on the val images: 86.3000 %
patience 1
Epoch:  22
Loss: 0.2446 Acc: 0.8565
val loss:  0.0011367353945970534
Accuracy of the network on the val images: 87.0000 %
Epoch:  23
Loss: 0.2649 Acc: 0.8475
val loss:  0.0012133165299892425
Accuracy of the network on the val images: 86.0000 %
patience 1
Epoch:  24
Loss: 0.2396 Acc: 0.8610
val loss:  0.0011243525743484498
Accuracy of the network on the val images: 86.9000 %
Epoch:  25
Loss: 0.2749 Acc: 0.8450
val loss:  0.001212932512164116
Accuracy of the network on the val images: 86.1000 %
patience 1
Epoch:  26
Loss: 0.2471 Acc: 0.8605
val loss:  0.0011445824652910233
Accuracy of the network on the val images: 87.0000 %
patience 2
Epoch:  27
Loss: 0.2515 Acc: 0.8595
val loss:  0.0011524220108985901
Accuracy of the network on the val images: 87.1000 %
patience 3
Epoch:  28
Loss: 0.2499 Acc: 0.8620
val loss:  0.0011627823114395142
Accuracy of the network on the val images: 86.6000 %
patience 4
Epoch:  29
Loss: 0.2549 Acc: 0.8560
val loss:  0.0011539502441883086
Accuracy of the network on the val images: 87.0000 %
patience 5
Epoch:  30
Loss: 0.2461 Acc: 0.8600
val loss:  0.0011913690418004989
Accuracy of the network on the val images: 86.6000 %
patience 6
Epoch:  31
Loss: 0.2438 Acc: 0.8615
val loss:  0.0011634382009506226
Accuracy of the network on the val images: 86.8000 %
patience 7
Epoch:  32
Loss: 0.2415 Acc: 0.8635
val loss:  0.0011696341633796693
Accuracy of the network on the val images: 86.8000 %
patience 8
Epoch:  33
Loss: 0.2388 Acc: 0.8645
val loss:  0.0011017884463071822
Accuracy of the network on the val images: 88.3000 %
Epoch:  34
Loss: 0.2459 Acc: 0.8640
val loss:  0.0011685322821140289
Accuracy of the network on the val images: 86.9000 %
patience 1
Epoch:  35
Loss: 0.2363 Acc: 0.8650
val loss:  0.0011051830798387528
Accuracy of the network on the val images: 88.4000 %
patience 2
Epoch:  36
Loss: 0.2413 Acc: 0.8630
val loss:  0.0011429890394210815
Accuracy of the network on the val images: 87.1000 %
patience 3
Epoch:  37
Loss: 0.2372 Acc: 0.8650
val loss:  0.0011253766566514968
Accuracy of the network on the val images: 87.5000 %
patience 4
Epoch:  38
Loss: 0.2382 Acc: 0.8650
val loss:  0.0011263459175825119
Accuracy of the network on the val images: 87.6000 %
patience 5
Epoch:  39
Loss: 0.2403 Acc: 0.8645
val loss:  0.0011380022317171096
Accuracy of the network on the val images: 87.5000 %
patience 6
Epoch:  40
Loss: 0.2350 Acc: 0.8660
val loss:  0.0011239279955625534
Accuracy of the network on the val images: 87.6000 %
patience 7
Epoch:  41
Loss: 0.2346 Acc: 0.8665
val loss:  0.0010642310231924058
Accuracy of the network on the val images: 88.4000 %
Epoch:  42
Loss: 0.2388 Acc: 0.8700
val loss:  0.0012372705936431884
Accuracy of the network on the val images: 86.1000 %
patience 1
Epoch:  43
Loss: 0.2300 Acc: 0.8715
val loss:  0.0010964311063289642
Accuracy of the network on the val images: 87.7000 %
patience 2
Epoch:  44
Loss: 0.2360 Acc: 0.8725
val loss:  0.0011591705679893493
Accuracy of the network on the val images: 87.3000 %
patience 3
Epoch:  45
Loss: 0.2292 Acc: 0.8695
val loss:  0.001070702314376831
Accuracy of the network on the val images: 88.3000 %
patience 4
Epoch:  46
Loss: 0.2314 Acc: 0.8735
val loss:  0.0010973545014858247
Accuracy of the network on the val images: 87.6000 %
patience 5
Epoch:  47
Loss: 0.2276 Acc: 0.8715
val loss:  0.0010457907617092133
Accuracy of the network on the val images: 88.5000 %
Epoch:  48
Loss: 0.2312 Acc: 0.8765
val loss:  0.001155075803399086
Accuracy of the network on the val images: 87.2000 %
patience 1
Epoch:  49
Loss: 0.2223 Acc: 0.8760
val loss:  0.001039774790406227
Accuracy of the network on the val images: 89.0000 %
Epoch:  50
Loss: 0.2309 Acc: 0.8770
val loss:  0.0012214124351739883
Accuracy of the network on the val images: 86.8000 %
patience 1
Training finished.
testing loss:  0.001039774790406227
Accuracy of the network on the testset images: 89.0000 %
Testing with testset finished
Round  :   8
Net(
  (conv1): Conv2d(3, 32, kernel_size=(3, 3), stride=(1, 1), padding=(2, 2), bias=False)
  (conv2): Conv2d(32, 32, kernel_size=(3, 3), stride=(2, 2), padding=(2, 2), bias=False)
  (conv3): Conv2d(32, 64, kernel_size=(3, 3), stride=(2, 2), padding=(2, 2), bias=False)
  (conv4): Conv2d(64, 64, kernel_size=(3, 3), stride=(2, 2), padding=(2, 2), bias=False)
  (fc1): Linear(in_features=64, out_features=2, bias=True)
  (adap_max): AdaptiveMaxPool2d(output_size=1)
)
Model size: 255.883KB
Training is starting...
Epoch:   1
Loss: 0.6933 Acc: 0.5000
val loss:  0.0034651021361351013
Accuracy of the network on the val images: 50.0000 %
Epoch:   2
Loss: 0.6929 Acc: 0.5120
val loss:  0.0034638791680336
Accuracy of the network on the val images: 59.0000 %
Epoch:   3
Loss: 0.6927 Acc: 0.6060
val loss:  0.0034624820947647093
Accuracy of the network on the val images: 63.5000 %
Epoch:   4
Loss: 0.6924 Acc: 0.6245
val loss:  0.00346023553609848
Accuracy of the network on the val images: 64.3000 %
Epoch:   5
Loss: 0.6918 Acc: 0.6380
val loss:  0.003455816328525543
Accuracy of the network on the val images: 65.0000 %
Epoch:   6
Loss: 0.6905 Acc: 0.6515
val loss:  0.0034438303112983705
Accuracy of the network on the val images: 67.5000 %
Epoch:   7
Loss: 0.6856 Acc: 0.6750
val loss:  0.0033848553895950316
Accuracy of the network on the val images: 69.1000 %
Epoch:   8
Loss: 0.6398 Acc: 0.7115
val loss:  0.002597877264022827
Accuracy of the network on the val images: 73.4000 %
Epoch:   9
Loss: 0.5274 Acc: 0.7270
val loss:  0.003293286859989166
Accuracy of the network on the val images: 69.4000 %
patience 1
Epoch:  10
Loss: 0.5229 Acc: 0.7340
val loss:  0.0030614953637123107
Accuracy of the network on the val images: 69.6000 %
patience 2
Epoch:  11
Loss: 0.4188 Acc: 0.7800
val loss:  0.002277871131896973
Accuracy of the network on the val images: 76.7000 %
Epoch:  12
Loss: 0.4352 Acc: 0.7795
val loss:  0.0019078961908817291
Accuracy of the network on the val images: 79.8000 %
Epoch:  13
Loss: 0.3601 Acc: 0.8080
val loss:  0.002476871073246002
Accuracy of the network on the val images: 77.3000 %
patience 1
Epoch:  14
Loss: 0.3754 Acc: 0.8070
val loss:  0.0014654634296894073
Accuracy of the network on the val images: 83.4000 %
Epoch:  15
Loss: 0.3216 Acc: 0.8180
val loss:  0.0013523895740509032
Accuracy of the network on the val images: 85.2000 %
Epoch:  16
Loss: 0.3359 Acc: 0.8195
val loss:  0.0013434248566627502
Accuracy of the network on the val images: 85.5000 %
Epoch:  17
Loss: 0.2986 Acc: 0.8315
val loss:  0.0012758339494466783
Accuracy of the network on the val images: 85.6000 %
Epoch:  18
Loss: 0.3067 Acc: 0.8290
val loss:  0.0012778156697750092
Accuracy of the network on the val images: 86.0000 %
patience 1
Epoch:  19
Loss: 0.2884 Acc: 0.8380
val loss:  0.0012292555421590805
Accuracy of the network on the val images: 86.8000 %
Epoch:  20
Loss: 0.2830 Acc: 0.8415
val loss:  0.0012052660584449767
Accuracy of the network on the val images: 87.2000 %
Epoch:  21
Loss: 0.2794 Acc: 0.8430
val loss:  0.0012156536728143692
Accuracy of the network on the val images: 86.7000 %
patience 1
Epoch:  22
Loss: 0.2651 Acc: 0.8540
val loss:  0.0012009621560573579
Accuracy of the network on the val images: 86.8000 %
Epoch:  23
Loss: 0.2619 Acc: 0.8510
val loss:  0.0011879045218229293
Accuracy of the network on the val images: 87.3000 %
Epoch:  24
Loss: 0.2579 Acc: 0.8570
val loss:  0.0011823769062757493
Accuracy of the network on the val images: 87.5000 %
Epoch:  25
Loss: 0.2590 Acc: 0.8550
val loss:  0.0011879832595586776
Accuracy of the network on the val images: 87.0000 %
patience 1
Epoch:  26
Loss: 0.2521 Acc: 0.8565
val loss:  0.0011322585940361023
Accuracy of the network on the val images: 87.9000 %
Epoch:  27
Loss: 0.2662 Acc: 0.8495
val loss:  0.0012421865910291672
Accuracy of the network on the val images: 85.6000 %
patience 1
Epoch:  28
Loss: 0.2454 Acc: 0.8625
val loss:  0.0011281930953264236
Accuracy of the network on the val images: 87.4000 %
Epoch:  29
Loss: 0.2527 Acc: 0.8590
val loss:  0.0011879085749387742
Accuracy of the network on the val images: 86.9000 %
patience 1
Epoch:  30
Loss: 0.2448 Acc: 0.8615
val loss:  0.0011298056840896606
Accuracy of the network on the val images: 88.3000 %
patience 2
Epoch:  31
Loss: 0.2502 Acc: 0.8585
val loss:  0.0011149945557117462
Accuracy of the network on the val images: 88.1000 %
Epoch:  32
Loss: 0.2488 Acc: 0.8625
val loss:  0.0011251869946718215
Accuracy of the network on the val images: 87.8000 %
patience 1
Epoch:  33
Loss: 0.2498 Acc: 0.8625
val loss:  0.001124911218881607
Accuracy of the network on the val images: 88.0000 %
patience 2
Epoch:  34
Loss: 0.2491 Acc: 0.8635
val loss:  0.0011304385513067246
Accuracy of the network on the val images: 87.8000 %
patience 3
Epoch:  35
Loss: 0.2493 Acc: 0.8615
val loss:  0.0011369436979293823
Accuracy of the network on the val images: 87.5000 %
patience 4
Epoch:  36
Loss: 0.2530 Acc: 0.8640
val loss:  0.0011223908513784409
Accuracy of the network on the val images: 87.6000 %
patience 5
Epoch:  37
Loss: 0.2443 Acc: 0.8655
val loss:  0.0011299829185009002
Accuracy of the network on the val images: 87.4000 %
patience 6
Epoch:  38
Loss: 0.2395 Acc: 0.8655
val loss:  0.0011303670108318328
Accuracy of the network on the val images: 87.5000 %
patience 7
Epoch:  39
Loss: 0.2414 Acc: 0.8660
val loss:  0.0011293570697307586
Accuracy of the network on the val images: 87.4000 %
patience 8
Epoch:  40
Loss: 0.2376 Acc: 0.8650
val loss:  0.0011048271358013154
Accuracy of the network on the val images: 87.8000 %
Epoch:  41
Loss: 0.2383 Acc: 0.8650
val loss:  0.001156482771039009
Accuracy of the network on the val images: 86.9000 %
patience 1
Epoch:  42
Loss: 0.2350 Acc: 0.8635
val loss:  0.001106909543275833
Accuracy of the network on the val images: 87.7000 %
patience 2
Epoch:  43
Loss: 0.2343 Acc: 0.8670
val loss:  0.0010759434103965759
Accuracy of the network on the val images: 88.6000 %
Epoch:  44
Loss: 0.2369 Acc: 0.8680
val loss:  0.0010664058327674866
Accuracy of the network on the val images: 88.4000 %
Epoch:  45
Loss: 0.2307 Acc: 0.8715
val loss:  0.0010826644152402878
Accuracy of the network on the val images: 88.3000 %
patience 1
Epoch:  46
Loss: 0.2319 Acc: 0.8700
val loss:  0.0011344425827264787
Accuracy of the network on the val images: 86.8000 %
patience 2
Epoch:  47
Loss: 0.2311 Acc: 0.8675
val loss:  0.0010688195526599885
Accuracy of the network on the val images: 88.1000 %
patience 3
Epoch:  48
Loss: 0.2301 Acc: 0.8690
val loss:  0.0011129791587591172
Accuracy of the network on the val images: 87.9000 %
patience 4
Epoch:  49
Loss: 0.2267 Acc: 0.8760
val loss:  0.001020638883113861
Accuracy of the network on the val images: 89.1000 %
Epoch:  50
Loss: 0.2311 Acc: 0.8765
val loss:  0.0012317697554826736
Accuracy of the network on the val images: 86.6000 %
patience 1
Training finished.
testing loss:  0.001020638883113861
Accuracy of the network on the testset images: 89.1000 %
Testing with testset finished
Round  :   9
Net(
  (conv1): Conv2d(3, 32, kernel_size=(3, 3), stride=(1, 1), padding=(2, 2), bias=False)
  (conv2): Conv2d(32, 32, kernel_size=(3, 3), stride=(2, 2), padding=(2, 2), bias=False)
  (conv3): Conv2d(32, 64, kernel_size=(3, 3), stride=(2, 2), padding=(2, 2), bias=False)
  (conv4): Conv2d(64, 64, kernel_size=(3, 3), stride=(2, 2), padding=(2, 2), bias=False)
  (fc1): Linear(in_features=64, out_features=2, bias=True)
  (adap_max): AdaptiveMaxPool2d(output_size=1)
)
Model size: 255.883KB
Training is starting...
Epoch:   1
Loss: 0.6930 Acc: 0.5015
val loss:  0.003462598443031311
Accuracy of the network on the val images: 52.8000 %
Epoch:   2
Loss: 0.6923 Acc: 0.6275
val loss:  0.0034582289457321166
Accuracy of the network on the val images: 72.9000 %
Epoch:   3
Loss: 0.6910 Acc: 0.7025
val loss:  0.0034470219612121582
Accuracy of the network on the val images: 75.8000 %
Epoch:   4
Loss: 0.6868 Acc: 0.7310
val loss:  0.0033973108530044554
Accuracy of the network on the val images: 76.5000 %
Epoch:   5
Loss: 0.6504 Acc: 0.7395
val loss:  0.002806992411613464
Accuracy of the network on the val images: 76.1000 %
Epoch:   6
Loss: 0.6259 Acc: 0.6565
val loss:  0.0026745008826255796
Accuracy of the network on the val images: 72.7000 %
Epoch:   7
Loss: 0.4953 Acc: 0.7415
val loss:  0.0018889565467834473
Accuracy of the network on the val images: 81.4000 %
Epoch:   8
Loss: 0.5065 Acc: 0.7405
val loss:  0.0019001757204532624
Accuracy of the network on the val images: 81.3000 %
patience 1
Epoch:   9
Loss: 0.4671 Acc: 0.7650
val loss:  0.0021650838553905487
Accuracy of the network on the val images: 77.3000 %
patience 2
Epoch:  10
Loss: 0.3568 Acc: 0.8160
val loss:  0.0015291046798229218
Accuracy of the network on the val images: 82.6000 %
Epoch:  11
Loss: 0.4628 Acc: 0.7745
val loss:  0.0016275127530097962
Accuracy of the network on the val images: 83.3000 %
patience 1
Epoch:  12
Loss: 0.3036 Acc: 0.8330
val loss:  0.001442148983478546
Accuracy of the network on the val images: 82.8000 %
Epoch:  13
Loss: 0.2857 Acc: 0.8420
val loss:  0.0015479411482810974
Accuracy of the network on the val images: 81.6000 %
patience 1
Epoch:  14
Loss: 0.3227 Acc: 0.8155
val loss:  0.001642033964395523
Accuracy of the network on the val images: 81.5000 %
patience 2
Epoch:  15
Loss: 0.3005 Acc: 0.8365
val loss:  0.0013907784521579743
Accuracy of the network on the val images: 83.9000 %
Epoch:  16
Loss: 0.3002 Acc: 0.8230
val loss:  0.00128434619307518
Accuracy of the network on the val images: 86.2000 %
Epoch:  17
Loss: 0.3008 Acc: 0.8270
val loss:  0.001284175232052803
Accuracy of the network on the val images: 85.8000 %
Epoch:  18
Loss: 0.2777 Acc: 0.8440
val loss:  0.001385130673646927
Accuracy of the network on the val images: 84.7000 %
patience 1
Epoch:  19
Loss: 0.2957 Acc: 0.8325
val loss:  0.0012619245946407318
Accuracy of the network on the val images: 84.5000 %
Epoch:  20
Loss: 0.2659 Acc: 0.8460
val loss:  0.0011940972954034806
Accuracy of the network on the val images: 87.1000 %
Epoch:  21
Loss: 0.3012 Acc: 0.8315
val loss:  0.0012313379794359207
Accuracy of the network on the val images: 86.3000 %
patience 1
Epoch:  22
Loss: 0.2503 Acc: 0.8560
val loss:  0.0013114848732948302
Accuracy of the network on the val images: 83.7000 %
patience 2
Epoch:  23
Loss: 0.2463 Acc: 0.8585
val loss:  0.0011768896132707597
Accuracy of the network on the val images: 86.8000 %
Epoch:  24
Loss: 0.2626 Acc: 0.8515
val loss:  0.0014018550515174865
Accuracy of the network on the val images: 84.5000 %
patience 1
Epoch:  25
Loss: 0.2672 Acc: 0.8435
val loss:  0.0012584670335054398
Accuracy of the network on the val images: 84.9000 %
patience 2
Epoch:  26
Loss: 0.2394 Acc: 0.8635
val loss:  0.0011025504171848298
Accuracy of the network on the val images: 88.5000 %
Epoch:  27
Loss: 0.2708 Acc: 0.8470
val loss:  0.0011736917197704316
Accuracy of the network on the val images: 86.7000 %
patience 1
Epoch:  28
Loss: 0.2463 Acc: 0.8575
val loss:  0.0011829881072044372
Accuracy of the network on the val images: 86.1000 %
patience 2
Epoch:  29
Loss: 0.2375 Acc: 0.8625
val loss:  0.0011005360335111618
Accuracy of the network on the val images: 88.4000 %
Epoch:  30
Loss: 0.2706 Acc: 0.8480
val loss:  0.0012813256829977036
Accuracy of the network on the val images: 85.1000 %
patience 1
Epoch:  31
Loss: 0.2400 Acc: 0.8670
val loss:  0.001298339456319809
Accuracy of the network on the val images: 85.0000 %
patience 2
Epoch:  32
Loss: 0.2387 Acc: 0.8685
val loss:  0.0011278180181980132
Accuracy of the network on the val images: 87.2000 %
patience 3
Epoch:  33
Loss: 0.2417 Acc: 0.8565
val loss:  0.0012278968840837479
Accuracy of the network on the val images: 86.4000 %
patience 4
Epoch:  34
Loss: 0.2326 Acc: 0.8705
val loss:  0.0010986380875110627
Accuracy of the network on the val images: 87.9000 %
Epoch:  35
Loss: 0.2630 Acc: 0.8560
val loss:  0.001127557098865509
Accuracy of the network on the val images: 88.1000 %
patience 1
Epoch:  36
Loss: 0.2434 Acc: 0.8620
val loss:  0.0011250935643911362
Accuracy of the network on the val images: 87.4000 %
patience 2
Epoch:  37
Loss: 0.2353 Acc: 0.8610
val loss:  0.0011444053798913955
Accuracy of the network on the val images: 87.0000 %
patience 3
Epoch:  38
Loss: 0.2302 Acc: 0.8740
val loss:  0.0012202530652284623
Accuracy of the network on the val images: 86.3000 %
patience 4
Epoch:  39
Loss: 0.2640 Acc: 0.8485
val loss:  0.0011046230047941207
Accuracy of the network on the val images: 87.5000 %
patience 5
Epoch:  40
Loss: 0.2265 Acc: 0.8710
val loss:  0.0010979888886213302
Accuracy of the network on the val images: 87.7000 %
Epoch:  41
Loss: 0.2323 Acc: 0.8675
val loss:  0.0011375021189451219
Accuracy of the network on the val images: 88.0000 %
patience 1
Epoch:  42
Loss: 0.2482 Acc: 0.8570
val loss:  0.0012112567275762557
Accuracy of the network on the val images: 86.4000 %
patience 2
Epoch:  43
Loss: 0.2277 Acc: 0.8770
val loss:  0.001077320247888565
Accuracy of the network on the val images: 87.9000 %
Epoch:  44
Loss: 0.2356 Acc: 0.8710
val loss:  0.0011207341104745865
Accuracy of the network on the val images: 88.0000 %
patience 1
Epoch:  45
Loss: 0.2375 Acc: 0.8665
val loss:  0.0010755817741155624
Accuracy of the network on the val images: 88.4000 %
Epoch:  46
Loss: 0.2317 Acc: 0.8750
val loss:  0.0011136218309402465
Accuracy of the network on the val images: 88.3000 %
patience 1
Epoch:  47
Loss: 0.2241 Acc: 0.8800
val loss:  0.0010677082240581513
Accuracy of the network on the val images: 88.2000 %
Epoch:  48
Loss: 0.2279 Acc: 0.8775
val loss:  0.001034142702817917
Accuracy of the network on the val images: 88.5000 %
Epoch:  49
Loss: 0.2357 Acc: 0.8705
val loss:  0.001075846701860428
Accuracy of the network on the val images: 87.8000 %
patience 1
Epoch:  50
Loss: 0.2181 Acc: 0.8825
val loss:  0.001093017578125
Accuracy of the network on the val images: 87.7000 %
patience 2
Training finished.
testing loss:  0.001034142702817917
Accuracy of the network on the testset images: 88.5000 %
Testing with testset finished
Round  :  10
Net(
  (conv1): Conv2d(3, 32, kernel_size=(3, 3), stride=(1, 1), padding=(2, 2), bias=False)
  (conv2): Conv2d(32, 32, kernel_size=(3, 3), stride=(2, 2), padding=(2, 2), bias=False)
  (conv3): Conv2d(32, 64, kernel_size=(3, 3), stride=(2, 2), padding=(2, 2), bias=False)
  (conv4): Conv2d(64, 64, kernel_size=(3, 3), stride=(2, 2), padding=(2, 2), bias=False)
  (fc1): Linear(in_features=64, out_features=2, bias=True)
  (adap_max): AdaptiveMaxPool2d(output_size=1)
)
Model size: 255.883KB
Training is starting...
Epoch:   1
Loss: 0.6936 Acc: 0.5000
val loss:  0.0034651129841804505
Accuracy of the network on the val images: 50.0000 %
Epoch:   2
Loss: 0.6928 Acc: 0.5010
val loss:  0.003462130010128021
Accuracy of the network on the val images: 52.9000 %
Epoch:   3
Loss: 0.6921 Acc: 0.6160
val loss:  0.0034574246406555175
Accuracy of the network on the val images: 71.3000 %
Epoch:   4
Loss: 0.6907 Acc: 0.7005
val loss:  0.003443341791629791
Accuracy of the network on the val images: 73.6000 %
Epoch:   5
Loss: 0.6840 Acc: 0.7315
val loss:  0.003349749982357025
Accuracy of the network on the val images: 72.3000 %
Epoch:   6
Loss: 0.5948 Acc: 0.7330
val loss:  0.005466848492622376
Accuracy of the network on the val images: 50.6000 %
patience 1
Epoch:   7
Loss: 0.5390 Acc: 0.7315
val loss:  0.0019105848371982574
Accuracy of the network on the val images: 79.4000 %
Epoch:   8
Loss: 0.4872 Acc: 0.7525
val loss:  0.0017043614089488983
Accuracy of the network on the val images: 82.3000 %
Epoch:   9
Loss: 0.5048 Acc: 0.7580
val loss:  0.0020714740455150603
Accuracy of the network on the val images: 78.3000 %
patience 1
Epoch:  10
Loss: 0.3483 Acc: 0.8195
val loss:  0.001556885689496994
Accuracy of the network on the val images: 82.3000 %
Epoch:  11
Loss: 0.3239 Acc: 0.8225
val loss:  0.0023436769545078276
Accuracy of the network on the val images: 77.8000 %
patience 1
Epoch:  12
Loss: 0.3495 Acc: 0.8270
val loss:  0.001487984836101532
Accuracy of the network on the val images: 82.8000 %
Epoch:  13
Loss: 0.3411 Acc: 0.8085
val loss:  0.0023576645255088805
Accuracy of the network on the val images: 78.3000 %
patience 1
Epoch:  14
Loss: 0.3266 Acc: 0.8260
val loss:  0.0013591543436050416
Accuracy of the network on the val images: 85.0000 %
Epoch:  15
Loss: 0.3028 Acc: 0.8315
val loss:  0.0015577366054058074
Accuracy of the network on the val images: 83.1000 %
patience 1
Epoch:  16
Loss: 0.2997 Acc: 0.8185
val loss:  0.0012792855203151703
Accuracy of the network on the val images: 85.8000 %
Epoch:  17
Loss: 0.2866 Acc: 0.8320
val loss:  0.0012661298215389252
Accuracy of the network on the val images: 85.1000 %
Epoch:  18
Loss: 0.3104 Acc: 0.8255
val loss:  0.0012868110537528992
Accuracy of the network on the val images: 85.3000 %
patience 1
Epoch:  19
Loss: 0.2635 Acc: 0.8425
val loss:  0.0012156371921300888
Accuracy of the network on the val images: 86.5000 %
Epoch:  20
Loss: 0.2539 Acc: 0.8600
val loss:  0.0012273427546024322
Accuracy of the network on the val images: 85.9000 %
patience 1
Epoch:  21
Loss: 0.2867 Acc: 0.8345
val loss:  0.0012137419879436494
Accuracy of the network on the val images: 86.0000 %
Epoch:  22
Loss: 0.2641 Acc: 0.8520
val loss:  0.0012998276203870774
Accuracy of the network on the val images: 84.8000 %
patience 1
Epoch:  23
Loss: 0.2620 Acc: 0.8445
val loss:  0.0012569928616285324
Accuracy of the network on the val images: 85.2000 %
patience 2
Epoch:  24
Loss: 0.2545 Acc: 0.8520
val loss:  0.0014878731071949005
Accuracy of the network on the val images: 82.9000 %
patience 3
Epoch:  25
Loss: 0.2490 Acc: 0.8590
val loss:  0.0014485570192337037
Accuracy of the network on the val images: 83.6000 %
patience 4
Epoch:  26
Loss: 0.2566 Acc: 0.8585
val loss:  0.0012121480405330658
Accuracy of the network on the val images: 86.5000 %
Epoch:  27
Loss: 0.2655 Acc: 0.8410
val loss:  0.001187635228037834
Accuracy of the network on the val images: 86.4000 %
Epoch:  28
Loss: 0.2521 Acc: 0.8520
val loss:  0.001130611702799797
Accuracy of the network on the val images: 87.2000 %
Epoch:  29
Loss: 0.2648 Acc: 0.8520
val loss:  0.001145202100276947
Accuracy of the network on the val images: 87.5000 %
patience 1
Epoch:  30
Loss: 0.2483 Acc: 0.8605
val loss:  0.0011491326838731766
Accuracy of the network on the val images: 87.1000 %
patience 2
Epoch:  31
Loss: 0.2469 Acc: 0.8555
val loss:  0.0011132118999958038
Accuracy of the network on the val images: 87.8000 %
Epoch:  32
Loss: 0.2613 Acc: 0.8530
val loss:  0.0011513935774564743
Accuracy of the network on the val images: 87.4000 %
patience 1
Epoch:  33
Loss: 0.2369 Acc: 0.8630
val loss:  0.0010961984992027283
Accuracy of the network on the val images: 88.4000 %
Epoch:  34
Loss: 0.2569 Acc: 0.8570
val loss:  0.001176430106163025
Accuracy of the network on the val images: 87.1000 %
patience 1
Epoch:  35
Loss: 0.2355 Acc: 0.8630
val loss:  0.0010806265771389008
Accuracy of the network on the val images: 88.7000 %
Epoch:  36
Loss: 0.2500 Acc: 0.8610
val loss:  0.0011357327848672866
Accuracy of the network on the val images: 87.0000 %
patience 1
Epoch:  37
Loss: 0.2527 Acc: 0.8560
val loss:  0.0010908223539590836
Accuracy of the network on the val images: 88.2000 %
patience 2
Epoch:  38
Loss: 0.2443 Acc: 0.8640
val loss:  0.0010832380503416061
Accuracy of the network on the val images: 88.6000 %
patience 3
Epoch:  39
Loss: 0.2382 Acc: 0.8640
val loss:  0.0010831059366464616
Accuracy of the network on the val images: 88.1000 %
patience 4
Epoch:  40
Loss: 0.2353 Acc: 0.8680
val loss:  0.001158454120159149
Accuracy of the network on the val images: 87.8000 %
patience 5
Epoch:  41
Loss: 0.2420 Acc: 0.8710
val loss:  0.0012813434898853301
Accuracy of the network on the val images: 85.7000 %
patience 6
Epoch:  42
Loss: 0.2322 Acc: 0.8725
val loss:  0.0010878228694200516
Accuracy of the network on the val images: 88.2000 %
patience 7
Epoch:  43
Loss: 0.2342 Acc: 0.8670
val loss:  0.0011034364253282548
Accuracy of the network on the val images: 88.1000 %
patience 8
Epoch:  44
Loss: 0.2252 Acc: 0.8740
val loss:  0.0010904556959867478
Accuracy of the network on the val images: 88.2000 %
Training finished.
testing loss:  0.0010806265771389008
Accuracy of the network on the testset images: 88.7000 %
Testing with testset finished
*******************************************
 Type of convolution :  fconv
 Type of network :  Net1
*******************************************
Results for validation dataset {0: 88.6, 1: 87.7, 2: 87.6, 3: 88.7, 4: 89.4, 5: 89.6, 6: 86.8, 7: 86.6, 8: 87.7, 9: 88.2}
mean: 88.0900 std: 0.9523 for validation
Results for test dataset {0: 89.6, 1: 89.0, 2: 88.5, 3: 89.2, 4: 89.4, 5: 89.6, 6: 89.0, 7: 89.1, 8: 88.5, 9: 88.7}
mean: 89.0600 std: 0.3852 for test

JOB STATISTICS
==============
Job ID: 8549529
Cluster: snellius
User/Group: scur2785/scur2785
State: COMPLETED (exit code 0)
Nodes: 1
Cores per node: 9
CPU Utilized: 00:05:19
CPU Efficiency: 68.16% of 00:07:48 core-walltime
Job Wall-clock time: 00:00:52
Memory Utilized: 774.77 MB
Memory Efficiency: 1.26% of 60.00 GB
