============================================================================================== 
Warning! Mixing Conda and module environments may lead to corruption of the
user environment. 
We do not recommend users mixing those two environments unless absolutely
necessary. Note that 
SURF does not provide any support for Conda environment.
For more information, please refer to our software policy page:
https://servicedesk.surf.nl/wiki/display/WIKI/Software+policy+Snellius#SoftwarepolicySnellius-UseofAnacondaandMinicondaenvironmentsonSnellius 

Remember that many packages have already been installed on the system and can
be loaded using 
the 'module load <package__name>' command. If you are uncertain if a package is
already available 
on the system, please use 'module avail' or 'module spider' to search for it.
============================================================================================== 
usage: conda [-h] [--no-plugins] [-V] COMMAND ...
conda: error: argument COMMAND: invalid choice: 'activate' (choose from 'clean', 'compare', 'config', 'create', 'info', 'init', 'install', 'list', 'notices', 'package', 'remove', 'uninstall', 'rename', 'run', 'search', 'update', 'upgrade', 'build', 'convert', 'debug', 'develop', 'doctor', 'index', 'inspect', 'metapackage', 'render', 'skeleton', 'server', 'repo', 'content-trust', 'pack', 'env', 'token', 'verify')
F....
======================================================================
FAIL: test_apply_rotary_emb (__main__.TestCausalSelfAttention.test_apply_rotary_emb)
----------------------------------------------------------------------
Traceback (most recent call last):
  File "/gpfs/home6/scur2785/uvadlc_practicals_2024/assignment2/part2/public_unittest.py", line 48, in test_apply_rotary_emb
    self.assertTrue(torch.allclose(xq.norm(dim=-1), xq_rot.norm(dim=-1), atol=1e-5))
AssertionError: False is not true

----------------------------------------------------------------------
Ran 5 tests in 0.330s

FAILED (failures=1)
seq torch.Size([5])
freqs torch.Size([5, 4])
pos_emb torch.Size([1, 1, 5, 8])
seq torch.Size([5])
freqs torch.Size([5, 4])
pos_emb torch.Size([1, 1, 5, 8])
q shape: torch.Size([2, 8, 5, 8]), k shape: torch.Size([2, 8, 5, 8]), v shape: torch.Size([2, 8, 5, 8])
att shape before masking: torch.Size([2, 8, 5, 5])
att shape after masking: torch.Size([2, 8, 5, 5])
y shape after attention: torch.Size([2, 8, 5, 8])
seq torch.Size([5])
freqs torch.Size([5, 4])
pos_emb torch.Size([1, 1, 5, 8])
q shape: torch.Size([1, 8, 5, 8]), k shape: torch.Size([1, 8, 5, 8]), v shape: torch.Size([1, 8, 5, 8])
att shape before masking: torch.Size([1, 8, 5, 5])
att shape after masking: torch.Size([1, 8, 5, 5])
y shape after attention: torch.Size([1, 8, 5, 8])
seq torch.Size([10])
freqs torch.Size([10, 4])
pos_emb torch.Size([1, 1, 10, 8])
q shape: torch.Size([2, 8, 10, 8]), k shape: torch.Size([2, 8, 10, 8]), v shape: torch.Size([2, 8, 10, 8])
att shape before masking: torch.Size([2, 8, 10, 10])
att shape after masking: torch.Size([2, 8, 10, 10])
y shape after attention: torch.Size([2, 8, 10, 8])
seq torch.Size([10])
freqs torch.Size([10, 4])
pos_emb torch.Size([1, 1, 10, 8])
q shape: torch.Size([2, 8, 10, 8]), k shape: torch.Size([2, 8, 10, 8]), v shape: torch.Size([2, 8, 10, 8])
att shape before masking: torch.Size([2, 8, 10, 10])
att shape after masking: torch.Size([2, 8, 10, 10])
y shape after attention: torch.Size([2, 8, 10, 8])
srun: error: gcn2: task 0: Exited with exit code 1
srun: Terminating StepId=8574176.0

JOB STATISTICS
==============
Job ID: 8574176
Cluster: snellius
User/Group: scur2785/scur2785
State: FAILED (exit code 1)
Nodes: 1
Cores per node: 9
CPU Utilized: 00:00:09
CPU Efficiency: 5.26% of 00:02:51 core-walltime
Job Wall-clock time: 00:00:19
Memory Utilized: 2.08 MB
Memory Efficiency: 0.00% of 60.00 GB
