============================================================================================== 
Warning! Mixing Conda and module environments may lead to corruption of the
user environment. 
We do not recommend users mixing those two environments unless absolutely
necessary. Note that 
SURF does not provide any support for Conda environment.
For more information, please refer to our software policy page:
https://servicedesk.surf.nl/wiki/display/WIKI/Software+policy+Snellius#SoftwarepolicySnellius-UseofAnacondaandMinicondaenvironmentsonSnellius 

Remember that many packages have already been installed on the system and can
be loaded using 
the 'module load <package__name>' command. If you are uncertain if a package is
already available 
on the system, please use 'module avail' or 'module spider' to search for it.
============================================================================================== 
usage: conda [-h] [--no-plugins] [-V] COMMAND ...
conda: error: argument COMMAND: invalid choice: 'activate' (choose from 'clean', 'compare', 'config', 'create', 'info', 'init', 'install', 'list', 'notices', 'package', 'remove', 'uninstall', 'rename', 'run', 'search', 'update', 'upgrade', 'build', 'convert', 'debug', 'develop', 'doctor', 'index', 'inspect', 'metapackage', 'render', 'skeleton', 'token', 'env', 'content-trust', 'verify', 'repo', 'server', 'pack')
/gpfs/home6/scur2785/uvadlc_practicals_2024/assignment2/part1/exercise1.1/net.py:294: FutureWarning: Positional args are being deprecated, use kwargs instead. Refer to https://pytorch.org/docs/main/generated/torch.nn.Module.html#torch.nn.Module.state_dict for details.
  torch.save(net.state_dict(net_model_wts), net_model)
/gpfs/home6/scur2785/uvadlc_practicals_2024/assignment2/part1/exercise1.1/net.py:308: FutureWarning: You are using `torch.load` with `weights_only=False` (the current default value), which uses the default pickle module implicitly. It is possible to construct malicious pickle data which will execute arbitrary code during unpickling (See https://github.com/pytorch/pytorch/blob/main/SECURITY.md#untrusted-models for more details). In a future release, the default value for `weights_only` will be flipped to `True`. This limits the functions that could be executed during unpickling. Arbitrary objects will no longer be allowed to be loaded via this mode unless they are explicitly allowlisted by the user via `torch.serialization.add_safe_globals`. We recommend you start setting `weights_only=True` for any use case where you don't have full control of the loaded file. Please open an issue on GitHub for any issues related to this experimental feature.
  net.load_state_dict(torch.load(net_model))  # using best model
Namespace(train_size=2000, val_size=1000, test_size=1000, conv_type='reflect', net_type='Net2', image_size=32, offset1=7, offset2=23, fluctuation=6, n_repeat=10, epochs=50, batch_size=200)
Round  :   1
Net(
  (conv1): Conv2d(3, 32, kernel_size=(3, 3), stride=(1, 1), padding=(2, 2), bias=False, padding_mode=reflect)
  (conv2): Conv2d(32, 32, kernel_size=(3, 3), stride=(2, 2), padding=(2, 2), bias=False, padding_mode=reflect)
  (conv3): Conv2d(32, 64, kernel_size=(3, 3), stride=(2, 2), padding=(2, 2), bias=False, padding_mode=reflect)
  (conv4): Conv2d(64, 64, kernel_size=(3, 3), stride=(2, 2), padding=(2, 2), bias=False, padding_mode=reflect)
  (fc1): Linear(in_features=64, out_features=2, bias=True)
  (fc2): Linear(in_features=2304, out_features=64, bias=True)
)
Model size: 832.133KB
Training is starting...
Epoch:   1
Loss: 0.6914 Acc: 0.6625
val loss:  0.0034258477687835695
Accuracy of the network on the val images: 100.0000 %
Epoch:   2
Loss: 0.3797 Acc: 1.0000
val loss:  9.809628361836077e-06
Accuracy of the network on the val images: 100.0000 %
Epoch:   3
Loss: 0.0010 Acc: 1.0000
val loss:  2.390273613855243e-06
Accuracy of the network on the val images: 100.0000 %
Epoch:   4
Loss: 0.0003 Acc: 1.0000
val loss:  1.2221216748002917e-06
Accuracy of the network on the val images: 100.0000 %
Epoch:   5
Loss: 0.0002 Acc: 1.0000
val loss:  7.723683593212627e-07
Accuracy of the network on the val images: 100.0000 %
Epoch:   6
Loss: 0.0001 Acc: 1.0000
val loss:  5.412809696281329e-07
Accuracy of the network on the val images: 100.0000 %
Epoch:   7
Loss: 0.0001 Acc: 1.0000
val loss:  4.050512725370936e-07
Accuracy of the network on the val images: 100.0000 %
Epoch:   8
Loss: 0.0001 Acc: 1.0000
val loss:  3.1809546635486185e-07
Accuracy of the network on the val images: 100.0000 %
Epoch:   9
Loss: 0.0001 Acc: 1.0000
val loss:  2.594916622911114e-07
Accuracy of the network on the val images: 100.0000 %
Epoch:  10
Loss: 0.0000 Acc: 1.0000
val loss:  2.1842301975993905e-07
Accuracy of the network on the val images: 100.0000 %
Epoch:  11
Loss: 0.0000 Acc: 1.0000
val loss:  1.8840398115571587e-07
Accuracy of the network on the val images: 100.0000 %
Epoch:  12
Loss: 0.0000 Acc: 1.0000
val loss:  1.6575779955019243e-07
Accuracy of the network on the val images: 100.0000 %
Epoch:  13
Loss: 0.0000 Acc: 1.0000
val loss:  1.4799679047428072e-07
Accuracy of the network on the val images: 100.0000 %
Epoch:  14
Loss: 0.0000 Acc: 1.0000
val loss:  1.3390722415351773e-07
Accuracy of the network on the val images: 100.0000 %
Epoch:  15
Loss: 0.0000 Acc: 1.0000
val loss:  1.2235270878591109e-07
Accuracy of the network on the val images: 100.0000 %
Epoch:  16
Loss: 0.0000 Acc: 1.0000
val loss:  1.127736986745731e-07
Accuracy of the network on the val images: 100.0000 %
Epoch:  17
Loss: 0.0000 Acc: 1.0000
val loss:  1.0473105612618383e-07
Accuracy of the network on the val images: 100.0000 %
Epoch:  18
Loss: 0.0000 Acc: 1.0000
val loss:  9.784693247638642e-08
Accuracy of the network on the val images: 100.0000 %
Epoch:  19
Loss: 0.0000 Acc: 1.0000
val loss:  9.193421010422753e-08
Accuracy of the network on the val images: 100.0000 %
Epoch:  20
Loss: 0.0000 Acc: 1.0000
val loss:  8.671935120219132e-08
Accuracy of the network on the val images: 100.0000 %
Epoch:  21
Loss: 0.0000 Acc: 1.0000
val loss:  8.223812073993031e-08
Accuracy of the network on the val images: 100.0000 %
Epoch:  22
Loss: 0.0000 Acc: 1.0000
val loss:  7.82587003413937e-08
Accuracy of the network on the val images: 100.0000 %
Epoch:  23
Loss: 0.0000 Acc: 1.0000
val loss:  7.469169941032306e-08
Accuracy of the network on the val images: 100.0000 %
Epoch:  24
Loss: 0.0000 Acc: 1.0000
val loss:  7.152875878091436e-08
Accuracy of the network on the val images: 100.0000 %
Epoch:  25
Loss: 0.0000 Acc: 1.0000
val loss:  6.86584444338223e-08
Accuracy of the network on the val images: 100.0000 %
Epoch:  26
Loss: 0.0000 Acc: 1.0000
val loss:  6.609625415876508e-08
Accuracy of the network on the val images: 100.0000 %
Epoch:  27
Loss: 0.0000 Acc: 1.0000
val loss:  6.374325312208385e-08
Accuracy of the network on the val images: 100.0000 %
Epoch:  28
Loss: 0.0000 Acc: 1.0000
val loss:  6.159109761938452e-08
Accuracy of the network on the val images: 100.0000 %
Epoch:  29
Loss: 0.0000 Acc: 1.0000
val loss:  5.965350374026457e-08
Accuracy of the network on the val images: 100.0000 %
Epoch:  30
Loss: 0.0000 Acc: 1.0000
val loss:  5.788933231087867e-08
Accuracy of the network on the val images: 100.0000 %
Epoch:  31
Loss: 0.0000 Acc: 1.0000
val loss:  5.623840252155787e-08
Accuracy of the network on the val images: 100.0000 %
Epoch:  32
Loss: 0.0000 Acc: 1.0000
val loss:  5.4707265917386395e-08
Accuracy of the network on the val images: 100.0000 %
Epoch:  33
Loss: 0.0000 Acc: 1.0000
val loss:  5.334122306521749e-08
Accuracy of the network on the val images: 100.0000 %
Epoch:  34
Loss: 0.0000 Acc: 1.0000
val loss:  5.2024050091858956e-08
Accuracy of the network on the val images: 100.0000 %
Epoch:  35
Loss: 0.0000 Acc: 1.0000
val loss:  5.0829651627282144e-08
Accuracy of the network on the val images: 100.0000 %
Epoch:  36
Loss: 0.0000 Acc: 1.0000
val loss:  4.971213729731971e-08
Accuracy of the network on the val images: 100.0000 %
Epoch:  37
Loss: 0.0000 Acc: 1.0000
val loss:  4.866673862125026e-08
Accuracy of the network on the val images: 100.0000 %
Epoch:  38
Loss: 0.0000 Acc: 1.0000
val loss:  4.766305755765643e-08
Accuracy of the network on the val images: 100.0000 %
Epoch:  39
Loss: 0.0000 Acc: 1.0000
val loss:  4.675891204897198e-08
Accuracy of the network on the val images: 100.0000 %
Epoch:  40
Loss: 0.0000 Acc: 1.0000
val loss:  4.591257948050043e-08
Accuracy of the network on the val images: 100.0000 %
Epoch:  41
Loss: 0.0000 Acc: 1.0000
val loss:  4.508054962570895e-08
Accuracy of the network on the val images: 100.0000 %
Epoch:  42
Loss: 0.0000 Acc: 1.0000
val loss:  4.433434196471353e-08
Accuracy of the network on the val images: 100.0000 %
Epoch:  43
Loss: 0.0000 Acc: 1.0000
val loss:  4.364058668215875e-08
Accuracy of the network on the val images: 100.0000 %
Epoch:  44
Loss: 0.0000 Acc: 1.0000
val loss:  4.294384734748746e-08
Accuracy of the network on the val images: 100.0000 %
Epoch:  45
Loss: 0.0000 Acc: 1.0000
val loss:  4.231029151924304e-08
Accuracy of the network on the val images: 100.0000 %
Epoch:  46
Loss: 0.0000 Acc: 1.0000
val loss:  4.169460544289905e-08
Accuracy of the network on the val images: 100.0000 %
Epoch:  47
Loss: 0.0000 Acc: 1.0000
val loss:  4.114746388950152e-08
Accuracy of the network on the val images: 100.0000 %
Epoch:  48
Loss: 0.0000 Acc: 1.0000
val loss:  4.060985929754679e-08
Accuracy of the network on the val images: 100.0000 %
Epoch:  49
Loss: 0.0000 Acc: 1.0000
val loss:  4.008000632893527e-08
Accuracy of the network on the val images: 100.0000 %
Epoch:  50
Loss: 0.0000 Acc: 1.0000
val loss:  3.961034462918178e-08
Accuracy of the network on the val images: 100.0000 %
Training finished.
testing loss:  0.0697833366394043
Accuracy of the network on the testset images: 0.0000 %
Testing with testset finished
Round  :   2
Net(
  (conv1): Conv2d(3, 32, kernel_size=(3, 3), stride=(1, 1), padding=(2, 2), bias=False, padding_mode=reflect)
  (conv2): Conv2d(32, 32, kernel_size=(3, 3), stride=(2, 2), padding=(2, 2), bias=False, padding_mode=reflect)
  (conv3): Conv2d(32, 64, kernel_size=(3, 3), stride=(2, 2), padding=(2, 2), bias=False, padding_mode=reflect)
  (conv4): Conv2d(64, 64, kernel_size=(3, 3), stride=(2, 2), padding=(2, 2), bias=False, padding_mode=reflect)
  (fc1): Linear(in_features=64, out_features=2, bias=True)
  (fc2): Linear(in_features=2304, out_features=64, bias=True)
)
Model size: 832.133KB
Training is starting...
Epoch:   1
Loss: 0.6896 Acc: 0.5770
val loss:  0.003342117607593536
Accuracy of the network on the val images: 100.0000 %
Epoch:   2
Loss: 0.2292 Acc: 1.0000
val loss:  6.5328886266797784e-06
Accuracy of the network on the val images: 100.0000 %
Epoch:   3
Loss: 0.0007 Acc: 1.0000
val loss:  2.073534153169021e-06
Accuracy of the network on the val images: 100.0000 %
Epoch:   4
Loss: 0.0003 Acc: 1.0000
val loss:  1.1205543560208753e-06
Accuracy of the network on the val images: 100.0000 %
Epoch:   5
Loss: 0.0002 Acc: 1.0000
val loss:  7.243899890454486e-07
Accuracy of the network on the val images: 100.0000 %
Epoch:   6
Loss: 0.0001 Acc: 1.0000
val loss:  5.134312741574831e-07
Accuracy of the network on the val images: 100.0000 %
Epoch:   7
Loss: 0.0001 Acc: 1.0000
val loss:  3.8718271389370785e-07
Accuracy of the network on the val images: 100.0000 %
Epoch:   8
Loss: 0.0001 Acc: 1.0000
val loss:  3.0569962109439075e-07
Accuracy of the network on the val images: 100.0000 %
Epoch:   9
Loss: 0.0001 Acc: 1.0000
val loss:  2.5080465638893656e-07
Accuracy of the network on the val images: 100.0000 %
Epoch:  10
Loss: 0.0000 Acc: 1.0000
val loss:  2.1197657588345464e-07
Accuracy of the network on the val images: 100.0000 %
Epoch:  11
Loss: 0.0000 Acc: 1.0000
val loss:  1.8348327284911647e-07
Accuracy of the network on the val images: 100.0000 %
Epoch:  12
Loss: 0.0000 Acc: 1.0000
val loss:  1.6187611618079244e-07
Accuracy of the network on the val images: 100.0000 %
Epoch:  13
Loss: 0.0000 Acc: 1.0000
val loss:  1.4492599984805564e-07
Accuracy of the network on the val images: 100.0000 %
Epoch:  14
Loss: 0.0000 Acc: 1.0000
val loss:  1.3131186096870807e-07
Accuracy of the network on the val images: 100.0000 %
Epoch:  15
Loss: 0.0000 Acc: 1.0000
val loss:  1.2014818094030487e-07
Accuracy of the network on the val images: 100.0000 %
Epoch:  16
Loss: 0.0000 Acc: 1.0000
val loss:  1.1089152212662156e-07
Accuracy of the network on the val images: 100.0000 %
Epoch:  17
Loss: 0.0000 Acc: 1.0000
val loss:  1.0299064979335526e-07
Accuracy of the network on the val images: 100.0000 %
Epoch:  18
Loss: 0.0000 Acc: 1.0000
val loss:  9.634066736907698e-08
Accuracy of the network on the val images: 100.0000 %
Epoch:  19
Loss: 0.0000 Acc: 1.0000
val loss:  9.058167051989586e-08
Accuracy of the network on the val images: 100.0000 %
Epoch:  20
Loss: 0.0000 Acc: 1.0000
val loss:  8.552232156944228e-08
Accuracy of the network on the val images: 100.0000 %
Epoch:  21
Loss: 0.0000 Acc: 1.0000
val loss:  8.114238244161243e-08
Accuracy of the network on the val images: 100.0000 %
Epoch:  22
Loss: 0.0000 Acc: 1.0000
val loss:  7.720286703261081e-08
Accuracy of the network on the val images: 100.0000 %
Epoch:  23
Loss: 0.0000 Acc: 1.0000
val loss:  7.373238713626051e-08
Accuracy of the network on the val images: 100.0000 %
Epoch:  24
Loss: 0.0000 Acc: 1.0000
val loss:  7.057777111185715e-08
Accuracy of the network on the val images: 100.0000 %
Epoch:  25
Loss: 0.0000 Acc: 1.0000
val loss:  6.780637431802461e-08
Accuracy of the network on the val images: 100.0000 %
Epoch:  26
Loss: 0.0000 Acc: 1.0000
val loss:  6.5251315390924e-08
Accuracy of the network on the val images: 100.0000 %
Epoch:  27
Loss: 0.0000 Acc: 1.0000
val loss:  6.29441983619472e-08
Accuracy of the network on the val images: 100.0000 %
Epoch:  28
Loss: 0.0000 Acc: 1.0000
val loss:  6.08802329225e-08
Accuracy of the network on the val images: 100.0000 %
Epoch:  29
Loss: 0.0000 Acc: 1.0000
val loss:  5.896765742363641e-08
Accuracy of the network on the val images: 100.0000 %
Epoch:  30
Loss: 0.0000 Acc: 1.0000
val loss:  5.71754717384465e-08
Accuracy of the network on the val images: 100.0000 %
Epoch:  31
Loss: 0.0000 Acc: 1.0000
val loss:  5.558532393479254e-08
Accuracy of the network on the val images: 100.0000 %
Epoch:  32
Loss: 0.0000 Acc: 1.0000
val loss:  5.412271957538906e-08
Accuracy of the network on the val images: 100.0000 %
Epoch:  33
Loss: 0.0000 Acc: 1.0000
val loss:  5.27143538420205e-08
Accuracy of the network on the val images: 100.0000 %
Epoch:  34
Loss: 0.0000 Acc: 1.0000
val loss:  5.1449024795147124e-08
Accuracy of the network on the val images: 100.0000 %
Epoch:  35
Loss: 0.0000 Acc: 1.0000
val loss:  5.0254621783096807e-08
Accuracy of the network on the val images: 100.0000 %
Epoch:  36
Loss: 0.0000 Acc: 1.0000
val loss:  4.9153793042933104e-08
Accuracy of the network on the val images: 100.0000 %
Epoch:  37
Loss: 0.0000 Acc: 1.0000
val loss:  4.8100043841259324e-08
Accuracy of the network on the val images: 100.0000 %
Epoch:  38
Loss: 0.0000 Acc: 1.0000
val loss:  4.7154172534646933e-08
Accuracy of the network on the val images: 100.0000 %
Epoch:  39
Loss: 0.0000 Acc: 1.0000
val loss:  4.625001975000487e-08
Accuracy of the network on the val images: 100.0000 %
Epoch:  40
Loss: 0.0000 Acc: 1.0000
val loss:  4.5422160383168376e-08
Accuracy of the network on the val images: 100.0000 %
Epoch:  41
Loss: 0.0000 Acc: 1.0000
val loss:  4.463303685042774e-08
Accuracy of the network on the val images: 100.0000 %
Epoch:  42
Loss: 0.0000 Acc: 1.0000
val loss:  4.386060345495934e-08
Accuracy of the network on the val images: 100.0000 %
Epoch:  43
Loss: 0.0000 Acc: 1.0000
val loss:  4.316445802032831e-08
Accuracy of the network on the val images: 100.0000 %
Epoch:  44
Loss: 0.0000 Acc: 1.0000
val loss:  4.25171883762232e-08
Accuracy of the network on the val images: 100.0000 %
Epoch:  45
Loss: 0.0000 Acc: 1.0000
val loss:  4.1890178181347435e-08
Accuracy of the network on the val images: 100.0000 %
Epoch:  46
Loss: 0.0000 Acc: 1.0000
val loss:  4.125721397940652e-08
Accuracy of the network on the val images: 100.0000 %
Epoch:  47
Loss: 0.0000 Acc: 1.0000
val loss:  4.073510081070708e-08
Accuracy of the network on the val images: 100.0000 %
Epoch:  48
Loss: 0.0000 Acc: 1.0000
val loss:  4.02052437493694e-08
Accuracy of the network on the val images: 100.0000 %
Epoch:  49
Loss: 0.0000 Acc: 1.0000
val loss:  3.9683133763901426e-08
Accuracy of the network on the val images: 100.0000 %
Epoch:  50
Loss: 0.0000 Acc: 1.0000
val loss:  3.922300857084338e-08
Accuracy of the network on the val images: 100.0000 %
Training finished.
testing loss:  0.06430706405639648
Accuracy of the network on the testset images: 0.0000 %
Testing with testset finished
Round  :   3
Net(
  (conv1): Conv2d(3, 32, kernel_size=(3, 3), stride=(1, 1), padding=(2, 2), bias=False, padding_mode=reflect)
  (conv2): Conv2d(32, 32, kernel_size=(3, 3), stride=(2, 2), padding=(2, 2), bias=False, padding_mode=reflect)
  (conv3): Conv2d(32, 64, kernel_size=(3, 3), stride=(2, 2), padding=(2, 2), bias=False, padding_mode=reflect)
  (conv4): Conv2d(64, 64, kernel_size=(3, 3), stride=(2, 2), padding=(2, 2), bias=False, padding_mode=reflect)
  (fc1): Linear(in_features=64, out_features=2, bias=True)
  (fc2): Linear(in_features=2304, out_features=64, bias=True)
)
Model size: 832.133KB
Training is starting...
Epoch:   1
Loss: 0.6912 Acc: 0.5950
val loss:  0.0034193399548530577
Accuracy of the network on the val images: 100.0000 %
Epoch:   2
Loss: 0.3539 Acc: 1.0000
val loss:  1.0609981138259172e-05
Accuracy of the network on the val images: 100.0000 %
Epoch:   3
Loss: 0.0010 Acc: 1.0000
val loss:  2.5271301274187863e-06
Accuracy of the network on the val images: 100.0000 %
Epoch:   4
Loss: 0.0003 Acc: 1.0000
val loss:  1.278702708077617e-06
Accuracy of the network on the val images: 100.0000 %
Epoch:   5
Loss: 0.0002 Acc: 1.0000
val loss:  7.992605824256316e-07
Accuracy of the network on the val images: 100.0000 %
Epoch:   6
Loss: 0.0001 Acc: 1.0000
val loss:  5.543924125959165e-07
Accuracy of the network on the val images: 100.0000 %
Epoch:   7
Loss: 0.0001 Acc: 1.0000
val loss:  4.114613329875283e-07
Accuracy of the network on the val images: 100.0000 %
Epoch:   8
Loss: 0.0001 Acc: 1.0000
val loss:  3.218240453861654e-07
Accuracy of the network on the val images: 100.0000 %
Epoch:   9
Loss: 0.0001 Acc: 1.0000
val loss:  2.6234065080643633e-07
Accuracy of the network on the val images: 100.0000 %
Epoch:  10
Loss: 0.0000 Acc: 1.0000
val loss:  2.207407414971385e-07
Accuracy of the network on the val images: 100.0000 %
Epoch:  11
Loss: 0.0000 Acc: 1.0000
val loss:  1.9045489534619265e-07
Accuracy of the network on the val images: 100.0000 %
Epoch:  12
Loss: 0.0000 Acc: 1.0000
val loss:  1.675418570812326e-07
Accuracy of the network on the val images: 100.0000 %
Epoch:  13
Loss: 0.0000 Acc: 1.0000
val loss:  1.49694520587218e-07
Accuracy of the network on the val images: 100.0000 %
Epoch:  14
Loss: 0.0000 Acc: 1.0000
val loss:  1.3538985876948572e-07
Accuracy of the network on the val images: 100.0000 %
Epoch:  15
Loss: 0.0000 Acc: 1.0000
val loss:  1.236869902641047e-07
Accuracy of the network on the val images: 100.0000 %
Epoch:  16
Loss: 0.0000 Acc: 1.0000
val loss:  1.1406809790059924e-07
Accuracy of the network on the val images: 100.0000 %
Epoch:  17
Loss: 0.0000 Acc: 1.0000
val loss:  1.0588064560579369e-07
Accuracy of the network on the val images: 100.0000 %
Epoch:  18
Loss: 0.0000 Acc: 1.0000
val loss:  9.89172731351573e-08
Accuracy of the network on the val images: 100.0000 %
Epoch:  19
Loss: 0.0000 Acc: 1.0000
val loss:  9.291993319493486e-08
Accuracy of the network on the val images: 100.0000 %
Epoch:  20
Loss: 0.0000 Acc: 1.0000
val loss:  8.769315991230542e-08
Accuracy of the network on the val images: 100.0000 %
Epoch:  21
Loss: 0.0000 Acc: 1.0000
val loss:  8.309930308314505e-08
Accuracy of the network on the val images: 100.0000 %
Epoch:  22
Loss: 0.0000 Acc: 1.0000
val loss:  7.908532461442519e-08
Accuracy of the network on the val images: 100.0000 %
Epoch:  23
Loss: 0.0000 Acc: 1.0000
val loss:  7.54706434236141e-08
Accuracy of the network on the val images: 100.0000 %
Epoch:  24
Loss: 0.0000 Acc: 1.0000
val loss:  7.227373498608359e-08
Accuracy of the network on the val images: 100.0000 %
Epoch:  25
Loss: 0.0000 Acc: 1.0000
val loss:  6.933966051292373e-08
Accuracy of the network on the val images: 100.0000 %
Epoch:  26
Loss: 0.0000 Acc: 1.0000
val loss:  6.673933057754766e-08
Accuracy of the network on the val images: 100.0000 %
Epoch:  27
Loss: 0.0000 Acc: 1.0000
val loss:  6.435414888983359e-08
Accuracy of the network on the val images: 100.0000 %
Epoch:  28
Loss: 0.0000 Acc: 1.0000
val loss:  6.218649377842667e-08
Accuracy of the network on the val images: 100.0000 %
Epoch:  29
Loss: 0.0000 Acc: 1.0000
val loss:  6.023161586199421e-08
Accuracy of the network on the val images: 100.0000 %
Epoch:  30
Loss: 0.0000 Acc: 1.0000
val loss:  5.842811242473545e-08
Accuracy of the network on the val images: 100.0000 %
Epoch:  31
Loss: 0.0000 Acc: 1.0000
val loss:  5.67295041946636e-08
Accuracy of the network on the val images: 100.0000 %
Epoch:  32
Loss: 0.0000 Acc: 1.0000
val loss:  5.5213270115928026e-08
Accuracy of the network on the val images: 100.0000 %
Epoch:  33
Loss: 0.0000 Acc: 1.0000
val loss:  5.3780478083353954e-08
Accuracy of the network on the val images: 100.0000 %
Epoch:  34
Loss: 0.0000 Acc: 1.0000
val loss:  5.249430023468449e-08
Accuracy of the network on the val images: 100.0000 %
Epoch:  35
Loss: 0.0000 Acc: 1.0000
val loss:  5.1264139983686615e-08
Accuracy of the network on the val images: 100.0000 %
Epoch:  36
Loss: 0.0000 Acc: 1.0000
val loss:  5.011026905776816e-08
Accuracy of the network on the val images: 100.0000 %
Epoch:  37
Loss: 0.0000 Acc: 1.0000
val loss:  4.905712830804987e-08
Accuracy of the network on the val images: 100.0000 %
Epoch:  38
Loss: 0.0000 Acc: 1.0000
val loss:  4.803973706657416e-08
Accuracy of the network on the val images: 100.0000 %
Epoch:  39
Loss: 0.0000 Acc: 1.0000
val loss:  4.714513079306926e-08
Accuracy of the network on the val images: 100.0000 %
Epoch:  40
Loss: 0.0000 Acc: 1.0000
val loss:  4.624038683687104e-08
Accuracy of the network on the val images: 100.0000 %
Epoch:  41
Loss: 0.0000 Acc: 1.0000
val loss:  4.541670114122098e-08
Accuracy of the network on the val images: 100.0000 %
Epoch:  42
Loss: 0.0000 Acc: 1.0000
val loss:  4.464546054805396e-08
Accuracy of the network on the val images: 100.0000 %
Epoch:  43
Loss: 0.0000 Acc: 1.0000
val loss:  4.393084418552462e-08
Accuracy of the network on the val images: 100.0000 %
Epoch:  44
Loss: 0.0000 Acc: 1.0000
val loss:  4.324960264057154e-08
Accuracy of the network on the val images: 100.0000 %
Epoch:  45
Loss: 0.0000 Acc: 1.0000
val loss:  4.259399247530382e-08
Accuracy of the network on the val images: 100.0000 %
Epoch:  46
Loss: 0.0000 Acc: 1.0000
val loss:  4.199142267680145e-08
Accuracy of the network on the val images: 100.0000 %
Epoch:  47
Loss: 0.0000 Acc: 1.0000
val loss:  4.1406734453630635e-08
Accuracy of the network on the val images: 100.0000 %
Epoch:  48
Loss: 0.0000 Acc: 1.0000
val loss:  4.087866727786604e-08
Accuracy of the network on the val images: 100.0000 %
Epoch:  49
Loss: 0.0000 Acc: 1.0000
val loss:  4.036192331113853e-08
Accuracy of the network on the val images: 100.0000 %
Epoch:  50
Loss: 0.0000 Acc: 1.0000
val loss:  3.9858885884314076e-08
Accuracy of the network on the val images: 100.0000 %
Training finished.
testing loss:  0.07323359680175781
Accuracy of the network on the testset images: 0.0000 %
Testing with testset finished
Round  :   4
Net(
  (conv1): Conv2d(3, 32, kernel_size=(3, 3), stride=(1, 1), padding=(2, 2), bias=False, padding_mode=reflect)
  (conv2): Conv2d(32, 32, kernel_size=(3, 3), stride=(2, 2), padding=(2, 2), bias=False, padding_mode=reflect)
  (conv3): Conv2d(32, 64, kernel_size=(3, 3), stride=(2, 2), padding=(2, 2), bias=False, padding_mode=reflect)
  (conv4): Conv2d(64, 64, kernel_size=(3, 3), stride=(2, 2), padding=(2, 2), bias=False, padding_mode=reflect)
  (fc1): Linear(in_features=64, out_features=2, bias=True)
  (fc2): Linear(in_features=2304, out_features=64, bias=True)
)
Model size: 832.133KB
Training is starting...
Epoch:   1
Loss: 0.6915 Acc: 0.7800
val loss:  0.003436370074748993
Accuracy of the network on the val images: 100.0000 %
Epoch:   2
Loss: 0.4518 Acc: 1.0000
val loss:  1.3095723465085029e-05
Accuracy of the network on the val images: 100.0000 %
Epoch:   3
Loss: 0.0012 Acc: 1.0000
val loss:  2.5963432563003153e-06
Accuracy of the network on the val images: 100.0000 %
Epoch:   4
Loss: 0.0004 Acc: 1.0000
val loss:  1.2791742774425075e-06
Accuracy of the network on the val images: 100.0000 %
Epoch:   5
Loss: 0.0002 Acc: 1.0000
val loss:  7.93730971054174e-07
Accuracy of the network on the val images: 100.0000 %
Epoch:   6
Loss: 0.0001 Acc: 1.0000
val loss:  5.503125066752546e-07
Accuracy of the network on the val images: 100.0000 %
Epoch:   7
Loss: 0.0001 Acc: 1.0000
val loss:  4.0850679215509444e-07
Accuracy of the network on the val images: 100.0000 %
Epoch:   8
Loss: 0.0001 Acc: 1.0000
val loss:  3.193307165929582e-07
Accuracy of the network on the val images: 100.0000 %
Epoch:   9
Loss: 0.0001 Acc: 1.0000
val loss:  2.5982845545513555e-07
Accuracy of the network on the val images: 100.0000 %
Epoch:  10
Loss: 0.0000 Acc: 1.0000
val loss:  2.1840433691977524e-07
Accuracy of the network on the val images: 100.0000 %
Epoch:  11
Loss: 0.0000 Acc: 1.0000
val loss:  1.882414235296892e-07
Accuracy of the network on the val images: 100.0000 %
Epoch:  12
Loss: 0.0000 Acc: 1.0000
val loss:  1.654814332141541e-07
Accuracy of the network on the val images: 100.0000 %
Epoch:  13
Loss: 0.0000 Acc: 1.0000
val loss:  1.477417226851685e-07
Accuracy of the network on the val images: 100.0000 %
Epoch:  14
Loss: 0.0000 Acc: 1.0000
val loss:  1.3359285912883934e-07
Accuracy of the network on the val images: 100.0000 %
Epoch:  15
Loss: 0.0000 Acc: 1.0000
val loss:  1.2201414938317611e-07
Accuracy of the network on the val images: 100.0000 %
Epoch:  16
Loss: 0.0000 Acc: 1.0000
val loss:  1.1237930812058039e-07
Accuracy of the network on the val images: 100.0000 %
Epoch:  17
Loss: 0.0000 Acc: 1.0000
val loss:  1.0429210487927776e-07
Accuracy of the network on the val images: 100.0000 %
Epoch:  18
Loss: 0.0000 Acc: 1.0000
val loss:  9.745158968144097e-08
Accuracy of the network on the val images: 100.0000 %
Epoch:  19
Loss: 0.0000 Acc: 1.0000
val loss:  9.148890239885076e-08
Accuracy of the network on the val images: 100.0000 %
Epoch:  20
Loss: 0.0000 Acc: 1.0000
val loss:  8.634444111521589e-08
Accuracy of the network on the val images: 100.0000 %
Epoch:  21
Loss: 0.0000 Acc: 1.0000
val loss:  8.184002672351198e-08
Accuracy of the network on the val images: 100.0000 %
Epoch:  22
Loss: 0.0000 Acc: 1.0000
val loss:  7.787794311298057e-08
Accuracy of the network on the val images: 100.0000 %
Epoch:  23
Loss: 0.0000 Acc: 1.0000
val loss:  7.427164382534101e-08
Accuracy of the network on the val images: 100.0000 %
Epoch:  24
Loss: 0.0000 Acc: 1.0000
val loss:  7.108908448572037e-08
Accuracy of the network on the val images: 100.0000 %
Epoch:  25
Loss: 0.0000 Acc: 1.0000
val loss:  6.829985977674369e-08
Accuracy of the network on the val images: 100.0000 %
Epoch:  26
Loss: 0.0000 Acc: 1.0000
val loss:  6.567392392753391e-08
Accuracy of the network on the val images: 100.0000 %
Epoch:  27
Loss: 0.0000 Acc: 1.0000
val loss:  6.332213979476365e-08
Accuracy of the network on the val images: 100.0000 %
Epoch:  28
Loss: 0.0000 Acc: 1.0000
val loss:  6.119980571384076e-08
Accuracy of the network on the val images: 100.0000 %
Epoch:  29
Loss: 0.0000 Acc: 1.0000
val loss:  5.9261628848616964e-08
Accuracy of the network on the val images: 100.0000 %
Epoch:  30
Loss: 0.0000 Acc: 1.0000
val loss:  5.750641594204353e-08
Accuracy of the network on the val images: 100.0000 %
Epoch:  31
Loss: 0.0000 Acc: 1.0000
val loss:  5.582868470810354e-08
Accuracy of the network on the val images: 100.0000 %
Epoch:  32
Loss: 0.0000 Acc: 1.0000
val loss:  5.431365570984781e-08
Accuracy of the network on the val images: 100.0000 %
Epoch:  33
Loss: 0.0000 Acc: 1.0000
val loss:  5.293212689139182e-08
Accuracy of the network on the val images: 100.0000 %
Epoch:  34
Loss: 0.0000 Acc: 1.0000
val loss:  5.1639995945151893e-08
Accuracy of the network on the val images: 100.0000 %
Epoch:  35
Loss: 0.0000 Acc: 1.0000
val loss:  5.0409255436534295e-08
Accuracy of the network on the val images: 100.0000 %
Epoch:  36
Loss: 0.0000 Acc: 1.0000
val loss:  4.928936414216878e-08
Accuracy of the network on the val images: 100.0000 %
Epoch:  37
Loss: 0.0000 Acc: 1.0000
val loss:  4.827675411434029e-08
Accuracy of the network on the val images: 100.0000 %
Epoch:  38
Loss: 0.0000 Acc: 1.0000
val loss:  4.728380827145884e-08
Accuracy of the network on the val images: 100.0000 %
Epoch:  39
Loss: 0.0000 Acc: 1.0000
val loss:  4.637072788682417e-08
Accuracy of the network on the val images: 100.0000 %
Epoch:  40
Loss: 0.0000 Acc: 1.0000
val loss:  4.5510097152146046e-08
Accuracy of the network on the val images: 100.0000 %
Epoch:  41
Loss: 0.0000 Acc: 1.0000
val loss:  4.470429848879576e-08
Accuracy of the network on the val images: 100.0000 %
Epoch:  42
Loss: 0.0000 Acc: 1.0000
val loss:  4.394200732349418e-08
Accuracy of the network on the val images: 100.0000 %
Epoch:  43
Loss: 0.0000 Acc: 1.0000
val loss:  4.323871962697012e-08
Accuracy of the network on the val images: 100.0000 %
Epoch:  44
Loss: 0.0000 Acc: 1.0000
val loss:  4.257417003827868e-08
Accuracy of the network on the val images: 100.0000 %
Epoch:  45
Loss: 0.0000 Acc: 1.0000
val loss:  4.193823178866296e-08
Accuracy of the network on the val images: 100.0000 %
Epoch:  46
Loss: 0.0000 Acc: 1.0000
val loss:  4.132911044507637e-08
Accuracy of the network on the val images: 100.0000 %
Epoch:  47
Loss: 0.0000 Acc: 1.0000
val loss:  4.075872948305914e-08
Accuracy of the network on the val images: 100.0000 %
Epoch:  48
Loss: 0.0000 Acc: 1.0000
val loss:  4.023483506898629e-08
Accuracy of the network on the val images: 100.0000 %
Epoch:  49
Loss: 0.0000 Acc: 1.0000
val loss:  3.970200259573175e-08
Accuracy of the network on the val images: 100.0000 %
Epoch:  50
Loss: 0.0000 Acc: 1.0000
val loss:  3.924068914784584e-08
Accuracy of the network on the val images: 100.0000 %
Training finished.
testing loss:  0.07470167827606201
Accuracy of the network on the testset images: 0.0000 %
Testing with testset finished
Round  :   5
Net(
  (conv1): Conv2d(3, 32, kernel_size=(3, 3), stride=(1, 1), padding=(2, 2), bias=False, padding_mode=reflect)
  (conv2): Conv2d(32, 32, kernel_size=(3, 3), stride=(2, 2), padding=(2, 2), bias=False, padding_mode=reflect)
  (conv3): Conv2d(32, 64, kernel_size=(3, 3), stride=(2, 2), padding=(2, 2), bias=False, padding_mode=reflect)
  (conv4): Conv2d(64, 64, kernel_size=(3, 3), stride=(2, 2), padding=(2, 2), bias=False, padding_mode=reflect)
  (fc1): Linear(in_features=64, out_features=2, bias=True)
  (fc2): Linear(in_features=2304, out_features=64, bias=True)
)
Model size: 832.133KB
Training is starting...
Epoch:   1
Loss: 0.6898 Acc: 0.6980
val loss:  0.0033585222959518434
Accuracy of the network on the val images: 100.0000 %
Epoch:   2
Loss: 0.2260 Acc: 1.0000
val loss:  5.91651804279536e-06
Accuracy of the network on the val images: 100.0000 %
Epoch:   3
Loss: 0.0007 Acc: 1.0000
val loss:  1.889601378934458e-06
Accuracy of the network on the val images: 100.0000 %
Epoch:   4
Loss: 0.0003 Acc: 1.0000
val loss:  1.01671033189632e-06
Accuracy of the network on the val images: 100.0000 %
Epoch:   5
Loss: 0.0002 Acc: 1.0000
val loss:  6.54644041787833e-07
Accuracy of the network on the val images: 100.0000 %
Epoch:   6
Loss: 0.0001 Acc: 1.0000
val loss:  4.642908897949383e-07
Accuracy of the network on the val images: 100.0000 %
Epoch:   7
Loss: 0.0001 Acc: 1.0000
val loss:  3.515321004670113e-07
Accuracy of the network on the val images: 100.0000 %
Epoch:   8
Loss: 0.0001 Acc: 1.0000
val loss:  2.795681430143304e-07
Accuracy of the network on the val images: 100.0000 %
Epoch:   9
Loss: 0.0000 Acc: 1.0000
val loss:  2.3080912069417537e-07
Accuracy of the network on the val images: 100.0000 %
Epoch:  10
Loss: 0.0000 Acc: 1.0000
val loss:  1.9627034635050221e-07
Accuracy of the network on the val images: 100.0000 %
Epoch:  11
Loss: 0.0000 Acc: 1.0000
val loss:  1.707056344457669e-07
Accuracy of the network on the val images: 100.0000 %
Epoch:  12
Loss: 0.0000 Acc: 1.0000
val loss:  1.510630245320499e-07
Accuracy of the network on the val images: 100.0000 %
Epoch:  13
Loss: 0.0000 Acc: 1.0000
val loss:  1.356013963231817e-07
Accuracy of the network on the val images: 100.0000 %
Epoch:  14
Loss: 0.0000 Acc: 1.0000
val loss:  1.2319391862547491e-07
Accuracy of the network on the val images: 100.0000 %
Epoch:  15
Loss: 0.0000 Acc: 1.0000
val loss:  1.1293302850390319e-07
Accuracy of the network on the val images: 100.0000 %
Epoch:  16
Loss: 0.0000 Acc: 1.0000
val loss:  1.0439979632792528e-07
Accuracy of the network on the val images: 100.0000 %
Epoch:  17
Loss: 0.0000 Acc: 1.0000
val loss:  9.71621766439057e-08
Accuracy of the network on the val images: 100.0000 %
Epoch:  18
Loss: 0.0000 Acc: 1.0000
val loss:  9.100442912313156e-08
Accuracy of the network on the val images: 100.0000 %
Epoch:  19
Loss: 0.0000 Acc: 1.0000
val loss:  8.564767449570354e-08
Accuracy of the network on the val images: 100.0000 %
Epoch:  20
Loss: 0.0000 Acc: 1.0000
val loss:  8.096077999653062e-08
Accuracy of the network on the val images: 100.0000 %
Epoch:  21
Loss: 0.0000 Acc: 1.0000
val loss:  7.682397881580982e-08
Accuracy of the network on the val images: 100.0000 %
Epoch:  22
Loss: 0.0000 Acc: 1.0000
val loss:  7.32128219169681e-08
Accuracy of the network on the val images: 100.0000 %
Epoch:  23
Loss: 0.0000 Acc: 1.0000
val loss:  6.996581942075864e-08
Accuracy of the network on the val images: 100.0000 %
Epoch:  24
Loss: 0.0000 Acc: 1.0000
val loss:  6.706269778078422e-08
Accuracy of the network on the val images: 100.0000 %
Epoch:  25
Loss: 0.0000 Acc: 1.0000
val loss:  6.445041708502685e-08
Accuracy of the network on the val images: 100.0000 %
Epoch:  26
Loss: 0.0000 Acc: 1.0000
val loss:  6.209202911122702e-08
Accuracy of the network on the val images: 100.0000 %
Epoch:  27
Loss: 0.0000 Acc: 1.0000
val loss:  5.990468707750551e-08
Accuracy of the network on the val images: 100.0000 %
Epoch:  28
Loss: 0.0000 Acc: 1.0000
val loss:  5.794084518129239e-08
Accuracy of the network on the val images: 100.0000 %
Epoch:  29
Loss: 0.0000 Acc: 1.0000
val loss:  5.6146266615542116e-08
Accuracy of the network on the val images: 100.0000 %
Epoch:  30
Loss: 0.0000 Acc: 1.0000
val loss:  5.45239281564136e-08
Accuracy of the network on the val images: 100.0000 %
Epoch:  31
Loss: 0.0000 Acc: 1.0000
val loss:  5.2991591473983134e-08
Accuracy of the network on the val images: 100.0000 %
Epoch:  32
Loss: 0.0000 Acc: 1.0000
val loss:  5.1602287840069036e-08
Accuracy of the network on the val images: 100.0000 %
Epoch:  33
Loss: 0.0000 Acc: 1.0000
val loss:  5.031490491091972e-08
Accuracy of the network on the val images: 100.0000 %
Epoch:  34
Loss: 0.0000 Acc: 1.0000
val loss:  4.912168924420257e-08
Accuracy of the network on the val images: 100.0000 %
Epoch:  35
Loss: 0.0000 Acc: 1.0000
val loss:  4.800356737177935e-08
Accuracy of the network on the val images: 100.0000 %
Epoch:  36
Loss: 0.0000 Acc: 1.0000
val loss:  4.695935331255896e-08
Accuracy of the network on the val images: 100.0000 %
Epoch:  37
Loss: 0.0000 Acc: 1.0000
val loss:  4.5984875214344355e-08
Accuracy of the network on the val images: 100.0000 %
Epoch:  38
Loss: 0.0000 Acc: 1.0000
val loss:  4.506820232563768e-08
Accuracy of the network on the val images: 100.0000 %
Epoch:  39
Loss: 0.0000 Acc: 1.0000
val loss:  4.422185838848236e-08
Accuracy of the network on the val images: 100.0000 %
Epoch:  40
Loss: 0.0000 Acc: 1.0000
val loss:  4.3426773117971605e-08
Accuracy of the network on the val images: 100.0000 %
Epoch:  41
Loss: 0.0000 Acc: 1.0000
val loss:  4.269427427061601e-08
Accuracy of the network on the val images: 100.0000 %
Epoch:  42
Loss: 0.0000 Acc: 1.0000
val loss:  4.1978455556090924e-08
Accuracy of the network on the val images: 100.0000 %
Epoch:  43
Loss: 0.0000 Acc: 1.0000
val loss:  4.1294231778010724e-08
Accuracy of the network on the val images: 100.0000 %
Epoch:  44
Loss: 0.0000 Acc: 1.0000
val loss:  4.068152429681504e-08
Accuracy of the network on the val images: 100.0000 %
Epoch:  45
Loss: 0.0000 Acc: 1.0000
val loss:  4.01057714043418e-08
Accuracy of the network on the val images: 100.0000 %
Epoch:  46
Loss: 0.0000 Acc: 1.0000
val loss:  3.9531802485726077e-08
Accuracy of the network on the val images: 100.0000 %
Epoch:  47
Loss: 0.0000 Acc: 1.0000
val loss:  3.900432921000174e-08
Accuracy of the network on the val images: 100.0000 %
Epoch:  48
Loss: 0.0000 Acc: 1.0000
val loss:  3.850545999739552e-08
Accuracy of the network on the val images: 100.0000 %
Epoch:  49
Loss: 0.0000 Acc: 1.0000
val loss:  3.8019702969904754e-08
Accuracy of the network on the val images: 100.0000 %
Epoch:  50
Loss: 0.0000 Acc: 1.0000
val loss:  3.758699494937901e-08
Accuracy of the network on the val images: 100.0000 %
Training finished.
testing loss:  0.07340626049041749
Accuracy of the network on the testset images: 0.0000 %
Testing with testset finished
Round  :   6
Net(
  (conv1): Conv2d(3, 32, kernel_size=(3, 3), stride=(1, 1), padding=(2, 2), bias=False, padding_mode=reflect)
  (conv2): Conv2d(32, 32, kernel_size=(3, 3), stride=(2, 2), padding=(2, 2), bias=False, padding_mode=reflect)
  (conv3): Conv2d(32, 64, kernel_size=(3, 3), stride=(2, 2), padding=(2, 2), bias=False, padding_mode=reflect)
  (conv4): Conv2d(64, 64, kernel_size=(3, 3), stride=(2, 2), padding=(2, 2), bias=False, padding_mode=reflect)
  (fc1): Linear(in_features=64, out_features=2, bias=True)
  (fc2): Linear(in_features=2304, out_features=64, bias=True)
)
Model size: 832.133KB
Training is starting...
Epoch:   1
Loss: 0.6913 Acc: 0.5245
val loss:  0.003406138598918915
Accuracy of the network on the val images: 100.0000 %
Epoch:   2
Loss: 0.3099 Acc: 1.0000
val loss:  7.119500543922186e-06
Accuracy of the network on the val images: 100.0000 %
Epoch:   3
Loss: 0.0008 Acc: 1.0000
val loss:  2.0616721303667873e-06
Accuracy of the network on the val images: 100.0000 %
Epoch:   4
Loss: 0.0003 Acc: 1.0000
val loss:  1.0889775876421482e-06
Accuracy of the network on the val images: 100.0000 %
Epoch:   5
Loss: 0.0002 Acc: 1.0000
val loss:  6.964471249375493e-07
Accuracy of the network on the val images: 100.0000 %
Epoch:   6
Loss: 0.0001 Acc: 1.0000
val loss:  4.921073996229097e-07
Accuracy of the network on the val images: 100.0000 %
Epoch:   7
Loss: 0.0001 Acc: 1.0000
val loss:  3.711563695105724e-07
Accuracy of the network on the val images: 100.0000 %
Epoch:   8
Loss: 0.0001 Acc: 1.0000
val loss:  2.93767199764261e-07
Accuracy of the network on the val images: 100.0000 %
Epoch:   9
Loss: 0.0001 Acc: 1.0000
val loss:  2.414408081676811e-07
Accuracy of the network on the val images: 100.0000 %
Epoch:  10
Loss: 0.0000 Acc: 1.0000
val loss:  2.0450313968467525e-07
Accuracy of the network on the val images: 100.0000 %
Epoch:  11
Loss: 0.0000 Acc: 1.0000
val loss:  1.773341282387264e-07
Accuracy of the network on the val images: 100.0000 %
Epoch:  12
Loss: 0.0000 Acc: 1.0000
val loss:  1.5658760639780667e-07
Accuracy of the network on the val images: 100.0000 %
Epoch:  13
Loss: 0.0000 Acc: 1.0000
val loss:  1.402895159117179e-07
Accuracy of the network on the val images: 100.0000 %
Epoch:  14
Loss: 0.0000 Acc: 1.0000
val loss:  1.2719090409518685e-07
Accuracy of the network on the val images: 100.0000 %
Epoch:  15
Loss: 0.0000 Acc: 1.0000
val loss:  1.164986770163523e-07
Accuracy of the network on the val images: 100.0000 %
Epoch:  16
Loss: 0.0000 Acc: 1.0000
val loss:  1.0750724868557882e-07
Accuracy of the network on the val images: 100.0000 %
Epoch:  17
Loss: 0.0000 Acc: 1.0000
val loss:  9.995146319852211e-08
Accuracy of the network on the val images: 100.0000 %
Epoch:  18
Loss: 0.0000 Acc: 1.0000
val loss:  9.348209914605832e-08
Accuracy of the network on the val images: 100.0000 %
Epoch:  19
Loss: 0.0000 Acc: 1.0000
val loss:  8.79430263012182e-08
Accuracy of the network on the val images: 100.0000 %
Epoch:  20
Loss: 0.0000 Acc: 1.0000
val loss:  8.310181783599546e-08
Accuracy of the network on the val images: 100.0000 %
Epoch:  21
Loss: 0.0000 Acc: 1.0000
val loss:  7.878149153839331e-08
Accuracy of the network on the val images: 100.0000 %
Epoch:  22
Loss: 0.0000 Acc: 1.0000
val loss:  7.501005893573165e-08
Accuracy of the network on the val images: 100.0000 %
Epoch:  23
Loss: 0.0000 Acc: 1.0000
val loss:  7.165341321524465e-08
Accuracy of the network on the val images: 100.0000 %
Epoch:  24
Loss: 0.0000 Acc: 1.0000
val loss:  6.863946055091219e-08
Accuracy of the network on the val images: 100.0000 %
Epoch:  25
Loss: 0.0000 Acc: 1.0000
val loss:  6.592111731151818e-08
Accuracy of the network on the val images: 100.0000 %
Epoch:  26
Loss: 0.0000 Acc: 1.0000
val loss:  6.346798636513995e-08
Accuracy of the network on the val images: 100.0000 %
Epoch:  27
Loss: 0.0000 Acc: 1.0000
val loss:  6.12365574852447e-08
Accuracy of the network on the val images: 100.0000 %
Epoch:  28
Loss: 0.0000 Acc: 1.0000
val loss:  5.9219682043476495e-08
Accuracy of the network on the val images: 100.0000 %
Epoch:  29
Loss: 0.0000 Acc: 1.0000
val loss:  5.737028459407156e-08
Accuracy of the network on the val images: 100.0000 %
Epoch:  30
Loss: 0.0000 Acc: 1.0000
val loss:  5.565557785303099e-08
Accuracy of the network on the val images: 100.0000 %
Epoch:  31
Loss: 0.0000 Acc: 1.0000
val loss:  5.4097617066872774e-08
Accuracy of the network on the val images: 100.0000 %
Epoch:  32
Loss: 0.0000 Acc: 1.0000
val loss:  5.2663625865534414e-08
Accuracy of the network on the val images: 100.0000 %
Epoch:  33
Loss: 0.0000 Acc: 1.0000
val loss:  5.13082986799418e-08
Accuracy of the network on the val images: 100.0000 %
Epoch:  34
Loss: 0.0000 Acc: 1.0000
val loss:  5.0096614359063094e-08
Accuracy of the network on the val images: 100.0000 %
Epoch:  35
Loss: 0.0000 Acc: 1.0000
val loss:  4.890161744697252e-08
Accuracy of the network on the val images: 100.0000 %
Epoch:  36
Loss: 0.0000 Acc: 1.0000
val loss:  4.784370457855402e-08
Accuracy of the network on the val images: 100.0000 %
Epoch:  37
Loss: 0.0000 Acc: 1.0000
val loss:  4.6845384986227146e-08
Accuracy of the network on the val images: 100.0000 %
Epoch:  38
Loss: 0.0000 Acc: 1.0000
val loss:  4.5928721647214845e-08
Accuracy of the network on the val images: 100.0000 %
Epoch:  39
Loss: 0.0000 Acc: 1.0000
val loss:  4.503112813836197e-08
Accuracy of the network on the val images: 100.0000 %
Epoch:  40
Loss: 0.0000 Acc: 1.0000
val loss:  4.419790138854296e-08
Accuracy of the network on the val images: 100.0000 %
Epoch:  41
Loss: 0.0000 Acc: 1.0000
val loss:  4.341473959357245e-08
Accuracy of the network on the val images: 100.0000 %
Epoch:  42
Loss: 0.0000 Acc: 1.0000
val loss:  4.267806571078836e-08
Accuracy of the network on the val images: 100.0000 %
Epoch:  43
Loss: 0.0000 Acc: 1.0000
val loss:  4.2008744003396715e-08
Accuracy of the network on the val images: 100.0000 %
Epoch:  44
Loss: 0.0000 Acc: 1.0000
val loss:  4.137518408242613e-08
Accuracy of the network on the val images: 100.0000 %
Epoch:  45
Loss: 0.0000 Acc: 1.0000
val loss:  4.076307277500746e-08
Accuracy of the network on the val images: 100.0000 %
Epoch:  46
Loss: 0.0000 Acc: 1.0000
val loss:  4.019865082227625e-08
Accuracy of the network on the val images: 100.0000 %
Epoch:  47
Loss: 0.0000 Acc: 1.0000
val loss:  3.9637801364733605e-08
Accuracy of the network on the val images: 100.0000 %
Epoch:  48
Loss: 0.0000 Acc: 1.0000
val loss:  3.914191438525449e-08
Accuracy of the network on the val images: 100.0000 %
Epoch:  49
Loss: 0.0000 Acc: 1.0000
val loss:  3.864722066282411e-08
Accuracy of the network on the val images: 100.0000 %
Epoch:  50
Loss: 0.0000 Acc: 1.0000
val loss:  3.815550826402614e-08
Accuracy of the network on the val images: 100.0000 %
Training finished.
testing loss:  0.0734857702255249
Accuracy of the network on the testset images: 0.0000 %
Testing with testset finished
Round  :   7
Net(
  (conv1): Conv2d(3, 32, kernel_size=(3, 3), stride=(1, 1), padding=(2, 2), bias=False, padding_mode=reflect)
  (conv2): Conv2d(32, 32, kernel_size=(3, 3), stride=(2, 2), padding=(2, 2), bias=False, padding_mode=reflect)
  (conv3): Conv2d(32, 64, kernel_size=(3, 3), stride=(2, 2), padding=(2, 2), bias=False, padding_mode=reflect)
  (conv4): Conv2d(64, 64, kernel_size=(3, 3), stride=(2, 2), padding=(2, 2), bias=False, padding_mode=reflect)
  (fc1): Linear(in_features=64, out_features=2, bias=True)
  (fc2): Linear(in_features=2304, out_features=64, bias=True)
)
Model size: 832.133KB
Training is starting...
Epoch:   1
Loss: 0.6298 Acc: 0.7725
val loss:  0.00010192806273698807
Accuracy of the network on the val images: 100.0000 %
Epoch:   2
Loss: 0.0038 Acc: 1.0000
val loss:  3.349576727487147e-06
Accuracy of the network on the val images: 100.0000 %
Epoch:   3
Loss: 0.0004 Acc: 1.0000
val loss:  1.4547685132129117e-06
Accuracy of the network on the val images: 100.0000 %
Epoch:   4
Loss: 0.0002 Acc: 1.0000
val loss:  8.577831758884713e-07
Accuracy of the network on the val images: 100.0000 %
Epoch:   5
Loss: 0.0001 Acc: 1.0000
val loss:  5.774950695922598e-07
Accuracy of the network on the val images: 100.0000 %
Epoch:   6
Loss: 0.0001 Acc: 1.0000
val loss:  4.2036650847876445e-07
Accuracy of the network on the val images: 100.0000 %
Epoch:   7
Loss: 0.0001 Acc: 1.0000
val loss:  3.239738907723222e-07
Accuracy of the network on the val images: 100.0000 %
Epoch:   8
Loss: 0.0001 Acc: 1.0000
val loss:  2.609960974950809e-07
Accuracy of the network on the val images: 100.0000 %
Epoch:   9
Loss: 0.0000 Acc: 1.0000
val loss:  2.1769522209069693e-07
Accuracy of the network on the val images: 100.0000 %
Epoch:  10
Loss: 0.0000 Acc: 1.0000
val loss:  1.8647261094884016e-07
Accuracy of the network on the val images: 100.0000 %
Epoch:  11
Loss: 0.0000 Acc: 1.0000
val loss:  1.6316465735144447e-07
Accuracy of the network on the val images: 100.0000 %
Epoch:  12
Loss: 0.0000 Acc: 1.0000
val loss:  1.4512509551423137e-07
Accuracy of the network on the val images: 100.0000 %
Epoch:  13
Loss: 0.0000 Acc: 1.0000
val loss:  1.3086729995848144e-07
Accuracy of the network on the val images: 100.0000 %
Epoch:  14
Loss: 0.0000 Acc: 1.0000
val loss:  1.1923338752239944e-07
Accuracy of the network on the val images: 100.0000 %
Epoch:  15
Loss: 0.0000 Acc: 1.0000
val loss:  1.0966323225147789e-07
Accuracy of the network on the val images: 100.0000 %
Epoch:  16
Loss: 0.0000 Acc: 1.0000
val loss:  1.0161751470150193e-07
Accuracy of the network on the val images: 100.0000 %
Epoch:  17
Loss: 0.0000 Acc: 1.0000
val loss:  9.48000633798074e-08
Accuracy of the network on the val images: 100.0000 %
Epoch:  18
Loss: 0.0000 Acc: 1.0000
val loss:  8.894688289728947e-08
Accuracy of the network on the val images: 100.0000 %
Epoch:  19
Loss: 0.0000 Acc: 1.0000
val loss:  8.388097285205731e-08
Accuracy of the network on the val images: 100.0000 %
Epoch:  20
Loss: 0.0000 Acc: 1.0000
val loss:  7.938778435345739e-08
Accuracy of the network on the val images: 100.0000 %
Epoch:  21
Loss: 0.0000 Acc: 1.0000
val loss:  7.550547707069199e-08
Accuracy of the network on the val images: 100.0000 %
Epoch:  22
Loss: 0.0000 Acc: 1.0000
val loss:  7.201472544693389e-08
Accuracy of the network on the val images: 100.0000 %
Epoch:  23
Loss: 0.0000 Acc: 1.0000
val loss:  6.889943870191928e-08
Accuracy of the network on the val images: 100.0000 %
Epoch:  24
Loss: 0.0000 Acc: 1.0000
val loss:  6.609943375224248e-08
Accuracy of the network on the val images: 100.0000 %
Epoch:  25
Loss: 0.0000 Acc: 1.0000
val loss:  6.361470059346175e-08
Accuracy of the network on the val images: 100.0000 %
Epoch:  26
Loss: 0.0000 Acc: 1.0000
val loss:  6.131114969321061e-08
Accuracy of the network on the val images: 100.0000 %
Epoch:  27
Loss: 0.0000 Acc: 1.0000
val loss:  5.920546391280368e-08
Accuracy of the network on the val images: 100.0000 %
Epoch:  28
Loss: 0.0000 Acc: 1.0000
val loss:  5.735725244448986e-08
Accuracy of the network on the val images: 100.0000 %
Epoch:  29
Loss: 0.0000 Acc: 1.0000
val loss:  5.560558611250599e-08
Accuracy of the network on the val images: 100.0000 %
Epoch:  30
Loss: 0.0000 Acc: 1.0000
val loss:  5.402318720371113e-08
Accuracy of the network on the val images: 100.0000 %
Epoch:  31
Loss: 0.0000 Acc: 1.0000
val loss:  5.255283303995384e-08
Accuracy of the network on the val images: 100.0000 %
Epoch:  32
Loss: 0.0000 Acc: 1.0000
val loss:  5.1185592383262703e-08
Accuracy of the network on the val images: 100.0000 %
Epoch:  33
Loss: 0.0000 Acc: 1.0000
val loss:  4.994350456399843e-08
Accuracy of the network on the val images: 100.0000 %
Epoch:  34
Loss: 0.0000 Acc: 1.0000
val loss:  4.875267586612608e-08
Accuracy of the network on the val images: 100.0000 %
Epoch:  35
Loss: 0.0000 Acc: 1.0000
val loss:  4.7678662213002096e-08
Accuracy of the network on the val images: 100.0000 %
Epoch:  36
Loss: 0.0000 Acc: 1.0000
val loss:  4.66815354229766e-08
Accuracy of the network on the val images: 100.0000 %
Epoch:  37
Loss: 0.0000 Acc: 1.0000
val loss:  4.570705459627789e-08
Accuracy of the network on the val images: 100.0000 %
Epoch:  38
Loss: 0.0000 Acc: 1.0000
val loss:  4.484760347622796e-08
Accuracy of the network on the val images: 100.0000 %
Epoch:  39
Loss: 0.0000 Acc: 1.0000
val loss:  4.403106231620768e-08
Accuracy of the network on the val images: 100.0000 %
Epoch:  40
Loss: 0.0000 Acc: 1.0000
val loss:  4.3241938783467047e-08
Accuracy of the network on the val images: 100.0000 %
Epoch:  41
Loss: 0.0000 Acc: 1.0000
val loss:  4.2493347336858277e-08
Accuracy of the network on the val images: 100.0000 %
Epoch:  42
Loss: 0.0000 Acc: 1.0000
val loss:  4.1835348838503705e-08
Accuracy of the network on the val images: 100.0000 %
Epoch:  43
Loss: 0.0000 Acc: 1.0000
val loss:  4.1171385419147556e-08
Accuracy of the network on the val images: 100.0000 %
Epoch:  44
Loss: 0.0000 Acc: 1.0000
val loss:  4.056106399730197e-08
Accuracy of the network on the val images: 100.0000 %
Epoch:  45
Loss: 0.0000 Acc: 1.0000
val loss:  3.998650709036156e-08
Accuracy of the network on the val images: 100.0000 %
Epoch:  46
Loss: 0.0000 Acc: 1.0000
val loss:  3.943519141103025e-08
Accuracy of the network on the val images: 100.0000 %
Epoch:  47
Loss: 0.0000 Acc: 1.0000
val loss:  3.8927385048737054e-08
Accuracy of the network on the val images: 100.0000 %
Epoch:  48
Loss: 0.0000 Acc: 1.0000
val loss:  3.8428518564614936e-08
Accuracy of the network on the val images: 100.0000 %
Epoch:  49
Loss: 0.0000 Acc: 1.0000
val loss:  3.7966602121741747e-08
Accuracy of the network on the val images: 100.0000 %
Epoch:  50
Loss: 0.0000 Acc: 1.0000
val loss:  3.75416420865804e-08
Accuracy of the network on the val images: 100.0000 %
Training finished.
testing loss:  0.06964631271362305
Accuracy of the network on the testset images: 0.0000 %
Testing with testset finished
Round  :   8
Net(
  (conv1): Conv2d(3, 32, kernel_size=(3, 3), stride=(1, 1), padding=(2, 2), bias=False, padding_mode=reflect)
  (conv2): Conv2d(32, 32, kernel_size=(3, 3), stride=(2, 2), padding=(2, 2), bias=False, padding_mode=reflect)
  (conv3): Conv2d(32, 64, kernel_size=(3, 3), stride=(2, 2), padding=(2, 2), bias=False, padding_mode=reflect)
  (conv4): Conv2d(64, 64, kernel_size=(3, 3), stride=(2, 2), padding=(2, 2), bias=False, padding_mode=reflect)
  (fc1): Linear(in_features=64, out_features=2, bias=True)
  (fc2): Linear(in_features=2304, out_features=64, bias=True)
)
Model size: 832.133KB
Training is starting...
Epoch:   1
Loss: 0.6920 Acc: 0.5945
val loss:  0.003447178661823273
Accuracy of the network on the val images: 100.0000 %
Epoch:   2
Loss: 0.5700 Acc: 1.0000
val loss:  3.404546622186899e-05
Accuracy of the network on the val images: 100.0000 %
Epoch:   3
Loss: 0.0021 Acc: 1.0000
val loss:  3.2386010279878973e-06
Accuracy of the network on the val images: 100.0000 %
Epoch:   4
Loss: 0.0004 Acc: 1.0000
val loss:  1.4721557236043735e-06
Accuracy of the network on the val images: 100.0000 %
Epoch:   5
Loss: 0.0002 Acc: 1.0000
val loss:  8.84781577042304e-07
Accuracy of the network on the val images: 100.0000 %
Epoch:   6
Loss: 0.0001 Acc: 1.0000
val loss:  6.013865277054719e-07
Accuracy of the network on the val images: 100.0000 %
Epoch:   7
Loss: 0.0001 Acc: 1.0000
val loss:  4.400020552566275e-07
Accuracy of the network on the val images: 100.0000 %
Epoch:   8
Loss: 0.0001 Acc: 1.0000
val loss:  3.3950202850974166e-07
Accuracy of the network on the val images: 100.0000 %
Epoch:   9
Loss: 0.0001 Acc: 1.0000
val loss:  2.7320496519678274e-07
Accuracy of the network on the val images: 100.0000 %
Epoch:  10
Loss: 0.0000 Acc: 1.0000
val loss:  2.275964943692088e-07
Accuracy of the network on the val images: 100.0000 %
Epoch:  11
Loss: 0.0000 Acc: 1.0000
val loss:  1.9473627071420196e-07
Accuracy of the network on the val images: 100.0000 %
Epoch:  12
Loss: 0.0000 Acc: 1.0000
val loss:  1.702624522295082e-07
Accuracy of the network on the val images: 100.0000 %
Epoch:  13
Loss: 0.0000 Acc: 1.0000
val loss:  1.513137704023393e-07
Accuracy of the network on the val images: 100.0000 %
Epoch:  14
Loss: 0.0000 Acc: 1.0000
val loss:  1.363475967082195e-07
Accuracy of the network on the val images: 100.0000 %
Epoch:  15
Loss: 0.0000 Acc: 1.0000
val loss:  1.2414172852004413e-07
Accuracy of the network on the val images: 100.0000 %
Epoch:  16
Loss: 0.0000 Acc: 1.0000
val loss:  1.1412351523176767e-07
Accuracy of the network on the val images: 100.0000 %
Epoch:  17
Loss: 0.0000 Acc: 1.0000
val loss:  1.0571435086603742e-07
Accuracy of the network on the val images: 100.0000 %
Epoch:  18
Loss: 0.0000 Acc: 1.0000
val loss:  9.857574787019985e-08
Accuracy of the network on the val images: 100.0000 %
Epoch:  19
Loss: 0.0000 Acc: 1.0000
val loss:  9.244966895494145e-08
Accuracy of the network on the val images: 100.0000 %
Epoch:  20
Loss: 0.0000 Acc: 1.0000
val loss:  8.71919037308544e-08
Accuracy of the network on the val images: 100.0000 %
Epoch:  21
Loss: 0.0000 Acc: 1.0000
val loss:  8.253367650468135e-08
Accuracy of the network on the val images: 100.0000 %
Epoch:  22
Loss: 0.0000 Acc: 1.0000
val loss:  7.843804814910982e-08
Accuracy of the network on the val images: 100.0000 %
Epoch:  23
Loss: 0.0000 Acc: 1.0000
val loss:  7.477448343706783e-08
Accuracy of the network on the val images: 100.0000 %
Epoch:  24
Loss: 0.0000 Acc: 1.0000
val loss:  7.154599097702885e-08
Accuracy of the network on the val images: 100.0000 %
Epoch:  25
Loss: 0.0000 Acc: 1.0000
val loss:  6.861846122774296e-08
Accuracy of the network on the val images: 100.0000 %
Epoch:  26
Loss: 0.0000 Acc: 1.0000
val loss:  6.598772961297072e-08
Accuracy of the network on the val images: 100.0000 %
Epoch:  27
Loss: 0.0000 Acc: 1.0000
val loss:  6.363831016642508e-08
Accuracy of the network on the val images: 100.0000 %
Epoch:  28
Loss: 0.0000 Acc: 1.0000
val loss:  6.147721342131262e-08
Accuracy of the network on the val images: 100.0000 %
Epoch:  29
Loss: 0.0000 Acc: 1.0000
val loss:  5.949432215857087e-08
Accuracy of the network on the val images: 100.0000 %
Epoch:  30
Loss: 0.0000 Acc: 1.0000
val loss:  5.770154712081421e-08
Accuracy of the network on the val images: 100.0000 %
Epoch:  31
Loss: 0.0000 Acc: 1.0000
val loss:  5.6019627663772556e-08
Accuracy of the network on the val images: 100.0000 %
Epoch:  32
Loss: 0.0000 Acc: 1.0000
val loss:  5.45075636182446e-08
Accuracy of the network on the val images: 100.0000 %
Epoch:  33
Loss: 0.0000 Acc: 1.0000
val loss:  5.309324433255824e-08
Accuracy of the network on the val images: 100.0000 %
Epoch:  34
Loss: 0.0000 Acc: 1.0000
val loss:  5.177130333322566e-08
Accuracy of the network on the val images: 100.0000 %
Epoch:  35
Loss: 0.0000 Acc: 1.0000
val loss:  5.058405668023625e-08
Accuracy of the network on the val images: 100.0000 %
Epoch:  36
Loss: 0.0000 Acc: 1.0000
val loss:  4.943137673762976e-08
Accuracy of the network on the val images: 100.0000 %
Epoch:  37
Loss: 0.0000 Acc: 1.0000
val loss:  4.8368100578954906e-08
Accuracy of the network on the val images: 100.0000 %
Epoch:  38
Loss: 0.0000 Acc: 1.0000
val loss:  4.738766392620164e-08
Accuracy of the network on the val images: 100.0000 %
Epoch:  39
Loss: 0.0000 Acc: 1.0000
val loss:  4.6478752665279896e-08
Accuracy of the network on the val images: 100.0000 %
Epoch:  40
Loss: 0.0000 Acc: 1.0000
val loss:  4.559785293167806e-08
Accuracy of the network on the val images: 100.0000 %
Epoch:  41
Loss: 0.0000 Acc: 1.0000
val loss:  4.4777742914448024e-08
Accuracy of the network on the val images: 100.0000 %
Epoch:  42
Loss: 0.0000 Acc: 1.0000
val loss:  4.3997561078867877e-08
Accuracy of the network on the val images: 100.0000 %
Epoch:  43
Loss: 0.0000 Acc: 1.0000
val loss:  4.331095897214254e-08
Accuracy of the network on the val images: 100.0000 %
Epoch:  44
Loss: 0.0000 Acc: 1.0000
val loss:  4.261898902768735e-08
Accuracy of the network on the val images: 100.0000 %
Epoch:  45
Loss: 0.0000 Acc: 1.0000
val loss:  4.199377144686878e-08
Accuracy of the network on the val images: 100.0000 %
Epoch:  46
Loss: 0.0000 Acc: 1.0000
val loss:  4.1392991988686846e-08
Accuracy of the network on the val images: 100.0000 %
Epoch:  47
Loss: 0.0000 Acc: 1.0000
val loss:  4.080770440850756e-08
Accuracy of the network on the val images: 100.0000 %
Epoch:  48
Loss: 0.0000 Acc: 1.0000
val loss:  4.027129307360155e-08
Accuracy of the network on the val images: 100.0000 %
Epoch:  49
Loss: 0.0000 Acc: 1.0000
val loss:  3.976825883000856e-08
Accuracy of the network on the val images: 100.0000 %
Epoch:  50
Loss: 0.0000 Acc: 1.0000
val loss:  3.926045292246272e-08
Accuracy of the network on the val images: 100.0000 %
Training finished.
testing loss:  0.06898271179199218
Accuracy of the network on the testset images: 0.0000 %
Testing with testset finished
Round  :   9
Net(
  (conv1): Conv2d(3, 32, kernel_size=(3, 3), stride=(1, 1), padding=(2, 2), bias=False, padding_mode=reflect)
  (conv2): Conv2d(32, 32, kernel_size=(3, 3), stride=(2, 2), padding=(2, 2), bias=False, padding_mode=reflect)
  (conv3): Conv2d(32, 64, kernel_size=(3, 3), stride=(2, 2), padding=(2, 2), bias=False, padding_mode=reflect)
  (conv4): Conv2d(64, 64, kernel_size=(3, 3), stride=(2, 2), padding=(2, 2), bias=False, padding_mode=reflect)
  (fc1): Linear(in_features=64, out_features=2, bias=True)
  (fc2): Linear(in_features=2304, out_features=64, bias=True)
)
Model size: 832.133KB
Training is starting...
Epoch:   1
Loss: 0.6885 Acc: 0.7620
val loss:  0.003318609058856964
Accuracy of the network on the val images: 100.0000 %
Epoch:   2
Loss: 0.2074 Acc: 1.0000
val loss:  6.011729943566024e-06
Accuracy of the network on the val images: 100.0000 %
Epoch:   3
Loss: 0.0007 Acc: 1.0000
val loss:  1.973373640794307e-06
Accuracy of the network on the val images: 100.0000 %
Epoch:   4
Loss: 0.0003 Acc: 1.0000
val loss:  1.0728631314123048e-06
Accuracy of the network on the val images: 100.0000 %
Epoch:   5
Loss: 0.0002 Acc: 1.0000
val loss:  6.946603680262342e-07
Accuracy of the network on the val images: 100.0000 %
Epoch:   6
Loss: 0.0001 Acc: 1.0000
val loss:  4.944230386172421e-07
Accuracy of the network on the val images: 100.0000 %
Epoch:   7
Loss: 0.0001 Acc: 1.0000
val loss:  3.7412530946312475e-07
Accuracy of the network on the val images: 100.0000 %
Epoch:   8
Loss: 0.0001 Acc: 1.0000
val loss:  2.969884626509156e-07
Accuracy of the network on the val images: 100.0000 %
Epoch:   9
Loss: 0.0001 Acc: 1.0000
val loss:  2.445614882162772e-07
Accuracy of the network on the val images: 100.0000 %
Epoch:  10
Loss: 0.0000 Acc: 1.0000
val loss:  2.074107942462433e-07
Accuracy of the network on the val images: 100.0000 %
Epoch:  11
Loss: 0.0000 Acc: 1.0000
val loss:  1.799895653675776e-07
Accuracy of the network on the val images: 100.0000 %
Epoch:  12
Loss: 0.0000 Acc: 1.0000
val loss:  1.5912612070678732e-07
Accuracy of the network on the val images: 100.0000 %
Epoch:  13
Loss: 0.0000 Acc: 1.0000
val loss:  1.426903108949773e-07
Accuracy of the network on the val images: 100.0000 %
Epoch:  14
Loss: 0.0000 Acc: 1.0000
val loss:  1.294593712373171e-07
Accuracy of the network on the val images: 100.0000 %
Epoch:  15
Loss: 0.0000 Acc: 1.0000
val loss:  1.1858296966238414e-07
Accuracy of the network on the val images: 100.0000 %
Epoch:  16
Loss: 0.0000 Acc: 1.0000
val loss:  1.0956768164760433e-07
Accuracy of the network on the val images: 100.0000 %
Epoch:  17
Loss: 0.0000 Acc: 1.0000
val loss:  1.0192367335548624e-07
Accuracy of the network on the val images: 100.0000 %
Epoch:  18
Loss: 0.0000 Acc: 1.0000
val loss:  9.541556664771633e-08
Accuracy of the network on the val images: 100.0000 %
Epoch:  19
Loss: 0.0000 Acc: 1.0000
val loss:  8.97078143680119e-08
Accuracy of the network on the val images: 100.0000 %
Epoch:  20
Loss: 0.0000 Acc: 1.0000
val loss:  8.479091684421292e-08
Accuracy of the network on the val images: 100.0000 %
Epoch:  21
Loss: 0.0000 Acc: 1.0000
val loss:  8.047773371799849e-08
Accuracy of the network on the val images: 100.0000 %
Epoch:  22
Loss: 0.0000 Acc: 1.0000
val loss:  7.661332529096398e-08
Accuracy of the network on the val images: 100.0000 %
Epoch:  23
Loss: 0.0000 Acc: 1.0000
val loss:  7.320840541069629e-08
Accuracy of the network on the val images: 100.0000 %
Epoch:  24
Loss: 0.0000 Acc: 1.0000
val loss:  7.016346171440091e-08
Accuracy of the network on the val images: 100.0000 %
Epoch:  25
Loss: 0.0000 Acc: 1.0000
val loss:  6.740994831488933e-08
Accuracy of the network on the val images: 100.0000 %
Epoch:  26
Loss: 0.0000 Acc: 1.0000
val loss:  6.490257965197088e-08
Accuracy of the network on the val images: 100.0000 %
Epoch:  27
Loss: 0.0000 Acc: 1.0000
val loss:  6.262227634579176e-08
Accuracy of the network on the val images: 100.0000 %
Epoch:  28
Loss: 0.0000 Acc: 1.0000
val loss:  6.05690484007937e-08
Accuracy of the network on the val images: 100.0000 %
Epoch:  29
Loss: 0.0000 Acc: 1.0000
val loss:  5.8716666899272244e-08
Accuracy of the network on the val images: 100.0000 %
Epoch:  30
Loss: 0.0000 Acc: 1.0000
val loss:  5.6962629059853495e-08
Accuracy of the network on the val images: 100.0000 %
Epoch:  31
Loss: 0.0000 Acc: 1.0000
val loss:  5.53808249605936e-08
Accuracy of the network on the val images: 100.0000 %
Epoch:  32
Loss: 0.0000 Acc: 1.0000
val loss:  5.3916442084300795e-08
Accuracy of the network on the val images: 100.0000 %
Epoch:  33
Loss: 0.0000 Acc: 1.0000
val loss:  5.2569463150575754e-08
Accuracy of the network on the val images: 100.0000 %
Epoch:  34
Loss: 0.0000 Acc: 1.0000
val loss:  5.130414092491264e-08
Accuracy of the network on the val images: 100.0000 %
Epoch:  35
Loss: 0.0000 Acc: 1.0000
val loss:  5.0151458253822056e-08
Accuracy of the network on the val images: 100.0000 %
Epoch:  36
Loss: 0.0000 Acc: 1.0000
val loss:  4.903394210487022e-08
Accuracy of the network on the val images: 100.0000 %
Epoch:  37
Loss: 0.0000 Acc: 1.0000
val loss:  4.799986209036433e-08
Accuracy of the network on the val images: 100.0000 %
Epoch:  38
Loss: 0.0000 Acc: 1.0000
val loss:  4.705458832177101e-08
Accuracy of the network on the val images: 100.0000 %
Epoch:  39
Loss: 0.0000 Acc: 1.0000
val loss:  4.617129889084026e-08
Accuracy of the network on the val images: 100.0000 %
Epoch:  40
Loss: 0.0000 Acc: 1.0000
val loss:  4.5321389734453984e-08
Accuracy of the network on the val images: 100.0000 %
Epoch:  41
Loss: 0.0000 Acc: 1.0000
val loss:  4.454001691556186e-08
Accuracy of the network on the val images: 100.0000 %
Epoch:  42
Loss: 0.0000 Acc: 1.0000
val loss:  4.3800362618640067e-08
Accuracy of the network on the val images: 100.0000 %
Epoch:  43
Loss: 0.0000 Acc: 1.0000
val loss:  4.310839040044812e-08
Accuracy of the network on the val images: 100.0000 %
Epoch:  44
Loss: 0.0000 Acc: 1.0000
val loss:  4.244741057846113e-08
Accuracy of the network on the val images: 100.0000 %
Epoch:  45
Loss: 0.0000 Acc: 1.0000
val loss:  4.183291957815527e-08
Accuracy of the network on the val images: 100.0000 %
Epoch:  46
Loss: 0.0000 Acc: 1.0000
val loss:  4.124644328840077e-08
Accuracy of the network on the val images: 100.0000 %
Epoch:  47
Loss: 0.0000 Acc: 1.0000
val loss:  4.068201678819605e-08
Accuracy of the network on the val images: 100.0000 %
Epoch:  48
Loss: 0.0000 Acc: 1.0000
val loss:  4.017659512101091e-08
Accuracy of the network on the val images: 100.0000 %
Epoch:  49
Loss: 0.0000 Acc: 1.0000
val loss:  3.9674152958468765e-08
Accuracy of the network on the val images: 100.0000 %
Epoch:  50
Loss: 0.0000 Acc: 1.0000
val loss:  3.9203897358675025e-08
Accuracy of the network on the val images: 100.0000 %
Training finished.
testing loss:  0.07397353267669678
Accuracy of the network on the testset images: 0.0000 %
Testing with testset finished
Round  :  10
Net(
  (conv1): Conv2d(3, 32, kernel_size=(3, 3), stride=(1, 1), padding=(2, 2), bias=False, padding_mode=reflect)
  (conv2): Conv2d(32, 32, kernel_size=(3, 3), stride=(2, 2), padding=(2, 2), bias=False, padding_mode=reflect)
  (conv3): Conv2d(32, 64, kernel_size=(3, 3), stride=(2, 2), padding=(2, 2), bias=False, padding_mode=reflect)
  (conv4): Conv2d(64, 64, kernel_size=(3, 3), stride=(2, 2), padding=(2, 2), bias=False, padding_mode=reflect)
  (fc1): Linear(in_features=64, out_features=2, bias=True)
  (fc2): Linear(in_features=2304, out_features=64, bias=True)
)
Model size: 832.133KB
Training is starting...
Epoch:   1
Loss: 0.6828 Acc: 0.6800
val loss:  0.0027989581823349
Accuracy of the network on the val images: 100.0000 %
Epoch:   2
Loss: 0.0895 Acc: 1.0000
val loss:  4.414297174662351e-06
Accuracy of the network on the val images: 100.0000 %
Epoch:   3
Loss: 0.0005 Acc: 1.0000
val loss:  1.6866387450136244e-06
Accuracy of the network on the val images: 100.0000 %
Epoch:   4
Loss: 0.0002 Acc: 1.0000
val loss:  9.540066675981508e-07
Accuracy of the network on the val images: 100.0000 %
Epoch:   5
Loss: 0.0002 Acc: 1.0000
val loss:  6.288676959229634e-07
Accuracy of the network on the val images: 100.0000 %
Epoch:   6
Loss: 0.0001 Acc: 1.0000
val loss:  4.524297983152792e-07
Accuracy of the network on the val images: 100.0000 %
Epoch:   7
Loss: 0.0001 Acc: 1.0000
val loss:  3.4556306491140277e-07
Accuracy of the network on the val images: 100.0000 %
Epoch:   8
Loss: 0.0001 Acc: 1.0000
val loss:  2.7626285736914723e-07
Accuracy of the network on the val images: 100.0000 %
Epoch:   9
Loss: 0.0000 Acc: 1.0000
val loss:  2.2913281281944365e-07
Accuracy of the network on the val images: 100.0000 %
Epoch:  10
Loss: 0.0000 Acc: 1.0000
val loss:  1.9543767302820925e-07
Accuracy of the network on the val images: 100.0000 %
Epoch:  11
Loss: 0.0000 Acc: 1.0000
val loss:  1.7038851183315273e-07
Accuracy of the network on the val images: 100.0000 %
Epoch:  12
Loss: 0.0000 Acc: 1.0000
val loss:  1.509817811893299e-07
Accuracy of the network on the val images: 100.0000 %
Epoch:  13
Loss: 0.0000 Acc: 1.0000
val loss:  1.3580773884314112e-07
Accuracy of the network on the val images: 100.0000 %
Epoch:  14
Loss: 0.0000 Acc: 1.0000
val loss:  1.2349230200925377e-07
Accuracy of the network on the val images: 100.0000 %
Epoch:  15
Loss: 0.0000 Acc: 1.0000
val loss:  1.1337823161738924e-07
Accuracy of the network on the val images: 100.0000 %
Epoch:  16
Loss: 0.0000 Acc: 1.0000
val loss:  1.0487853251106571e-07
Accuracy of the network on the val images: 100.0000 %
Epoch:  17
Loss: 0.0000 Acc: 1.0000
val loss:  9.769048938323976e-08
Accuracy of the network on the val images: 100.0000 %
Epoch:  18
Loss: 0.0000 Acc: 1.0000
val loss:  9.158173088508192e-08
Accuracy of the network on the val images: 100.0000 %
Epoch:  19
Loss: 0.0000 Acc: 1.0000
val loss:  8.623637313576183e-08
Accuracy of the network on the val images: 100.0000 %
Epoch:  20
Loss: 0.0000 Acc: 1.0000
val loss:  8.15596904431004e-08
Accuracy of the network on the val images: 100.0000 %
Epoch:  21
Loss: 0.0000 Acc: 1.0000
val loss:  7.748135794827248e-08
Accuracy of the network on the val images: 100.0000 %
Epoch:  22
Loss: 0.0000 Acc: 1.0000
val loss:  7.384403488686075e-08
Accuracy of the network on the val images: 100.0000 %
Epoch:  23
Loss: 0.0000 Acc: 1.0000
val loss:  7.059766539896373e-08
Accuracy of the network on the val images: 100.0000 %
Epoch:  24
Loss: 0.0000 Acc: 1.0000
val loss:  6.769935316697228e-08
Accuracy of the network on the val images: 100.0000 %
Epoch:  25
Loss: 0.0000 Acc: 1.0000
val loss:  6.508173919428373e-08
Accuracy of the network on the val images: 100.0000 %
Epoch:  26
Loss: 0.0000 Acc: 1.0000
val loss:  6.270252015383448e-08
Accuracy of the network on the val images: 100.0000 %
Epoch:  27
Loss: 0.0000 Acc: 1.0000
val loss:  6.05610994171002e-08
Accuracy of the network on the val images: 100.0000 %
Epoch:  28
Loss: 0.0000 Acc: 1.0000
val loss:  5.8575823459250386e-08
Accuracy of the network on the val images: 100.0000 %
Epoch:  29
Loss: 0.0000 Acc: 1.0000
val loss:  5.677352055499796e-08
Accuracy of the network on the val images: 100.0000 %
Epoch:  30
Loss: 0.0000 Acc: 1.0000
val loss:  5.514047370525077e-08
Accuracy of the network on the val images: 100.0000 %
Epoch:  31
Loss: 0.0000 Acc: 1.0000
val loss:  5.360338400350884e-08
Accuracy of the network on the val images: 100.0000 %
Epoch:  32
Loss: 0.0000 Acc: 1.0000
val loss:  5.2202771712472894e-08
Accuracy of the network on the val images: 100.0000 %
Epoch:  33
Loss: 0.0000 Acc: 1.0000
val loss:  5.089454271001159e-08
Accuracy of the network on the val images: 100.0000 %
Epoch:  34
Loss: 0.0000 Acc: 1.0000
val loss:  4.9682262215355876e-08
Accuracy of the network on the val images: 100.0000 %
Epoch:  35
Loss: 0.0000 Acc: 1.0000
val loss:  4.8557600621279564e-08
Accuracy of the network on the val images: 100.0000 %
Epoch:  36
Loss: 0.0000 Acc: 1.0000
val loss:  4.751041660711053e-08
Accuracy of the network on the val images: 100.0000 %
Epoch:  37
Loss: 0.0000 Acc: 1.0000
val loss:  4.653356245398754e-08
Accuracy of the network on the val images: 100.0000 %
Epoch:  38
Loss: 0.0000 Acc: 1.0000
val loss:  4.5630009026353946e-08
Accuracy of the network on the val images: 100.0000 %
Epoch:  39
Loss: 0.0000 Acc: 1.0000
val loss:  4.478070059121819e-08
Accuracy of the network on the val images: 100.0000 %
Epoch:  40
Loss: 0.0000 Acc: 1.0000
val loss:  4.396594886202365e-08
Accuracy of the network on the val images: 100.0000 %
Epoch:  41
Loss: 0.0000 Acc: 1.0000
val loss:  4.32304736932565e-08
Accuracy of the network on the val images: 100.0000 %
Epoch:  42
Loss: 0.0000 Acc: 1.0000
val loss:  4.248307550369645e-08
Accuracy of the network on the val images: 100.0000 %
Epoch:  43
Loss: 0.0000 Acc: 1.0000
val loss:  4.181971144134877e-08
Accuracy of the network on the val images: 100.0000 %
Epoch:  44
Loss: 0.0000 Acc: 1.0000
val loss:  4.117661728741951e-08
Accuracy of the network on the val images: 100.0000 %
Epoch:  45
Loss: 0.0000 Acc: 1.0000
val loss:  4.060980836584349e-08
Accuracy of the network on the val images: 100.0000 %
Epoch:  46
Loss: 0.0000 Acc: 1.0000
val loss:  4.002512241640943e-08
Accuracy of the network on the val images: 100.0000 %
Epoch:  47
Loss: 0.0000 Acc: 1.0000
val loss:  3.950301152144675e-08
Accuracy of the network on the val images: 100.0000 %
Epoch:  48
Loss: 0.0000 Acc: 1.0000
val loss:  3.8980905628704934e-08
Accuracy of the network on the val images: 100.0000 %
Epoch:  49
Loss: 0.0000 Acc: 1.0000
val loss:  3.849336326311459e-08
Accuracy of the network on the val images: 100.0000 %
Epoch:  50
Loss: 0.0000 Acc: 1.0000
val loss:  3.8046950976422524e-08
Accuracy of the network on the val images: 100.0000 %
Training finished.
testing loss:  0.07506683921813964
Accuracy of the network on the testset images: 0.0000 %
Testing with testset finished
*******************************************
 Type of convolution :  reflect
 Type of network :  Net2
*******************************************
Results for validation dataset {0: 100.0, 1: 100.0, 2: 100.0, 3: 100.0, 4: 100.0, 5: 100.0, 6: 100.0, 7: 100.0, 8: 100.0, 9: 100.0}
mean: 100.0000 std: 0.0000 for validation
Results for test dataset {0: 0.0, 1: 0.0, 2: 0.0, 3: 0.0, 4: 0.0, 5: 0.0, 6: 0.0, 7: 0.0, 8: 0.0, 9: 0.0}
mean: 0.0000 std: 0.0000 for test

JOB STATISTICS
==============
Job ID: 8549732
Cluster: snellius
User/Group: scur2785/scur2785
State: COMPLETED (exit code 0)
Nodes: 1
Cores per node: 9
CPU Utilized: 00:06:31
CPU Efficiency: 70.07% of 00:09:18 core-walltime
Job Wall-clock time: 00:01:02
Memory Utilized: 790.34 MB
Memory Efficiency: 1.29% of 60.00 GB
