============================================================================================== 
Warning! Mixing Conda and module environments may lead to corruption of the
user environment. 
We do not recommend users mixing those two environments unless absolutely
necessary. Note that 
SURF does not provide any support for Conda environment.
For more information, please refer to our software policy page:
https://servicedesk.surf.nl/wiki/display/WIKI/Software+policy+Snellius#SoftwarepolicySnellius-UseofAnacondaandMinicondaenvironmentsonSnellius 

Remember that many packages have already been installed on the system and can
be loaded using 
the 'module load <package__name>' command. If you are uncertain if a package is
already available 
on the system, please use 'module avail' or 'module spider' to search for it.
============================================================================================== 
/var/spool/slurm/slurmd/job8545871/slurm_script: line 16: cd: too many arguments
/var/spool/slurm/slurmd/job8545871/slurm_script: line 17: sbatch:: command not found
/var/spool/slurm/slurmd/job8545871/slurm_script: line 18: sbatch:: command not found
/var/spool/slurm/slurmd/job8545871/slurm_script: line 25: unexpected EOF while looking for matching `''
/var/spool/slurm/slurmd/job8545871/slurm_script: line 26: syntax error: unexpected end of file

JOB STATISTICS
==============
Job ID: 8545871
Cluster: snellius
User/Group: scur2785/scur2785
State: FAILED (exit code 2)
Nodes: 1
Cores per node: 9
CPU Utilized: 00:00:00
CPU Efficiency: 0.00% of 00:01:48 core-walltime
Job Wall-clock time: 00:00:12
Memory Utilized: 2.17 MB
Memory Efficiency: 0.00% of 60.00 GB
