============================================================================================== 
Warning! Mixing Conda and module environments may lead to corruption of the
user environment. 
We do not recommend users mixing those two environments unless absolutely
necessary. Note that 
SURF does not provide any support for Conda environment.
For more information, please refer to our software policy page:
https://servicedesk.surf.nl/wiki/display/WIKI/Software+policy+Snellius#SoftwarepolicySnellius-UseofAnacondaandMinicondaenvironmentsonSnellius 

Remember that many packages have already been installed on the system and can
be loaded using 
the 'module load <package__name>' command. If you are uncertain if a package is
already available 
on the system, please use 'module avail' or 'module spider' to search for it.
============================================================================================== 
usage: conda [-h] [--no-plugins] [-V] COMMAND ...
conda: error: argument COMMAND: invalid choice: 'activate' (choose from 'clean', 'compare', 'config', 'create', 'info', 'init', 'install', 'list', 'notices', 'package', 'remove', 'uninstall', 'rename', 'run', 'search', 'update', 'upgrade', 'build', 'convert', 'debug', 'develop', 'doctor', 'index', 'inspect', 'metapackage', 'render', 'skeleton', 'repo', 'verify', 'env', 'server', 'content-trust', 'pack', 'token')
/sw/arch/RHEL8/EB_production/2023/software/Anaconda3/2023.07-2/lib/python3.11/site-packages/torch/nn/modules/module.py:1802: UserWarning: Positional args are being deprecated, use kwargs instead. Refer to https://pytorch.org/docs/master/generated/torch.nn.Module.html#torch.nn.Module.state_dict for details.
  warnings.warn(
Namespace(train_size=2000, val_size=1000, test_size=1000, conv_type='replicate', net_type='Net1', image_size=32, offset1=7, offset2=23, fluctuation=6, n_repeat=10, epochs=50, batch_size=200)
Round  :   1
Net(
  (conv1): Conv2d(3, 32, kernel_size=(3, 3), stride=(1, 1), padding=(2, 2), bias=False, padding_mode=replicate)
  (conv2): Conv2d(32, 32, kernel_size=(3, 3), stride=(2, 2), padding=(2, 2), bias=False, padding_mode=replicate)
  (conv3): Conv2d(32, 64, kernel_size=(3, 3), stride=(2, 2), padding=(2, 2), bias=False, padding_mode=replicate)
  (conv4): Conv2d(64, 64, kernel_size=(3, 3), stride=(2, 2), padding=(2, 2), bias=False, padding_mode=replicate)
  (fc1): Linear(in_features=64, out_features=2, bias=True)
  (adap_max): AdaptiveMaxPool2d(output_size=1)
)
Model size: 255.883KB
Training is starting...
Epoch:   1
Loss: 0.6929 Acc: 0.5000
val loss:  0.003461122930049896
Accuracy of the network on the val images: 50.0000 %
Epoch:   2
Loss: 0.6916 Acc: 0.5280
val loss:  0.0034526134729385375
Accuracy of the network on the val images: 61.6000 %
Epoch:   3
Loss: 0.6885 Acc: 0.6300
val loss:  0.003420585572719574
Accuracy of the network on the val images: 66.5000 %
Epoch:   4
Loss: 0.6677 Acc: 0.7095
val loss:  0.0030717881321907043
Accuracy of the network on the val images: 75.7000 %
Epoch:   5
Loss: 0.5921 Acc: 0.6955
val loss:  0.002403755456209183
Accuracy of the network on the val images: 76.2000 %
Epoch:   6
Loss: 0.5312 Acc: 0.7350
val loss:  0.0022917276620864867
Accuracy of the network on the val images: 76.0000 %
Epoch:   7
Loss: 0.4481 Acc: 0.7895
val loss:  0.0019460588693618775
Accuracy of the network on the val images: 79.2000 %
Epoch:   8
Loss: 0.4448 Acc: 0.7790
val loss:  0.0016541431248188018
Accuracy of the network on the val images: 83.5000 %
Epoch:   9
Loss: 0.3755 Acc: 0.8190
val loss:  0.0015689634084701538
Accuracy of the network on the val images: 85.2000 %
Epoch:  10
Loss: 0.2775 Acc: 0.8735
val loss:  0.0012798245549201965
Accuracy of the network on the val images: 88.0000 %
Epoch:  11
Loss: 0.2528 Acc: 0.8745
val loss:  0.001012623906135559
Accuracy of the network on the val images: 89.5000 %
Epoch:  12
Loss: 0.1879 Acc: 0.9190
val loss:  0.0005472541823983193
Accuracy of the network on the val images: 96.4000 %
Epoch:  13
Loss: 0.1622 Acc: 0.9340
val loss:  0.0011153384745121002
Accuracy of the network on the val images: 87.8000 %
patience 1
Epoch:  14
Loss: 0.2450 Acc: 0.8865
val loss:  0.00037478464096784593
Accuracy of the network on the val images: 97.9000 %
Epoch:  15
Loss: 0.0684 Acc: 0.9810
val loss:  0.00026904193311929703
Accuracy of the network on the val images: 98.5000 %
Epoch:  16
Loss: 0.0533 Acc: 0.9810
val loss:  0.00023349232599139213
Accuracy of the network on the val images: 98.2000 %
Epoch:  17
Loss: 0.0449 Acc: 0.9845
val loss:  0.00020583136565983297
Accuracy of the network on the val images: 98.3000 %
Epoch:  18
Loss: 0.0525 Acc: 0.9770
val loss:  0.0002719783745706081
Accuracy of the network on the val images: 97.6000 %
patience 1
Epoch:  19
Loss: 0.0511 Acc: 0.9770
val loss:  0.00018828862160444258
Accuracy of the network on the val images: 98.7000 %
Epoch:  20
Loss: 0.0471 Acc: 0.9785
val loss:  0.00023021350428462027
Accuracy of the network on the val images: 97.6000 %
patience 1
Epoch:  21
Loss: 0.0477 Acc: 0.9770
val loss:  0.00020572145096957683
Accuracy of the network on the val images: 98.4000 %
patience 2
Epoch:  22
Loss: 0.0420 Acc: 0.9810
val loss:  0.00024200288578867912
Accuracy of the network on the val images: 97.8000 %
patience 3
Epoch:  23
Loss: 0.0455 Acc: 0.9800
val loss:  0.00017900538071990014
Accuracy of the network on the val images: 98.5000 %
Epoch:  24
Loss: 0.0367 Acc: 0.9850
val loss:  0.00044928108900785447
Accuracy of the network on the val images: 96.5000 %
patience 1
Epoch:  25
Loss: 0.0877 Acc: 0.9690
val loss:  0.0007790330946445465
Accuracy of the network on the val images: 94.7000 %
patience 2
Epoch:  26
Loss: 0.1022 Acc: 0.9570
val loss:  0.00014334973879158496
Accuracy of the network on the val images: 98.7000 %
Epoch:  27
Loss: 0.0295 Acc: 0.9860
val loss:  0.00014414134249091147
Accuracy of the network on the val images: 98.5000 %
patience 1
Epoch:  28
Loss: 0.0270 Acc: 0.9870
val loss:  0.00015503200516104698
Accuracy of the network on the val images: 98.3000 %
patience 2
Epoch:  29
Loss: 0.0258 Acc: 0.9890
val loss:  0.0001896363440901041
Accuracy of the network on the val images: 98.3000 %
patience 3
Epoch:  30
Loss: 0.0247 Acc: 0.9885
val loss:  0.00020861612167209388
Accuracy of the network on the val images: 98.3000 %
patience 4
Epoch:  31
Loss: 0.0276 Acc: 0.9865
val loss:  0.00015268092788755892
Accuracy of the network on the val images: 98.5000 %
patience 5
Epoch:  32
Loss: 0.0284 Acc: 0.9850
val loss:  0.00015906315948814153
Accuracy of the network on the val images: 98.4000 %
patience 6
Epoch:  33
Loss: 0.0247 Acc: 0.9865
val loss:  0.00031875024549663064
Accuracy of the network on the val images: 97.9000 %
patience 7
Epoch:  34
Loss: 0.0340 Acc: 0.9880
val loss:  0.0002473491430282593
Accuracy of the network on the val images: 98.3000 %
patience 8
Epoch:  35
Loss: 0.0243 Acc: 0.9890
val loss:  0.00026090161874890326
Accuracy of the network on the val images: 98.2000 %
Training finished.
testing loss:  0.0005427664443850517
Accuracy of the network on the testset images: 95.6000 %
Testing with testset finished
Round  :   2
Net(
  (conv1): Conv2d(3, 32, kernel_size=(3, 3), stride=(1, 1), padding=(2, 2), bias=False, padding_mode=replicate)
  (conv2): Conv2d(32, 32, kernel_size=(3, 3), stride=(2, 2), padding=(2, 2), bias=False, padding_mode=replicate)
  (conv3): Conv2d(32, 64, kernel_size=(3, 3), stride=(2, 2), padding=(2, 2), bias=False, padding_mode=replicate)
  (conv4): Conv2d(64, 64, kernel_size=(3, 3), stride=(2, 2), padding=(2, 2), bias=False, padding_mode=replicate)
  (fc1): Linear(in_features=64, out_features=2, bias=True)
  (adap_max): AdaptiveMaxPool2d(output_size=1)
)
Model size: 255.883KB
Training is starting...
Epoch:   1
Loss: 0.6933 Acc: 0.5000
val loss:  0.003461589574813843
Accuracy of the network on the val images: 51.5000 %
Epoch:   2
Loss: 0.6913 Acc: 0.5565
val loss:  0.0034496050477027893
Accuracy of the network on the val images: 57.2000 %
Epoch:   3
Loss: 0.6869 Acc: 0.5555
val loss:  0.0034108200073242187
Accuracy of the network on the val images: 57.0000 %
Epoch:   4
Loss: 0.6655 Acc: 0.6280
val loss:  0.0030593882799148557
Accuracy of the network on the val images: 76.5000 %
Epoch:   5
Loss: 0.6094 Acc: 0.7005
val loss:  0.0021896225810050965
Accuracy of the network on the val images: 83.2000 %
Epoch:   6
Loss: 0.4928 Acc: 0.7390
val loss:  0.002042917937040329
Accuracy of the network on the val images: 78.6000 %
Epoch:   7
Loss: 0.5033 Acc: 0.7125
val loss:  0.0017030082941055299
Accuracy of the network on the val images: 89.8000 %
Epoch:   8
Loss: 0.3928 Acc: 0.8250
val loss:  0.004124541580677032
Accuracy of the network on the val images: 58.2000 %
patience 1
Epoch:   9
Loss: 0.4522 Acc: 0.7900
val loss:  0.001169391319155693
Accuracy of the network on the val images: 92.9000 %
Epoch:  10
Loss: 0.2315 Acc: 0.9085
val loss:  0.0011040413230657578
Accuracy of the network on the val images: 88.3000 %
Epoch:  11
Loss: 0.3082 Acc: 0.8410
val loss:  0.0010189526081085204
Accuracy of the network on the val images: 90.0000 %
Epoch:  12
Loss: 0.1773 Acc: 0.9295
val loss:  0.0006296167373657227
Accuracy of the network on the val images: 95.9000 %
Epoch:  13
Loss: 0.1873 Acc: 0.9130
val loss:  0.0006988751739263534
Accuracy of the network on the val images: 94.3000 %
patience 1
Epoch:  14
Loss: 0.1147 Acc: 0.9580
val loss:  0.0004019181504845619
Accuracy of the network on the val images: 97.4000 %
Epoch:  15
Loss: 0.1100 Acc: 0.9595
val loss:  0.0004460255205631256
Accuracy of the network on the val images: 96.4000 %
patience 1
Epoch:  16
Loss: 0.0873 Acc: 0.9650
val loss:  0.00032986853271722795
Accuracy of the network on the val images: 97.2000 %
Epoch:  17
Loss: 0.0765 Acc: 0.9695
val loss:  0.0003362806960940361
Accuracy of the network on the val images: 97.2000 %
patience 1
Epoch:  18
Loss: 0.0721 Acc: 0.9685
val loss:  0.00031013224646449087
Accuracy of the network on the val images: 97.4000 %
Epoch:  19
Loss: 0.0741 Acc: 0.9690
val loss:  0.00045302081853151324
Accuracy of the network on the val images: 96.5000 %
patience 1
Epoch:  20
Loss: 0.0667 Acc: 0.9730
val loss:  0.00017887572757899762
Accuracy of the network on the val images: 98.9000 %
Epoch:  21
Loss: 0.0512 Acc: 0.9815
val loss:  0.000262676578015089
Accuracy of the network on the val images: 97.4000 %
patience 1
Epoch:  22
Loss: 0.0491 Acc: 0.9810
val loss:  0.0003109972141683102
Accuracy of the network on the val images: 97.1000 %
patience 2
Epoch:  23
Loss: 0.0349 Acc: 0.9850
val loss:  0.00016129872296005487
Accuracy of the network on the val images: 98.6000 %
Epoch:  24
Loss: 0.0595 Acc: 0.9745
val loss:  0.000169389171525836
Accuracy of the network on the val images: 98.6000 %
patience 1
Epoch:  25
Loss: 0.0359 Acc: 0.9815
val loss:  0.0001371534988284111
Accuracy of the network on the val images: 98.9000 %
Epoch:  26
Loss: 0.0431 Acc: 0.9845
val loss:  0.00027034345641732216
Accuracy of the network on the val images: 97.6000 %
patience 1
Epoch:  27
Loss: 0.0318 Acc: 0.9870
val loss:  0.00021986100636422635
Accuracy of the network on the val images: 98.2000 %
patience 2
Epoch:  28
Loss: 0.0260 Acc: 0.9885
val loss:  0.00023443437926471233
Accuracy of the network on the val images: 98.1000 %
patience 3
Epoch:  29
Loss: 0.0253 Acc: 0.9895
val loss:  0.0003793500699102879
Accuracy of the network on the val images: 96.9000 %
patience 4
Epoch:  30
Loss: 0.0796 Acc: 0.9740
val loss:  0.0003137474395334721
Accuracy of the network on the val images: 97.1000 %
patience 5
Epoch:  31
Loss: 0.0273 Acc: 0.9880
val loss:  0.00012386876437813044
Accuracy of the network on the val images: 98.8000 %
Epoch:  32
Loss: 0.0228 Acc: 0.9900
val loss:  0.0001520061530172825
Accuracy of the network on the val images: 98.6000 %
patience 1
Epoch:  33
Loss: 0.0262 Acc: 0.9865
val loss:  0.0001232214830815792
Accuracy of the network on the val images: 98.7000 %
Epoch:  34
Loss: 0.0302 Acc: 0.9855
val loss:  0.0001237104218453169
Accuracy of the network on the val images: 99.0000 %
patience 1
Epoch:  35
Loss: 0.0260 Acc: 0.9895
val loss:  0.000170614673756063
Accuracy of the network on the val images: 98.5000 %
patience 2
Epoch:  36
Loss: 0.0238 Acc: 0.9885
val loss:  0.00012204563990235329
Accuracy of the network on the val images: 98.9000 %
Epoch:  37
Loss: 0.0403 Acc: 0.9855
val loss:  0.00011076488252729178
Accuracy of the network on the val images: 98.9000 %
Epoch:  38
Loss: 0.0396 Acc: 0.9865
val loss:  0.0003084994964301586
Accuracy of the network on the val images: 97.9000 %
patience 1
Epoch:  39
Loss: 0.0305 Acc: 0.9885
val loss:  0.00019119314849376677
Accuracy of the network on the val images: 98.4000 %
patience 2
Epoch:  40
Loss: 0.0237 Acc: 0.9910
val loss:  0.0001883882526308298
Accuracy of the network on the val images: 98.4000 %
patience 3
Epoch:  41
Loss: 0.0219 Acc: 0.9895
val loss:  0.0002088282834738493
Accuracy of the network on the val images: 98.3000 %
patience 4
Epoch:  42
Loss: 0.0235 Acc: 0.9895
val loss:  0.00010395089164376259
Accuracy of the network on the val images: 98.9000 %
Epoch:  43
Loss: 0.0280 Acc: 0.9890
val loss:  0.0002634550239890814
Accuracy of the network on the val images: 98.1000 %
patience 1
Epoch:  44
Loss: 0.0266 Acc: 0.9885
val loss:  0.0002892088945955038
Accuracy of the network on the val images: 98.0000 %
patience 2
Epoch:  45
Loss: 0.0258 Acc: 0.9905
val loss:  0.000272828534245491
Accuracy of the network on the val images: 98.1000 %
patience 3
Epoch:  46
Loss: 0.0213 Acc: 0.9895
val loss:  9.606372378766537e-05
Accuracy of the network on the val images: 99.2000 %
Epoch:  47
Loss: 0.0271 Acc: 0.9890
val loss:  0.0002473972989246249
Accuracy of the network on the val images: 98.2000 %
patience 1
Epoch:  48
Loss: 0.0230 Acc: 0.9895
val loss:  0.00024232142511755228
Accuracy of the network on the val images: 98.3000 %
patience 2
Epoch:  49
Loss: 0.0236 Acc: 0.9885
val loss:  0.00022721908800303937
Accuracy of the network on the val images: 98.3000 %
patience 3
Epoch:  50
Loss: 0.0186 Acc: 0.9915
val loss:  0.00014663723018020392
Accuracy of the network on the val images: 98.9000 %
patience 4
Training finished.
testing loss:  0.0013768237084150314
Accuracy of the network on the testset images: 92.0000 %
Testing with testset finished
Round  :   3
Net(
  (conv1): Conv2d(3, 32, kernel_size=(3, 3), stride=(1, 1), padding=(2, 2), bias=False, padding_mode=replicate)
  (conv2): Conv2d(32, 32, kernel_size=(3, 3), stride=(2, 2), padding=(2, 2), bias=False, padding_mode=replicate)
  (conv3): Conv2d(32, 64, kernel_size=(3, 3), stride=(2, 2), padding=(2, 2), bias=False, padding_mode=replicate)
  (conv4): Conv2d(64, 64, kernel_size=(3, 3), stride=(2, 2), padding=(2, 2), bias=False, padding_mode=replicate)
  (fc1): Linear(in_features=64, out_features=2, bias=True)
  (adap_max): AdaptiveMaxPool2d(output_size=1)
)
Model size: 255.883KB
Training is starting...
Epoch:   1
Loss: 0.6934 Acc: 0.5000
val loss:  0.003464191436767578
Accuracy of the network on the val images: 50.0000 %
Epoch:   2
Loss: 0.6926 Acc: 0.5005
val loss:  0.003461220562458038
Accuracy of the network on the val images: 51.3000 %
Epoch:   3
Loss: 0.6920 Acc: 0.5795
val loss:  0.0034574612379074097
Accuracy of the network on the val images: 69.1000 %
Epoch:   4
Loss: 0.6909 Acc: 0.7130
val loss:  0.0034489033818244936
Accuracy of the network on the val images: 73.3000 %
Epoch:   5
Loss: 0.6876 Acc: 0.7385
val loss:  0.0034111050367355345
Accuracy of the network on the val images: 76.6000 %
Epoch:   6
Loss: 0.6558 Acc: 0.7560
val loss:  0.0027942889332771303
Accuracy of the network on the val images: 78.1000 %
Epoch:   7
Loss: 0.5849 Acc: 0.7200
val loss:  0.002145931124687195
Accuracy of the network on the val images: 80.3000 %
Epoch:   8
Loss: 0.5195 Acc: 0.7365
val loss:  0.0018218583464622497
Accuracy of the network on the val images: 83.1000 %
Epoch:   9
Loss: 0.4741 Acc: 0.7360
val loss:  0.0016309488415718078
Accuracy of the network on the val images: 84.7000 %
Epoch:  10
Loss: 0.4444 Acc: 0.7760
val loss:  0.002893796145915985
Accuracy of the network on the val images: 72.0000 %
patience 1
Epoch:  11
Loss: 0.3107 Acc: 0.8770
val loss:  0.001039401814341545
Accuracy of the network on the val images: 93.5000 %
Epoch:  12
Loss: 0.3468 Acc: 0.8340
val loss:  0.000947032243013382
Accuracy of the network on the val images: 94.7000 %
Epoch:  13
Loss: 0.2067 Acc: 0.9155
val loss:  0.0009354875087738037
Accuracy of the network on the val images: 94.2000 %
Epoch:  14
Loss: 0.2142 Acc: 0.9005
val loss:  0.0007922329753637314
Accuracy of the network on the val images: 95.3000 %
Epoch:  15
Loss: 0.1576 Acc: 0.9330
val loss:  0.0005934959650039672
Accuracy of the network on the val images: 96.5000 %
Epoch:  16
Loss: 0.2034 Acc: 0.9050
val loss:  0.000927235096693039
Accuracy of the network on the val images: 93.2000 %
patience 1
Epoch:  17
Loss: 0.1114 Acc: 0.9580
val loss:  0.0003345124311745167
Accuracy of the network on the val images: 97.8000 %
Epoch:  18
Loss: 0.0705 Acc: 0.9785
val loss:  0.0002894951663911343
Accuracy of the network on the val images: 98.6000 %
Epoch:  19
Loss: 0.1146 Acc: 0.9570
val loss:  0.0002485455870628357
Accuracy of the network on the val images: 98.9000 %
Epoch:  20
Loss: 0.0483 Acc: 0.9835
val loss:  0.00020233484357595443
Accuracy of the network on the val images: 98.7000 %
Epoch:  21
Loss: 0.0587 Acc: 0.9755
val loss:  0.00023694992065429688
Accuracy of the network on the val images: 98.3000 %
patience 1
Epoch:  22
Loss: 0.0615 Acc: 0.9745
val loss:  0.00016985942237079143
Accuracy of the network on the val images: 98.9000 %
Epoch:  23
Loss: 0.0374 Acc: 0.9855
val loss:  0.00015427820011973382
Accuracy of the network on the val images: 98.6000 %
Epoch:  24
Loss: 0.0597 Acc: 0.9760
val loss:  0.00024728623405098914
Accuracy of the network on the val images: 98.3000 %
patience 1
Epoch:  25
Loss: 0.1312 Acc: 0.9530
val loss:  0.0002012350596487522
Accuracy of the network on the val images: 98.6000 %
patience 2
Epoch:  26
Loss: 0.0353 Acc: 0.9850
val loss:  0.0001689330767840147
Accuracy of the network on the val images: 98.5000 %
patience 3
Epoch:  27
Loss: 0.0310 Acc: 0.9875
val loss:  0.0001742047108709812
Accuracy of the network on the val images: 98.4000 %
patience 4
Epoch:  28
Loss: 0.0303 Acc: 0.9885
val loss:  0.0002205099668353796
Accuracy of the network on the val images: 97.8000 %
patience 5
Epoch:  29
Loss: 0.0291 Acc: 0.9875
val loss:  0.00023609192110598086
Accuracy of the network on the val images: 97.7000 %
patience 6
Epoch:  30
Loss: 0.0272 Acc: 0.9880
val loss:  0.0002781829591840506
Accuracy of the network on the val images: 97.5000 %
patience 7
Epoch:  31
Loss: 0.0288 Acc: 0.9875
val loss:  0.00039362478256225585
Accuracy of the network on the val images: 96.8000 %
patience 8
Epoch:  32
Loss: 0.0866 Acc: 0.9725
val loss:  0.00023402771539986133
Accuracy of the network on the val images: 97.9000 %
Training finished.
testing loss:  0.0013834921419620513
Accuracy of the network on the testset images: 89.9000 %
Testing with testset finished
Round  :   4
Net(
  (conv1): Conv2d(3, 32, kernel_size=(3, 3), stride=(1, 1), padding=(2, 2), bias=False, padding_mode=replicate)
  (conv2): Conv2d(32, 32, kernel_size=(3, 3), stride=(2, 2), padding=(2, 2), bias=False, padding_mode=replicate)
  (conv3): Conv2d(32, 64, kernel_size=(3, 3), stride=(2, 2), padding=(2, 2), bias=False, padding_mode=replicate)
  (conv4): Conv2d(64, 64, kernel_size=(3, 3), stride=(2, 2), padding=(2, 2), bias=False, padding_mode=replicate)
  (fc1): Linear(in_features=64, out_features=2, bias=True)
  (adap_max): AdaptiveMaxPool2d(output_size=1)
)
Model size: 255.883KB
Training is starting...
Epoch:   1
Loss: 0.6928 Acc: 0.5030
val loss:  0.003461709201335907
Accuracy of the network on the val images: 54.8000 %
Epoch:   2
Loss: 0.6920 Acc: 0.6405
val loss:  0.003455519676208496
Accuracy of the network on the val images: 71.4000 %
Epoch:   3
Loss: 0.6900 Acc: 0.7100
val loss:  0.0034352372884750367
Accuracy of the network on the val images: 73.1000 %
Epoch:   4
Loss: 0.6802 Acc: 0.7000
val loss:  0.0032891893982887267
Accuracy of the network on the val images: 72.2000 %
Epoch:   5
Loss: 0.6348 Acc: 0.6880
val loss:  0.002656900405883789
Accuracy of the network on the val images: 81.7000 %
Epoch:   6
Loss: 0.5931 Acc: 0.7380
val loss:  0.0021397545337677004
Accuracy of the network on the val images: 86.8000 %
Epoch:   7
Loss: 0.3803 Acc: 0.8465
val loss:  0.0030061267018318175
Accuracy of the network on the val images: 68.6000 %
patience 1
Epoch:   8
Loss: 0.4438 Acc: 0.7840
val loss:  0.0012132404744625092
Accuracy of the network on the val images: 90.8000 %
Epoch:   9
Loss: 0.3198 Acc: 0.8605
val loss:  0.001837420344352722
Accuracy of the network on the val images: 80.1000 %
patience 1
Epoch:  10
Loss: 0.2256 Acc: 0.9075
val loss:  0.000859475702047348
Accuracy of the network on the val images: 93.5000 %
Epoch:  11
Loss: 0.3503 Acc: 0.8360
val loss:  0.0007663723975419998
Accuracy of the network on the val images: 95.7000 %
Epoch:  12
Loss: 0.1354 Acc: 0.9535
val loss:  0.000509534128010273
Accuracy of the network on the val images: 96.5000 %
Epoch:  13
Loss: 0.1326 Acc: 0.9450
val loss:  0.0006134482175111771
Accuracy of the network on the val images: 95.8000 %
patience 1
Epoch:  14
Loss: 0.1086 Acc: 0.9535
val loss:  0.0004328601807355881
Accuracy of the network on the val images: 96.8000 %
Epoch:  15
Loss: 0.0975 Acc: 0.9605
val loss:  0.00043580093234777453
Accuracy of the network on the val images: 96.8000 %
patience 1
Epoch:  16
Loss: 0.0785 Acc: 0.9695
val loss:  0.0003326416313648224
Accuracy of the network on the val images: 97.3000 %
Epoch:  17
Loss: 0.0928 Acc: 0.9635
val loss:  0.00048673410713672636
Accuracy of the network on the val images: 96.2000 %
patience 1
Epoch:  18
Loss: 0.0610 Acc: 0.9725
val loss:  0.000211161520332098
Accuracy of the network on the val images: 98.2000 %
Epoch:  19
Loss: 0.0426 Acc: 0.9835
val loss:  0.0003008460532873869
Accuracy of the network on the val images: 97.3000 %
patience 1
Epoch:  20
Loss: 0.0869 Acc: 0.9660
val loss:  0.0008680756241083146
Accuracy of the network on the val images: 92.6000 %
patience 2
Epoch:  21
Loss: 0.2053 Acc: 0.9190
val loss:  0.000196898328140378
Accuracy of the network on the val images: 98.5000 %
Epoch:  22
Loss: 0.0408 Acc: 0.9805
val loss:  0.00017423758469522
Accuracy of the network on the val images: 98.6000 %
Epoch:  23
Loss: 0.0363 Acc: 0.9840
val loss:  0.00017254404723644257
Accuracy of the network on the val images: 98.3000 %
Epoch:  24
Loss: 0.0344 Acc: 0.9855
val loss:  0.00017687700502574445
Accuracy of the network on the val images: 98.1000 %
patience 1
Epoch:  25
Loss: 0.0372 Acc: 0.9810
val loss:  0.00018750251829624176
Accuracy of the network on the val images: 98.3000 %
patience 2
Epoch:  26
Loss: 0.0414 Acc: 0.9790
val loss:  0.0002109820917248726
Accuracy of the network on the val images: 98.1000 %
patience 3
Epoch:  27
Loss: 0.0375 Acc: 0.9825
val loss:  0.0001866957787424326
Accuracy of the network on the val images: 98.5000 %
patience 4
Epoch:  28
Loss: 0.0445 Acc: 0.9785
val loss:  0.0002196739614009857
Accuracy of the network on the val images: 98.0000 %
patience 5
Epoch:  29
Loss: 0.0400 Acc: 0.9830
val loss:  0.0002915488053113222
Accuracy of the network on the val images: 97.5000 %
patience 6
Epoch:  30
Loss: 0.0329 Acc: 0.9865
val loss:  0.000268539316020906
Accuracy of the network on the val images: 97.9000 %
patience 7
Epoch:  31
Loss: 0.0376 Acc: 0.9830
val loss:  0.00018689684942364693
Accuracy of the network on the val images: 98.6000 %
patience 8
Epoch:  32
Loss: 0.0319 Acc: 0.9850
val loss:  0.00020171084254980086
Accuracy of the network on the val images: 98.2000 %
Training finished.
testing loss:  0.0005155960470438004
Accuracy of the network on the testset images: 95.3000 %
Testing with testset finished
Round  :   5
Net(
  (conv1): Conv2d(3, 32, kernel_size=(3, 3), stride=(1, 1), padding=(2, 2), bias=False, padding_mode=replicate)
  (conv2): Conv2d(32, 32, kernel_size=(3, 3), stride=(2, 2), padding=(2, 2), bias=False, padding_mode=replicate)
  (conv3): Conv2d(32, 64, kernel_size=(3, 3), stride=(2, 2), padding=(2, 2), bias=False, padding_mode=replicate)
  (conv4): Conv2d(64, 64, kernel_size=(3, 3), stride=(2, 2), padding=(2, 2), bias=False, padding_mode=replicate)
  (fc1): Linear(in_features=64, out_features=2, bias=True)
  (adap_max): AdaptiveMaxPool2d(output_size=1)
)
Model size: 255.883KB
Training is starting...
Epoch:   1
Loss: 0.6930 Acc: 0.5000
val loss:  0.0034611491560935974
Accuracy of the network on the val images: 50.8000 %
Epoch:   2
Loss: 0.6913 Acc: 0.6440
val loss:  0.003447441041469574
Accuracy of the network on the val images: 66.2000 %
Epoch:   3
Loss: 0.6850 Acc: 0.6320
val loss:  0.0033574039936065674
Accuracy of the network on the val images: 60.8000 %
Epoch:   4
Loss: 0.6464 Acc: 0.6415
val loss:  0.0030797268748283388
Accuracy of the network on the val images: 60.1000 %
Epoch:   5
Loss: 0.6527 Acc: 0.7075
val loss:  0.0024139767587184908
Accuracy of the network on the val images: 81.0000 %
Epoch:   6
Loss: 0.3895 Acc: 0.8595
val loss:  0.0014703962802886962
Accuracy of the network on the val images: 90.3000 %
Epoch:   7
Loss: 0.5154 Acc: 0.7505
val loss:  0.0014430979490280152
Accuracy of the network on the val images: 93.0000 %
Epoch:   8
Loss: 0.2569 Acc: 0.9175
val loss:  0.001030383363366127
Accuracy of the network on the val images: 93.1000 %
Epoch:   9
Loss: 0.3353 Acc: 0.8350
val loss:  0.001271694540977478
Accuracy of the network on the val images: 87.5000 %
patience 1
Epoch:  10
Loss: 0.2160 Acc: 0.8990
val loss:  0.0007986377030611038
Accuracy of the network on the val images: 95.0000 %
Epoch:  11
Loss: 0.2280 Acc: 0.8910
val loss:  0.0007117941677570343
Accuracy of the network on the val images: 96.3000 %
Epoch:  12
Loss: 0.1749 Acc: 0.9225
val loss:  0.0008534549921751022
Accuracy of the network on the val images: 93.2000 %
patience 1
Epoch:  13
Loss: 0.1687 Acc: 0.9240
val loss:  0.0004893601685762405
Accuracy of the network on the val images: 96.6000 %
Epoch:  14
Loss: 0.1096 Acc: 0.9550
val loss:  0.0006600443050265312
Accuracy of the network on the val images: 94.7000 %
patience 1
Epoch:  15
Loss: 0.1377 Acc: 0.9425
val loss:  0.00045459552854299547
Accuracy of the network on the val images: 96.8000 %
Epoch:  16
Loss: 0.0709 Acc: 0.9725
val loss:  0.00028292544558644297
Accuracy of the network on the val images: 97.7000 %
Epoch:  17
Loss: 0.0909 Acc: 0.9650
val loss:  0.0007574591338634491
Accuracy of the network on the val images: 95.1000 %
patience 1
Epoch:  18
Loss: 0.1283 Acc: 0.9505
val loss:  0.00027863696590065955
Accuracy of the network on the val images: 97.8000 %
Epoch:  19
Loss: 0.0560 Acc: 0.9735
val loss:  0.00026174625009298325
Accuracy of the network on the val images: 97.3000 %
Epoch:  20
Loss: 0.0592 Acc: 0.9770
val loss:  0.0002660225033760071
Accuracy of the network on the val images: 97.5000 %
patience 1
Epoch:  21
Loss: 0.0557 Acc: 0.9790
val loss:  0.00027431407570838927
Accuracy of the network on the val images: 97.5000 %
patience 2
Epoch:  22
Loss: 0.0581 Acc: 0.9770
val loss:  0.00038035861402750014
Accuracy of the network on the val images: 96.4000 %
patience 3
Epoch:  23
Loss: 0.0532 Acc: 0.9785
val loss:  0.0002612815033644438
Accuracy of the network on the val images: 97.2000 %
Epoch:  24
Loss: 0.0418 Acc: 0.9835
val loss:  0.00026107121258974077
Accuracy of the network on the val images: 98.0000 %
Epoch:  25
Loss: 0.1232 Acc: 0.9520
val loss:  0.0007829234004020691
Accuracy of the network on the val images: 95.5000 %
patience 1
Epoch:  26
Loss: 0.0689 Acc: 0.9745
val loss:  0.0001619326379150152
Accuracy of the network on the val images: 98.8000 %
Epoch:  27
Loss: 0.0360 Acc: 0.9865
val loss:  0.00017594552226364612
Accuracy of the network on the val images: 98.1000 %
patience 1
Epoch:  28
Loss: 0.0352 Acc: 0.9840
val loss:  0.00020460339449346066
Accuracy of the network on the val images: 98.0000 %
patience 2
Epoch:  29
Loss: 0.0342 Acc: 0.9850
val loss:  0.00024615761637687683
Accuracy of the network on the val images: 97.3000 %
patience 3
Epoch:  30
Loss: 0.0346 Acc: 0.9855
val loss:  0.0002920547462999821
Accuracy of the network on the val images: 96.8000 %
patience 4
Epoch:  31
Loss: 0.0345 Acc: 0.9860
val loss:  0.0003129763174802065
Accuracy of the network on the val images: 96.9000 %
patience 5
Epoch:  32
Loss: 0.0428 Acc: 0.9830
val loss:  0.00023749791830778122
Accuracy of the network on the val images: 98.0000 %
patience 6
Epoch:  33
Loss: 0.0961 Acc: 0.9625
val loss:  0.00038727935031056406
Accuracy of the network on the val images: 97.4000 %
patience 7
Epoch:  34
Loss: 0.0550 Acc: 0.9760
val loss:  0.00014078529924154283
Accuracy of the network on the val images: 98.7000 %
Epoch:  35
Loss: 0.0312 Acc: 0.9870
val loss:  0.00015328151546418667
Accuracy of the network on the val images: 98.5000 %
patience 1
Epoch:  36
Loss: 0.0308 Acc: 0.9865
val loss:  0.0001764359213411808
Accuracy of the network on the val images: 98.4000 %
patience 2
Epoch:  37
Loss: 0.0309 Acc: 0.9870
val loss:  0.0001730941627174616
Accuracy of the network on the val images: 98.4000 %
patience 3
Epoch:  38
Loss: 0.0284 Acc: 0.9870
val loss:  0.00018811311293393372
Accuracy of the network on the val images: 98.3000 %
patience 4
Epoch:  39
Loss: 0.0300 Acc: 0.9880
val loss:  0.00021651392243802548
Accuracy of the network on the val images: 97.9000 %
patience 5
Epoch:  40
Loss: 0.0295 Acc: 0.9885
val loss:  0.00021134548168629409
Accuracy of the network on the val images: 98.2000 %
patience 6
Epoch:  41
Loss: 0.0250 Acc: 0.9880
val loss:  0.00018059603869915008
Accuracy of the network on the val images: 98.4000 %
patience 7
Epoch:  42
Loss: 0.0466 Acc: 0.9795
val loss:  0.00014045063219964504
Accuracy of the network on the val images: 98.6000 %
Epoch:  43
Loss: 0.0398 Acc: 0.9830
val loss:  0.00016543786972761154
Accuracy of the network on the val images: 98.6000 %
patience 1
Epoch:  44
Loss: 0.0283 Acc: 0.9885
val loss:  0.0001639447519555688
Accuracy of the network on the val images: 98.4000 %
patience 2
Epoch:  45
Loss: 0.0273 Acc: 0.9880
val loss:  0.00018783139437437057
Accuracy of the network on the val images: 98.2000 %
patience 3
Epoch:  46
Loss: 0.0255 Acc: 0.9885
val loss:  0.00018850726541131736
Accuracy of the network on the val images: 98.2000 %
patience 4
Epoch:  47
Loss: 0.0255 Acc: 0.9900
val loss:  0.00021579887717962265
Accuracy of the network on the val images: 98.2000 %
patience 5
Epoch:  48
Loss: 0.0240 Acc: 0.9900
val loss:  0.00021746829617768525
Accuracy of the network on the val images: 98.5000 %
patience 6
Epoch:  49
Loss: 0.0240 Acc: 0.9905
val loss:  0.0002390775252133608
Accuracy of the network on the val images: 98.1000 %
patience 7
Epoch:  50
Loss: 0.0233 Acc: 0.9890
val loss:  0.00021013387013226747
Accuracy of the network on the val images: 98.5000 %
patience 8
Training finished.
testing loss:  0.0008945775330066681
Accuracy of the network on the testset images: 93.4000 %
Testing with testset finished
Round  :   6
Net(
  (conv1): Conv2d(3, 32, kernel_size=(3, 3), stride=(1, 1), padding=(2, 2), bias=False, padding_mode=replicate)
  (conv2): Conv2d(32, 32, kernel_size=(3, 3), stride=(2, 2), padding=(2, 2), bias=False, padding_mode=replicate)
  (conv3): Conv2d(32, 64, kernel_size=(3, 3), stride=(2, 2), padding=(2, 2), bias=False, padding_mode=replicate)
  (conv4): Conv2d(64, 64, kernel_size=(3, 3), stride=(2, 2), padding=(2, 2), bias=False, padding_mode=replicate)
  (fc1): Linear(in_features=64, out_features=2, bias=True)
  (adap_max): AdaptiveMaxPool2d(output_size=1)
)
Model size: 255.883KB
Training is starting...
Epoch:   1
Loss: 0.6942 Acc: 0.5000
val loss:  0.003464917540550232
Accuracy of the network on the val images: 50.0000 %
Epoch:   2
Loss: 0.6922 Acc: 0.5095
val loss:  0.003454284727573395
Accuracy of the network on the val images: 56.0000 %
Epoch:   3
Loss: 0.6889 Acc: 0.5950
val loss:  0.003419352054595947
Accuracy of the network on the val images: 53.0000 %
Epoch:   4
Loss: 0.6730 Acc: 0.5625
val loss:  0.0031895777583122254
Accuracy of the network on the val images: 73.7000 %
Epoch:   5
Loss: 0.6003 Acc: 0.6940
val loss:  0.0023643054962158203
Accuracy of the network on the val images: 78.2000 %
Epoch:   6
Loss: 0.5126 Acc: 0.7370
val loss:  0.0024878058433532714
Accuracy of the network on the val images: 75.0000 %
patience 1
Epoch:   7
Loss: 0.5984 Acc: 0.7150
val loss:  0.0017304847836494446
Accuracy of the network on the val images: 85.1000 %
Epoch:   8
Loss: 0.3551 Acc: 0.8425
val loss:  0.0024921638667583465
Accuracy of the network on the val images: 76.4000 %
patience 1
Epoch:   9
Loss: 0.3202 Acc: 0.8605
val loss:  0.0019032144546508789
Accuracy of the network on the val images: 82.4000 %
patience 2
Epoch:  10
Loss: 0.4627 Acc: 0.7795
val loss:  0.0010005493462085723
Accuracy of the network on the val images: 92.5000 %
Epoch:  11
Loss: 0.1960 Acc: 0.9155
val loss:  0.0008009065836668014
Accuracy of the network on the val images: 94.3000 %
Epoch:  12
Loss: 0.2025 Acc: 0.8995
val loss:  0.0008054417669773102
Accuracy of the network on the val images: 94.9000 %
patience 1
Epoch:  13
Loss: 0.1710 Acc: 0.9195
val loss:  0.0006884432286024093
Accuracy of the network on the val images: 95.2000 %
Epoch:  14
Loss: 0.1451 Acc: 0.9315
val loss:  0.0005901253223419189
Accuracy of the network on the val images: 96.1000 %
Epoch:  15
Loss: 0.1155 Acc: 0.9490
val loss:  0.0005012998059391975
Accuracy of the network on the val images: 96.9000 %
Epoch:  16
Loss: 0.0993 Acc: 0.9610
val loss:  0.00035779980942606926
Accuracy of the network on the val images: 97.6000 %
Epoch:  17
Loss: 0.0639 Acc: 0.9745
val loss:  0.00026263777539134025
Accuracy of the network on the val images: 98.0000 %
Epoch:  18
Loss: 0.0882 Acc: 0.9645
val loss:  0.00046604688465595246
Accuracy of the network on the val images: 96.5000 %
patience 1
Epoch:  19
Loss: 0.0587 Acc: 0.9755
val loss:  0.00024021068774163722
Accuracy of the network on the val images: 98.0000 %
Epoch:  20
Loss: 0.0564 Acc: 0.9780
val loss:  0.0002723422292619944
Accuracy of the network on the val images: 97.8000 %
patience 1
Epoch:  21
Loss: 0.0513 Acc: 0.9795
val loss:  0.00044514192640781404
Accuracy of the network on the val images: 95.9000 %
patience 2
Epoch:  22
Loss: 0.0398 Acc: 0.9885
val loss:  0.0002834671437740326
Accuracy of the network on the val images: 97.3000 %
patience 3
Epoch:  23
Loss: 0.0334 Acc: 0.9885
val loss:  0.00023156819492578507
Accuracy of the network on the val images: 98.1000 %
Epoch:  24
Loss: 0.1239 Acc: 0.9530
val loss:  0.00016193500254303218
Accuracy of the network on the val images: 98.6000 %
Epoch:  25
Loss: 0.0324 Acc: 0.9860
val loss:  0.0001633676467463374
Accuracy of the network on the val images: 98.4000 %
patience 1
Epoch:  26
Loss: 0.0307 Acc: 0.9870
val loss:  0.00018342139944434166
Accuracy of the network on the val images: 98.5000 %
patience 2
Epoch:  27
Loss: 0.0314 Acc: 0.9870
val loss:  0.0002445119991898537
Accuracy of the network on the val images: 97.9000 %
patience 3
Epoch:  28
Loss: 0.0341 Acc: 0.9860
val loss:  0.00030094153992831705
Accuracy of the network on the val images: 97.4000 %
patience 4
Epoch:  29
Loss: 0.0396 Acc: 0.9840
val loss:  0.00031333304196596147
Accuracy of the network on the val images: 97.5000 %
patience 5
Epoch:  30
Loss: 0.0343 Acc: 0.9870
val loss:  0.0002273495439440012
Accuracy of the network on the val images: 98.1000 %
patience 6
Epoch:  31
Loss: 0.0319 Acc: 0.9860
val loss:  0.00014939355105161666
Accuracy of the network on the val images: 98.8000 %
Epoch:  32
Loss: 0.0354 Acc: 0.9840
val loss:  0.00013943552784621716
Accuracy of the network on the val images: 98.6000 %
Epoch:  33
Loss: 0.0291 Acc: 0.9860
val loss:  0.00019612243492156268
Accuracy of the network on the val images: 98.4000 %
patience 1
Epoch:  34
Loss: 0.0573 Acc: 0.9770
val loss:  0.0003082619272172451
Accuracy of the network on the val images: 97.8000 %
patience 2
Epoch:  35
Loss: 0.0325 Acc: 0.9875
val loss:  0.00012973510380834342
Accuracy of the network on the val images: 98.5000 %
Epoch:  36
Loss: 0.0235 Acc: 0.9885
val loss:  0.00011818048637360335
Accuracy of the network on the val images: 98.8000 %
Epoch:  37
Loss: 0.0229 Acc: 0.9910
val loss:  0.00013873324263840914
Accuracy of the network on the val images: 98.7000 %
patience 1
Epoch:  38
Loss: 0.0221 Acc: 0.9920
val loss:  0.0001901513012126088
Accuracy of the network on the val images: 98.4000 %
patience 2
Epoch:  39
Loss: 0.0419 Acc: 0.9825
val loss:  0.00026618998683989047
Accuracy of the network on the val images: 98.0000 %
patience 3
Epoch:  40
Loss: 0.0262 Acc: 0.9900
val loss:  0.0001197123108431697
Accuracy of the network on the val images: 98.8000 %
patience 4
Epoch:  41
Loss: 0.0225 Acc: 0.9895
val loss:  0.0001210858728736639
Accuracy of the network on the val images: 98.7000 %
patience 5
Epoch:  42
Loss: 0.0224 Acc: 0.9900
val loss:  0.0001288191406056285
Accuracy of the network on the val images: 98.7000 %
patience 6
Epoch:  43
Loss: 0.0186 Acc: 0.9905
val loss:  0.00012210205383598804
Accuracy of the network on the val images: 98.9000 %
patience 7
Epoch:  44
Loss: 0.0205 Acc: 0.9895
val loss:  0.00011589351762086153
Accuracy of the network on the val images: 98.7000 %
Epoch:  45
Loss: 0.0230 Acc: 0.9905
val loss:  0.0002512241182848811
Accuracy of the network on the val images: 98.1000 %
patience 1
Epoch:  46
Loss: 0.0496 Acc: 0.9800
val loss:  0.00023903950303792953
Accuracy of the network on the val images: 98.0000 %
patience 2
Epoch:  47
Loss: 0.0260 Acc: 0.9885
val loss:  9.874521847814321e-05
Accuracy of the network on the val images: 99.1000 %
Epoch:  48
Loss: 0.0195 Acc: 0.9905
val loss:  0.00010043910518288613
Accuracy of the network on the val images: 99.0000 %
patience 1
Epoch:  49
Loss: 0.0251 Acc: 0.9885
val loss:  0.0001141894063912332
Accuracy of the network on the val images: 98.8000 %
patience 2
Epoch:  50
Loss: 0.0190 Acc: 0.9910
val loss:  9.50942886993289e-05
Accuracy of the network on the val images: 98.9000 %
Training finished.
testing loss:  0.0018675671070814133
Accuracy of the network on the testset images: 90.7000 %
Testing with testset finished
Round  :   7
Net(
  (conv1): Conv2d(3, 32, kernel_size=(3, 3), stride=(1, 1), padding=(2, 2), bias=False, padding_mode=replicate)
  (conv2): Conv2d(32, 32, kernel_size=(3, 3), stride=(2, 2), padding=(2, 2), bias=False, padding_mode=replicate)
  (conv3): Conv2d(32, 64, kernel_size=(3, 3), stride=(2, 2), padding=(2, 2), bias=False, padding_mode=replicate)
  (conv4): Conv2d(64, 64, kernel_size=(3, 3), stride=(2, 2), padding=(2, 2), bias=False, padding_mode=replicate)
  (fc1): Linear(in_features=64, out_features=2, bias=True)
  (adap_max): AdaptiveMaxPool2d(output_size=1)
)
Model size: 255.883KB
Training is starting...
Epoch:   1
Loss: 0.6930 Acc: 0.5040
val loss:  0.003457916557788849
Accuracy of the network on the val images: 52.5000 %
Epoch:   2
Loss: 0.6900 Acc: 0.5790
val loss:  0.0034343618154525756
Accuracy of the network on the val images: 57.7000 %
Epoch:   3
Loss: 0.6783 Acc: 0.5740
val loss:  0.0032672876715660096
Accuracy of the network on the val images: 69.8000 %
Epoch:   4
Loss: 0.6645 Acc: 0.6810
val loss:  0.0024697005748748778
Accuracy of the network on the val images: 82.2000 %
Epoch:   5
Loss: 0.4990 Acc: 0.7470
val loss:  0.0019366859197616577
Accuracy of the network on the val images: 83.7000 %
Epoch:   6
Loss: 0.4623 Acc: 0.7660
val loss:  0.001660015106201172
Accuracy of the network on the val images: 86.3000 %
Epoch:   7
Loss: 0.4219 Acc: 0.7950
val loss:  0.0015451179146766662
Accuracy of the network on the val images: 85.2000 %
Epoch:   8
Loss: 0.3374 Acc: 0.8400
val loss:  0.0014323671013116836
Accuracy of the network on the val images: 84.5000 %
Epoch:   9
Loss: 0.2842 Acc: 0.8680
val loss:  0.0010122712105512619
Accuracy of the network on the val images: 90.2000 %
Epoch:  10
Loss: 0.3811 Acc: 0.8350
val loss:  0.0010574265271425247
Accuracy of the network on the val images: 89.6000 %
patience 1
Epoch:  11
Loss: 0.1815 Acc: 0.9220
val loss:  0.0008516859710216522
Accuracy of the network on the val images: 94.3000 %
Epoch:  12
Loss: 0.2263 Acc: 0.8940
val loss:  0.0014418988823890685
Accuracy of the network on the val images: 88.1000 %
patience 1
Epoch:  13
Loss: 0.1666 Acc: 0.9305
val loss:  0.0005944733396172524
Accuracy of the network on the val images: 95.7000 %
Epoch:  14
Loss: 0.1683 Acc: 0.9270
val loss:  0.0009100620597600937
Accuracy of the network on the val images: 93.3000 %
patience 1
Epoch:  15
Loss: 0.0952 Acc: 0.9655
val loss:  0.0003554334044456482
Accuracy of the network on the val images: 97.2000 %
Epoch:  16
Loss: 0.1153 Acc: 0.9530
val loss:  0.0008808345347642899
Accuracy of the network on the val images: 91.9000 %
patience 1
Epoch:  17
Loss: 0.0806 Acc: 0.9670
val loss:  0.00026150505617260935
Accuracy of the network on the val images: 98.1000 %
Epoch:  18
Loss: 0.0576 Acc: 0.9790
val loss:  0.00047268521040678025
Accuracy of the network on the val images: 96.1000 %
patience 1
Epoch:  19
Loss: 0.0818 Acc: 0.9655
val loss:  0.00043204022198915483
Accuracy of the network on the val images: 96.3000 %
patience 2
Epoch:  20
Loss: 0.0522 Acc: 0.9775
val loss:  0.0002680010534822941
Accuracy of the network on the val images: 97.5000 %
patience 3
Epoch:  21
Loss: 0.0837 Acc: 0.9675
val loss:  0.0002623370960354805
Accuracy of the network on the val images: 97.6000 %
patience 4
Epoch:  22
Loss: 0.0451 Acc: 0.9775
val loss:  0.00019966685771942138
Accuracy of the network on the val images: 98.2000 %
Epoch:  23
Loss: 0.0590 Acc: 0.9755
val loss:  0.0002527502812445164
Accuracy of the network on the val images: 97.6000 %
patience 1
Epoch:  24
Loss: 0.0424 Acc: 0.9800
val loss:  0.00018635717034339906
Accuracy of the network on the val images: 98.1000 %
Epoch:  25
Loss: 0.0534 Acc: 0.9780
val loss:  0.00024469942972064017
Accuracy of the network on the val images: 97.5000 %
patience 1
Epoch:  26
Loss: 0.0414 Acc: 0.9805
val loss:  0.0001789531409740448
Accuracy of the network on the val images: 98.4000 %
Epoch:  27
Loss: 0.0522 Acc: 0.9775
val loss:  0.0002508258409798145
Accuracy of the network on the val images: 97.7000 %
patience 1
Epoch:  28
Loss: 0.0440 Acc: 0.9805
val loss:  0.00024239312112331392
Accuracy of the network on the val images: 97.8000 %
patience 2
Epoch:  29
Loss: 0.0401 Acc: 0.9830
val loss:  0.0002276847865432501
Accuracy of the network on the val images: 98.2000 %
patience 3
Epoch:  30
Loss: 0.0924 Acc: 0.9660
val loss:  0.0010809328556060792
Accuracy of the network on the val images: 92.3000 %
patience 4
Epoch:  31
Loss: 0.0904 Acc: 0.9615
val loss:  0.00016103075444698334
Accuracy of the network on the val images: 98.6000 %
Epoch:  32
Loss: 0.0350 Acc: 0.9860
val loss:  0.00016422753036022186
Accuracy of the network on the val images: 98.4000 %
patience 1
Epoch:  33
Loss: 0.0327 Acc: 0.9865
val loss:  0.00018954707495868206
Accuracy of the network on the val images: 98.1000 %
patience 2
Epoch:  34
Loss: 0.0324 Acc: 0.9860
val loss:  0.00022258796356618404
Accuracy of the network on the val images: 97.9000 %
patience 3
Epoch:  35
Loss: 0.0296 Acc: 0.9875
val loss:  0.00015445653442293405
Accuracy of the network on the val images: 98.4000 %
Epoch:  36
Loss: 0.0465 Acc: 0.9820
val loss:  0.00017031891830265522
Accuracy of the network on the val images: 98.6000 %
patience 1
Epoch:  37
Loss: 0.0389 Acc: 0.9850
val loss:  0.00023919638432562352
Accuracy of the network on the val images: 97.7000 %
patience 2
Epoch:  38
Loss: 0.0299 Acc: 0.9865
val loss:  0.0002754357997328043
Accuracy of the network on the val images: 98.0000 %
patience 3
Epoch:  39
Loss: 0.0273 Acc: 0.9890
val loss:  0.0002528353864327073
Accuracy of the network on the val images: 98.1000 %
patience 4
Epoch:  40
Loss: 0.0349 Acc: 0.9875
val loss:  0.00034433994814753535
Accuracy of the network on the val images: 97.5000 %
patience 5
Epoch:  41
Loss: 0.0382 Acc: 0.9825
val loss:  0.00026448287814855574
Accuracy of the network on the val images: 98.2000 %
patience 6
Epoch:  42
Loss: 0.0495 Acc: 0.9820
val loss:  0.00015253373328596352
Accuracy of the network on the val images: 98.8000 %
Epoch:  43
Loss: 0.0239 Acc: 0.9895
val loss:  0.0001758542712777853
Accuracy of the network on the val images: 98.4000 %
patience 1
Epoch:  44
Loss: 0.0260 Acc: 0.9870
val loss:  0.00015693549159914255
Accuracy of the network on the val images: 98.5000 %
patience 2
Epoch:  45
Loss: 0.0289 Acc: 0.9865
val loss:  0.00015181377995759248
Accuracy of the network on the val images: 98.5000 %
Epoch:  46
Loss: 0.0261 Acc: 0.9880
val loss:  0.00015833708737045526
Accuracy of the network on the val images: 98.5000 %
patience 1
Epoch:  47
Loss: 0.0227 Acc: 0.9870
val loss:  0.00031183573976159096
Accuracy of the network on the val images: 98.0000 %
patience 2
Epoch:  48
Loss: 0.0647 Acc: 0.9790
val loss:  0.00014717833139002323
Accuracy of the network on the val images: 98.9000 %
Epoch:  49
Loss: 0.0238 Acc: 0.9910
val loss:  0.00015282458532601595
Accuracy of the network on the val images: 98.5000 %
patience 1
Epoch:  50
Loss: 0.0238 Acc: 0.9880
val loss:  0.00016941124200820922
Accuracy of the network on the val images: 98.5000 %
patience 2
Training finished.
testing loss:  0.0006336066946387291
Accuracy of the network on the testset images: 96.2000 %
Testing with testset finished
Round  :   8
Net(
  (conv1): Conv2d(3, 32, kernel_size=(3, 3), stride=(1, 1), padding=(2, 2), bias=False, padding_mode=replicate)
  (conv2): Conv2d(32, 32, kernel_size=(3, 3), stride=(2, 2), padding=(2, 2), bias=False, padding_mode=replicate)
  (conv3): Conv2d(32, 64, kernel_size=(3, 3), stride=(2, 2), padding=(2, 2), bias=False, padding_mode=replicate)
  (conv4): Conv2d(64, 64, kernel_size=(3, 3), stride=(2, 2), padding=(2, 2), bias=False, padding_mode=replicate)
  (fc1): Linear(in_features=64, out_features=2, bias=True)
  (adap_max): AdaptiveMaxPool2d(output_size=1)
)
Model size: 255.883KB
Training is starting...
Epoch:   1
Loss: 0.6933 Acc: 0.5000
val loss:  0.003465372800827026
Accuracy of the network on the val images: 50.0000 %
Epoch:   2
Loss: 0.6929 Acc: 0.5235
val loss:  0.0034640454053878784
Accuracy of the network on the val images: 59.3000 %
Epoch:   3
Loss: 0.6926 Acc: 0.6045
val loss:  0.0034623746275901793
Accuracy of the network on the val images: 62.2000 %
Epoch:   4
Loss: 0.6922 Acc: 0.6320
val loss:  0.003459504544734955
Accuracy of the network on the val images: 61.8000 %
Epoch:   5
Loss: 0.6914 Acc: 0.6420
val loss:  0.003453156054019928
Accuracy of the network on the val images: 65.2000 %
Epoch:   6
Loss: 0.6890 Acc: 0.6625
val loss:  0.0034294714331626892
Accuracy of the network on the val images: 66.9000 %
Epoch:   7
Loss: 0.6739 Acc: 0.7080
val loss:  0.00317586350440979
Accuracy of the network on the val images: 75.2000 %
Epoch:   8
Loss: 0.6334 Acc: 0.7010
val loss:  0.0023775918483734133
Accuracy of the network on the val images: 79.9000 %
Epoch:   9
Loss: 0.5202 Acc: 0.7245
val loss:  0.002196847140789032
Accuracy of the network on the val images: 76.7000 %
Epoch:  10
Loss: 0.4504 Acc: 0.7800
val loss:  0.002838976740837097
Accuracy of the network on the val images: 69.5000 %
patience 1
Epoch:  11
Loss: 0.3783 Acc: 0.8350
val loss:  0.0012397452294826508
Accuracy of the network on the val images: 91.5000 %
Epoch:  12
Loss: 0.4365 Acc: 0.7820
val loss:  0.002663482129573822
Accuracy of the network on the val images: 72.8000 %
patience 1
Epoch:  13
Loss: 0.2644 Acc: 0.9010
val loss:  0.0008531713038682938
Accuracy of the network on the val images: 94.8000 %
Epoch:  14
Loss: 0.2180 Acc: 0.9085
val loss:  0.0009808243215084075
Accuracy of the network on the val images: 90.7000 %
patience 1
Epoch:  15
Loss: 0.1958 Acc: 0.9120
val loss:  0.0006338906586170197
Accuracy of the network on the val images: 95.2000 %
Epoch:  16
Loss: 0.1340 Acc: 0.9455
val loss:  0.0005591985434293746
Accuracy of the network on the val images: 95.3000 %
Epoch:  17
Loss: 0.1308 Acc: 0.9450
val loss:  0.0005318198651075363
Accuracy of the network on the val images: 95.6000 %
Epoch:  18
Loss: 0.0866 Acc: 0.9660
val loss:  0.0003475657105445862
Accuracy of the network on the val images: 97.3000 %
Epoch:  19
Loss: 0.0922 Acc: 0.9625
val loss:  0.0006575634926557541
Accuracy of the network on the val images: 94.2000 %
patience 1
Epoch:  20
Loss: 0.4455 Acc: 0.8250
val loss:  0.0006066804677248001
Accuracy of the network on the val images: 96.5000 %
patience 2
Epoch:  21
Loss: 0.0778 Acc: 0.9770
val loss:  0.00026764895394444465
Accuracy of the network on the val images: 98.6000 %
Epoch:  22
Loss: 0.0536 Acc: 0.9825
val loss:  0.0002261585108935833
Accuracy of the network on the val images: 99.0000 %
Epoch:  23
Loss: 0.0464 Acc: 0.9830
val loss:  0.00020355953089892865
Accuracy of the network on the val images: 98.6000 %
Epoch:  24
Loss: 0.0418 Acc: 0.9855
val loss:  0.00020121286250650882
Accuracy of the network on the val images: 98.2000 %
Epoch:  25
Loss: 0.0396 Acc: 0.9845
val loss:  0.0002528288718312979
Accuracy of the network on the val images: 97.9000 %
patience 1
Epoch:  26
Loss: 0.0462 Acc: 0.9825
val loss:  0.00025350185111165045
Accuracy of the network on the val images: 97.8000 %
patience 2
Epoch:  27
Loss: 0.0396 Acc: 0.9840
val loss:  0.00028863876685500145
Accuracy of the network on the val images: 97.4000 %
patience 3
Epoch:  28
Loss: 0.0469 Acc: 0.9815
val loss:  0.0002675659824162722
Accuracy of the network on the val images: 97.7000 %
patience 4
Epoch:  29
Loss: 0.0341 Acc: 0.9875
val loss:  0.00024648793414235113
Accuracy of the network on the val images: 97.9000 %
patience 5
Epoch:  30
Loss: 0.0413 Acc: 0.9880
val loss:  0.00028723571449518204
Accuracy of the network on the val images: 97.6000 %
patience 6
Epoch:  31
Loss: 0.0304 Acc: 0.9890
val loss:  0.00015415028855204582
Accuracy of the network on the val images: 98.6000 %
Epoch:  32
Loss: 0.0668 Acc: 0.9745
val loss:  0.00012774915434420107
Accuracy of the network on the val images: 98.9000 %
Epoch:  33
Loss: 0.0283 Acc: 0.9860
val loss:  0.00018807310238480568
Accuracy of the network on the val images: 98.4000 %
patience 1
Epoch:  34
Loss: 0.0262 Acc: 0.9890
val loss:  0.00023773170821368695
Accuracy of the network on the val images: 98.3000 %
patience 2
Epoch:  35
Loss: 0.0311 Acc: 0.9865
val loss:  0.0002848322261124849
Accuracy of the network on the val images: 97.4000 %
patience 3
Epoch:  36
Loss: 0.0338 Acc: 0.9890
val loss:  0.00022849301621317864
Accuracy of the network on the val images: 98.0000 %
patience 4
Epoch:  37
Loss: 0.0293 Acc: 0.9880
val loss:  0.00024388525262475014
Accuracy of the network on the val images: 97.7000 %
patience 5
Epoch:  38
Loss: 0.0385 Acc: 0.9825
val loss:  0.00016038096509873867
Accuracy of the network on the val images: 98.6000 %
patience 6
Epoch:  39
Loss: 0.0295 Acc: 0.9835
val loss:  0.000263655592687428
Accuracy of the network on the val images: 98.1000 %
patience 7
Epoch:  40
Loss: 0.0460 Acc: 0.9835
val loss:  0.00019017494842410088
Accuracy of the network on the val images: 98.3000 %
patience 8
Epoch:  41
Loss: 0.0258 Acc: 0.9910
val loss:  0.0001783120147883892
Accuracy of the network on the val images: 98.6000 %
Training finished.
testing loss:  0.0005965571478009224
Accuracy of the network on the testset images: 94.9000 %
Testing with testset finished
Round  :   9
Net(
  (conv1): Conv2d(3, 32, kernel_size=(3, 3), stride=(1, 1), padding=(2, 2), bias=False, padding_mode=replicate)
  (conv2): Conv2d(32, 32, kernel_size=(3, 3), stride=(2, 2), padding=(2, 2), bias=False, padding_mode=replicate)
  (conv3): Conv2d(32, 64, kernel_size=(3, 3), stride=(2, 2), padding=(2, 2), bias=False, padding_mode=replicate)
  (conv4): Conv2d(64, 64, kernel_size=(3, 3), stride=(2, 2), padding=(2, 2), bias=False, padding_mode=replicate)
  (fc1): Linear(in_features=64, out_features=2, bias=True)
  (adap_max): AdaptiveMaxPool2d(output_size=1)
)
Model size: 255.883KB
Training is starting...
Epoch:   1
Loss: 0.6928 Acc: 0.5065
val loss:  0.003459887146949768
Accuracy of the network on the val images: 59.2000 %
Epoch:   2
Loss: 0.6913 Acc: 0.6760
val loss:  0.003447179853916168
Accuracy of the network on the val images: 77.2000 %
Epoch:   3
Loss: 0.6856 Acc: 0.7490
val loss:  0.003369390845298767
Accuracy of the network on the val images: 76.3000 %
Epoch:   4
Loss: 0.6401 Acc: 0.7325
val loss:  0.0036770743131637573
Accuracy of the network on the val images: 50.2000 %
patience 1
Epoch:   5
Loss: 0.5573 Acc: 0.7275
val loss:  0.0057936738729476925
Accuracy of the network on the val images: 50.0000 %
patience 2
Epoch:   6
Loss: 0.4751 Acc: 0.7965
val loss:  0.001550219625234604
Accuracy of the network on the val images: 87.7000 %
Epoch:   7
Loss: 0.4649 Acc: 0.7710
val loss:  0.0024315280318260193
Accuracy of the network on the val images: 73.6000 %
patience 1
Epoch:   8
Loss: 0.3059 Acc: 0.8765
val loss:  0.0011255512535572052
Accuracy of the network on the val images: 92.4000 %
Epoch:   9
Loss: 0.3567 Acc: 0.8270
val loss:  0.001218520313501358
Accuracy of the network on the val images: 90.9000 %
patience 1
Epoch:  10
Loss: 0.2329 Acc: 0.9025
val loss:  0.0010325112789869308
Accuracy of the network on the val images: 92.3000 %
Epoch:  11
Loss: 0.2850 Acc: 0.8630
val loss:  0.0010511091947555543
Accuracy of the network on the val images: 91.8000 %
patience 1
Epoch:  12
Loss: 0.1886 Acc: 0.9170
val loss:  0.0007189735770225525
Accuracy of the network on the val images: 95.7000 %
Epoch:  13
Loss: 0.1962 Acc: 0.9130
val loss:  0.0006246686205267906
Accuracy of the network on the val images: 96.8000 %
Epoch:  14
Loss: 0.1266 Acc: 0.9515
val loss:  0.0007342611253261566
Accuracy of the network on the val images: 94.6000 %
patience 1
Epoch:  15
Loss: 0.1557 Acc: 0.9350
val loss:  0.0005594492554664612
Accuracy of the network on the val images: 96.2000 %
Epoch:  16
Loss: 0.0820 Acc: 0.9675
val loss:  0.00033430889621376993
Accuracy of the network on the val images: 97.7000 %
Epoch:  17
Loss: 0.1485 Acc: 0.9365
val loss:  0.0008950600326061249
Accuracy of the network on the val images: 93.2000 %
patience 1
Epoch:  18
Loss: 0.0895 Acc: 0.9645
val loss:  0.00024215658009052275
Accuracy of the network on the val images: 98.8000 %
Epoch:  19
Loss: 0.0493 Acc: 0.9850
val loss:  0.0002465693671256304
Accuracy of the network on the val images: 97.5000 %
patience 1
Epoch:  20
Loss: 0.0529 Acc: 0.9825
val loss:  0.0003946606405079365
Accuracy of the network on the val images: 96.7000 %
patience 2
Epoch:  21
Loss: 0.0697 Acc: 0.9745
val loss:  0.00036571872606873515
Accuracy of the network on the val images: 96.6000 %
patience 3
Epoch:  22
Loss: 0.0465 Acc: 0.9820
val loss:  0.00029357494972646236
Accuracy of the network on the val images: 97.0000 %
patience 4
Epoch:  23
Loss: 0.0560 Acc: 0.9815
val loss:  0.0004890810139477253
Accuracy of the network on the val images: 95.9000 %
patience 5
Epoch:  24
Loss: 0.0555 Acc: 0.9800
val loss:  0.00030326877906918523
Accuracy of the network on the val images: 97.1000 %
patience 6
Epoch:  25
Loss: 0.0506 Acc: 0.9800
val loss:  0.0003584430925548077
Accuracy of the network on the val images: 97.4000 %
patience 7
Epoch:  26
Loss: 0.0867 Acc: 0.9645
val loss:  0.0002800967246294022
Accuracy of the network on the val images: 97.7000 %
patience 8
Epoch:  27
Loss: 0.0422 Acc: 0.9790
val loss:  0.00019566194154322148
Accuracy of the network on the val images: 98.1000 %
Epoch:  28
Loss: 0.0449 Acc: 0.9830
val loss:  0.000243252782151103
Accuracy of the network on the val images: 97.2000 %
patience 1
Epoch:  29
Loss: 0.0318 Acc: 0.9850
val loss:  0.00021780872251838445
Accuracy of the network on the val images: 97.9000 %
patience 2
Epoch:  30
Loss: 0.0522 Acc: 0.9760
val loss:  0.0002019510492682457
Accuracy of the network on the val images: 98.4000 %
patience 3
Epoch:  31
Loss: 0.0391 Acc: 0.9830
val loss:  0.0002327266875654459
Accuracy of the network on the val images: 97.3000 %
patience 4
Epoch:  32
Loss: 0.0590 Acc: 0.9790
val loss:  0.00045465610548853875
Accuracy of the network on the val images: 96.6000 %
patience 5
Epoch:  33
Loss: 0.0346 Acc: 0.9860
val loss:  0.00016210442315787077
Accuracy of the network on the val images: 98.3000 %
Epoch:  34
Loss: 0.0314 Acc: 0.9870
val loss:  0.0001475795228034258
Accuracy of the network on the val images: 98.5000 %
Epoch:  35
Loss: 0.0321 Acc: 0.9855
val loss:  0.00020596467331051826
Accuracy of the network on the val images: 98.3000 %
patience 1
Epoch:  36
Loss: 0.0478 Acc: 0.9800
val loss:  0.00038913960009813307
Accuracy of the network on the val images: 96.9000 %
patience 2
Epoch:  37
Loss: 0.0331 Acc: 0.9875
val loss:  0.00016383130196481944
Accuracy of the network on the val images: 98.4000 %
patience 3
Epoch:  38
Loss: 0.0258 Acc: 0.9880
val loss:  0.000132619502954185
Accuracy of the network on the val images: 98.7000 %
Epoch:  39
Loss: 0.0324 Acc: 0.9875
val loss:  0.00018048598431050778
Accuracy of the network on the val images: 98.5000 %
patience 1
Epoch:  40
Loss: 0.0383 Acc: 0.9840
val loss:  0.00019859977997839452
Accuracy of the network on the val images: 98.5000 %
patience 2
Epoch:  41
Loss: 0.0472 Acc: 0.9825
val loss:  0.0003730560168623924
Accuracy of the network on the val images: 97.0000 %
patience 3
Epoch:  42
Loss: 0.0296 Acc: 0.9875
val loss:  0.00013197268918156623
Accuracy of the network on the val images: 98.6000 %
Epoch:  43
Loss: 0.0256 Acc: 0.9885
val loss:  0.00013173997821286322
Accuracy of the network on the val images: 98.6000 %
Epoch:  44
Loss: 0.0275 Acc: 0.9880
val loss:  0.00017672868631780147
Accuracy of the network on the val images: 98.6000 %
patience 1
Epoch:  45
Loss: 0.0277 Acc: 0.9875
val loss:  0.00020736761204898357
Accuracy of the network on the val images: 98.1000 %
patience 2
Epoch:  46
Loss: 0.0426 Acc: 0.9825
val loss:  0.000331914009526372
Accuracy of the network on the val images: 97.3000 %
patience 3
Epoch:  47
Loss: 0.0262 Acc: 0.9895
val loss:  0.00011554973293095828
Accuracy of the network on the val images: 98.8000 %
Epoch:  48
Loss: 0.0239 Acc: 0.9890
val loss:  0.00012384529737755656
Accuracy of the network on the val images: 98.8000 %
patience 1
Epoch:  49
Loss: 0.0250 Acc: 0.9890
val loss:  0.00016637292923405767
Accuracy of the network on the val images: 98.7000 %
patience 2
Epoch:  50
Loss: 0.0286 Acc: 0.9870
val loss:  0.00019605520088225603
Accuracy of the network on the val images: 98.3000 %
patience 3
Training finished.
testing loss:  0.0011734294593334197
Accuracy of the network on the testset images: 92.6000 %
Testing with testset finished
Round  :  10
Net(
  (conv1): Conv2d(3, 32, kernel_size=(3, 3), stride=(1, 1), padding=(2, 2), bias=False, padding_mode=replicate)
  (conv2): Conv2d(32, 32, kernel_size=(3, 3), stride=(2, 2), padding=(2, 2), bias=False, padding_mode=replicate)
  (conv3): Conv2d(32, 64, kernel_size=(3, 3), stride=(2, 2), padding=(2, 2), bias=False, padding_mode=replicate)
  (conv4): Conv2d(64, 64, kernel_size=(3, 3), stride=(2, 2), padding=(2, 2), bias=False, padding_mode=replicate)
  (fc1): Linear(in_features=64, out_features=2, bias=True)
  (adap_max): AdaptiveMaxPool2d(output_size=1)
)
Model size: 255.883KB
Training is starting...
Epoch:   1
Loss: 0.6935 Acc: 0.5000
val loss:  0.0034637811779975893
Accuracy of the network on the val images: 50.0000 %
Epoch:   2
Loss: 0.6922 Acc: 0.5280
val loss:  0.003456783890724182
Accuracy of the network on the val images: 61.4000 %
Epoch:   3
Loss: 0.6898 Acc: 0.7035
val loss:  0.0034316236972808836
Accuracy of the network on the val images: 71.3000 %
Epoch:   4
Loss: 0.6713 Acc: 0.7270
val loss:  0.0030768396258354187
Accuracy of the network on the val images: 75.2000 %
Epoch:   5
Loss: 0.6327 Acc: 0.6910
val loss:  0.002331158369779587
Accuracy of the network on the val images: 79.6000 %
Epoch:   6
Loss: 0.5433 Acc: 0.7335
val loss:  0.002109111309051514
Accuracy of the network on the val images: 79.3000 %
Epoch:   7
Loss: 0.3961 Acc: 0.8095
val loss:  0.0021251409351825713
Accuracy of the network on the val images: 77.3000 %
patience 1
Epoch:   8
Loss: 0.4372 Acc: 0.7790
val loss:  0.001567367672920227
Accuracy of the network on the val images: 84.4000 %
Epoch:   9
Loss: 0.4261 Acc: 0.7790
val loss:  0.0016398692429065705
Accuracy of the network on the val images: 83.4000 %
patience 1
Epoch:  10
Loss: 0.2504 Acc: 0.8940
val loss:  0.0009104531407356263
Accuracy of the network on the val images: 93.5000 %
Epoch:  11
Loss: 0.2891 Acc: 0.8700
val loss:  0.0015725802779197693
Accuracy of the network on the val images: 82.6000 %
patience 1
Epoch:  12
Loss: 0.1766 Acc: 0.9260
val loss:  0.0006194374114274979
Accuracy of the network on the val images: 95.7000 %
Epoch:  13
Loss: 0.2115 Acc: 0.9010
val loss:  0.0013496757447719575
Accuracy of the network on the val images: 84.9000 %
patience 1
Epoch:  14
Loss: 0.1479 Acc: 0.9405
val loss:  0.00040516074001789094
Accuracy of the network on the val images: 96.7000 %
Epoch:  15
Loss: 0.0751 Acc: 0.9730
val loss:  0.0003531224951148033
Accuracy of the network on the val images: 96.6000 %
Epoch:  16
Loss: 0.1029 Acc: 0.9590
val loss:  0.0005814623609185219
Accuracy of the network on the val images: 95.6000 %
patience 1
Epoch:  17
Loss: 0.0679 Acc: 0.9750
val loss:  0.00031776076927781104
Accuracy of the network on the val images: 96.5000 %
Epoch:  18
Loss: 0.0552 Acc: 0.9790
val loss:  0.0005371576547622681
Accuracy of the network on the val images: 96.0000 %
patience 1
Epoch:  19
Loss: 0.1374 Acc: 0.9430
val loss:  0.0010505063831806182
Accuracy of the network on the val images: 92.3000 %
patience 2
Epoch:  20
Loss: 0.1431 Acc: 0.9425
val loss:  0.00022064829245209693
Accuracy of the network on the val images: 98.7000 %
Epoch:  21
Loss: 0.0457 Acc: 0.9815
val loss:  0.0001973710246384144
Accuracy of the network on the val images: 98.7000 %
Epoch:  22
Loss: 0.0409 Acc: 0.9825
val loss:  0.00018428630195558071
Accuracy of the network on the val images: 98.6000 %
Epoch:  23
Loss: 0.0391 Acc: 0.9810
val loss:  0.0001975978221744299
Accuracy of the network on the val images: 98.5000 %
patience 1
Epoch:  24
Loss: 0.0547 Acc: 0.9745
val loss:  0.0002938448749482632
Accuracy of the network on the val images: 97.5000 %
patience 2
Epoch:  25
Loss: 0.0434 Acc: 0.9815
val loss:  0.00019922085665166378
Accuracy of the network on the val images: 98.2000 %
patience 3
Epoch:  26
Loss: 0.0541 Acc: 0.9775
val loss:  0.0003358240909874439
Accuracy of the network on the val images: 97.7000 %
patience 4
Epoch:  27
Loss: 0.0485 Acc: 0.9805
val loss:  0.0002063822001218796
Accuracy of the network on the val images: 98.0000 %
patience 5
Epoch:  28
Loss: 0.0351 Acc: 0.9835
val loss:  0.0005034102387726307
Accuracy of the network on the val images: 96.3000 %
patience 6
Epoch:  29
Loss: 0.1260 Acc: 0.9515
val loss:  0.0008827347010374069
Accuracy of the network on the val images: 94.2000 %
patience 7
Epoch:  30
Loss: 0.0486 Acc: 0.9810
val loss:  0.00016879121493548155
Accuracy of the network on the val images: 98.5000 %
Epoch:  31
Loss: 0.0296 Acc: 0.9865
val loss:  0.0001699313707649708
Accuracy of the network on the val images: 98.3000 %
patience 1
Epoch:  32
Loss: 0.0288 Acc: 0.9860
val loss:  0.00020651258714497088
Accuracy of the network on the val images: 97.9000 %
patience 2
Epoch:  33
Loss: 0.0281 Acc: 0.9855
val loss:  0.0002625835277140141
Accuracy of the network on the val images: 97.8000 %
patience 3
Epoch:  34
Loss: 0.0312 Acc: 0.9870
val loss:  0.0004464191049337387
Accuracy of the network on the val images: 96.5000 %
patience 4
Epoch:  35
Loss: 0.0427 Acc: 0.9840
val loss:  0.0003432829417288303
Accuracy of the network on the val images: 96.9000 %
patience 5
Epoch:  36
Loss: 0.0311 Acc: 0.9885
val loss:  0.00023513909801840783
Accuracy of the network on the val images: 98.1000 %
patience 6
Epoch:  37
Loss: 0.0361 Acc: 0.9830
val loss:  0.00016493860818445682
Accuracy of the network on the val images: 98.4000 %
Epoch:  38
Loss: 0.0275 Acc: 0.9860
val loss:  0.0001593918353319168
Accuracy of the network on the val images: 98.5000 %
Epoch:  39
Loss: 0.0412 Acc: 0.9835
val loss:  0.00024226914346218108
Accuracy of the network on the val images: 98.1000 %
patience 1
Epoch:  40
Loss: 0.0454 Acc: 0.9820
val loss:  0.00037535086646676063
Accuracy of the network on the val images: 96.9000 %
patience 2
Epoch:  41
Loss: 0.0366 Acc: 0.9860
val loss:  0.00024166328087449075
Accuracy of the network on the val images: 98.0000 %
patience 3
Epoch:  42
Loss: 0.0242 Acc: 0.9915
val loss:  0.0001847124043852091
Accuracy of the network on the val images: 98.4000 %
patience 4
Epoch:  43
Loss: 0.0238 Acc: 0.9880
val loss:  0.0003029067516326904
Accuracy of the network on the val images: 97.9000 %
patience 5
Epoch:  44
Loss: 0.0333 Acc: 0.9875
val loss:  0.00035746586695313456
Accuracy of the network on the val images: 96.8000 %
patience 6
Epoch:  45
Loss: 0.0307 Acc: 0.9895
val loss:  0.0002188904285430908
Accuracy of the network on the val images: 98.3000 %
patience 7
Epoch:  46
Loss: 0.0257 Acc: 0.9890
val loss:  0.00023184072133153677
Accuracy of the network on the val images: 98.2000 %
patience 8
Epoch:  47
Loss: 0.0218 Acc: 0.9895
val loss:  0.00019873748160898687
Accuracy of the network on the val images: 98.4000 %
Training finished.
testing loss:  0.0006261808276176453
Accuracy of the network on the testset images: 95.6000 %
Testing with testset finished
*******************************************
 Type of convolution :  replicate
 Type of network :  Net1
*******************************************
Results for validation dataset {0: 98.2, 1: 98.9, 2: 97.9, 3: 98.2, 4: 98.5, 5: 98.9, 6: 98.5, 7: 98.6, 8: 98.3, 9: 98.4}
mean: 98.4400 std: 0.2973 for validation
Results for test dataset {0: 95.6, 1: 92.0, 2: 89.9, 3: 95.3, 4: 93.4, 5: 90.7, 6: 96.2, 7: 94.9, 8: 92.6, 9: 95.6}
mean: 93.6200 std: 2.1222 for test

JOB STATISTICS
==============
Job ID: 8546831
Cluster: snellius
User/Group: scur2785/scur2785
State: COMPLETED (exit code 0)
Nodes: 1
Cores per node: 9
CPU Utilized: 00:32:40
CPU Efficiency: 92.28% of 00:35:24 core-walltime
Job Wall-clock time: 00:03:56
Memory Utilized: 680.08 MB
Memory Efficiency: 1.11% of 60.00 GB
