============================================================================================== 
Warning! Mixing Conda and module environments may lead to corruption of the
user environment. 
We do not recommend users mixing those two environments unless absolutely
necessary. Note that 
SURF does not provide any support for Conda environment.
For more information, please refer to our software policy page:
https://servicedesk.surf.nl/wiki/display/WIKI/Software+policy+Snellius#SoftwarepolicySnellius-UseofAnacondaandMinicondaenvironmentsonSnellius 

Remember that many packages have already been installed on the system and can
be loaded using 
the 'module load <package__name>' command. If you are uncertain if a package is
already available 
on the system, please use 'module avail' or 'module spider' to search for it.
============================================================================================== 
usage: conda [-h] [--no-plugins] [-V] COMMAND ...
conda: error: argument COMMAND: invalid choice: 'activate' (choose from 'clean', 'compare', 'config', 'create', 'info', 'init', 'install', 'list', 'notices', 'package', 'remove', 'uninstall', 'rename', 'run', 'search', 'update', 'upgrade', 'build', 'convert', 'debug', 'develop', 'doctor', 'index', 'inspect', 'metapackage', 'render', 'skeleton', 'content-trust', 'pack', 'repo', 'env', 'server', 'token', 'verify')
tensor([[[[ 0.9751, -0.1638, -1.1789, -1.0127, -0.7601, -0.2501,  0.5701,
            0.5460],
          [-1.2539,  0.2433,  0.2616, -0.4448,  0.4518,  0.3696,  0.2189,
           -0.5717],
          [ 0.6263, -0.2020, -0.1962, -0.6548,  0.2885,  0.7306, -0.1628,
            0.7933],
          [ 0.3180,  1.2054,  0.5491,  0.2632, -0.6497, -0.3730, -0.0684,
            0.6494],
          [ 0.8967,  0.1879,  0.4847, -0.1121, -0.0790, -0.5048,  0.5406,
           -0.4894]],

         [[-0.4347,  0.0453, -1.0973,  1.8852,  0.1960,  0.2144, -0.1691,
           -0.9461],
          [ 1.1445, -0.0628, -0.7550,  0.0850,  0.2332, -0.8783, -0.0530,
           -0.3952],
          [ 0.7779,  0.0024, -1.1548,  0.1140, -0.2403,  0.5080, -0.4651,
            0.3532],
          [ 0.5410,  0.6680, -0.7491,  0.2521, -0.6750,  0.3292,  0.5859,
           -0.2467],
          [ 0.1597, -0.5270,  0.3596,  0.6247, -0.0456,  0.8637, -0.1653,
            0.0219]],

         [[ 0.2044,  0.1258,  0.2601, -0.3414,  1.0536, -0.9903,  0.5184,
            0.1246],
          [-0.7692,  0.1310, -0.3062, -0.8874, -0.5179,  0.4153, -0.4635,
            0.0661],
          [ 0.1226, -0.3138, -0.8992,  0.2703,  0.8020,  0.1695, -0.3271,
            0.7012],
          [ 0.1527, -0.7343, -0.6566,  0.3985, -0.2165,  1.0180,  0.2113,
            0.7502],
          [-1.0357,  0.1055,  0.6554, -1.7759,  0.2123, -0.6549,  0.0054,
           -0.1003]],

         [[-0.0195,  0.9936,  0.1159,  0.1799,  0.2216,  0.4973,  0.9931,
           -0.1558],
          [-0.4544,  0.3541,  0.1067,  0.3855, -0.4540, -0.5199,  0.9088,
            0.6369],
          [ 0.0406,  0.0204, -0.5177, -0.5684,  0.1334, -0.2240,  0.1590,
           -0.0300],
          [ 0.1576, -0.2946,  0.9676,  0.7573,  0.5770, -0.7515,  0.3889,
            0.6762],
          [ 0.4649,  0.8756,  0.2768,  0.5975, -0.5479, -0.2061,  0.1099,
           -0.3237]],

         [[ 0.3140, -0.7694,  0.4369, -1.1583,  0.2774, -1.4036, -0.1956,
           -0.7453],
          [ 0.0894, -1.0453, -0.8782,  0.1906, -1.2920,  0.1490, -0.0872,
            0.4582],
          [ 1.1632, -0.5985, -0.6518, -0.9339, -0.8119, -0.0839, -0.1260,
            0.7219],
          [-0.2721, -0.2393, -0.3491, -1.0368,  0.2054, -0.5884,  0.2276,
            0.4910],
          [-1.2820,  0.0200, -0.1688, -0.5005,  0.5719, -0.0941,  0.7052,
           -0.2943]],

         [[-0.6170, -0.6285, -0.2011,  0.3740,  0.2531, -0.6244, -0.7317,
            0.4910],
          [-0.0271,  0.4941, -0.7689,  0.0181, -0.0643,  0.6737,  0.4856,
           -0.2443],
          [ 0.4110,  1.4368, -0.7942, -0.3400, -0.7533,  0.4911,  0.9367,
            0.3331],
          [ 1.0536, -0.0037,  0.6888,  0.0496, -0.7398, -0.2589,  0.7110,
           -1.0352],
          [-0.3647,  0.2260,  0.0756,  0.5234,  0.0481, -1.2930,  0.2884,
           -0.5622]],

         [[-0.0972,  0.1114, -0.2803, -0.6641,  0.2664, -0.2342, -0.2377,
           -0.3682],
          [ 0.4870, -0.0877,  0.1122, -0.8498,  0.0851, -0.9774,  0.3521,
           -0.2228],
          [-0.1098,  0.0428, -0.3444, -1.0708,  0.7171,  0.6674, -0.8820,
           -0.1225],
          [-0.6288, -1.3807, -0.9685,  0.1889, -0.5098, -0.5052,  0.6816,
           -1.4469],
          [ 0.6060, -0.3170, -0.1150,  0.9656,  0.4344, -0.8123, -0.2064,
           -0.0819]],

         [[-0.6914, -0.3642,  1.0460,  0.6307,  0.3122,  0.2180, -1.0950,
            0.0568],
          [ 0.0486, -0.9635, -0.3867, -0.7266, -1.7721, -0.0263,  0.4517,
           -0.4371],
          [-0.0998, -0.8313,  1.0800,  0.1697, -0.2740,  0.3426,  0.3294,
            0.7578],
          [ 0.4370,  0.0104, -0.0498, -0.3827, -0.2841,  0.2658,  0.2423,
            0.5015],
          [-0.8545, -1.1049, -0.1282, -0.3239,  0.9463, -0.0087,  0.1102,
           -0.1299]]],


        [[[-0.4687, -0.4100, -0.7011, -0.2140,  0.9343, -0.5020, -1.1955,
            1.6574],
          [-0.5117, -0.9539, -0.0874, -0.4953,  0.7130, -1.1539, -0.2096,
            0.1098],
          [-0.0273,  0.3517,  0.1559,  0.0055,  0.4139,  0.3648,  0.9446,
            0.2553],
          [ 0.5645,  0.2754,  0.8479,  0.6783, -0.2951,  0.8957,  1.0648,
            0.0787],
          [-1.4269, -0.1598,  0.2332,  0.1186,  0.3160, -0.8457,  0.0706,
            0.5416]],

         [[ 0.5701,  0.7559,  0.7491, -1.1065, -0.5722, -0.2099,  0.1686,
           -0.0816],
          [-0.7295,  0.4184, -0.3081,  1.2102, -0.2229,  0.4455, -0.5700,
            0.6622],
          [ 0.3596,  1.2237,  1.6333, -0.9606,  0.7548, -0.1182,  1.0510,
            0.3703],
          [-0.6517,  0.3529,  0.5964, -0.3482, -0.1179,  0.0092,  0.2492,
            0.6944],
          [-0.2208,  0.5099,  0.7268, -0.5535, -0.3507,  0.8041,  0.2799,
           -0.0030]],

         [[ 0.0170,  0.4261,  0.5092,  0.3913, -0.2814, -0.1009, -0.8227,
           -0.4890],
          [-0.2023,  0.2322,  0.0529, -0.3297, -0.7483, -0.2224, -0.3330,
           -0.6330],
          [ 0.8761,  0.1589, -0.4375,  0.6446,  0.3398,  0.1987, -0.1143,
            0.7445],
          [-0.2982,  0.2968,  0.6844, -0.1448, -0.2754,  0.7498,  0.2209,
           -0.5956],
          [ 0.4848, -0.1446, -0.0277,  0.4986,  0.0355, -0.4625,  0.0109,
            0.0947]],

         [[-0.0364, -0.5788,  1.1278,  0.2183,  0.3644, -1.0851,  0.3427,
           -0.8171],
          [-0.1504,  0.7199, -0.9580, -0.5410,  0.7888,  1.4719, -0.5586,
            0.0798],
          [ 0.1881, -0.1171, -1.0174,  0.4762,  0.5066, -0.4553, -0.8676,
            0.3203],
          [-0.8549, -0.2890,  0.6270, -0.2501, -0.3719, -0.0589, -0.1714,
           -0.2516],
          [ 0.6878,  0.2752,  0.7514,  0.0494,  0.1046, -0.2994, -0.0343,
            0.1080]],

         [[-0.5469,  1.3668, -1.0935, -0.2325, -0.4070, -0.3305, -0.6854,
           -0.0507],
          [-0.2701, -0.4227, -0.1778,  0.2763, -0.7570,  0.9974,  1.2479,
            0.0232],
          [ 0.1307, -0.6896,  0.6074, -0.0547,  0.1890,  0.8322,  0.4008,
           -0.3077],
          [ 0.5428, -0.0274, -0.0208,  1.4843,  0.3900, -0.2945, -0.8919,
            1.2057],
          [-0.7963,  0.0069, -0.2339,  0.3481,  0.8290, -0.4490, -0.6523,
            0.3367]],

         [[ 0.5249,  0.6290,  0.0126,  0.5875, -0.1546,  0.9642, -0.5874,
            0.6022],
          [-0.3192,  0.0781, -0.3391,  0.1204,  0.3617,  0.6529,  0.5201,
            0.0049],
          [-1.4437, -0.4562, -0.4413, -1.0660,  1.2237,  0.3162, -0.5927,
           -0.4422],
          [ 0.2610,  0.2248, -0.2721, -0.4549,  0.2277, -1.1298,  0.5249,
            0.4546],
          [ 0.1623, -0.3099,  1.2431,  0.4976, -0.1945,  0.9207,  0.3706,
           -0.9523]],

         [[-0.5220,  0.1423, -0.2034, -0.5510,  1.1307,  0.4512,  0.1726,
           -0.6834],
          [-0.2547, -0.7191,  0.4078, -0.0792,  0.0829,  0.0684,  0.3779,
            0.3345],
          [-0.7770,  0.7013,  0.4209,  0.4043, -0.5941,  0.8481, -0.6284,
           -0.5929],
          [ 0.6301, -0.1788, -0.5748, -0.1166,  0.0588,  0.3815, -0.8967,
            0.4062],
          [ 0.0513,  0.0250, -0.1698,  0.5092, -0.4187, -0.3742, -0.1532,
           -0.6291]],

         [[-0.1434,  0.6445,  0.0336, -0.2758, -0.6019,  0.1509, -0.5024,
           -1.3264],
          [-0.9285,  1.1182, -0.0638,  1.0391,  0.7452, -0.8457,  0.1695,
            0.9102],
          [-0.6835, -0.1816,  0.1420, -0.9906,  0.9312, -0.9341, -0.4632,
           -0.3043],
          [ 0.7570, -0.1937, -0.9184, -1.1060,  0.0791,  0.6927,  0.2563,
           -0.2850],
          [-0.8165,  0.6203,  0.4206, -0.5133, -0.3641, -0.0050,  0.0973,
           -0.8032]]]], grad_fn=<ViewBackward0>)
tensor([[[[-6.8474e-02,  2.1896e-01,  3.9302e-01,  5.2426e-02, -4.1990e-01,
           -5.4296e-01, -4.2435e-01, -5.0445e-01],
          [ 7.9623e-01,  1.1297e-01,  3.3908e-01,  8.8447e-01,  8.3038e-02,
            2.7680e-01, -8.5370e-01, -2.2946e-02],
          [ 5.2840e-01, -3.4820e-01,  7.3904e-01,  1.0956e-01,  8.7058e-01,
           -2.5753e-01, -1.3495e-01,  1.2277e-01],
          [-2.2135e-01,  4.6163e-01, -6.8312e-01,  1.1433e-01, -3.7092e-01,
            2.1319e-01, -7.5160e-01,  2.0926e-01],
          [-4.1676e-01, -9.1709e-01, -6.7509e-01, -6.9696e-01,  7.8229e-01,
           -4.1604e-01,  4.7220e-01,  9.0363e-01]],

         [[-9.3391e-02, -2.5073e-01,  2.6863e-01, -6.0217e-01,  3.1099e-01,
            9.2215e-01, -7.4243e-01, -8.0854e-01],
          [-1.7318e-01, -2.0440e-01,  2.2369e-01,  4.2631e-03, -2.2020e-01,
            5.3457e-01,  5.4795e-01,  8.6586e-01],
          [-2.5861e-01,  2.6789e-01,  3.2459e-01, -1.3008e+00, -1.1547e+00,
           -8.5937e-01, -2.8543e-01, -6.4319e-01],
          [ 4.4525e-01, -3.5945e-01, -7.1924e-01,  3.1309e-01,  2.0189e-01,
            2.5792e-01,  5.1094e-02, -8.4580e-01],
          [-9.8640e-01,  5.4030e-01, -5.7690e-01, -1.0057e+00,  4.1267e-01,
            2.0395e-01,  6.7768e-01,  5.8476e-01]],

         [[ 1.6099e+00,  1.2277e-02, -4.1082e-01, -6.8115e-01, -7.3248e-02,
           -3.1428e-01,  2.1589e-01,  2.9549e-01],
          [-1.2338e+00,  2.9977e-01, -3.1986e-02, -6.9730e-01, -2.0627e-01,
           -2.4567e-01, -1.1158e-02,  2.5489e-01],
          [ 9.9069e-01,  8.8463e-02, -1.7544e-01, -6.6737e-01, -3.2931e-01,
           -1.4195e+00,  4.9306e-01, -3.5047e-01],
          [ 4.9236e-01, -2.7291e-01,  8.1931e-01, -8.5517e-01, -5.1789e-03,
            3.9592e-01, -1.2614e-01, -5.3304e-01],
          [-9.4611e-01, -6.7480e-01,  4.0101e-02,  1.1034e+00, -5.5079e-01,
           -1.2807e-01,  2.3663e-01,  1.3766e-01]],

         [[-3.8194e-01,  3.1285e-01, -5.3465e-01, -4.4959e-01, -1.3527e+00,
            3.6387e-01, -2.7674e-01,  8.5372e-02],
          [-3.1790e-01, -1.0078e-01,  2.7943e-01,  4.1727e-01, -2.4486e-01,
            5.4403e-01,  1.4989e-01,  2.1250e-01],
          [-3.9030e-01, -5.3124e-02, -9.5763e-01,  1.1634e+00,  2.7528e-01,
            6.4169e-01, -2.3688e-01, -1.0246e+00],
          [ 6.5570e-01, -4.1064e-01,  4.5946e-01, -6.6301e-01,  2.6471e-01,
            2.2770e-01,  1.3681e+00, -5.9520e-01],
          [ 6.4239e-01,  1.0881e+00,  2.9697e-01,  8.5930e-01,  8.0439e-01,
           -1.3321e+00,  8.5102e-02, -1.0321e+00]],

         [[-1.0065e-01,  2.7918e-01,  1.0357e-01,  3.6927e-01,  9.3119e-01,
            5.8097e-02,  2.4411e-01, -6.3852e-01],
          [ 4.9589e-01, -7.9482e-02,  4.0726e-01, -2.0360e+00, -9.0026e-01,
            3.3489e-01, -8.2442e-02,  4.9903e-01],
          [ 4.4044e-01, -6.9365e-03,  9.5879e-01, -1.0242e-01, -9.7592e-01,
           -1.4657e+00, -1.2499e+00, -1.7451e-01],
          [-3.6249e-01, -9.6740e-01,  2.1890e-01,  2.3969e-01,  4.6562e-02,
            2.3546e-01,  3.6243e-01, -7.1731e-01],
          [ 6.0380e-01,  1.9799e-02,  2.9189e-01,  1.0406e+00,  9.0118e-02,
           -1.2447e-01, -1.3833e-01,  1.0113e+00]],

         [[-5.4200e-01,  1.1811e+00,  5.5774e-01,  6.6496e-01, -3.0695e-01,
           -5.7649e-01, -5.3668e-02,  2.2633e-02],
          [-5.4423e-01, -3.5504e-01, -3.8388e-01, -7.2874e-02,  7.4158e-01,
           -5.5633e-02,  3.8665e-01,  1.8969e-01],
          [-8.5799e-01,  6.8738e-01, -4.9223e-01,  6.3230e-01,  8.9582e-01,
           -1.6927e-01,  5.7995e-02,  6.1613e-01],
          [ 1.0924e+00,  5.1563e-01,  3.1823e-01, -7.5012e-01,  5.7628e-01,
            5.3923e-01,  1.0461e-01, -1.5115e-02],
          [ 1.9222e-01, -3.4319e-02,  1.5389e+00, -1.1505e+00,  8.9671e-01,
            1.2878e-01,  1.1438e-01,  6.8928e-01]],

         [[ 6.3925e-01,  1.5304e-03,  4.2435e-01, -9.1523e-01,  1.0860e-01,
           -1.1641e+00,  3.8008e-01,  2.5303e-01],
          [-6.2972e-01, -1.5065e-01,  7.3646e-01,  2.3921e-01,  1.0610e-01,
            1.9229e-01, -2.1062e-01,  4.0006e-02],
          [-1.5833e+00, -2.0895e-01,  2.2807e-01,  5.4097e-02, -4.2066e-01,
            9.0132e-03,  2.5557e-01,  1.6900e-01],
          [ 4.8293e-01, -1.0202e-02, -1.5098e+00, -1.5490e-01,  1.3702e-01,
           -2.4588e-01,  7.9896e-01, -7.8349e-01],
          [ 9.0335e-01, -9.1336e-01,  8.2897e-01, -2.2723e-01, -5.2450e-01,
            1.4986e+00, -8.7424e-01,  1.0917e+00]],

         [[ 7.0674e-01,  8.2274e-01, -5.4084e-01,  2.7860e-01,  5.6267e-01,
            2.9414e-01,  8.4908e-01, -2.7063e-01],
          [-1.2040e+00, -1.8207e-01,  2.0120e-04,  2.2793e-01, -3.6017e-01,
            1.0519e+00, -3.5150e-01,  1.3183e+00],
          [ 3.4025e-01, -2.6367e-01, -1.1391e-01,  4.1318e-01, -6.7615e-01,
            9.0920e-01,  5.4853e-02,  3.5533e-01],
          [ 1.1395e+00, -3.3320e-01, -2.5664e-01, -4.1889e-01, -4.1618e-02,
           -8.7951e-03,  7.4134e-01, -9.7182e-01],
          [-4.5217e-01, -7.4098e-01,  1.4125e-01, -6.0124e-01,  1.4430e+00,
            3.7723e-01, -6.5699e-01, -4.8249e-01]]]], grad_fn=<ViewBackward0>)
tensor([[[[ 0.2599, -0.4546,  0.3641,  ...,  0.0060, -0.4808, -0.2207],
          [-0.5832, -0.2063, -0.0831,  ...,  0.8736, -0.9633, -0.7578],
          [ 0.2683, -0.8363, -0.5120,  ..., -0.1660,  0.3894, -0.9946],
          ...,
          [ 0.7186, -0.1423,  0.2603,  ...,  0.4815,  0.5431,  0.0274],
          [-0.2412,  0.7096, -0.3476,  ...,  0.5338, -0.1595, -0.2393],
          [ 0.1916,  1.1272,  0.3114,  ...,  0.2260,  1.0893, -0.8208]],

         [[-0.7104,  0.5302,  0.5411,  ...,  0.3121,  1.1123,  0.1141],
          [ 0.4094, -1.1304, -0.7460,  ...,  0.8995,  0.9181, -0.0885],
          [ 0.1826, -0.4922, -0.2094,  ..., -0.3635,  0.0746,  0.5629],
          ...,
          [ 0.4529, -0.3158, -0.1667,  ...,  0.1376,  0.1840, -0.2801],
          [ 0.2674, -0.2586, -0.1709,  ...,  0.8180,  1.0237, -0.3199],
          [-0.6230, -0.3413,  0.3032,  ...,  0.3993,  0.3054,  0.1157]],

         [[-0.1445, -0.2082,  0.0226,  ...,  0.2537,  0.3533, -0.7608],
          [-0.1076,  0.1618, -0.3247,  ..., -0.7070, -0.1945, -1.3594],
          [-0.1304, -1.6727, -0.0305,  ...,  0.7951,  0.3274, -0.2693],
          ...,
          [ 0.0789, -0.4492, -0.9832,  ..., -0.1871, -0.5586, -0.4085],
          [ 0.3851,  0.6253,  0.4977,  ..., -0.5733, -0.5786, -0.1832],
          [ 0.0688, -1.7456, -1.0559,  ..., -0.3745, -0.6393,  1.1445]],

         ...,

         [[-0.7723, -0.6615,  0.1799,  ...,  0.9720, -0.7644, -1.0713],
          [-0.1353,  0.7429,  0.5633,  ..., -0.1421,  0.2805, -0.1964],
          [-0.0237,  0.9597, -0.5034,  ..., -0.1466,  0.0860,  0.4603],
          ...,
          [-0.8086,  0.2815, -0.2256,  ...,  0.1355,  0.5755,  0.5580],
          [ 0.1360,  0.4417,  0.2854,  ..., -0.3364,  0.2008, -0.2726],
          [ 0.0819, -0.5337, -0.4077,  ..., -1.8733, -0.0963,  0.0811]],

         [[ 0.5164, -0.1402,  0.4482,  ..., -0.5473, -0.8364, -0.2860],
          [-0.1483,  0.1521, -0.0278,  ...,  0.5661,  0.0893,  0.8079],
          [-0.8317, -0.4849,  0.4679,  ...,  0.4353,  0.3306, -0.0173],
          ...,
          [ 0.4445,  0.0519, -1.0151,  ...,  1.1249,  0.4332,  0.1709],
          [-0.1300, -0.8068,  0.4389,  ..., -0.7454, -0.1446, -0.6283],
          [-0.4021, -0.7993,  0.6283,  ..., -0.4376,  1.7282,  0.0511]],

         [[ 0.6061,  0.9492, -0.9720,  ..., -0.1803, -0.2377, -0.5994],
          [-0.2481,  0.1989, -0.1531,  ..., -0.1790,  0.2692,  0.4292],
          [ 0.2382,  0.1164,  0.8226,  ...,  0.1946,  0.6647, -0.2820],
          ...,
          [-0.3928, -0.4670, -0.2155,  ..., -0.3884, -0.5158, -0.2642],
          [-0.6251,  0.1937, -0.2919,  ..., -0.6467,  0.3001, -0.5768],
          [-0.1516,  0.0888,  0.0111,  ...,  0.6266, -0.0476, -0.4255]]],


        [[[ 0.5579,  0.2326,  0.8185,  ...,  1.1281, -1.3094,  1.3149],
          [-1.1199, -0.3934,  0.0198,  ..., -1.0129, -0.2504,  0.6985],
          [-0.1551, -0.2931, -0.8650,  ...,  0.0720,  0.0088, -0.0744],
          ...,
          [-0.5710,  0.4123, -0.2589,  ..., -0.0523,  0.6694, -0.2243],
          [ 0.1846,  0.1134,  0.0891,  ..., -0.0497, -0.9385, -0.2072],
          [-0.1102,  0.0426, -0.2124,  ...,  0.0558, -0.1941,  0.5197]],

         [[-0.7245,  0.4070, -1.1227,  ...,  0.5105, -1.5182, -0.6145],
          [ 0.6517,  0.2024,  0.0496,  ..., -0.2665, -0.4504, -0.2213],
          [ 0.3237, -0.2944, -0.2067,  ..., -0.7240,  0.4665, -0.4086],
          ...,
          [-0.8889, -0.8034, -0.5492,  ..., -0.4735,  0.4512, -0.4441],
          [ 0.4200, -0.6942,  0.0484,  ...,  0.3678, -0.1655, -0.5558],
          [-0.7150,  0.2730,  0.7268,  ..., -0.4871, -0.5314,  0.8922]],

         [[ 0.6166,  0.0397, -0.2121,  ..., -0.1071,  0.0611, -0.5816],
          [-0.3642, -0.5227, -0.9842,  ..., -0.5185,  0.0599,  1.1766],
          [-0.3111,  0.7770,  0.7136,  ..., -0.8373, -0.6661,  0.0328],
          ...,
          [ 0.6828,  0.6110, -0.3913,  ..., -0.0418,  0.3348,  0.1434],
          [ 0.0587,  0.0426, -0.1538,  ..., -0.5060, -0.1816, -0.3592],
          [ 0.8458, -0.6972, -0.7329,  ...,  0.0693, -0.5475,  0.1023]],

         ...,

         [[-0.4260, -0.2797,  0.7714,  ..., -0.0766, -0.0158, -0.5395],
          [ 1.0000, -0.9784, -0.3096,  ..., -0.3894, -0.0888, -0.5552],
          [-0.8120,  0.6462,  0.6624,  ...,  0.1371,  0.6765, -0.4925],
          ...,
          [ 0.4896, -0.9416, -0.4956,  ..., -1.0507, -0.3154, -0.5533],
          [-0.5177, -0.2405, -0.8251,  ...,  0.1276, -0.1469, -0.1116],
          [-0.9877, -0.1631,  0.2311,  ..., -0.2325,  0.5127,  0.7338]],

         [[-0.0591,  0.4234, -1.5921,  ...,  0.5520, -0.2838,  0.0443],
          [ 0.5451, -0.3182,  0.9030,  ...,  0.8261, -0.7080, -1.2028],
          [ 0.2737, -0.5243,  0.0985,  ..., -0.0479,  0.0749,  0.1997],
          ...,
          [ 0.4354, -0.5554, -0.6119,  ..., -0.9712,  0.2976, -0.3172],
          [ 0.4501, -0.7702,  0.0846,  ...,  0.2379,  0.3599, -1.5341],
          [ 0.1108,  0.4559, -0.4247,  ..., -0.1765, -0.2752,  0.0321]],

         [[-0.5696,  1.0288, -0.2743,  ...,  0.3129, -0.1994, -0.5219],
          [-0.5297, -0.2286,  1.4218,  ..., -0.0901, -0.0225, -0.6778],
          [ 0.2236, -0.8279, -1.1675,  ..., -0.7039, -0.3972, -0.0714],
          ...,
          [-0.0945, -0.1295, -0.8522,  ..., -0.1365, -0.0842, -0.1060],
          [ 0.0051,  0.3088,  0.3125,  ...,  0.4104, -0.1335,  0.4234],
          [ 0.2748,  0.1507,  0.9765,  ..., -0.3557, -0.2036, -0.2839]]]],
       grad_fn=<ViewBackward0>)
tensor([[[[ 6.9465e-01,  1.8713e+00,  2.1628e-01,  ...,  3.3377e-01,
           -7.6732e-02,  4.7434e-01],
          [ 5.9334e-01, -3.6081e-01,  1.0706e+00,  ...,  5.8536e-01,
            2.3762e-01,  1.2400e-01],
          [ 1.3121e-01,  1.4738e-01,  1.9727e-01,  ...,  6.0453e-01,
           -1.7833e+00, -5.3957e-01],
          ...,
          [-3.4920e-01,  2.0323e-01, -1.1064e+00,  ...,  7.0315e-02,
           -1.3840e-01,  2.4987e-01],
          [ 3.2374e-01,  1.3636e+00,  8.5381e-02,  ...,  5.2954e-01,
           -5.9572e-01, -8.9190e-01],
          [-3.0560e-01,  7.3355e-01,  4.3626e-02,  ..., -1.7658e-01,
           -3.3752e-01,  4.1357e-01]],

         [[-8.0789e-01,  3.8501e-01,  1.6306e-02,  ...,  2.6241e-01,
           -5.2595e-01,  1.3813e-01],
          [ 2.3234e-01,  1.2052e-01,  2.9855e-01,  ..., -5.2388e-01,
            2.0859e-02,  8.5518e-01],
          [-1.2783e-01, -5.2865e-01, -4.9467e-02,  ...,  1.9709e-01,
            1.0029e+00,  1.8684e+00],
          ...,
          [-5.8365e-01,  4.2139e-01, -7.5815e-01,  ..., -1.2296e+00,
            3.9021e-01, -7.2313e-01],
          [ 4.4870e-01, -6.9555e-01,  2.0934e-01,  ...,  4.4067e-01,
           -1.0132e+00,  1.9094e-01],
          [ 3.1400e-01,  1.1953e+00,  2.4936e-02,  ...,  2.9302e-01,
           -1.0614e+00,  8.2053e-01]],

         [[ 1.0079e+00,  8.8784e-01, -1.1071e-01,  ..., -2.4180e-01,
            1.2260e+00, -3.3493e-01],
          [ 6.5130e-01,  6.5031e-02, -1.1774e-01,  ..., -2.2418e-02,
           -8.2949e-01,  1.0457e-01],
          [-1.6286e+00, -9.8981e-01,  1.2183e+00,  ..., -3.8650e-01,
           -2.2197e-02, -8.8815e-01],
          ...,
          [-4.0787e-02,  5.6110e-01,  7.0460e-01,  ...,  5.0703e-01,
            3.2562e-01,  1.7498e+00],
          [ 1.5394e+00, -4.4064e-02,  5.3613e-01,  ...,  1.1113e-01,
            4.0007e-01,  1.3872e-01],
          [-9.8186e-01,  1.3741e-01,  5.3225e-01,  ...,  3.7970e-01,
           -1.2777e+00,  6.5746e-01]],

         ...,

         [[ 1.4589e-01,  3.4918e-01, -4.3984e-01,  ..., -3.6681e-01,
            8.9103e-01, -4.0623e-01],
          [-6.4557e-01, -7.5419e-03, -4.1696e-01,  ...,  4.7753e-01,
            3.4379e-01,  4.0912e-01],
          [-3.5144e-01, -1.8304e+00, -2.3412e-01,  ..., -4.3352e-01,
            7.7173e-01,  2.3971e-01],
          ...,
          [ 2.2900e-01,  9.5443e-02, -6.3706e-01,  ..., -5.2544e-01,
           -7.7379e-02, -1.6372e-01],
          [-2.7265e-01,  1.0215e+00,  2.6807e-01,  ...,  6.0945e-01,
           -6.3314e-02,  3.7503e-01],
          [ 2.9976e-02, -5.2746e-01,  2.1505e-01,  ..., -1.7714e-01,
           -3.5488e-01, -7.4876e-01]],

         [[ 1.5048e-01, -5.0373e-01, -1.4584e-01,  ..., -3.1627e-01,
            2.9108e-01, -4.0087e-02],
          [ 1.5485e-01,  8.6521e-02, -1.2533e-01,  ...,  5.4198e-01,
            1.2017e+00,  8.6977e-01],
          [ 1.7471e+00,  1.6342e-01,  4.7064e-01,  ...,  9.0250e-01,
           -2.4899e-01,  8.0401e-01],
          ...,
          [ 1.2444e+00, -8.7661e-01, -3.4344e-01,  ...,  1.4832e+00,
           -9.2521e-01, -1.9081e-01],
          [-5.2368e-01,  4.7361e-01, -2.8780e-01,  ..., -4.7884e-01,
            4.3610e-02, -3.2449e-01],
          [-1.0973e+00,  3.9714e-02, -7.2042e-01,  ...,  5.6050e-01,
            9.7533e-01, -2.7324e-01]],

         [[-1.0124e+00, -1.6892e-01, -1.0469e+00,  ..., -9.2702e-01,
            3.8367e-01,  2.8113e-01],
          [ 8.0518e-01, -5.5799e-01,  1.1307e-01,  ..., -2.5942e-01,
           -1.2420e-01,  3.3165e-01],
          [ 3.8209e-02, -3.2561e-01, -7.1138e-01,  ..., -6.0192e-01,
            5.0052e-02, -5.1039e-01],
          ...,
          [ 4.5509e-01,  1.3265e-01,  1.9192e-01,  ...,  5.7341e-03,
           -6.0846e-01, -6.7200e-01],
          [-2.3941e-01,  3.4790e-01, -3.5006e-01,  ...,  3.5615e-02,
           -4.7668e-01, -5.9125e-01],
          [-2.6962e-01,  8.6840e-01,  5.8677e-01,  ...,  8.3390e-01,
           -2.7037e-01, -6.7983e-01]]],


        [[[-2.8344e-02,  8.8736e-02,  3.5393e-01,  ..., -9.6097e-01,
           -4.9234e-01, -1.3381e-01],
          [ 1.4163e-01,  2.0714e-01, -6.2618e-01,  ...,  9.6767e-01,
           -3.4586e-01,  9.4230e-01],
          [-1.1124e+00, -7.3174e-01,  1.1373e-02,  ...,  5.9616e-01,
            2.6055e-01, -9.4559e-01],
          ...,
          [ 8.0847e-01, -5.2332e-01, -3.7536e-01,  ...,  3.5683e-01,
           -3.7655e-01,  1.6151e-01],
          [ 1.4013e-01,  1.9136e-01,  4.9356e-03,  ..., -7.0259e-02,
           -1.4687e-01, -1.7849e-04],
          [ 7.7399e-01,  6.5203e-01, -6.4911e-01,  ...,  7.9724e-01,
            1.0073e+00,  4.4874e-01]],

         [[ 7.4761e-01,  3.1619e-01,  9.2615e-02,  ..., -4.8240e-01,
            8.4662e-01,  2.5674e-01],
          [-1.3179e-01,  5.8091e-01,  2.2672e-01,  ...,  1.2790e-01,
            1.9169e-01, -1.7838e-01],
          [-2.8954e-01, -5.4867e-02, -1.7959e-01,  ..., -8.1837e-01,
           -4.2110e-02,  4.7887e-02],
          ...,
          [ 3.9994e-01,  2.2061e-01,  6.6986e-01,  ...,  1.7628e-01,
            6.5742e-01, -2.2425e+00],
          [ 4.2962e-01,  1.4574e+00, -7.7339e-01,  ...,  3.1073e-01,
           -1.8054e-01, -8.0417e-01],
          [ 5.8872e-01,  1.0556e+00,  3.7451e-01,  ..., -5.0025e-02,
            4.0146e-01, -9.0348e-01]],

         [[-1.9211e-01,  1.0649e+00,  2.7158e-01,  ..., -3.7414e-01,
           -5.2340e-01,  1.5948e-01],
          [-2.9274e-01,  5.4993e-01, -1.7818e-02,  ...,  2.9013e-05,
            3.5747e-01,  1.8012e-01],
          [ 4.6450e-01, -5.3885e-01, -4.6033e-01,  ..., -6.5773e-01,
           -6.1690e-01, -5.3499e-01],
          ...,
          [-6.6728e-01, -6.0396e-02, -1.3120e+00,  ...,  7.7410e-01,
           -3.2061e-01,  1.0142e+00],
          [-3.8581e-01, -1.1622e+00,  6.8560e-01,  ...,  5.5804e-01,
            1.6873e-03,  1.6995e+00],
          [ 8.6096e-02,  1.0226e+00,  6.2041e-01,  ..., -4.1387e-02,
           -5.1655e-02,  7.5951e-01]],

         ...,

         [[-1.1975e-01, -6.0183e-01, -6.1110e-01,  ...,  2.4366e-02,
            2.3139e-01,  2.2537e-01],
          [-4.2871e-01,  7.7097e-01,  8.6782e-01,  ..., -7.3256e-02,
           -3.7931e-01,  6.1518e-01],
          [-2.4900e-01, -3.3163e-01,  5.5018e-01,  ..., -1.2209e+00,
           -4.0247e-01,  4.6708e-01],
          ...,
          [ 7.3905e-02,  9.5021e-01, -1.1127e+00,  ...,  9.5789e-01,
           -5.6530e-01, -6.8219e-01],
          [ 1.4381e+00,  8.8258e-01, -2.5120e-02,  ...,  2.0816e-02,
           -6.2474e-01,  7.8096e-02],
          [-1.9634e-01,  4.2246e-01, -1.3889e+00,  ...,  5.1261e-01,
           -2.1414e-01,  2.2738e-01]],

         [[-4.4290e-01,  5.3130e-01, -8.4689e-01,  ..., -4.9540e-01,
           -3.4616e-03, -2.3725e-01],
          [-1.2041e-01, -1.0474e-03,  3.7986e-01,  ...,  1.1322e-01,
            1.5514e-01,  2.0237e-01],
          [-4.6982e-02,  2.2357e-01, -5.0015e-02,  ..., -6.1758e-02,
           -4.5868e-02,  7.3999e-01],
          ...,
          [ 4.8699e-01,  2.2990e-01,  1.3682e-01,  ...,  1.2132e-01,
           -2.6614e-01,  2.4624e-01],
          [ 3.5226e-01,  3.3532e-01, -1.4644e+00,  ..., -2.9561e-02,
           -3.6712e-01, -5.8075e-01],
          [-8.3954e-01,  9.8696e-02, -1.5513e-01,  ..., -3.6719e-01,
           -3.4654e-01, -5.8810e-01]],

         [[-6.0672e-01, -3.1085e-01, -1.9064e-01,  ...,  9.8611e-01,
            6.4968e-01,  3.8479e-01],
          [-3.9593e-01,  6.9301e-02,  8.9177e-03,  ...,  1.2497e+00,
           -1.3778e+00, -7.5193e-01],
          [-2.7520e-01, -1.3151e+00,  9.8598e-01,  ...,  2.6245e-01,
           -1.6538e-01,  6.9019e-01],
          ...,
          [ 3.9587e-01, -5.5839e-01,  4.0125e-01,  ..., -7.1814e-01,
           -4.0217e-01,  3.2993e-01],
          [ 4.8132e-01,  9.6908e-02, -3.1849e-01,  ..., -8.6992e-01,
           -1.6900e+00, -7.9678e-01],
          [ 1.0397e-01, -3.3014e-01, -5.8578e-03,  ...,  9.1580e-01,
EEEEE
======================================================================
ERROR: test_apply_rotary_emb (__main__.TestCausalSelfAttention.test_apply_rotary_emb)
----------------------------------------------------------------------
Traceback (most recent call last):
  File "/gpfs/home6/scur2785/uvadlc_practicals_2024/assignment2/part2/public_unittest.py", line 46, in test_apply_rotary_emb
    self.assertEqual(xq_rot.shape, xq.shape)
                     ^^^^^^^^^^^^
AttributeError: 'ellipsis' object has no attribute 'shape'

======================================================================
ERROR: test_attention_component_shapes_and_softmax (__main__.TestCausalSelfAttention.test_attention_component_shapes_and_softmax)
----------------------------------------------------------------------
Traceback (most recent call last):
  File "/gpfs/home6/scur2785/uvadlc_practicals_2024/assignment2/part2/public_unittest.py", line 68, in test_attention_component_shapes_and_softmax
    outputs = module(x)
              ^^^^^^^^^
  File "/home/scur2785/.conda/envs/dl2024/lib/python3.12/site-packages/torch/nn/modules/module.py", line 1736, in _wrapped_call_impl
    return self._call_impl(*args, **kwargs)
           ^^^^^^^^^^^^^^^^^^^^^^^^^^^^^^^^
  File "/home/scur2785/.conda/envs/dl2024/lib/python3.12/site-packages/torch/nn/modules/module.py", line 1747, in _call_impl
    return forward_call(*args, **kwargs)
           ^^^^^^^^^^^^^^^^^^^^^^^^^^^^^
  File "/gpfs/home6/scur2785/uvadlc_practicals_2024/assignment2/part2/gpt.py", line 156, in forward
    print(f"q shape: {q.shape}, k shape: {k.shape}, v shape: {v.shape}")
                      ^^^^^^^
AttributeError: 'ellipsis' object has no attribute 'shape'

======================================================================
ERROR: test_causal_masking (__main__.TestCausalSelfAttention.test_causal_masking)
----------------------------------------------------------------------
Traceback (most recent call last):
  File "/gpfs/home6/scur2785/uvadlc_practicals_2024/assignment2/part2/public_unittest.py", line 34, in test_causal_masking
    outputs = module(x)
              ^^^^^^^^^
  File "/home/scur2785/.conda/envs/dl2024/lib/python3.12/site-packages/torch/nn/modules/module.py", line 1736, in _wrapped_call_impl
    return self._call_impl(*args, **kwargs)
           ^^^^^^^^^^^^^^^^^^^^^^^^^^^^^^^^
  File "/home/scur2785/.conda/envs/dl2024/lib/python3.12/site-packages/torch/nn/modules/module.py", line 1747, in _call_impl
    return forward_call(*args, **kwargs)
           ^^^^^^^^^^^^^^^^^^^^^^^^^^^^^
  File "/gpfs/home6/scur2785/uvadlc_practicals_2024/assignment2/part2/gpt.py", line 156, in forward
    print(f"q shape: {q.shape}, k shape: {k.shape}, v shape: {v.shape}")
                      ^^^^^^^
AttributeError: 'ellipsis' object has no attribute 'shape'

======================================================================
ERROR: test_gradient_flow (__main__.TestCausalSelfAttention.test_gradient_flow)
----------------------------------------------------------------------
Traceback (most recent call last):
  File "/gpfs/home6/scur2785/uvadlc_practicals_2024/assignment2/part2/public_unittest.py", line 57, in test_gradient_flow
    output = module(x)
             ^^^^^^^^^
  File "/home/scur2785/.conda/envs/dl2024/lib/python3.12/site-packages/torch/nn/modules/module.py", line 1736, in _wrapped_call_impl
    return self._call_impl(*args, **kwargs)
           ^^^^^^^^^^^^^^^^^^^^^^^^^^^^^^^^
  File "/home/scur2785/.conda/envs/dl2024/lib/python3.12/site-packages/torch/nn/modules/module.py", line 1747, in _call_impl
    return forward_call(*args, **kwargs)
           ^^^^^^^^^^^^^^^^^^^^^^^^^^^^^
  File "/gpfs/home6/scur2785/uvadlc_practicals_2024/assignment2/part2/gpt.py", line 156, in forward
    print(f"q shape: {q.shape}, k shape: {k.shape}, v shape: {v.shape}")
                      ^^^^^^^
AttributeError: 'ellipsis' object has no attribute 'shape'

======================================================================
ERROR: test_output_shape (__main__.TestCausalSelfAttention.test_output_shape)
----------------------------------------------------------------------
Traceback (most recent call last):
  File "/gpfs/home6/scur2785/uvadlc_practicals_2024/assignment2/part2/public_unittest.py", line 26, in test_output_shape
    output = module(x)
             ^^^^^^^^^
  File "/home/scur2785/.conda/envs/dl2024/lib/python3.12/site-packages/torch/nn/modules/module.py", line 1736, in _wrapped_call_impl
    return self._call_impl(*args, **kwargs)
           ^^^^^^^^^^^^^^^^^^^^^^^^^^^^^^^^
  File "/home/scur2785/.conda/envs/dl2024/lib/python3.12/site-packages/torch/nn/modules/module.py", line 1747, in _call_impl
    return forward_call(*args, **kwargs)
           ^^^^^^^^^^^^^^^^^^^^^^^^^^^^^
  File "/gpfs/home6/scur2785/uvadlc_practicals_2024/assignment2/part2/gpt.py", line 156, in forward
    print(f"q shape: {q.shape}, k shape: {k.shape}, v shape: {v.shape}")
                      ^^^^^^^
AttributeError: 'ellipsis' object has no attribute 'shape'

----------------------------------------------------------------------
Ran 5 tests in 0.050s

FAILED (errors=5)
           -2.4720e-01,  5.1362e-01]]]], grad_fn=<ViewBackward0>)
srun: error: gcn2: task 0: Exited with exit code 1
srun: Terminating StepId=8573930.0

JOB STATISTICS
==============
Job ID: 8573930
Cluster: snellius
User/Group: scur2785/scur2785
State: FAILED (exit code 1)
Nodes: 1
Cores per node: 9
CPU Utilized: 00:00:06
CPU Efficiency: 4.17% of 00:02:24 core-walltime
Job Wall-clock time: 00:00:16
Memory Utilized: 2.36 MB
Memory Efficiency: 0.00% of 60.00 GB
