============================================================================================== 
Warning! Mixing Conda and module environments may lead to corruption of the
user environment. 
We do not recommend users mixing those two environments unless absolutely
necessary. Note that 
SURF does not provide any support for Conda environment.
For more information, please refer to our software policy page:
https://servicedesk.surf.nl/wiki/display/WIKI/Software+policy+Snellius#SoftwarepolicySnellius-UseofAnacondaandMinicondaenvironmentsonSnellius 

Remember that many packages have already been installed on the system and can
be loaded using 
the 'module load <package__name>' command. If you are uncertain if a package is
already available 
on the system, please use 'module avail' or 'module spider' to search for it.
============================================================================================== 
usage: conda [-h] [--no-plugins] [-V] COMMAND ...
conda: error: argument COMMAND: invalid choice: 'activate' (choose from 'clean', 'compare', 'config', 'create', 'info', 'init', 'install', 'list', 'notices', 'package', 'remove', 'uninstall', 'rename', 'run', 'search', 'update', 'upgrade', 'build', 'convert', 'debug', 'develop', 'doctor', 'index', 'inspect', 'metapackage', 'render', 'skeleton', 'repo', 'content-trust', 'pack', 'verify', 'env', 'server', 'token')
seq torch.Size([5])
freqs torch.Size([5, 4])
pos_emb torch.Size([1, 1, 5, 8])
xq norm before RoPE: tensor([[[3.8418, 3.2582, 3.8474, 3.7034, 2.6108],
         [3.2267, 1.7234, 2.9301, 2.7526, 2.2954],
         [1.7290, 4.0420, 1.8572, 1.9712, 2.7801],
         [2.0725, 1.9572, 2.9553, 3.0593, 2.1035],
         [2.8985, 1.1180, 2.3551, 3.4574, 2.6311],
         [3.3239, 2.2166, 1.3799, 1.9789, 2.7209],
         [3.4379, 2.7176, 1.2542, 3.0720, 2.6300],
         [1.9753, 3.8451, 3.4091, 1.7255, 1.8724]]])
xq_rot norm after RoPE: tensor([[[[3.8418, 4.8283, 2.9994, 3.6961, 5.0293],
          [3.2582, 3.9561, 2.8631, 3.3275, 4.2083],
          [3.8474, 4.2673, 3.7532, 4.0192, 4.5220],
          [3.7034, 4.1874, 3.3677, 3.6680, 4.3142],
          [2.6108, 2.7004, 2.7380, 2.8092, 2.8862]],

         [[3.2267, 3.6023, 2.9705, 3.2017, 3.7054],
          [1.7234, 1.8863, 1.7336, 1.8395, 2.0229],
          [2.9301, 3.1209, 2.9909, 3.1197, 3.3277],
          [2.7526, 3.2722, 2.4988, 2.8381, 3.4854],
          [2.2954, 2.4361, 2.4487, 2.5523, 2.6771]],

         [[1.7290, 1.9219, 1.5852, 1.7023, 1.9643],
          [4.0420, 4.5861, 3.7180, 4.0594, 4.7691],
          [1.8572, 1.9215, 1.9482, 1.9991, 2.0541],
          [1.9712, 2.3868, 1.6522, 1.9303, 2.4849],
          [2.7801, 3.0116, 3.0390, 3.2061, 3.4017]],

         [[2.0725, 2.5489, 1.5988, 1.9305, 2.6046],
          [1.9572, 2.3590, 1.6793, 1.9459, 2.4721],
          [2.9553, 3.0249, 3.0128, 3.0663, 3.1411],
          [3.0593, 3.3875, 3.1410, 3.3569, 3.7037],
          [2.1035, 2.1622, 2.1961, 2.2438, 2.2921]],

         [[2.8985, 3.2981, 2.5832, 2.8326, 3.3795],
          [1.1180, 1.1960, 1.0775, 1.1247, 1.2272],
          [2.3551, 3.0125, 1.6473, 2.1403, 3.0796],
          [3.4574, 4.1142, 3.2573, 3.6854, 4.4610],
          [2.6311, 2.8014, 2.8259, 2.9516, 3.0993]],

         [[3.3239, 3.5221, 3.2406, 3.3619, 3.6188],
          [2.2166, 2.5056, 2.4163, 2.6113, 2.8743],
          [1.3799, 1.5373, 1.2982, 1.3960, 1.5987],
          [1.9789, 2.1480, 1.8635, 1.9648, 2.1935],
          [2.7209, 3.2396, 2.5513, 2.8894, 3.5055]],

         [[3.4379, 3.7893, 3.3971, 3.6215, 4.0326],
          [2.7176, 2.7857, 2.8424, 2.9008, 2.9551],
          [1.2542, 1.6153, 0.8726, 1.1455, 1.6574],
          [3.0720, 3.3177, 3.2042, 3.3727, 3.6206],
          [2.6300, 3.0888, 2.3753, 2.6720, 3.2565]],

         [[1.9753, 2.0925, 2.0343, 2.1154, 2.2381],
          [3.8451, 4.7481, 2.9803, 3.6109, 4.8749],
          [3.4091, 3.9490, 3.5847, 3.9392, 4.4773],
          [1.7255, 2.0481, 1.6326, 1.8424, 2.2218],
          [1.8724, 1.9432, 1.9716, 2.0279, 2.0893]]]])
seq torch.Size([5])
freqs torch.Size([5, 4])
pos_emb torch.Size([1, 1, 5, 8])
xq norm before RoPE: tensor([[[2.1023, 1.5000, 2.3185, 2.0117, 1.5555],
         [1.8729, 0.6393, 1.7124, 1.7371, 1.1333],
         [1.6259, 1.8294, 1.1459, 1.0240, 1.0453],
         [1.7175, 1.8610, 2.2609, 0.8642, 1.3025],
         [1.3253, 1.4895, 1.9473, 1.9813, 1.7173],
         [1.6582, 1.9399, 2.3221, 1.1862, 1.2087],
         [1.0592, 2.1378, 1.5549, 1.4979, 1.2969],
         [1.4750, 1.3147, 1.9452, 1.4565, 0.8823]],

        [[2.3599, 2.4188, 1.4960, 1.4346, 2.0187],
         [1.7980, 2.0592, 1.6489, 1.3861, 1.4741],
         [1.2412, 2.4133, 1.2514, 1.1879, 1.9370],
         [1.7463, 2.1470, 1.2250, 1.7933, 1.8060],
         [1.7911, 1.9243, 2.1294, 1.2415, 1.7607],
         [1.3696, 2.3038, 1.7159, 1.7321, 1.5865],
         [1.4911, 1.6560, 1.5308, 1.0041, 2.2000],
         [1.5448, 1.9785, 0.8832, 1.4029, 2.4626]]],
       grad_fn=<LinalgVectorNormBackward0>)
xq_rot norm after RoPE: tensor([[[[2.1023, 2.3396, 2.1924, 2.3504, 2.5919],
          [1.5000, 1.5523, 1.5225, 1.5589, 1.6166],
          [2.3185, 2.4069, 2.4596, 2.5308, 2.6020],
          [2.0117, 2.1677, 1.9786, 2.0767, 2.2664],
          [1.5555, 1.7849, 1.4733, 1.6196, 1.8990]],

         [[1.8729, 2.0200, 1.8152, 1.9056, 2.0916],
          [0.6393, 0.7555, 0.5438, 0.6195, 0.7780],
          [1.7124, 1.9691, 1.5051, 1.6667, 2.0179],
          [1.7371, 1.8407, 1.7963, 1.8677, 1.9725],
          [1.1333, 1.3793, 0.8999, 1.0680, 1.4131]],

         [[1.6259, 1.8349, 1.5053, 1.6365, 1.9090],
          [1.8294, 2.2056, 1.5332, 1.7838, 2.2893],
          [1.1459, 1.2121, 1.1637, 1.2082, 1.2819],
          [1.0240, 1.2162, 0.8904, 1.0163, 1.2699],
          [1.0453, 1.0967, 1.0769, 1.1129, 1.1654]],

         [[1.7175, 1.8594, 1.8998, 2.0036, 2.1167],
          [1.8610, 2.3122, 1.4834, 1.7971, 2.4067],
          [2.2609, 2.6378, 2.2400, 2.4845, 2.9032],
          [0.8642, 0.9411, 0.8759, 0.9262, 1.0109],
          [1.3025, 1.4605, 1.3611, 1.4658, 1.6255]],

         [[1.3253, 1.4497, 1.4483, 1.5362, 1.6438],
          [1.4895, 1.6564, 1.4287, 1.5331, 1.7394],
          [1.9473, 2.0137, 2.0189, 2.0699, 2.1334],
          [1.9813, 2.3004, 1.9774, 2.1843, 2.5351],
          [1.7173, 2.0261, 1.4596, 1.6604, 2.0833]],

         [[1.6582, 1.9147, 1.4756, 1.6384, 1.9807],
          [1.9399, 2.2658, 2.0077, 2.2205, 2.5549],
          [2.3221, 2.7028, 2.1598, 2.4044, 2.8739],
          [1.1862, 1.4615, 1.0271, 1.2127, 1.5593],
          [1.2087, 1.2888, 1.2449, 1.2991, 1.3822]],

         [[1.0592, 1.1311, 1.1364, 1.1887, 1.2515],
          [2.1378, 2.5666, 1.9551, 2.2363, 2.7582],
          [1.5549, 1.9670, 1.1609, 1.4587, 2.0306],
          [1.4979, 1.6067, 1.4917, 1.5609, 1.6881],
          [1.2969, 1.5062, 1.2089, 1.3431, 1.6009]],

         [[1.4750, 1.7375, 1.2731, 1.4435, 1.7973],
          [1.3147, 1.5918, 1.1678, 1.3512, 1.6975],
          [1.9452, 2.2495, 1.8522, 2.0480, 2.4128],
          [1.4565, 1.7026, 1.2365, 1.3944, 1.7371],
          [0.8823, 0.9190, 0.9011, 0.9268, 0.9662]]],


        [[[2.3599, 2.4594, 2.4371, 2.5084, 2.6063],
          [2.4188, 2.6010, 2.5417, 2.6677, 2.8437],
          [1.4960, 1.7340, 1.4916, 1.6461, 1.9088],
          [1.4346, 1.6214, 1.2972, 1.4136, 1.6669],
          [2.0187, 2.1325, 2.1854, 2.2732, 2.3642]],

         [[1.7980, 2.2063, 1.3923, 1.6752, 2.2526],
          [2.0592, 2.1121, 2.1519, 2.1972, 2.2414],
          [1.6489, 1.9532, 1.3902, 1.5894, 2.0078],
          [1.3861, 1.7956, 0.9688, 1.2790, 1.8526],
          [1.4741, 1.5882, 1.4318, 1.5029, 1.6483]],

         [[1.2412, 1.4887, 1.1639, 1.3258, 1.6176],
          [2.4133, 2.5405, 2.6037, 2.7028, 2.8044],
          [1.2514, 1.3698, 1.4412, 1.5292, 1.6123],
          [1.1879, 1.2432, 1.1974, 1.2346, 1.2988],
          [1.9370, 2.2105, 1.8135, 1.9873, 2.3305]],

         [[1.7463, 1.8631, 1.7483, 1.8240, 1.9601],
          [2.1470, 2.4918, 2.0460, 2.2682, 2.6795],
          [1.2250, 1.4367, 1.0615, 1.1979, 1.4834],
          [1.7933, 1.9927, 1.8370, 1.9677, 2.1792],
          [1.8060, 1.8950, 1.7943, 1.8511, 1.9605]],

         [[1.7911, 1.9674, 1.7430, 1.8541, 2.0695],
          [1.9243, 2.0209, 1.9044, 1.9647, 2.0840],
          [2.1294, 2.2591, 2.1443, 2.2296, 2.3785],
          [1.2415, 1.4464, 1.1604, 1.2925, 1.5435],
          [1.7607, 1.8183, 1.7728, 1.8109, 1.8763]],

         [[1.3696, 1.5363, 1.4520, 1.5636, 1.7264],
          [2.3038, 2.4869, 2.4368, 2.5645, 2.7396],
          [1.7159, 2.0161, 1.5192, 1.7135, 2.1065],
          [1.7321, 1.9156, 1.8035, 1.9260, 2.1134],
          [1.5865, 1.7041, 1.7179, 1.8032, 1.9036]],

         [[1.4911, 1.5655, 1.6165, 1.6759, 1.7325],
          [1.6560, 1.8408, 1.5790, 1.6945, 1.9268],
          [1.5308, 1.6591, 1.6083, 1.6966, 1.8230],
          [1.0041, 1.1362, 0.9002, 0.9822, 1.1633],
          [2.2000, 2.2650, 2.2018, 2.2443, 2.3228]],

         [[1.5448, 1.7915, 1.6052, 1.7667, 2.0185],
          [1.9785, 2.0117, 2.0144, 2.0410, 2.0753],
          [0.8832, 1.0118, 0.7772, 0.8578, 1.0347],
          [1.4029, 1.4872, 1.4969, 1.5590, 1.6329],
          [2.4626, 2.9144, 2.0730, 2.3686, 2.9921]]]],
       grad_fn=<LinalgVectorNormBackward0>)
seq torch.Size([5])
freqs torch.Size([5, 4])
pos_emb torch.Size([1, 1, 5, 8])
xq norm before RoPE: tensor([[[1.5866, 2.0274, 0.7418, 1.6227, 1.9043],
         [1.5136, 1.9600, 1.9634, 1.5191, 1.8423],
         [1.6027, 2.1564, 1.1699, 2.0364, 1.1313],
         [1.6810, 1.4443, 1.1630, 0.8824, 1.8150],
         [1.2359, 1.0879, 1.0166, 2.0100, 1.0190],
         [2.5196, 2.3690, 2.0624, 1.8166, 1.8163],
         [1.4181, 1.0051, 1.6572, 1.1979, 2.6650],
         [1.2388, 2.2022, 1.2621, 1.0567, 1.8824]]],
       grad_fn=<LinalgVectorNormBackward0>)
xq_rot norm after RoPE: tensor([[[[1.5866, 1.7316, 1.6190, 1.7142, 1.8703],
          [2.0274, 2.2234, 2.0351, 2.1617, 2.3823],
          [0.7418, 0.8689, 0.6255, 0.7073, 0.8852],
          [1.6227, 1.7983, 1.7504, 1.8705, 2.0320],
          [1.9043, 2.1948, 1.9120, 2.1008, 2.4188]],

         [[1.5136, 1.6187, 1.4868, 1.5527, 1.6831],
          [1.9600, 2.2152, 1.7833, 1.9416, 2.2823],
          [1.9634, 2.1774, 2.0301, 2.1717, 2.3940],
          [1.5191, 1.7721, 1.4102, 1.5730, 1.8851],
          [1.8423, 2.1012, 1.7193, 1.8832, 2.2096]],

         [[1.6027, 1.7358, 1.6360, 1.7241, 1.8677],
          [2.1564, 2.5783, 2.0121, 2.2877, 2.7900],
          [1.1699, 1.3213, 1.1043, 1.2000, 1.3901],
          [2.0364, 2.4381, 1.7712, 2.0362, 2.5596],
          [1.1313, 1.2515, 1.0883, 1.1637, 1.3130]],

         [[1.6810, 1.7287, 1.7082, 1.7420, 1.7929],
          [1.4443, 1.6654, 1.5500, 1.6962, 1.9072],
          [1.1630, 1.3042, 1.2412, 1.3359, 1.4710],
          [0.8824, 1.0126, 0.9046, 0.9895, 1.1263],
          [1.8150, 1.9871, 1.9687, 2.0892, 2.2421]],

         [[1.2359, 1.6251, 0.8341, 1.1369, 1.6809],
          [1.0879, 1.1742, 1.0940, 1.1503, 1.2487],
          [1.0166, 1.1486, 0.9781, 1.0623, 1.2221],
          [2.0100, 2.3605, 1.9633, 2.1907, 2.5873],
          [1.0190, 1.0919, 0.9985, 1.0436, 1.1336]],

         [[2.5196, 2.5943, 2.4800, 2.5240, 2.6242],
          [2.3690, 2.8824, 2.2318, 2.5697, 3.1630],
          [2.0624, 2.3600, 2.1461, 2.3414, 2.6448],
          [1.8166, 2.1340, 1.7837, 1.9898, 2.3459],
          [1.8163, 2.0538, 1.7353, 1.8857, 2.1757]],

         [[1.4181, 1.5120, 1.4548, 1.5186, 1.6187],
          [1.0051, 1.1093, 0.9496, 1.0136, 1.1484],
          [1.6572, 1.8755, 1.4808, 1.6154, 1.9150],
          [1.1979, 1.5163, 0.8860, 1.1170, 1.5615],
          [2.6650, 2.7969, 2.8175, 2.9169, 3.0347]],

         [[1.2388, 1.3499, 1.3417, 1.4201, 1.5187],
          [2.2022, 2.3347, 2.3155, 2.4111, 2.5377],
          [1.2621, 1.3999, 1.2166, 1.3032, 1.4727],
          [1.0567, 1.2101, 1.1122, 1.2133, 1.3659],
          [1.8824, 2.2059, 1.8373, 2.0471, 2.4143]]]],
       grad_fn=<LinalgVectorNormBackward0>)
seq torch.Size([10])
freqs torch.Size([10, 4])
pos_emb torch.Size([1, 1, 10, 8])
xq norm before RoPE: tensor([[[2.3323, 1.5279, 1.4271, 2.1476, 1.4879, 1.5503, 1.0411, 2.4149,
          0.9413, 1.3363],
         [1.1570, 1.3418, 1.0486, 2.0962, 0.7179, 1.7764, 1.0330, 1.3575,
          1.2006, 2.2419],
         [1.3321, 1.5689, 1.6934, 1.8781, 2.3727, 1.8687, 1.2406, 1.8776,
          2.0366, 1.6812],
         [1.5903, 1.4009, 1.1856, 1.8160, 1.5524, 2.3076, 1.9213, 1.6678,
          2.1886, 2.8872],
         [1.0179, 1.7086, 1.5523, 1.3065, 1.8983, 1.8761, 1.6168, 1.4716,
          1.6899, 1.8552],
         [1.7629, 2.0996, 2.0394, 1.6037, 1.4412, 1.6211, 0.7632, 2.0855,
          1.3511, 1.9245],
         [1.6637, 1.8330, 1.0105, 1.6628, 2.0192, 1.3749, 0.7871, 2.4537,
          1.9916, 1.6546],
         [1.2529, 1.2869, 1.7019, 1.8935, 2.1116, 1.6975, 1.4937, 1.2534,
          2.0895, 2.0862]],

        [[2.2260, 2.0410, 1.6284, 1.7355, 1.4055, 1.3188, 1.3340, 1.8049,
          1.1069, 2.0867],
         [1.3042, 1.3877, 1.7592, 2.1304, 1.3299, 0.9919, 1.9076, 1.3595,
          1.5992, 1.4534],
         [1.4974, 1.8201, 2.3276, 2.8759, 1.6818, 1.4986, 0.7842, 1.6112,
          1.8666, 1.3657],
         [0.7547, 2.2264, 1.5638, 2.0943, 2.2436, 1.4527, 1.3250, 1.4177,
          1.3120, 1.3301],
         [1.7769, 1.6444, 2.0623, 1.7430, 2.1059, 2.1296, 1.7829, 1.1881,
          1.0253, 2.2750],
         [1.8140, 1.4970, 2.1917, 1.5496, 0.8628, 1.4404, 1.5937, 1.7933,
          1.6214, 1.4086],
         [1.1050, 1.4540, 1.2717, 1.8259, 1.8146, 1.4746, 1.6760, 1.7244,
          2.2455, 1.8732],
         [1.3095, 1.4891, 1.8383, 2.2380, 1.6643, 1.7660, 1.4145, 2.4438,
          1.7611, 1.5058]]], grad_fn=<LinalgVectorNormBackward0>)
xq_rot norm after RoPE: tensor([[[[2.3323, 2.4951, 2.5135,  ..., 2.9054, 2.8562, 2.8247],
          [1.5279, 1.5508, 1.5564,  ..., 1.6289, 1.6276, 1.6294],
          [1.4271, 1.6561, 1.2468,  ..., 1.7199, 1.4229, 1.2973],
          ...,
          [2.4149, 2.6502, 2.5623,  ..., 3.0888, 2.9642, 2.9026],
          [0.9413, 0.9987, 0.9706,  ..., 1.1037, 1.0688, 1.0528],
          [1.3363, 1.6207, 1.1074,  ..., 1.7054, 1.3438, 1.1845]],

         [[1.1570, 1.3807, 0.9683,  ..., 1.4409, 1.1511, 1.0282],
          [1.3418, 1.4781, 1.4025,  ..., 1.7092, 1.6283, 1.5931],
          [1.0486, 1.0926, 1.0484,  ..., 1.1466, 1.1071, 1.0913],
          ...,
          [1.3575, 1.6945, 1.0860,  ..., 1.7998, 1.3782, 1.1861],
          [1.2006, 1.4517, 1.0164,  ..., 1.5438, 1.2370, 1.1039],
          [2.2419, 2.3488, 2.2623,  ..., 2.5301, 2.4583, 2.4382]],

         [[1.3321, 1.6093, 1.1495,  ..., 1.7268, 1.3992, 1.2557],
          [1.5689, 1.8103, 1.3519,  ..., 1.8516, 1.5207, 1.3827],
          [1.6934, 1.8314, 1.6929,  ..., 2.0029, 1.8885, 1.8453],
          ...,
          [1.8776, 2.2829, 1.7496,  ..., 2.5844, 2.1936, 2.0223],
          [2.0366, 2.3143, 2.0348,  ..., 2.6270, 2.3989, 2.3033],
          [1.6812, 1.7039, 1.6966,  ..., 1.7567, 1.7451, 1.7408]],

         ...,

         [[1.7629, 2.0679, 1.7278,  ..., 2.3627, 2.0977, 1.9835],
          [2.0996, 2.3721, 2.0268,  ..., 2.5980, 2.3291, 2.2170],
          [2.0394, 2.3626, 2.0749,  ..., 2.7504, 2.5046, 2.3950],
          ...,
          [2.0855, 2.4555, 1.7531,  ..., 2.5239, 2.0204, 1.8040],
          [1.3511, 1.4355, 1.3709,  ..., 1.5662, 1.5054, 1.4815],
          [1.9245, 2.2270, 1.8725,  ..., 2.5071, 2.2329, 2.1173]],

         [[1.6637, 1.7508, 1.7438,  ..., 1.9662, 1.9356, 1.9224],
          [1.8330, 1.9295, 1.7780,  ..., 1.9890, 1.8780, 1.8408],
          [1.0105, 1.2694, 0.7595,  ..., 1.3192, 0.9698, 0.8078],
          ...,
          [2.4537, 2.6287, 2.6464,  ..., 3.0730, 3.0223, 2.9922],
          [1.9916, 2.2903, 1.7280,  ..., 2.3456, 1.9392, 1.7708],
          [1.6546, 1.9702, 1.3684,  ..., 2.0395, 1.6194, 1.4432]],

         [[1.2529, 1.3611, 1.1743,  ..., 1.3965, 1.2574, 1.2038],
          [1.2869, 1.4976, 1.1427,  ..., 1.5803, 1.3230, 1.2151],
          [1.7019, 1.9277, 1.6799,  ..., 2.1636, 1.9680, 1.8885],
          ...,
          [1.2534, 1.3234, 1.3123,  ..., 1.4798, 1.4483, 1.4315],
          [2.0895, 2.5134, 1.7457,  ..., 2.6348, 2.0910, 1.8534],
          [2.0862, 2.2140, 2.1688,  ..., 2.4797, 2.4165, 2.3902]]],


        [[[2.2260, 2.6321, 2.0475,  ..., 2.8874, 2.4565, 2.2710],
          [2.0410, 2.3007, 1.9861,  ..., 2.5312, 2.2824, 2.1779],
          [1.6284, 1.7797, 1.6723,  ..., 2.0074, 1.9021, 1.8562],
          ...,
          [1.8049, 2.1642, 1.4790,  ..., 2.2426, 1.7639, 1.5596],
          [1.1069, 1.2827, 0.9719,  ..., 1.3382, 1.1145, 1.0221],
          [2.0867, 2.5378, 1.8439,  ..., 2.7820, 2.2877, 2.0722]],

         [[1.3042, 1.5331, 1.1082,  ..., 1.5928, 1.2944, 1.1719],
          [1.3877, 1.4632, 1.5060,  ..., 1.7061, 1.7019, 1.6952],
          [1.7592, 1.9443, 1.9870,  ..., 2.4131, 2.3698, 2.3377],
          ...,
          [1.3595, 1.4396, 1.3749,  ..., 1.5655, 1.5084, 1.4884],
          [1.5992, 1.8163, 1.5214,  ..., 1.9736, 1.7479, 1.6536],
          [1.4534, 1.5217, 1.4283,  ..., 1.5886, 1.5215, 1.5022]],

         [[1.4974, 1.7170, 1.4314,  ..., 1.8939, 1.6781, 1.5895],
          [1.8201, 2.2314, 1.4323,  ..., 2.3148, 1.7628, 1.5190],
          [2.3276, 2.4910, 2.3534,  ..., 2.7192, 2.5917, 2.5387],
          ...,
          [1.6112, 1.8795, 1.4935,  ..., 2.0497, 1.7632, 1.6416],
          [1.8666, 1.9131, 1.9416,  ..., 2.0858, 2.0896, 2.0925],
          [1.3657, 1.4772, 1.3449,  ..., 1.5848, 1.4770, 1.4338]],

         ...,

         [[1.8140, 1.9651, 1.8381,  ..., 2.1790, 2.0658, 2.0209],
          [1.4970, 1.6949, 1.3398,  ..., 1.7467, 1.4866, 1.3804],
          [2.1917, 2.3028, 2.3852,  ..., 2.6912, 2.6963, 2.6914],
          ...,
          [1.7933, 1.9742, 1.9585,  ..., 2.3712, 2.3024, 2.2641],
          [1.6214, 1.7230, 1.6086,  ..., 1.8461, 1.7584, 1.7302],
          [1.4086, 1.5019, 1.3371,  ..., 1.5274, 1.4044, 1.3583]],

         [[1.1050, 1.2974, 1.0102,  ..., 1.4139, 1.2064, 1.1207],
          [1.4540, 1.6377, 1.4626,  ..., 1.8511, 1.7008, 1.6349],
          [1.2717, 1.3674, 1.3918,  ..., 1.6235, 1.6016, 1.5855],
          ...,
          [1.7244, 2.0056, 1.5033,  ..., 2.0952, 1.7389, 1.5940],
          [2.2455, 2.6253, 1.9110,  ..., 2.7055, 2.1959, 1.9826],
          [1.8732, 1.9081, 1.9406,  ..., 2.0574, 2.0674, 2.0730]],

         [[1.3095, 1.4231, 1.2962,  ..., 1.5485, 1.4476, 1.4097],
          [1.4891, 1.7287, 1.4637,  ..., 1.9620, 1.7515, 1.6600],
          [1.8383, 2.2028, 1.6376,  ..., 2.3996, 1.9964, 1.8250],
          ...,
          [2.4438, 2.6593, 2.7820,  ..., 3.3033, 3.2857, 3.2579],
          [1.7611, 2.1007, 1.6423,  ..., 2.3450, 2.0065, 1.8603],
          [1.5058, 1.5923, 1.6581,  ..., 1.8824, 1.8822, 1.8723]]]],
FEEEE
======================================================================
ERROR: test_attention_component_shapes_and_softmax (__main__.TestCausalSelfAttention.test_attention_component_shapes_and_softmax)
----------------------------------------------------------------------
Traceback (most recent call last):
  File "/gpfs/home6/scur2785/uvadlc_practicals_2024/assignment2/part2/public_unittest.py", line 68, in test_attention_component_shapes_and_softmax
    outputs = module(x)
              ^^^^^^^^^
  File "/home/scur2785/.conda/envs/dl2024/lib/python3.12/site-packages/torch/nn/modules/module.py", line 1736, in _wrapped_call_impl
    return self._call_impl(*args, **kwargs)
           ^^^^^^^^^^^^^^^^^^^^^^^^^^^^^^^^
  File "/home/scur2785/.conda/envs/dl2024/lib/python3.12/site-packages/torch/nn/modules/module.py", line 1747, in _call_impl
    return forward_call(*args, **kwargs)
           ^^^^^^^^^^^^^^^^^^^^^^^^^^^^^
  File "/gpfs/home6/scur2785/uvadlc_practicals_2024/assignment2/part2/gpt.py", line 170, in forward
    y = att @ v  # (B, nh, T, T) x (B, nh, T, hs) -> (B, nh, T, hs)
        ~~~~^~~
RuntimeError: The size of tensor a (5) must match the size of tensor b (8) at non-singleton dimension 2

======================================================================
ERROR: test_causal_masking (__main__.TestCausalSelfAttention.test_causal_masking)
----------------------------------------------------------------------
Traceback (most recent call last):
  File "/gpfs/home6/scur2785/uvadlc_practicals_2024/assignment2/part2/public_unittest.py", line 34, in test_causal_masking
    outputs = module(x)
              ^^^^^^^^^
  File "/home/scur2785/.conda/envs/dl2024/lib/python3.12/site-packages/torch/nn/modules/module.py", line 1736, in _wrapped_call_impl
    return self._call_impl(*args, **kwargs)
           ^^^^^^^^^^^^^^^^^^^^^^^^^^^^^^^^
  File "/home/scur2785/.conda/envs/dl2024/lib/python3.12/site-packages/torch/nn/modules/module.py", line 1747, in _call_impl
    return forward_call(*args, **kwargs)
           ^^^^^^^^^^^^^^^^^^^^^^^^^^^^^
  File "/gpfs/home6/scur2785/uvadlc_practicals_2024/assignment2/part2/gpt.py", line 170, in forward
    y = att @ v  # (B, nh, T, T) x (B, nh, T, hs) -> (B, nh, T, hs)
        ~~~~^~~
RuntimeError: The size of tensor a (5) must match the size of tensor b (8) at non-singleton dimension 2

======================================================================
ERROR: test_gradient_flow (__main__.TestCausalSelfAttention.test_gradient_flow)
----------------------------------------------------------------------
Traceback (most recent call last):
  File "/gpfs/home6/scur2785/uvadlc_practicals_2024/assignment2/part2/public_unittest.py", line 57, in test_gradient_flow
    output = module(x)
             ^^^^^^^^^
  File "/home/scur2785/.conda/envs/dl2024/lib/python3.12/site-packages/torch/nn/modules/module.py", line 1736, in _wrapped_call_impl
    return self._call_impl(*args, **kwargs)
           ^^^^^^^^^^^^^^^^^^^^^^^^^^^^^^^^
  File "/home/scur2785/.conda/envs/dl2024/lib/python3.12/site-packages/torch/nn/modules/module.py", line 1747, in _call_impl
    return forward_call(*args, **kwargs)
           ^^^^^^^^^^^^^^^^^^^^^^^^^^^^^
  File "/gpfs/home6/scur2785/uvadlc_practicals_2024/assignment2/part2/gpt.py", line 170, in forward
    y = att @ v  # (B, nh, T, T) x (B, nh, T, hs) -> (B, nh, T, hs)
        ~~~~^~~
RuntimeError: The size of tensor a (10) must match the size of tensor b (8) at non-singleton dimension 2

======================================================================
ERROR: test_output_shape (__main__.TestCausalSelfAttention.test_output_shape)
----------------------------------------------------------------------
Traceback (most recent call last):
  File "/gpfs/home6/scur2785/uvadlc_practicals_2024/assignment2/part2/public_unittest.py", line 26, in test_output_shape
    output = module(x)
             ^^^^^^^^^
  File "/home/scur2785/.conda/envs/dl2024/lib/python3.12/site-packages/torch/nn/modules/module.py", line 1736, in _wrapped_call_impl
    return self._call_impl(*args, **kwargs)
           ^^^^^^^^^^^^^^^^^^^^^^^^^^^^^^^^
  File "/home/scur2785/.conda/envs/dl2024/lib/python3.12/site-packages/torch/nn/modules/module.py", line 1747, in _call_impl
    return forward_call(*args, **kwargs)
           ^^^^^^^^^^^^^^^^^^^^^^^^^^^^^
  File "/gpfs/home6/scur2785/uvadlc_practicals_2024/assignment2/part2/gpt.py", line 170, in forward
    y = att @ v  # (B, nh, T, T) x (B, nh, T, hs) -> (B, nh, T, hs)
        ~~~~^~~
RuntimeError: The size of tensor a (10) must match the size of tensor b (8) at non-singleton dimension 2

======================================================================
FAIL: test_apply_rotary_emb (__main__.TestCausalSelfAttention.test_apply_rotary_emb)
----------------------------------------------------------------------
Traceback (most recent call last):
  File "/gpfs/home6/scur2785/uvadlc_practicals_2024/assignment2/part2/public_unittest.py", line 46, in test_apply_rotary_emb
    self.assertEqual(xq_rot.shape, xq.shape)
AssertionError: torch.Size([1, 8, 5, 5, 8]) != torch.Size([1, 8, 5, 8])

----------------------------------------------------------------------
Ran 5 tests in 0.091s

FAILED (failures=1, errors=4)
       grad_fn=<LinalgVectorNormBackward0>)
seq torch.Size([10])
freqs torch.Size([10, 4])
pos_emb torch.Size([1, 1, 10, 8])
xq norm before RoPE: tensor([[[1.6532, 1.3558, 1.6575, 0.6950, 2.1137, 1.0606, 1.6347, 1.7350,
          1.1191, 1.2080],
         [2.1460, 1.4222, 1.3042, 2.0251, 1.6667, 1.8956, 1.5831, 2.0523,
          1.6238, 1.0184],
         [2.6109, 1.8102, 1.8529, 1.0848, 0.8304, 1.0777, 1.2363, 1.7990,
          1.7427, 1.3508],
         [1.8235, 1.9482, 2.0298, 1.4870, 1.0633, 2.0403, 1.0937, 2.3046,
          1.1700, 1.0276],
         [1.6860, 2.7684, 2.0155, 1.5325, 1.7004, 1.2671, 1.7527, 2.6681,
          1.1125, 1.1770],
         [1.5352, 1.5416, 2.3806, 1.1832, 1.2686, 1.8552, 1.3670, 2.1613,
          1.7301, 1.6006],
         [1.4574, 1.8090, 1.0030, 1.3859, 1.7455, 1.4160, 1.4164, 1.5701,
          2.4823, 0.8800],
         [2.0845, 1.5224, 1.8229, 1.7889, 1.6561, 1.3986, 1.5846, 1.9008,
          1.5283, 0.9160]],

        [[1.4465, 1.7633, 2.3889, 1.3891, 1.4883, 0.8896, 2.0726, 2.0080,
          1.5453, 1.6359],
         [2.3870, 1.3491, 1.9064, 1.3659, 2.0556, 1.0796, 1.6708, 2.4046,
          1.5469, 1.3169],
         [2.1812, 0.8716, 1.4263, 2.5430, 1.4574, 1.6074, 2.4709, 1.3758,
          1.3884, 1.0157],
         [1.6074, 1.8983, 1.2041, 1.4835, 1.9628, 1.4860, 1.6478, 1.8691,
          1.2721, 0.9713],
         [1.5585, 2.1575, 1.5706, 1.2628, 2.0049, 1.0724, 1.1810, 1.4790,
          1.9071, 1.3327],
         [1.6571, 1.5604, 1.3534, 2.3931, 1.6336, 2.0754, 1.6500, 1.7002,
          1.7599, 0.9792],
         [1.8043, 1.3447, 2.2721, 1.7450, 1.4147, 2.3429, 1.8731, 1.9152,
          0.9756, 1.2738],
         [1.1058, 1.9301, 1.8651, 1.8732, 1.8727, 1.5378, 1.2815, 1.7465,
          1.4525, 1.6214]]], grad_fn=<LinalgVectorNormBackward0>)
xq_rot norm after RoPE: tensor([[[[1.6532, 2.0810, 1.2482,  ..., 2.1717, 1.6015, 1.3373],
          [1.3558, 1.3832, 1.3573,  ..., 1.4231, 1.4003, 1.3925],
          [1.6575, 1.8609, 1.6461,  ..., 2.0850, 1.9125, 1.8428],
          ...,
          [1.7350, 1.8414, 1.6878,  ..., 1.9289, 1.8177, 1.7822],
          [1.1191, 1.2606, 1.1677,  ..., 1.4723, 1.3798, 1.3374],
          [1.2080, 1.3952, 1.0880,  ..., 1.4752, 1.2500, 1.1555]],

         [[2.1460, 2.5919, 2.0232,  ..., 2.9402, 2.5175, 2.3317],
          [1.4222, 1.5129, 1.5745,  ..., 1.8062, 1.8030, 1.7925],
          [1.3042, 1.5283, 1.1551,  ..., 1.6243, 1.3570, 1.2461],
          ...,
          [2.0523, 2.1927, 2.1538,  ..., 2.4935, 2.4297, 2.4019],
          [1.6238, 1.7904, 1.5107,  ..., 1.8574, 1.6511, 1.5712],
          [1.0184, 1.1094, 1.0069,  ..., 1.2031, 1.1191, 1.0851]],

         [[2.6109, 2.6695, 2.5918,  ..., 2.7231, 2.6614, 2.6403],
          [1.8102, 1.9907, 1.6810,  ..., 2.0605, 1.8357, 1.7515],
          [1.8529, 2.1985, 1.5324,  ..., 2.2629, 1.7938, 1.5951],
          ...,
          [1.7990, 2.1281, 1.5461,  ..., 2.2328, 1.8165, 1.6387],
          [1.7427, 1.8290, 1.7003,  ..., 1.8839, 1.7846, 1.7481],
          [1.3508, 1.5701, 1.2320,  ..., 1.6880, 1.4404, 1.3368]],

         ...,

         [[1.5352, 1.7305, 1.3706,  ..., 1.7766, 1.5173, 1.4153],
          [1.5416, 1.9774, 1.0835,  ..., 2.0427, 1.4372, 1.1434],
          [2.3806, 2.6916, 2.5904,  ..., 3.2645, 3.1125, 3.0344],
          ...,
          [2.1613, 2.3507, 2.3488,  ..., 2.7941, 2.7295, 2.6931],
          [1.7301, 1.8675, 1.7600,  ..., 2.0762, 1.9792, 1.9421],
          [1.6006, 1.7075, 1.5529,  ..., 1.7951, 1.6840, 1.6487]],

         [[1.4574, 1.5473, 1.5407,  ..., 1.7650, 1.7333, 1.7186],
          [1.8090, 2.2968, 1.3305,  ..., 2.3870, 1.7251, 1.4097],
          [1.0030, 1.2747, 0.8096,  ..., 1.3826, 1.0628, 0.9156],
          ...,
          [1.5701, 1.6437, 1.5556,  ..., 1.7226, 1.6525, 1.6281],
          [2.4823, 2.6334, 2.7224,  ..., 3.1058, 3.0932, 3.0726],
          [0.8800, 0.9204, 0.9486,  ..., 1.0611, 1.0625, 1.0608]],

         [[2.0845, 2.2146, 2.2423,  ..., 2.5682, 2.5377, 2.5179],
          [1.5224, 1.6418, 1.6800,  ..., 1.9716, 1.9492, 1.9316],
          [1.8229, 2.3601, 1.2319,  ..., 2.4262, 1.6650, 1.2848],
          ...,
          [1.9008, 2.4365, 1.4035,  ..., 2.5620, 1.8594, 1.5239],
          [1.5283, 1.6429, 1.6440,  ..., 1.9241, 1.8881, 1.8696],
          [0.9160, 1.0737, 0.8082,  ..., 1.1387, 0.9490, 0.8704]]],


        [[[1.4465, 1.7350, 1.2605,  ..., 1.8610, 1.5216, 1.3743],
          [1.7633, 1.8510, 1.9087,  ..., 2.1503, 2.1516, 2.1476],
          [2.3889, 2.5168, 2.6002,  ..., 2.9386, 2.9350, 2.9228],
          ...,
          [2.0080, 2.2374, 1.8341,  ..., 2.3175, 2.0281, 1.9188],
          [1.5453, 1.6038, 1.5420,  ..., 1.6812, 1.6313, 1.6152],
          [1.6359, 1.7443, 1.5808,  ..., 1.8207, 1.7017, 1.6618]],

         [[2.3870, 2.9330, 2.1408,  ..., 3.2675, 2.6994, 2.4474],
          [1.3491, 1.7522, 0.9157,  ..., 1.8089, 1.2446, 0.9616],
          [1.9064, 2.1633, 1.7951,  ..., 2.3373, 2.0639, 1.9546],
          ...,
          [2.4046, 2.6287, 2.3684,  ..., 2.8533, 2.6442, 2.5613],
          [1.5469, 1.8783, 1.3800,  ..., 2.0676, 1.7107, 1.5549],
          [1.3169, 1.3971, 1.3948,  ..., 1.5946, 1.5673, 1.5538]],

         [[2.1812, 2.3403, 2.3144,  ..., 2.6997, 2.6362, 2.6067],
          [0.8716, 1.0524, 0.8169,  ..., 1.1897, 1.0159, 0.9400],
          [1.4263, 1.5937, 1.3426,  ..., 1.6946, 1.5074, 1.4333],
          ...,
          [1.3758, 1.4570, 1.4779,  ..., 1.6833, 1.6658, 1.6538],
          [1.3884, 1.5411, 1.3923,  ..., 1.7209, 1.5945, 1.5412],
          [1.0157, 1.2262, 0.9493,  ..., 1.3837, 1.1800, 1.0912]],

         ...,

         [[1.6571, 1.7583, 1.6899,  ..., 1.9257, 1.8570, 1.8292],
          [1.5604, 1.6212, 1.5879,  ..., 1.7416, 1.7065, 1.6947],
          [1.3534, 1.3996, 1.3661,  ..., 1.4759, 1.4421, 1.4288],
          ...,
          [1.7002, 1.8908, 1.5686,  ..., 1.9757, 1.7460, 1.6615],
          [1.7599, 2.0374, 1.6518,  ..., 2.2341, 1.9487, 1.8312],
          [0.9792, 1.0746, 1.0136,  ..., 1.2272, 1.1657, 1.1392]],

         [[1.8043, 1.9091, 1.8665,  ..., 2.1262, 2.0736, 2.0542],
          [1.3447, 1.4454, 1.3697,  ..., 1.5989, 1.5272, 1.4980],
          [2.2721, 2.3954, 2.4166,  ..., 2.7417, 2.7161, 2.7041],
          ...,
          [1.9152, 2.3175, 1.6880,  ..., 2.5219, 2.0703, 1.8720],
          [0.9756, 1.0502, 0.9551,  ..., 1.1245, 1.0540, 1.0305],
          [1.2738, 1.3412, 1.2928,  ..., 1.4582, 1.4144, 1.4002]],

         [[1.1058, 1.2990, 0.9466,  ..., 1.3506, 1.0992, 0.9934],
          [1.9301, 2.3313, 1.7099,  ..., 2.5444, 2.1000, 1.9073],
          [1.8651, 2.2713, 1.7777,  ..., 2.6092, 2.2400, 2.0760],
          ...,
          [1.7465, 2.0485, 1.6946,  ..., 2.3216, 2.0484, 1.9306],
          [1.4525, 1.5651, 1.6145,  ..., 1.8915, 1.8761, 1.8606],
          [1.6214, 1.7663, 1.5645,  ..., 1.8754, 1.7218, 1.6635]]]],
       grad_fn=<LinalgVectorNormBackward0>)
srun: error: gcn3: task 0: Exited with exit code 1
srun: Terminating StepId=8574306.0

JOB STATISTICS
==============
Job ID: 8574306
Cluster: snellius
User/Group: scur2785/scur2785
State: FAILED (exit code 1)
Nodes: 1
Cores per node: 9
CPU Utilized: 00:00:07
CPU Efficiency: 4.58% of 00:02:33 core-walltime
Job Wall-clock time: 00:00:17
Memory Utilized: 2.08 MB
Memory Efficiency: 0.00% of 60.00 GB
