============================================================================================== 
Warning! Mixing Conda and module environments may lead to corruption of the
user environment. 
We do not recommend users mixing those two environments unless absolutely
necessary. Note that 
SURF does not provide any support for Conda environment.
For more information, please refer to our software policy page:
https://servicedesk.surf.nl/wiki/display/WIKI/Software+policy+Snellius#SoftwarepolicySnellius-UseofAnacondaandMinicondaenvironmentsonSnellius 

Remember that many packages have already been installed on the system and can
be loaded using 
the 'module load <package__name>' command. If you are uncertain if a package is
already available 
on the system, please use 'module avail' or 'module spider' to search for it.
============================================================================================== 
usage: conda [-h] [--no-plugins] [-V] COMMAND ...
conda: error: argument COMMAND: invalid choice: 'activate' (choose from 'clean', 'compare', 'config', 'create', 'info', 'init', 'install', 'list', 'notices', 'package', 'remove', 'uninstall', 'rename', 'run', 'search', 'update', 'upgrade', 'build', 'convert', 'debug', 'develop', 'doctor', 'index', 'inspect', 'metapackage', 'render', 'skeleton', 'repo', 'env', 'server', 'pack', 'token', 'verify', 'content-trust')
/gpfs/home6/scur2785/uvadlc_practicals_2024/assignment2/part1/exercise1.1/net.py:294: FutureWarning: Positional args are being deprecated, use kwargs instead. Refer to https://pytorch.org/docs/main/generated/torch.nn.Module.html#torch.nn.Module.state_dict for details.
  torch.save(net.state_dict(net_model_wts), net_model)
/gpfs/home6/scur2785/uvadlc_practicals_2024/assignment2/part1/exercise1.1/net.py:308: FutureWarning: You are using `torch.load` with `weights_only=False` (the current default value), which uses the default pickle module implicitly. It is possible to construct malicious pickle data which will execute arbitrary code during unpickling (See https://github.com/pytorch/pytorch/blob/main/SECURITY.md#untrusted-models for more details). In a future release, the default value for `weights_only` will be flipped to `True`. This limits the functions that could be executed during unpickling. Arbitrary objects will no longer be allowed to be loaded via this mode unless they are explicitly allowlisted by the user via `torch.serialization.add_safe_globals`. We recommend you start setting `weights_only=True` for any use case where you don't have full control of the loaded file. Please open an issue on GitHub for any issues related to this experimental feature.
  net.load_state_dict(torch.load(net_model))  # using best model
Namespace(train_size=2000, val_size=1000, test_size=1000, conv_type='fconv', net_type='Net2', image_size=32, offset1=7, offset2=23, fluctuation=6, n_repeat=10, epochs=50, batch_size=200)
Round  :   1
Net(
  (conv1): Conv2d(3, 32, kernel_size=(3, 3), stride=(1, 1), padding=(2, 2), bias=False)
  (conv2): Conv2d(32, 32, kernel_size=(3, 3), stride=(2, 2), padding=(2, 2), bias=False)
  (conv3): Conv2d(32, 64, kernel_size=(3, 3), stride=(2, 2), padding=(2, 2), bias=False)
  (conv4): Conv2d(64, 64, kernel_size=(3, 3), stride=(2, 2), padding=(2, 2), bias=False)
  (fc1): Linear(in_features=64, out_features=2, bias=True)
  (fc2): Linear(in_features=2304, out_features=64, bias=True)
)
Model size: 832.133KB
Training is starting...
Epoch:   1
Loss: 0.6922 Acc: 0.6305
val loss:  0.003448665916919708
Accuracy of the network on the val images: 100.0000 %
Epoch:   2
Loss: 0.6069 Acc: 1.0000
val loss:  3.938170382753015e-05
Accuracy of the network on the val images: 100.0000 %
Epoch:   3
Loss: 0.0022 Acc: 1.0000
val loss:  2.8563177911564706e-06
Accuracy of the network on the val images: 100.0000 %
Epoch:   4
Loss: 0.0004 Acc: 1.0000
val loss:  1.2828649778384715e-06
Accuracy of the network on the val images: 100.0000 %
Epoch:   5
Loss: 0.0002 Acc: 1.0000
val loss:  7.703351438976824e-07
Accuracy of the network on the val images: 100.0000 %
Epoch:   6
Loss: 0.0001 Acc: 1.0000
val loss:  5.243946143309586e-07
Accuracy of the network on the val images: 100.0000 %
Epoch:   7
Loss: 0.0001 Acc: 1.0000
val loss:  3.843852246063761e-07
Accuracy of the network on the val images: 100.0000 %
Epoch:   8
Loss: 0.0001 Acc: 1.0000
val loss:  2.969779925479088e-07
Accuracy of the network on the val images: 100.0000 %
Epoch:   9
Loss: 0.0001 Acc: 1.0000
val loss:  2.3896589482319544e-07
Accuracy of the network on the val images: 100.0000 %
Epoch:  10
Loss: 0.0000 Acc: 1.0000
val loss:  1.9891983902198263e-07
Accuracy of the network on the val images: 100.0000 %
Epoch:  11
Loss: 0.0000 Acc: 1.0000
val loss:  1.7020128507283515e-07
Accuracy of the network on the val images: 100.0000 %
Epoch:  12
Loss: 0.0000 Acc: 1.0000
val loss:  1.4870236373099033e-07
Accuracy of the network on the val images: 100.0000 %
Epoch:  13
Loss: 0.0000 Acc: 1.0000
val loss:  1.321036306762835e-07
Accuracy of the network on the val images: 100.0000 %
Epoch:  14
Loss: 0.0000 Acc: 1.0000
val loss:  1.1904387974936981e-07
Accuracy of the network on the val images: 100.0000 %
Epoch:  15
Loss: 0.0000 Acc: 1.0000
val loss:  1.0845276119653136e-07
Accuracy of the network on the val images: 100.0000 %
Epoch:  16
Loss: 0.0000 Acc: 1.0000
val loss:  9.973903434001841e-08
Accuracy of the network on the val images: 100.0000 %
Epoch:  17
Loss: 0.0000 Acc: 1.0000
val loss:  9.241935731552075e-08
Accuracy of the network on the val images: 100.0000 %
Epoch:  18
Loss: 0.0000 Acc: 1.0000
val loss:  8.620884182164445e-08
Accuracy of the network on the val images: 100.0000 %
Epoch:  19
Loss: 0.0000 Acc: 1.0000
val loss:  8.08458626124775e-08
Accuracy of the network on the val images: 100.0000 %
Epoch:  20
Loss: 0.0000 Acc: 1.0000
val loss:  7.626364276802633e-08
Accuracy of the network on the val images: 100.0000 %
Epoch:  21
Loss: 0.0000 Acc: 1.0000
val loss:  7.218267728603678e-08
Accuracy of the network on the val images: 100.0000 %
Epoch:  22
Loss: 0.0000 Acc: 1.0000
val loss:  6.866375861136475e-08
Accuracy of the network on the val images: 100.0000 %
Epoch:  23
Loss: 0.0000 Acc: 1.0000
val loss:  6.551794012921163e-08
Accuracy of the network on the val images: 100.0000 %
Epoch:  24
Loss: 0.0000 Acc: 1.0000
val loss:  6.27428498773952e-08
Accuracy of the network on the val images: 100.0000 %
Epoch:  25
Loss: 0.0000 Acc: 1.0000
val loss:  6.023179685143987e-08
Accuracy of the network on the val images: 100.0000 %
Epoch:  26
Loss: 0.0000 Acc: 1.0000
val loss:  5.793411582999397e-08
Accuracy of the network on the val images: 100.0000 %
Epoch:  27
Loss: 0.0000 Acc: 1.0000
val loss:  5.5911193157953674e-08
Accuracy of the network on the val images: 100.0000 %
Epoch:  28
Loss: 0.0000 Acc: 1.0000
val loss:  5.4011650718166495e-08
Accuracy of the network on the val images: 100.0000 %
Epoch:  29
Loss: 0.0000 Acc: 1.0000
val loss:  5.234575473878067e-08
Accuracy of the network on the val images: 100.0000 %
Epoch:  30
Loss: 0.0000 Acc: 1.0000
val loss:  5.078236699773697e-08
Accuracy of the network on the val images: 100.0000 %
Epoch:  31
Loss: 0.0000 Acc: 1.0000
val loss:  4.933639866067097e-08
Accuracy of the network on the val images: 100.0000 %
Epoch:  32
Loss: 0.0000 Acc: 1.0000
val loss:  4.803288265975425e-08
Accuracy of the network on the val images: 100.0000 %
Epoch:  33
Loss: 0.0000 Acc: 1.0000
val loss:  4.681936570705147e-08
Accuracy of the network on the val images: 100.0000 %
Epoch:  34
Loss: 0.0000 Acc: 1.0000
val loss:  4.5709557525697166e-08
Accuracy of the network on the val images: 100.0000 %
Epoch:  35
Loss: 0.0000 Acc: 1.0000
val loss:  4.4652795622823757e-08
Accuracy of the network on the val images: 100.0000 %
Epoch:  36
Loss: 0.0000 Acc: 1.0000
val loss:  4.372179864731151e-08
Accuracy of the network on the val images: 100.0000 %
Epoch:  37
Loss: 0.0000 Acc: 1.0000
val loss:  4.278721917216899e-08
Accuracy of the network on the val images: 100.0000 %
Epoch:  38
Loss: 0.0000 Acc: 1.0000
val loss:  4.19545654040121e-08
Accuracy of the network on the val images: 100.0000 %
Epoch:  39
Loss: 0.0000 Acc: 1.0000
val loss:  4.118329843549873e-08
Accuracy of the network on the val images: 100.0000 %
Epoch:  40
Loss: 0.0000 Acc: 1.0000
val loss:  4.044481556775281e-08
Accuracy of the network on the val images: 100.0000 %
Epoch:  41
Loss: 0.0000 Acc: 1.0000
val loss:  3.9740305965096924e-08
Accuracy of the network on the val images: 100.0000 %
Epoch:  42
Loss: 0.0000 Acc: 1.0000
val loss:  3.909599354301463e-08
Accuracy of the network on the val images: 100.0000 %
Epoch:  43
Loss: 0.0000 Acc: 1.0000
val loss:  3.847433254122734e-08
Accuracy of the network on the val images: 100.0000 %
Epoch:  44
Loss: 0.0000 Acc: 1.0000
val loss:  3.79176376554824e-08
Accuracy of the network on the val images: 100.0000 %
Epoch:  45
Loss: 0.0000 Acc: 1.0000
val loss:  3.736272856258438e-08
Accuracy of the network on the val images: 100.0000 %
Epoch:  46
Loss: 0.0000 Acc: 1.0000
val loss:  3.685490901261801e-08
Accuracy of the network on the val images: 100.0000 %
Epoch:  47
Loss: 0.0000 Acc: 1.0000
val loss:  3.637093050201656e-08
Accuracy of the network on the val images: 100.0000 %
Epoch:  48
Loss: 0.0000 Acc: 1.0000
val loss:  3.5915560147259385e-08
Accuracy of the network on the val images: 100.0000 %
Epoch:  49
Loss: 0.0000 Acc: 1.0000
val loss:  3.548283939380781e-08
Accuracy of the network on the val images: 100.0000 %
Epoch:  50
Loss: 0.0000 Acc: 1.0000
val loss:  3.507992096274393e-08
Accuracy of the network on the val images: 100.0000 %
Training finished.
testing loss:  0.05869137191772461
Accuracy of the network on the testset images: 0.0000 %
Testing with testset finished
Round  :   2
Net(
  (conv1): Conv2d(3, 32, kernel_size=(3, 3), stride=(1, 1), padding=(2, 2), bias=False)
  (conv2): Conv2d(32, 32, kernel_size=(3, 3), stride=(2, 2), padding=(2, 2), bias=False)
  (conv3): Conv2d(32, 64, kernel_size=(3, 3), stride=(2, 2), padding=(2, 2), bias=False)
  (conv4): Conv2d(64, 64, kernel_size=(3, 3), stride=(2, 2), padding=(2, 2), bias=False)
  (fc1): Linear(in_features=64, out_features=2, bias=True)
  (fc2): Linear(in_features=2304, out_features=64, bias=True)
)
Model size: 832.133KB
Training is starting...
Epoch:   1
Loss: 0.6920 Acc: 0.5000
val loss:  0.0034348300099372865
Accuracy of the network on the val images: 91.0000 %
Epoch:   2
Loss: 0.4552 Acc: 0.9925
val loss:  1.1371541069820523e-05
Accuracy of the network on the val images: 100.0000 %
Epoch:   3
Loss: 0.0011 Acc: 1.0000
val loss:  2.3168973566498606e-06
Accuracy of the network on the val images: 100.0000 %
Epoch:   4
Loss: 0.0003 Acc: 1.0000
val loss:  1.1549430200830102e-06
Accuracy of the network on the val images: 100.0000 %
Epoch:   5
Loss: 0.0002 Acc: 1.0000
val loss:  7.227333699120208e-07
Accuracy of the network on the val images: 100.0000 %
Epoch:   6
Loss: 0.0001 Acc: 1.0000
val loss:  5.03085320815444e-07
Accuracy of the network on the val images: 100.0000 %
Epoch:   7
Loss: 0.0001 Acc: 1.0000
val loss:  3.740377724170685e-07
Accuracy of the network on the val images: 100.0000 %
Epoch:   8
Loss: 0.0001 Acc: 1.0000
val loss:  2.9206043836893514e-07
Accuracy of the network on the val images: 100.0000 %
Epoch:   9
Loss: 0.0001 Acc: 1.0000
val loss:  2.3739180323900656e-07
Accuracy of the network on the val images: 100.0000 %
Epoch:  10
Loss: 0.0000 Acc: 1.0000
val loss:  1.9919922488043085e-07
Accuracy of the network on the val images: 100.0000 %
Epoch:  11
Loss: 0.0000 Acc: 1.0000
val loss:  1.713827768980991e-07
Accuracy of the network on the val images: 100.0000 %
Epoch:  12
Loss: 0.0000 Acc: 1.0000
val loss:  1.504952524555847e-07
Accuracy of the network on the val images: 100.0000 %
Epoch:  13
Loss: 0.0000 Acc: 1.0000
val loss:  1.3430558283289428e-07
Accuracy of the network on the val images: 100.0000 %
Epoch:  14
Loss: 0.0000 Acc: 1.0000
val loss:  1.213823397847591e-07
Accuracy of the network on the val images: 100.0000 %
Epoch:  15
Loss: 0.0000 Acc: 1.0000
val loss:  1.1092934255430009e-07
Accuracy of the network on the val images: 100.0000 %
Epoch:  16
Loss: 0.0000 Acc: 1.0000
val loss:  1.0221597585768904e-07
Accuracy of the network on the val images: 100.0000 %
Epoch:  17
Loss: 0.0000 Acc: 1.0000
val loss:  9.486679482506588e-08
Accuracy of the network on the val images: 100.0000 %
Epoch:  18
Loss: 0.0000 Acc: 1.0000
val loss:  8.871136105881305e-08
Accuracy of the network on the val images: 100.0000 %
Epoch:  19
Loss: 0.0000 Acc: 1.0000
val loss:  8.336703922395827e-08
Accuracy of the network on the val images: 100.0000 %
Epoch:  20
Loss: 0.0000 Acc: 1.0000
val loss:  7.867592830734793e-08
Accuracy of the network on the val images: 100.0000 %
Epoch:  21
Loss: 0.0000 Acc: 1.0000
val loss:  7.463861948053818e-08
Accuracy of the network on the val images: 100.0000 %
Epoch:  22
Loss: 0.0000 Acc: 1.0000
val loss:  7.10214781065588e-08
Accuracy of the network on the val images: 100.0000 %
Epoch:  23
Loss: 0.0000 Acc: 1.0000
val loss:  6.784536708437372e-08
Accuracy of the network on the val images: 100.0000 %
Epoch:  24
Loss: 0.0000 Acc: 1.0000
val loss:  6.501314601337072e-08
Accuracy of the network on the val images: 100.0000 %
Epoch:  25
Loss: 0.0000 Acc: 1.0000
val loss:  6.246700013434747e-08
Accuracy of the network on the val images: 100.0000 %
Epoch:  26
Loss: 0.0000 Acc: 1.0000
val loss:  6.013303118379554e-08
Accuracy of the network on the val images: 100.0000 %
Epoch:  27
Loss: 0.0000 Acc: 1.0000
val loss:  5.807680008729221e-08
Accuracy of the network on the val images: 100.0000 %
Epoch:  28
Loss: 0.0000 Acc: 1.0000
val loss:  5.613916982838418e-08
Accuracy of the network on the val images: 100.0000 %
Epoch:  29
Loss: 0.0000 Acc: 1.0000
val loss:  5.439166488940827e-08
Accuracy of the network on the val images: 100.0000 %
Epoch:  30
Loss: 0.0000 Acc: 1.0000
val loss:  5.279733886709437e-08
Accuracy of the network on the val images: 100.0000 %
Epoch:  31
Loss: 0.0000 Acc: 1.0000
val loss:  5.13520026288461e-08
Accuracy of the network on the val images: 100.0000 %
Epoch:  32
Loss: 0.0000 Acc: 1.0000
val loss:  4.9992498134088236e-08
Accuracy of the network on the val images: 100.0000 %
Epoch:  33
Loss: 0.0000 Acc: 1.0000
val loss:  4.873610032518627e-08
Accuracy of the network on the val images: 100.0000 %
Epoch:  34
Loss: 0.0000 Acc: 1.0000
val loss:  4.7583408559148664e-08
Accuracy of the network on the val images: 100.0000 %
Epoch:  35
Loss: 0.0000 Acc: 1.0000
val loss:  4.648137473850511e-08
Accuracy of the network on the val images: 100.0000 %
Epoch:  36
Loss: 0.0000 Acc: 1.0000
val loss:  4.551702068056329e-08
Accuracy of the network on the val images: 100.0000 %
Epoch:  37
Loss: 0.0000 Acc: 1.0000
val loss:  4.460154286789475e-08
Accuracy of the network on the val images: 100.0000 %
Epoch:  38
Loss: 0.0000 Acc: 1.0000
val loss:  4.3699771140381924e-08
Accuracy of the network on the val images: 100.0000 %
Epoch:  39
Loss: 0.0000 Acc: 1.0000
val loss:  4.2913027755275834e-08
Accuracy of the network on the val images: 100.0000 %
Epoch:  40
Loss: 0.0000 Acc: 1.0000
val loss:  4.213164993416285e-08
Accuracy of the network on the val images: 100.0000 %
Epoch:  41
Loss: 0.0000 Acc: 1.0000
val loss:  4.1391397644474634e-08
Accuracy of the network on the val images: 100.0000 %
Epoch:  42
Loss: 0.0000 Acc: 1.0000
val loss:  4.0742333567322934e-08
Accuracy of the network on the val images: 100.0000 %
Epoch:  43
Loss: 0.0000 Acc: 1.0000
val loss:  4.008850055470248e-08
Accuracy of the network on the val images: 100.0000 %
Epoch:  44
Loss: 0.0000 Acc: 1.0000
val loss:  3.952228325942997e-08
Accuracy of the network on the val images: 100.0000 %
Epoch:  45
Loss: 0.0000 Acc: 1.0000
val loss:  3.8953681269049415e-08
Accuracy of the network on the val images: 100.0000 %
Epoch:  46
Loss: 0.0000 Acc: 1.0000
val loss:  3.8410708839364816e-08
Accuracy of the network on the val images: 100.0000 %
Epoch:  47
Loss: 0.0000 Acc: 1.0000
val loss:  3.791720064327819e-08
Accuracy of the network on the val images: 100.0000 %
Epoch:  48
Loss: 0.0000 Acc: 1.0000
val loss:  3.744038622244261e-08
Accuracy of the network on the val images: 100.0000 %
Epoch:  49
Loss: 0.0000 Acc: 1.0000
val loss:  3.698741011248785e-08
Accuracy of the network on the val images: 100.0000 %
Epoch:  50
Loss: 0.0000 Acc: 1.0000
val loss:  3.6569007534126285e-08
Accuracy of the network on the val images: 100.0000 %
Training finished.
testing loss:  0.05357106590270996
Accuracy of the network on the testset images: 0.0000 %
Testing with testset finished
Round  :   3
Net(
  (conv1): Conv2d(3, 32, kernel_size=(3, 3), stride=(1, 1), padding=(2, 2), bias=False)
  (conv2): Conv2d(32, 32, kernel_size=(3, 3), stride=(2, 2), padding=(2, 2), bias=False)
  (conv3): Conv2d(32, 64, kernel_size=(3, 3), stride=(2, 2), padding=(2, 2), bias=False)
  (conv4): Conv2d(64, 64, kernel_size=(3, 3), stride=(2, 2), padding=(2, 2), bias=False)
  (fc1): Linear(in_features=64, out_features=2, bias=True)
  (fc2): Linear(in_features=2304, out_features=64, bias=True)
)
Model size: 832.133KB
Training is starting...
Epoch:   1
Loss: 0.6921 Acc: 0.5465
val loss:  0.0034451562166213988
Accuracy of the network on the val images: 100.0000 %
Epoch:   2
Loss: 0.5516 Acc: 1.0000
val loss:  2.7099980972707273e-05
Accuracy of the network on the val images: 100.0000 %
Epoch:   3
Loss: 0.0018 Acc: 1.0000
val loss:  2.79145484091714e-06
Accuracy of the network on the val images: 100.0000 %
Epoch:   4
Loss: 0.0004 Acc: 1.0000
val loss:  1.2772801710525527e-06
Accuracy of the network on the val images: 100.0000 %
Epoch:   5
Loss: 0.0002 Acc: 1.0000
val loss:  7.680511334910989e-07
Accuracy of the network on the val images: 100.0000 %
Epoch:   6
Loss: 0.0001 Acc: 1.0000
val loss:  5.214418779360131e-07
Accuracy of the network on the val images: 100.0000 %
Epoch:   7
Loss: 0.0001 Acc: 1.0000
val loss:  3.809041445492767e-07
Accuracy of the network on the val images: 100.0000 %
Epoch:   8
Loss: 0.0001 Acc: 1.0000
val loss:  2.9390761847025713e-07
Accuracy of the network on the val images: 100.0000 %
Epoch:   9
Loss: 0.0001 Acc: 1.0000
val loss:  2.3702737234998496e-07
Accuracy of the network on the val images: 100.0000 %
Epoch:  10
Loss: 0.0000 Acc: 1.0000
val loss:  1.9782829986070283e-07
Accuracy of the network on the val images: 100.0000 %
Epoch:  11
Loss: 0.0000 Acc: 1.0000
val loss:  1.6965392387646716e-07
Accuracy of the network on the val images: 100.0000 %
Epoch:  12
Loss: 0.0000 Acc: 1.0000
val loss:  1.485406592109939e-07
Accuracy of the network on the val images: 100.0000 %
Epoch:  13
Loss: 0.0000 Acc: 1.0000
val loss:  1.322769221587805e-07
Accuracy of the network on the val images: 100.0000 %
Epoch:  14
Loss: 0.0000 Acc: 1.0000
val loss:  1.1938228635699488e-07
Accuracy of the network on the val images: 100.0000 %
Epoch:  15
Loss: 0.0000 Acc: 1.0000
val loss:  1.0884720541071146e-07
Accuracy of the network on the val images: 100.0000 %
Epoch:  16
Loss: 0.0000 Acc: 1.0000
val loss:  1.0014481631515082e-07
Accuracy of the network on the val images: 100.0000 %
Epoch:  17
Loss: 0.0000 Acc: 1.0000
val loss:  9.292171307606623e-08
Accuracy of the network on the val images: 100.0000 %
Epoch:  18
Loss: 0.0000 Acc: 1.0000
val loss:  8.671180148667191e-08
Accuracy of the network on the val images: 100.0000 %
Epoch:  19
Loss: 0.0000 Acc: 1.0000
val loss:  8.14388231447083e-08
Accuracy of the network on the val images: 100.0000 %
Epoch:  20
Loss: 0.0000 Acc: 1.0000
val loss:  7.680893759243191e-08
Accuracy of the network on the val images: 100.0000 %
Epoch:  21
Loss: 0.0000 Acc: 1.0000
val loss:  7.281320995389251e-08
Accuracy of the network on the val images: 100.0000 %
Epoch:  22
Loss: 0.0000 Acc: 1.0000
val loss:  6.92847552272724e-08
Accuracy of the network on the val images: 100.0000 %
Epoch:  23
Loss: 0.0000 Acc: 1.0000
val loss:  6.608768853766378e-08
Accuracy of the network on the val images: 100.0000 %
Epoch:  24
Loss: 0.0000 Acc: 1.0000
val loss:  6.328756990114925e-08
Accuracy of the network on the val images: 100.0000 %
Epoch:  25
Loss: 0.0000 Acc: 1.0000
val loss:  6.08033360549598e-08
Accuracy of the network on the val images: 100.0000 %
Epoch:  26
Loss: 0.0000 Acc: 1.0000
val loss:  5.849909757671412e-08
Accuracy of the network on the val images: 100.0000 %
Epoch:  27
Loss: 0.0000 Acc: 1.0000
val loss:  5.64565134482109e-08
Accuracy of the network on the val images: 100.0000 %
Epoch:  28
Loss: 0.0000 Acc: 1.0000
val loss:  5.458082068798831e-08
Accuracy of the network on the val images: 100.0000 %
Epoch:  29
Loss: 0.0000 Acc: 1.0000
val loss:  5.2870218496536834e-08
Accuracy of the network on the val images: 100.0000 %
Epoch:  30
Loss: 0.0000 Acc: 1.0000
val loss:  5.1324123887752646e-08
Accuracy of the network on the val images: 100.0000 %
Epoch:  31
Loss: 0.0000 Acc: 1.0000
val loss:  4.985610303265275e-08
Accuracy of the network on the val images: 100.0000 %
Epoch:  32
Loss: 0.0000 Acc: 1.0000
val loss:  4.856212490267353e-08
Accuracy of the network on the val images: 100.0000 %
Epoch:  33
Loss: 0.0000 Acc: 1.0000
val loss:  4.735754646389978e-08
Accuracy of the network on the val images: 100.0000 %
Epoch:  34
Loss: 0.0000 Acc: 1.0000
val loss:  4.620721392711857e-08
Accuracy of the network on the val images: 100.0000 %
Epoch:  35
Loss: 0.0000 Acc: 1.0000
val loss:  4.5157606109569317e-08
Accuracy of the network on the val images: 100.0000 %
Epoch:  36
Loss: 0.0000 Acc: 1.0000
val loss:  4.4183693717059214e-08
Accuracy of the network on the val images: 100.0000 %
Epoch:  37
Loss: 0.0000 Acc: 1.0000
val loss:  4.325805684857187e-08
Accuracy of the network on the val images: 100.0000 %
Epoch:  38
Loss: 0.0000 Acc: 1.0000
val loss:  4.242599698045524e-08
Accuracy of the network on the val images: 100.0000 %
Epoch:  39
Loss: 0.0000 Acc: 1.0000
val loss:  4.164698566455627e-08
Accuracy of the network on the val images: 100.0000 %
Epoch:  40
Loss: 0.0000 Acc: 1.0000
val loss:  4.08834694098914e-08
Accuracy of the network on the val images: 100.0000 %
Epoch:  41
Loss: 0.0000 Acc: 1.0000
val loss:  4.019505468022544e-08
Accuracy of the network on the val images: 100.0000 %
Epoch:  42
Loss: 0.0000 Acc: 1.0000
val loss:  3.954835892727715e-08
Accuracy of the network on the val images: 100.0000 %
Epoch:  43
Loss: 0.0000 Acc: 1.0000
val loss:  3.89308715966763e-08
Accuracy of the network on the val images: 100.0000 %
Epoch:  44
Loss: 0.0000 Acc: 1.0000
val loss:  3.832649917967501e-08
Accuracy of the network on the val images: 100.0000 %
Epoch:  45
Loss: 0.0000 Acc: 1.0000
val loss:  3.778768405027222e-08
Accuracy of the network on the val images: 100.0000 %
Epoch:  46
Loss: 0.0000 Acc: 1.0000
val loss:  3.7263769172568575e-08
Accuracy of the network on the val images: 100.0000 %
Epoch:  47
Loss: 0.0000 Acc: 1.0000
val loss:  3.680244026327273e-08
Accuracy of the network on the val images: 100.0000 %
Epoch:  48
Loss: 0.0000 Acc: 1.0000
val loss:  3.634051427070517e-08
Accuracy of the network on the val images: 100.0000 %
Epoch:  49
Loss: 0.0000 Acc: 1.0000
val loss:  3.588991057767999e-08
Accuracy of the network on the val images: 100.0000 %
Epoch:  50
Loss: 0.0000 Acc: 1.0000
val loss:  3.549474240571726e-08
Accuracy of the network on the val images: 100.0000 %
Training finished.
testing loss:  0.061540440559387205
Accuracy of the network on the testset images: 0.0000 %
Testing with testset finished
Round  :   4
Net(
  (conv1): Conv2d(3, 32, kernel_size=(3, 3), stride=(1, 1), padding=(2, 2), bias=False)
  (conv2): Conv2d(32, 32, kernel_size=(3, 3), stride=(2, 2), padding=(2, 2), bias=False)
  (conv3): Conv2d(32, 64, kernel_size=(3, 3), stride=(2, 2), padding=(2, 2), bias=False)
  (conv4): Conv2d(64, 64, kernel_size=(3, 3), stride=(2, 2), padding=(2, 2), bias=False)
  (fc1): Linear(in_features=64, out_features=2, bias=True)
  (fc2): Linear(in_features=2304, out_features=64, bias=True)
)
Model size: 832.133KB
Training is starting...
Epoch:   1
Loss: 0.6924 Acc: 0.7460
val loss:  0.003453517198562622
Accuracy of the network on the val images: 100.0000 %
Epoch:   2
Loss: 0.6751 Acc: 1.0000
val loss:  0.0024205863773822784
Accuracy of the network on the val images: 100.0000 %
Epoch:   3
Loss: 0.0676 Acc: 1.0000
val loss:  3.4672641777433453e-06
Accuracy of the network on the val images: 100.0000 %
Epoch:   4
Loss: 0.0005 Acc: 1.0000
val loss:  1.4093850331846625e-06
Accuracy of the network on the val images: 100.0000 %
Epoch:   5
Loss: 0.0002 Acc: 1.0000
val loss:  8.167800697265193e-07
Accuracy of the network on the val images: 100.0000 %
Epoch:   6
Loss: 0.0001 Acc: 1.0000
val loss:  5.450002354336903e-07
Accuracy of the network on the val images: 100.0000 %
Epoch:   7
Loss: 0.0001 Acc: 1.0000
val loss:  3.9395978092215954e-07
Accuracy of the network on the val images: 100.0000 %
Epoch:   8
Loss: 0.0001 Acc: 1.0000
val loss:  3.014317881024908e-07
Accuracy of the network on the val images: 100.0000 %
Epoch:   9
Loss: 0.0001 Acc: 1.0000
val loss:  2.41058471146971e-07
Accuracy of the network on the val images: 100.0000 %
Epoch:  10
Loss: 0.0000 Acc: 1.0000
val loss:  1.996729042730294e-07
Accuracy of the network on the val images: 100.0000 %
Epoch:  11
Loss: 0.0000 Acc: 1.0000
val loss:  1.7024667249643244e-07
Accuracy of the network on the val images: 100.0000 %
Epoch:  12
Loss: 0.0000 Acc: 1.0000
val loss:  1.4841265146969816e-07
Accuracy of the network on the val images: 100.0000 %
Epoch:  13
Loss: 0.0000 Acc: 1.0000
val loss:  1.3169222438591534e-07
Accuracy of the network on the val images: 100.0000 %
Epoch:  14
Loss: 0.0000 Acc: 1.0000
val loss:  1.1840890329040121e-07
Accuracy of the network on the val images: 100.0000 %
Epoch:  15
Loss: 0.0000 Acc: 1.0000
val loss:  1.0783738434838597e-07
Accuracy of the network on the val images: 100.0000 %
Epoch:  16
Loss: 0.0000 Acc: 1.0000
val loss:  9.903719001158606e-08
Accuracy of the network on the val images: 100.0000 %
Epoch:  17
Loss: 0.0000 Acc: 1.0000
val loss:  9.174370097753126e-08
Accuracy of the network on the val images: 100.0000 %
Epoch:  18
Loss: 0.0000 Acc: 1.0000
val loss:  8.550634083803743e-08
Accuracy of the network on the val images: 100.0000 %
Epoch:  19
Loss: 0.0000 Acc: 1.0000
val loss:  8.01624028099468e-08
Accuracy of the network on the val images: 100.0000 %
Epoch:  20
Loss: 0.0000 Acc: 1.0000
val loss:  7.556110085715772e-08
Accuracy of the network on the val images: 100.0000 %
Epoch:  21
Loss: 0.0000 Acc: 1.0000
val loss:  7.155223829613533e-08
Accuracy of the network on the val images: 100.0000 %
Epoch:  22
Loss: 0.0000 Acc: 1.0000
val loss:  6.800052051403327e-08
Accuracy of the network on the val images: 100.0000 %
Epoch:  23
Loss: 0.0000 Acc: 1.0000
val loss:  6.487495556939393e-08
Accuracy of the network on the val images: 100.0000 %
Epoch:  24
Loss: 0.0000 Acc: 1.0000
val loss:  6.20962755419896e-08
Accuracy of the network on the val images: 100.0000 %
Epoch:  25
Loss: 0.0000 Acc: 1.0000
val loss:  5.958938163530547e-08
Accuracy of the network on the val images: 100.0000 %
Epoch:  26
Loss: 0.0000 Acc: 1.0000
val loss:  5.736797902500257e-08
Accuracy of the network on the val images: 100.0000 %
Epoch:  27
Loss: 0.0000 Acc: 1.0000
val loss:  5.5313468692475e-08
Accuracy of the network on the val images: 100.0000 %
Epoch:  28
Loss: 0.0000 Acc: 1.0000
val loss:  5.344074361346429e-08
Accuracy of the network on the val images: 100.0000 %
Epoch:  29
Loss: 0.0000 Acc: 1.0000
val loss:  5.176053127797786e-08
Accuracy of the network on the val images: 100.0000 %
Epoch:  30
Loss: 0.0000 Acc: 1.0000
val loss:  5.021622018830385e-08
Accuracy of the network on the val images: 100.0000 %
Epoch:  31
Loss: 0.0000 Acc: 1.0000
val loss:  4.8827466343936975e-08
Accuracy of the network on the val images: 100.0000 %
Epoch:  32
Loss: 0.0000 Acc: 1.0000
val loss:  4.748401261167601e-08
Accuracy of the network on the val images: 100.0000 %
Epoch:  33
Loss: 0.0000 Acc: 1.0000
val loss:  4.63020778624923e-08
Accuracy of the network on the val images: 100.0000 %
Epoch:  34
Loss: 0.0000 Acc: 1.0000
val loss:  4.5180941015132704e-08
Accuracy of the network on the val images: 100.0000 %
Epoch:  35
Loss: 0.0000 Acc: 1.0000
val loss:  4.4166494262753986e-08
Accuracy of the network on the val images: 100.0000 %
Epoch:  36
Loss: 0.0000 Acc: 1.0000
val loss:  4.31937687608297e-08
Accuracy of the network on the val images: 100.0000 %
Epoch:  37
Loss: 0.0000 Acc: 1.0000
val loss:  4.233428990119137e-08
Accuracy of the network on the val images: 100.0000 %
Epoch:  38
Loss: 0.0000 Acc: 1.0000
val loss:  4.145990851611714e-08
Accuracy of the network on the val images: 100.0000 %
Epoch:  39
Loss: 0.0000 Acc: 1.0000
val loss:  4.0725599319557656e-08
Accuracy of the network on the val images: 100.0000 %
Epoch:  40
Loss: 0.0000 Acc: 1.0000
val loss:  3.998234478785889e-08
Accuracy of the network on the val images: 100.0000 %
Epoch:  41
Loss: 0.0000 Acc: 1.0000
val loss:  3.9300481603277147e-08
Accuracy of the network on the val images: 100.0000 %
Epoch:  42
Loss: 0.0000 Acc: 1.0000
val loss:  3.8619809402007375e-08
Accuracy of the network on the val images: 100.0000 %
Epoch:  43
Loss: 0.0000 Acc: 1.0000
val loss:  3.8049404793127905e-08
Accuracy of the network on the val images: 100.0000 %
Epoch:  44
Loss: 0.0000 Acc: 1.0000
val loss:  3.7471848827408396e-08
Accuracy of the network on the val images: 100.0000 %
Epoch:  45
Loss: 0.0000 Acc: 1.0000
val loss:  3.6937205550202636e-08
Accuracy of the network on the val images: 100.0000 %
Epoch:  46
Loss: 0.0000 Acc: 1.0000
val loss:  3.644488106147037e-08
Accuracy of the network on the val images: 100.0000 %
Epoch:  47
Loss: 0.0000 Acc: 1.0000
val loss:  3.5930501780967463e-08
Accuracy of the network on the val images: 100.0000 %
Epoch:  48
Loss: 0.0000 Acc: 1.0000
val loss:  3.5505526284396184e-08
Accuracy of the network on the val images: 100.0000 %
Epoch:  49
Loss: 0.0000 Acc: 1.0000
val loss:  3.507399833324598e-08
Accuracy of the network on the val images: 100.0000 %
Epoch:  50
Loss: 0.0000 Acc: 1.0000
val loss:  3.467703754722606e-08
Accuracy of the network on the val images: 100.0000 %
Training finished.
testing loss:  0.06222559070587158
Accuracy of the network on the testset images: 0.0000 %
Testing with testset finished
Round  :   5
Net(
  (conv1): Conv2d(3, 32, kernel_size=(3, 3), stride=(1, 1), padding=(2, 2), bias=False)
  (conv2): Conv2d(32, 32, kernel_size=(3, 3), stride=(2, 2), padding=(2, 2), bias=False)
  (conv3): Conv2d(32, 64, kernel_size=(3, 3), stride=(2, 2), padding=(2, 2), bias=False)
  (conv4): Conv2d(64, 64, kernel_size=(3, 3), stride=(2, 2), padding=(2, 2), bias=False)
  (fc1): Linear(in_features=64, out_features=2, bias=True)
  (fc2): Linear(in_features=2304, out_features=64, bias=True)
)
Model size: 832.133KB
Training is starting...
Epoch:   1
Loss: 0.6920 Acc: 0.6425
val loss:  0.0034394405484199525
Accuracy of the network on the val images: 100.0000 %
Epoch:   2
Loss: 0.4622 Acc: 1.0000
val loss:  8.682738291099667e-06
Accuracy of the network on the val images: 100.0000 %
Epoch:   3
Loss: 0.0009 Acc: 1.0000
val loss:  1.9756721158046277e-06
Accuracy of the network on the val images: 100.0000 %
Epoch:   4
Loss: 0.0003 Acc: 1.0000
val loss:  9.998520545195788e-07
Accuracy of the network on the val images: 100.0000 %
Epoch:   5
Loss: 0.0002 Acc: 1.0000
val loss:  6.277316351770423e-07
Accuracy of the network on the val images: 100.0000 %
Epoch:   6
Loss: 0.0001 Acc: 1.0000
val loss:  4.3858574645128103e-07
Accuracy of the network on the val images: 100.0000 %
Epoch:   7
Loss: 0.0001 Acc: 1.0000
val loss:  3.280878809164278e-07
Accuracy of the network on the val images: 100.0000 %
Epoch:   8
Loss: 0.0001 Acc: 1.0000
val loss:  2.5836098575382493e-07
Accuracy of the network on the val images: 100.0000 %
Epoch:   9
Loss: 0.0000 Acc: 1.0000
val loss:  2.1156189541216008e-07
Accuracy of the network on the val images: 100.0000 %
Epoch:  10
Loss: 0.0000 Acc: 1.0000
val loss:  1.7870355804916473e-07
Accuracy of the network on the val images: 100.0000 %
Epoch:  11
Loss: 0.0000 Acc: 1.0000
val loss:  1.5468532910745125e-07
Accuracy of the network on the val images: 100.0000 %
Epoch:  12
Loss: 0.0000 Acc: 1.0000
val loss:  1.3645947001350578e-07
Accuracy of the network on the val images: 100.0000 %
Epoch:  13
Loss: 0.0000 Acc: 1.0000
val loss:  1.2219339078001213e-07
Accuracy of the network on the val images: 100.0000 %
Epoch:  14
Loss: 0.0000 Acc: 1.0000
val loss:  1.1074696703872177e-07
Accuracy of the network on the val images: 100.0000 %
Epoch:  15
Loss: 0.0000 Acc: 1.0000
val loss:  1.0139489677385427e-07
Accuracy of the network on the val images: 100.0000 %
Epoch:  16
Loss: 0.0000 Acc: 1.0000
val loss:  9.368540668219794e-08
Accuracy of the network on the val images: 100.0000 %
Epoch:  17
Loss: 0.0000 Acc: 1.0000
val loss:  8.715303920325823e-08
Accuracy of the network on the val images: 100.0000 %
Epoch:  18
Loss: 0.0000 Acc: 1.0000
val loss:  8.154626630130224e-08
Accuracy of the network on the val images: 100.0000 %
Epoch:  19
Loss: 0.0000 Acc: 1.0000
val loss:  7.67369647292071e-08
Accuracy of the network on the val images: 100.0000 %
Epoch:  20
Loss: 0.0000 Acc: 1.0000
val loss:  7.256361095642205e-08
Accuracy of the network on the val images: 100.0000 %
Epoch:  21
Loss: 0.0000 Acc: 1.0000
val loss:  6.88777954565012e-08
Accuracy of the network on the val images: 100.0000 %
Epoch:  22
Loss: 0.0000 Acc: 1.0000
val loss:  6.560442398040323e-08
Accuracy of the network on the val images: 100.0000 %
Epoch:  23
Loss: 0.0000 Acc: 1.0000
val loss:  6.274528459471185e-08
Accuracy of the network on the val images: 100.0000 %
Epoch:  24
Loss: 0.0000 Acc: 1.0000
val loss:  6.014303198753624e-08
Accuracy of the network on the val images: 100.0000 %
Epoch:  25
Loss: 0.0000 Acc: 1.0000
val loss:  5.7840579756884835e-08
Accuracy of the network on the val images: 100.0000 %
Epoch:  26
Loss: 0.0000 Acc: 1.0000
val loss:  5.571871679421747e-08
Accuracy of the network on the val images: 100.0000 %
Epoch:  27
Loss: 0.0000 Acc: 1.0000
val loss:  5.381678784033284e-08
Accuracy of the network on the val images: 100.0000 %
Epoch:  28
Loss: 0.0000 Acc: 1.0000
val loss:  5.211870211496716e-08
Accuracy of the network on the val images: 100.0000 %
Epoch:  29
Loss: 0.0000 Acc: 1.0000
val loss:  5.0495121286076026e-08
Accuracy of the network on the val images: 100.0000 %
Epoch:  30
Loss: 0.0000 Acc: 1.0000
val loss:  4.903663102595601e-08
Accuracy of the network on the val images: 100.0000 %
Epoch:  31
Loss: 0.0000 Acc: 1.0000
val loss:  4.7752781938470436e-08
Accuracy of the network on the val images: 100.0000 %
Epoch:  32
Loss: 0.0000 Acc: 1.0000
val loss:  4.64963504782645e-08
Accuracy of the network on the val images: 100.0000 %
Epoch:  33
Loss: 0.0000 Acc: 1.0000
val loss:  4.537282893579686e-08
Accuracy of the network on the val images: 100.0000 %
Epoch:  34
Loss: 0.0000 Acc: 1.0000
val loss:  4.433394587977091e-08
Accuracy of the network on the val images: 100.0000 %
Epoch:  35
Loss: 0.0000 Acc: 1.0000
val loss:  4.334095592639642e-08
Accuracy of the network on the val images: 100.0000 %
Epoch:  36
Loss: 0.0000 Acc: 1.0000
val loss:  4.239564987074118e-08
Accuracy of the network on the val images: 100.0000 %
Epoch:  37
Loss: 0.0000 Acc: 1.0000
val loss:  4.157133935223101e-08
Accuracy of the network on the val images: 100.0000 %
Epoch:  38
Loss: 0.0000 Acc: 1.0000
val loss:  4.077861603946076e-08
Accuracy of the network on the val images: 100.0000 %
Epoch:  39
Loss: 0.0000 Acc: 1.0000
val loss:  4.002284731541295e-08
Accuracy of the network on the val images: 100.0000 %
Epoch:  40
Loss: 0.0000 Acc: 1.0000
val loss:  3.934456071874593e-08
Accuracy of the network on the val images: 100.0000 %
Epoch:  41
Loss: 0.0000 Acc: 1.0000
val loss:  3.868117528327275e-08
Accuracy of the network on the val images: 100.0000 %
Epoch:  42
Loss: 0.0000 Acc: 1.0000
val loss:  3.805951428148546e-08
Accuracy of the network on the val images: 100.0000 %
Epoch:  43
Loss: 0.0000 Acc: 1.0000
val loss:  3.748136259673629e-08
Accuracy of the network on the val images: 100.0000 %
Epoch:  44
Loss: 0.0000 Acc: 1.0000
val loss:  3.6941949474567084e-08
Accuracy of the network on the val images: 100.0000 %
Epoch:  45
Loss: 0.0000 Acc: 1.0000
val loss:  3.641684224930941e-08
Accuracy of the network on the val images: 100.0000 %
Epoch:  46
Loss: 0.0000 Acc: 1.0000
val loss:  3.596206897782395e-08
Accuracy of the network on the val images: 100.0000 %
Epoch:  47
Loss: 0.0000 Acc: 1.0000
val loss:  3.551385225364356e-08
Accuracy of the network on the val images: 100.0000 %
Epoch:  48
Loss: 0.0000 Acc: 1.0000
val loss:  3.50441773662169e-08
Accuracy of the network on the val images: 100.0000 %
Epoch:  49
Loss: 0.0000 Acc: 1.0000
val loss:  3.4631124890438516e-08
Accuracy of the network on the val images: 100.0000 %
Epoch:  50
Loss: 0.0000 Acc: 1.0000
val loss:  3.427290857871412e-08
Accuracy of the network on the val images: 100.0000 %
Training finished.
testing loss:  0.06062472915649414
Accuracy of the network on the testset images: 0.0000 %
Testing with testset finished
Round  :   6
Net(
  (conv1): Conv2d(3, 32, kernel_size=(3, 3), stride=(1, 1), padding=(2, 2), bias=False)
  (conv2): Conv2d(32, 32, kernel_size=(3, 3), stride=(2, 2), padding=(2, 2), bias=False)
  (conv3): Conv2d(32, 64, kernel_size=(3, 3), stride=(2, 2), padding=(2, 2), bias=False)
  (conv4): Conv2d(64, 64, kernel_size=(3, 3), stride=(2, 2), padding=(2, 2), bias=False)
  (fc1): Linear(in_features=64, out_features=2, bias=True)
  (fc2): Linear(in_features=2304, out_features=64, bias=True)
)
Model size: 832.133KB
Training is starting...
Epoch:   1
Loss: 0.6924 Acc: 0.5000
val loss:  0.0034429458379745485
Accuracy of the network on the val images: 50.6000 %
Epoch:   2
Loss: 0.5201 Acc: 0.9500
val loss:  1.2839509639889001e-05
Accuracy of the network on the val images: 100.0000 %
Epoch:   3
Loss: 0.0011 Acc: 1.0000
val loss:  2.2843449551146476e-06
Accuracy of the network on the val images: 100.0000 %
Epoch:   4
Loss: 0.0003 Acc: 1.0000
val loss:  1.113754537072964e-06
Accuracy of the network on the val images: 100.0000 %
Epoch:   5
Loss: 0.0002 Acc: 1.0000
val loss:  6.899076397530734e-07
Accuracy of the network on the val images: 100.0000 %
Epoch:   6
Loss: 0.0001 Acc: 1.0000
val loss:  4.785000855918043e-07
Accuracy of the network on the val images: 100.0000 %
Epoch:   7
Loss: 0.0001 Acc: 1.0000
val loss:  3.562825659173541e-07
Accuracy of the network on the val images: 100.0000 %
Epoch:   8
Loss: 0.0001 Acc: 1.0000
val loss:  2.789852260320913e-07
Accuracy of the network on the val images: 100.0000 %
Epoch:   9
Loss: 0.0001 Acc: 1.0000
val loss:  2.273984682688024e-07
Accuracy of the network on the val images: 100.0000 %
Epoch:  10
Loss: 0.0000 Acc: 1.0000
val loss:  1.9143148892908356e-07
Accuracy of the network on the val images: 100.0000 %
Epoch:  11
Loss: 0.0000 Acc: 1.0000
val loss:  1.6511848298250698e-07
Accuracy of the network on the val images: 100.0000 %
Epoch:  12
Loss: 0.0000 Acc: 1.0000
val loss:  1.4525747792504262e-07
Accuracy of the network on the val images: 100.0000 %
Epoch:  13
Loss: 0.0000 Acc: 1.0000
val loss:  1.2985142166144213e-07
Accuracy of the network on the val images: 100.0000 %
Epoch:  14
Loss: 0.0000 Acc: 1.0000
val loss:  1.175242432509549e-07
Accuracy of the network on the val images: 100.0000 %
Epoch:  15
Loss: 0.0000 Acc: 1.0000
val loss:  1.0747732630989049e-07
Accuracy of the network on the val images: 100.0000 %
Epoch:  16
Loss: 0.0000 Acc: 1.0000
val loss:  9.911588858813047e-08
Accuracy of the network on the val images: 100.0000 %
Epoch:  17
Loss: 0.0000 Acc: 1.0000
val loss:  9.213536759489216e-08
Accuracy of the network on the val images: 100.0000 %
Epoch:  18
Loss: 0.0000 Acc: 1.0000
val loss:  8.616866034572013e-08
Accuracy of the network on the val images: 100.0000 %
Epoch:  19
Loss: 0.0000 Acc: 1.0000
val loss:  8.099284968920984e-08
Accuracy of the network on the val images: 100.0000 %
Epoch:  20
Loss: 0.0000 Acc: 1.0000
val loss:  7.652867225260706e-08
Accuracy of the network on the val images: 100.0000 %
Epoch:  21
Loss: 0.0000 Acc: 1.0000
val loss:  7.25907730156905e-08
Accuracy of the network on the val images: 100.0000 %
Epoch:  22
Loss: 0.0000 Acc: 1.0000
val loss:  6.913504785188707e-08
Accuracy of the network on the val images: 100.0000 %
Epoch:  23
Loss: 0.0000 Acc: 1.0000
val loss:  6.60357309243409e-08
Accuracy of the network on the val images: 100.0000 %
Epoch:  24
Loss: 0.0000 Acc: 1.0000
val loss:  6.327494975266746e-08
Accuracy of the network on the val images: 100.0000 %
Epoch:  25
Loss: 0.0000 Acc: 1.0000
val loss:  6.082887193770148e-08
Accuracy of the network on the val images: 100.0000 %
Epoch:  26
Loss: 0.0000 Acc: 1.0000
val loss:  5.859795783180743e-08
Accuracy of the network on the val images: 100.0000 %
Epoch:  27
Loss: 0.0000 Acc: 1.0000
val loss:  5.655954919348005e-08
Accuracy of the network on the val images: 100.0000 %
Epoch:  28
Loss: 0.0000 Acc: 1.0000
val loss:  5.472915381687926e-08
Accuracy of the network on the val images: 100.0000 %
Epoch:  29
Loss: 0.0000 Acc: 1.0000
val loss:  5.304120986693306e-08
Accuracy of the network on the val images: 100.0000 %
Epoch:  30
Loss: 0.0000 Acc: 1.0000
val loss:  5.1482601520547175e-08
Accuracy of the network on the val images: 100.0000 %
Epoch:  31
Loss: 0.0000 Acc: 1.0000
val loss:  5.0071804253093435e-08
Accuracy of the network on the val images: 100.0000 %
Epoch:  32
Loss: 0.0000 Acc: 1.0000
val loss:  4.8753389819466976e-08
Accuracy of the network on the val images: 100.0000 %
Epoch:  33
Loss: 0.0000 Acc: 1.0000
val loss:  4.757563965540612e-08
Accuracy of the network on the val images: 100.0000 %
Epoch:  34
Loss: 0.0000 Acc: 1.0000
val loss:  4.646047091227956e-08
Accuracy of the network on the val images: 100.0000 %
Epoch:  35
Loss: 0.0000 Acc: 1.0000
val loss:  4.5430532736645544e-08
Accuracy of the network on the val images: 100.0000 %
Epoch:  36
Loss: 0.0000 Acc: 1.0000
val loss:  4.444053047336638e-08
Accuracy of the network on the val images: 100.0000 %
Epoch:  37
Loss: 0.0000 Acc: 1.0000
val loss:  4.3523837121028916e-08
Accuracy of the network on the val images: 100.0000 %
Epoch:  38
Loss: 0.0000 Acc: 1.0000
val loss:  4.272456317266915e-08
Accuracy of the network on the val images: 100.0000 %
Epoch:  39
Loss: 0.0000 Acc: 1.0000
val loss:  4.1927072743419555e-08
Accuracy of the network on the val images: 100.0000 %
Epoch:  40
Loss: 0.0000 Acc: 1.0000
val loss:  4.1187995975633387e-08
Accuracy of the network on the val images: 100.0000 %
Epoch:  41
Loss: 0.0000 Acc: 1.0000
val loss:  4.047037555210409e-08
Accuracy of the network on the val images: 100.0000 %
Epoch:  42
Loss: 0.0000 Acc: 1.0000
val loss:  3.981295412813779e-08
Accuracy of the network on the val images: 100.0000 %
Epoch:  43
Loss: 0.0000 Acc: 1.0000
val loss:  3.922646374121541e-08
Accuracy of the network on the val images: 100.0000 %
Epoch:  44
Loss: 0.0000 Acc: 1.0000
val loss:  3.864771406369982e-08
Accuracy of the network on the val images: 100.0000 %
Epoch:  45
Loss: 0.0000 Acc: 1.0000
val loss:  3.812678460235475e-08
Accuracy of the network on the val images: 100.0000 %
Epoch:  46
Loss: 0.0000 Acc: 1.0000
val loss:  3.759393348445883e-08
Accuracy of the network on the val images: 100.0000 %
Epoch:  47
Loss: 0.0000 Acc: 1.0000
val loss:  3.711531826411374e-08
Accuracy of the network on the val images: 100.0000 %
Epoch:  48
Loss: 0.0000 Acc: 1.0000
val loss:  3.6655183066613975e-08
Accuracy of the network on the val images: 100.0000 %
Epoch:  49
Loss: 0.0000 Acc: 1.0000
val loss:  3.622186613938538e-08
Accuracy of the network on the val images: 100.0000 %
Epoch:  50
Loss: 0.0000 Acc: 1.0000
val loss:  3.582372028176906e-08
Accuracy of the network on the val images: 100.0000 %
Training finished.
testing loss:  0.06153523063659668
Accuracy of the network on the testset images: 0.0000 %
Testing with testset finished
Round  :   7
Net(
  (conv1): Conv2d(3, 32, kernel_size=(3, 3), stride=(1, 1), padding=(2, 2), bias=False)
  (conv2): Conv2d(32, 32, kernel_size=(3, 3), stride=(2, 2), padding=(2, 2), bias=False)
  (conv3): Conv2d(32, 64, kernel_size=(3, 3), stride=(2, 2), padding=(2, 2), bias=False)
  (conv4): Conv2d(64, 64, kernel_size=(3, 3), stride=(2, 2), padding=(2, 2), bias=False)
  (fc1): Linear(in_features=64, out_features=2, bias=True)
  (fc2): Linear(in_features=2304, out_features=64, bias=True)
)
Model size: 832.133KB
Training is starting...
Epoch:   1
Loss: 0.6813 Acc: 0.7430
val loss:  0.002669866502285004
Accuracy of the network on the val images: 100.0000 %
Epoch:   2
Loss: 0.0810 Acc: 1.0000
val loss:  3.6215477157384157e-06
Accuracy of the network on the val images: 100.0000 %
Epoch:   3
Loss: 0.0005 Acc: 1.0000
val loss:  1.4149682829156519e-06
Accuracy of the network on the val images: 100.0000 %
Epoch:   4
Loss: 0.0002 Acc: 1.0000
val loss:  8.061813132371753e-07
Accuracy of the network on the val images: 100.0000 %
Epoch:   5
Loss: 0.0001 Acc: 1.0000
val loss:  5.32536709215492e-07
Accuracy of the network on the val images: 100.0000 %
Epoch:   6
Loss: 0.0001 Acc: 1.0000
val loss:  3.82717335014604e-07
Accuracy of the network on the val images: 100.0000 %
Epoch:   7
Loss: 0.0001 Acc: 1.0000
val loss:  2.918648460763507e-07
Accuracy of the network on the val images: 100.0000 %
Epoch:   8
Loss: 0.0001 Acc: 1.0000
val loss:  2.3328676616074516e-07
Accuracy of the network on the val images: 100.0000 %
Epoch:   9
Loss: 0.0000 Acc: 1.0000
val loss:  1.9325833636685275e-07
Accuracy of the network on the val images: 100.0000 %
Epoch:  10
Loss: 0.0000 Acc: 1.0000
val loss:  1.6486622371303382e-07
Accuracy of the network on the val images: 100.0000 %
Epoch:  11
Loss: 0.0000 Acc: 1.0000
val loss:  1.4373612248164136e-07
Accuracy of the network on the val images: 100.0000 %
Epoch:  12
Loss: 0.0000 Acc: 1.0000
val loss:  1.274961105082184e-07
Accuracy of the network on the val images: 100.0000 %
Epoch:  13
Loss: 0.0000 Acc: 1.0000
val loss:  1.1473967606434598e-07
Accuracy of the network on the val images: 100.0000 %
Epoch:  14
Loss: 0.0000 Acc: 1.0000
val loss:  1.0440716505399906e-07
Accuracy of the network on the val images: 100.0000 %
Epoch:  15
Loss: 0.0000 Acc: 1.0000
val loss:  9.591392336005811e-08
Accuracy of the network on the val images: 100.0000 %
Epoch:  16
Loss: 0.0000 Acc: 1.0000
val loss:  8.886302020982839e-08
Accuracy of the network on the val images: 100.0000 %
Epoch:  17
Loss: 0.0000 Acc: 1.0000
val loss:  8.284798514068826e-08
Accuracy of the network on the val images: 100.0000 %
Epoch:  18
Loss: 0.0000 Acc: 1.0000
val loss:  7.76858423705562e-08
Accuracy of the network on the val images: 100.0000 %
Epoch:  19
Loss: 0.0000 Acc: 1.0000
val loss:  7.325797650992172e-08
Accuracy of the network on the val images: 100.0000 %
Epoch:  20
Loss: 0.0000 Acc: 1.0000
val loss:  6.93778665663558e-08
Accuracy of the network on the val images: 100.0000 %
Epoch:  21
Loss: 0.0000 Acc: 1.0000
val loss:  6.592866338905878e-08
Accuracy of the network on the val images: 100.0000 %
Epoch:  22
Loss: 0.0000 Acc: 1.0000
val loss:  6.289489374466939e-08
Accuracy of the network on the val images: 100.0000 %
Epoch:  23
Loss: 0.0000 Acc: 1.0000
val loss:  6.016211591486353e-08
Accuracy of the network on the val images: 100.0000 %
Epoch:  24
Loss: 0.0000 Acc: 1.0000
val loss:  5.777383194072172e-08
Accuracy of the network on the val images: 100.0000 %
Epoch:  25
Loss: 0.0000 Acc: 1.0000
val loss:  5.5609650189580863e-08
Accuracy of the network on the val images: 100.0000 %
Epoch:  26
Loss: 0.0000 Acc: 1.0000
val loss:  5.360162685974501e-08
Accuracy of the network on the val images: 100.0000 %
Epoch:  27
Loss: 0.0000 Acc: 1.0000
val loss:  5.1817710300383626e-08
Accuracy of the network on the val images: 100.0000 %
Epoch:  28
Loss: 0.0000 Acc: 1.0000
val loss:  5.0209623623231894e-08
Accuracy of the network on the val images: 100.0000 %
Epoch:  29
Loss: 0.0000 Acc: 1.0000
val loss:  4.87088236695854e-08
Accuracy of the network on the val images: 100.0000 %
Epoch:  30
Loss: 0.0000 Acc: 1.0000
val loss:  4.7360002099594567e-08
Accuracy of the network on the val images: 100.0000 %
Epoch:  31
Loss: 0.0000 Acc: 1.0000
val loss:  4.6099989049253056e-08
Accuracy of the network on the val images: 100.0000 %
Epoch:  32
Loss: 0.0000 Acc: 1.0000
val loss:  4.492402240430238e-08
Accuracy of the network on the val images: 100.0000 %
Epoch:  33
Loss: 0.0000 Acc: 1.0000
val loss:  4.3844013816851654e-08
Accuracy of the network on the val images: 100.0000 %
Epoch:  34
Loss: 0.0000 Acc: 1.0000
val loss:  4.2847447730309795e-08
Accuracy of the network on the val images: 100.0000 %
Epoch:  35
Loss: 0.0000 Acc: 1.0000
val loss:  4.1895585127349475e-08
Accuracy of the network on the val images: 100.0000 %
Epoch:  36
Loss: 0.0000 Acc: 1.0000
val loss:  4.102895263713435e-08
Accuracy of the network on the val images: 100.0000 %
Epoch:  37
Loss: 0.0000 Acc: 1.0000
val loss:  4.024754980491707e-08
Accuracy of the network on the val images: 100.0000 %
Epoch:  38
Loss: 0.0000 Acc: 1.0000
val loss:  3.9487611502408984e-08
Accuracy of the network on the val images: 100.0000 %
Epoch:  39
Loss: 0.0000 Acc: 1.0000
val loss:  3.8792039049440066e-08
Accuracy of the network on the val images: 100.0000 %
Epoch:  40
Loss: 0.0000 Acc: 1.0000
val loss:  3.810660246017505e-08
Accuracy of the network on the val images: 100.0000 %
Epoch:  41
Loss: 0.0000 Acc: 1.0000
val loss:  3.7516530937864446e-08
Accuracy of the network on the val images: 100.0000 %
Epoch:  42
Loss: 0.0000 Acc: 1.0000
val loss:  3.6919899685017296e-08
Accuracy of the network on the val images: 100.0000 %
Epoch:  43
Loss: 0.0000 Acc: 1.0000
val loss:  3.637631652964046e-08
Accuracy of the network on the val images: 100.0000 %
Epoch:  44
Loss: 0.0000 Acc: 1.0000
val loss:  3.584942078305176e-08
Accuracy of the network on the val images: 100.0000 %
Epoch:  45
Loss: 0.0000 Acc: 1.0000
val loss:  3.538987857609754e-08
Accuracy of the network on the val images: 100.0000 %
Epoch:  46
Loss: 0.0000 Acc: 1.0000
val loss:  3.491126335575245e-08
Accuracy of the network on the val images: 100.0000 %
Epoch:  47
Loss: 0.0000 Acc: 1.0000
val loss:  3.445887523412239e-08
Accuracy of the network on the val images: 100.0000 %
Epoch:  48
Loss: 0.0000 Acc: 1.0000
val loss:  3.4038073408737546e-08
Accuracy of the network on the val images: 100.0000 %
Epoch:  49
Loss: 0.0000 Acc: 1.0000
val loss:  3.367508725204971e-08
Accuracy of the network on the val images: 100.0000 %
Epoch:  50
Loss: 0.0000 Acc: 1.0000
val loss:  3.328170532768127e-08
Accuracy of the network on the val images: 100.0000 %
Training finished.
testing loss:  0.059223045349121095
Accuracy of the network on the testset images: 0.0000 %
Testing with testset finished
Round  :   8
Net(
  (conv1): Conv2d(3, 32, kernel_size=(3, 3), stride=(1, 1), padding=(2, 2), bias=False)
  (conv2): Conv2d(32, 32, kernel_size=(3, 3), stride=(2, 2), padding=(2, 2), bias=False)
  (conv3): Conv2d(32, 64, kernel_size=(3, 3), stride=(2, 2), padding=(2, 2), bias=False)
  (conv4): Conv2d(64, 64, kernel_size=(3, 3), stride=(2, 2), padding=(2, 2), bias=False)
  (fc1): Linear(in_features=64, out_features=2, bias=True)
  (fc2): Linear(in_features=2304, out_features=64, bias=True)
)
Model size: 832.133KB
Training is starting...
Epoch:   1
Loss: 0.6925 Acc: 0.5430
val loss:  0.0034558784961700438
Accuracy of the network on the val images: 100.0000 %
Epoch:   2
Loss: 0.6849 Acc: 1.0000
val loss:  0.0032014824151992798
Accuracy of the network on the val images: 100.0000 %
Epoch:   3
Loss: 0.1635 Acc: 1.0000
val loss:  4.446091770660132e-06
Accuracy of the network on the val images: 100.0000 %
Epoch:   4
Loss: 0.0006 Acc: 1.0000
val loss:  1.6008383536245675e-06
Accuracy of the network on the val images: 100.0000 %
Epoch:   5
Loss: 0.0002 Acc: 1.0000
val loss:  8.944347355281934e-07
Accuracy of the network on the val images: 100.0000 %
Epoch:   6
Loss: 0.0001 Acc: 1.0000
val loss:  5.85697780479677e-07
Accuracy of the network on the val images: 100.0000 %
Epoch:   7
Loss: 0.0001 Acc: 1.0000
val loss:  4.185510624665767e-07
Accuracy of the network on the val images: 100.0000 %
Epoch:   8
Loss: 0.0001 Acc: 1.0000
val loss:  3.1723175925435496e-07
Accuracy of the network on the val images: 100.0000 %
Epoch:   9
Loss: 0.0001 Acc: 1.0000
val loss:  2.516117128834594e-07
Accuracy of the network on the val images: 100.0000 %
Epoch:  10
Loss: 0.0000 Acc: 1.0000
val loss:  2.072010829579085e-07
Accuracy of the network on the val images: 100.0000 %
Epoch:  11
Loss: 0.0000 Acc: 1.0000
val loss:  1.7569350893609227e-07
Accuracy of the network on the val images: 100.0000 %
Epoch:  12
Loss: 0.0000 Acc: 1.0000
val loss:  1.5241210712702013e-07
Accuracy of the network on the val images: 100.0000 %
Epoch:  13
Loss: 0.0000 Acc: 1.0000
val loss:  1.3478951768775004e-07
Accuracy of the network on the val images: 100.0000 %
Epoch:  14
Loss: 0.0000 Acc: 1.0000
val loss:  1.2093595796613954e-07
Accuracy of the network on the val images: 100.0000 %
Epoch:  15
Loss: 0.0000 Acc: 1.0000
val loss:  1.097744989237981e-07
Accuracy of the network on the val images: 100.0000 %
Epoch:  16
Loss: 0.0000 Acc: 1.0000
val loss:  1.0066504728456493e-07
Accuracy of the network on the val images: 100.0000 %
Epoch:  17
Loss: 0.0000 Acc: 1.0000
val loss:  9.307837717642542e-08
Accuracy of the network on the val images: 100.0000 %
Epoch:  18
Loss: 0.0000 Acc: 1.0000
val loss:  8.666584562888601e-08
Accuracy of the network on the val images: 100.0000 %
Epoch:  19
Loss: 0.0000 Acc: 1.0000
val loss:  8.119499398162588e-08
Accuracy of the network on the val images: 100.0000 %
Epoch:  20
Loss: 0.0000 Acc: 1.0000
val loss:  7.644411743967794e-08
Accuracy of the network on the val images: 100.0000 %
Epoch:  21
Loss: 0.0000 Acc: 1.0000
val loss:  7.229163657029857e-08
Accuracy of the network on the val images: 100.0000 %
Epoch:  22
Loss: 0.0000 Acc: 1.0000
val loss:  6.866723288112553e-08
Accuracy of the network on the val images: 100.0000 %
Epoch:  23
Loss: 0.0000 Acc: 1.0000
val loss:  6.545586256834213e-08
Accuracy of the network on the val images: 100.0000 %
Epoch:  24
Loss: 0.0000 Acc: 1.0000
val loss:  6.259733163460624e-08
Accuracy of the network on the val images: 100.0000 %
Epoch:  25
Loss: 0.0000 Acc: 1.0000
val loss:  6.002965528750792e-08
Accuracy of the network on the val images: 100.0000 %
Epoch:  26
Loss: 0.0000 Acc: 1.0000
val loss:  5.7753437431529165e-08
Accuracy of the network on the val images: 100.0000 %
Epoch:  27
Loss: 0.0000 Acc: 1.0000
val loss:  5.564827279158635e-08
Accuracy of the network on the val images: 100.0000 %
Epoch:  28
Loss: 0.0000 Acc: 1.0000
val loss:  5.377078559831716e-08
Accuracy of the network on the val images: 100.0000 %
Epoch:  29
Loss: 0.0000 Acc: 1.0000
val loss:  5.205065372138051e-08
Accuracy of the network on the val images: 100.0000 %
Epoch:  30
Loss: 0.0000 Acc: 1.0000
val loss:  5.04860799992457e-08
Accuracy of the network on the val images: 100.0000 %
Epoch:  31
Loss: 0.0000 Acc: 1.0000
val loss:  4.9025812586478424e-08
Accuracy of the network on the val images: 100.0000 %
Epoch:  32
Loss: 0.0000 Acc: 1.0000
val loss:  4.769070437760092e-08
Accuracy of the network on the val images: 100.0000 %
Epoch:  33
Loss: 0.0000 Acc: 1.0000
val loss:  4.648136200557929e-08
Accuracy of the network on the val images: 100.0000 %
Epoch:  34
Loss: 0.0000 Acc: 1.0000
val loss:  4.53620223197504e-08
Accuracy of the network on the val images: 100.0000 %
Epoch:  35
Loss: 0.0000 Acc: 1.0000
val loss:  4.433446520124562e-08
Accuracy of the network on the val images: 100.0000 %
Epoch:  36
Loss: 0.0000 Acc: 1.0000
val loss:  4.332598246037378e-08
Accuracy of the network on the val images: 100.0000 %
Epoch:  37
Loss: 0.0000 Acc: 1.0000
val loss:  4.243074272380909e-08
Accuracy of the network on the val images: 100.0000 %
Epoch:  38
Loss: 0.0000 Acc: 1.0000
val loss:  4.160524213148165e-08
Accuracy of the network on the val images: 100.0000 %
Epoch:  39
Loss: 0.0000 Acc: 1.0000
val loss:  4.078569872945081e-08
Accuracy of the network on the val images: 100.0000 %
Epoch:  40
Loss: 0.0000 Acc: 1.0000
val loss:  4.0043643821263684e-08
Accuracy of the network on the val images: 100.0000 %
Epoch:  41
Loss: 0.0000 Acc: 1.0000
val loss:  3.9345688492176124e-08
Accuracy of the network on the val images: 100.0000 %
Epoch:  42
Loss: 0.0000 Acc: 1.0000
val loss:  3.870137925332528e-08
Accuracy of the network on the val images: 100.0000 %
Epoch:  43
Loss: 0.0000 Acc: 1.0000
val loss:  3.810535054071806e-08
Accuracy of the network on the val images: 100.0000 %
Epoch:  44
Loss: 0.0000 Acc: 1.0000
val loss:  3.751229678528034e-08
Accuracy of the network on the val images: 100.0000 %
Epoch:  45
Loss: 0.0000 Acc: 1.0000
val loss:  3.696633075378486e-08
Accuracy of the network on the val images: 100.0000 %
Epoch:  46
Loss: 0.0000 Acc: 1.0000
val loss:  3.646804998425068e-08
Accuracy of the network on the val images: 100.0000 %
Epoch:  47
Loss: 0.0000 Acc: 1.0000
val loss:  3.5991222830489275e-08
Accuracy of the network on the val images: 100.0000 %
Epoch:  48
Loss: 0.0000 Acc: 1.0000
val loss:  3.5521548397809964e-08
Accuracy of the network on the val images: 100.0000 %
Epoch:  49
Loss: 0.0000 Acc: 1.0000
val loss:  3.50566438100941e-08
Accuracy of the network on the val images: 100.0000 %
Epoch:  50
Loss: 0.0000 Acc: 1.0000
val loss:  3.466385715000797e-08
Accuracy of the network on the val images: 100.0000 %
Training finished.
testing loss:  0.0578941478729248
Accuracy of the network on the testset images: 0.0000 %
Testing with testset finished
Round  :   9
Net(
  (conv1): Conv2d(3, 32, kernel_size=(3, 3), stride=(1, 1), padding=(2, 2), bias=False)
  (conv2): Conv2d(32, 32, kernel_size=(3, 3), stride=(2, 2), padding=(2, 2), bias=False)
  (conv3): Conv2d(32, 64, kernel_size=(3, 3), stride=(2, 2), padding=(2, 2), bias=False)
  (conv4): Conv2d(64, 64, kernel_size=(3, 3), stride=(2, 2), padding=(2, 2), bias=False)
  (fc1): Linear(in_features=64, out_features=2, bias=True)
  (fc2): Linear(in_features=2304, out_features=64, bias=True)
)
Model size: 832.133KB
Training is starting...
Epoch:   1
Loss: 0.6911 Acc: 0.7345
val loss:  0.0034258607625961305
Accuracy of the network on the val images: 100.0000 %
Epoch:   2
Loss: 0.4095 Acc: 1.0000
val loss:  9.800647385418415e-06
Accuracy of the network on the val images: 100.0000 %
Epoch:   3
Loss: 0.0009 Acc: 1.0000
val loss:  2.1518128050956877e-06
Accuracy of the network on the val images: 100.0000 %
Epoch:   4
Loss: 0.0003 Acc: 1.0000
val loss:  1.0794064437504858e-06
Accuracy of the network on the val images: 100.0000 %
Epoch:   5
Loss: 0.0002 Acc: 1.0000
val loss:  6.751271721441299e-07
Accuracy of the network on the val images: 100.0000 %
Epoch:   6
Loss: 0.0001 Acc: 1.0000
val loss:  4.7041279322002084e-07
Accuracy of the network on the val images: 100.0000 %
Epoch:   7
Loss: 0.0001 Acc: 1.0000
val loss:  3.5107093572150916e-07
Accuracy of the network on the val images: 100.0000 %
Epoch:   8
Loss: 0.0001 Acc: 1.0000
val loss:  2.755353489192203e-07
Accuracy of the network on the val images: 100.0000 %
Epoch:   9
Loss: 0.0000 Acc: 1.0000
val loss:  2.2497125246445649e-07
Accuracy of the network on the val images: 100.0000 %
Epoch:  10
Loss: 0.0000 Acc: 1.0000
val loss:  1.894938286568504e-07
Accuracy of the network on the val images: 100.0000 %
Epoch:  11
Loss: 0.0000 Acc: 1.0000
val loss:  1.6367938951589166e-07
Accuracy of the network on the val images: 100.0000 %
Epoch:  12
Loss: 0.0000 Acc: 1.0000
val loss:  1.4406377886189147e-07
Accuracy of the network on the val images: 100.0000 %
Epoch:  13
Loss: 0.0000 Acc: 1.0000
val loss:  1.2878693632956128e-07
Accuracy of the network on the val images: 100.0000 %
Epoch:  14
Loss: 0.0000 Acc: 1.0000
val loss:  1.1666885802696925e-07
Accuracy of the network on the val images: 100.0000 %
Epoch:  15
Loss: 0.0000 Acc: 1.0000
val loss:  1.0667074457160197e-07
Accuracy of the network on the val images: 100.0000 %
Epoch:  16
Loss: 0.0000 Acc: 1.0000
val loss:  9.843560292210895e-08
Accuracy of the network on the val images: 100.0000 %
Epoch:  17
Loss: 0.0000 Acc: 1.0000
val loss:  9.148901335720438e-08
Accuracy of the network on the val images: 100.0000 %
Epoch:  18
Loss: 0.0000 Acc: 1.0000
val loss:  8.554612213629298e-08
Accuracy of the network on the val images: 100.0000 %
Epoch:  19
Loss: 0.0000 Acc: 1.0000
val loss:  8.046563561947551e-08
Accuracy of the network on the val images: 100.0000 %
Epoch:  20
Loss: 0.0000 Acc: 1.0000
val loss:  7.602824734931346e-08
Accuracy of the network on the val images: 100.0000 %
Epoch:  21
Loss: 0.0000 Acc: 1.0000
val loss:  7.214397464849753e-08
Accuracy of the network on the val images: 100.0000 %
Epoch:  22
Loss: 0.0000 Acc: 1.0000
val loss:  6.869895241834457e-08
Accuracy of the network on the val images: 100.0000 %
Epoch:  23
Loss: 0.0000 Acc: 1.0000
val loss:  6.565505555045093e-08
Accuracy of the network on the val images: 100.0000 %
Epoch:  24
Loss: 0.0000 Acc: 1.0000
val loss:  6.294374270510161e-08
Accuracy of the network on the val images: 100.0000 %
Epoch:  25
Loss: 0.0000 Acc: 1.0000
val loss:  6.048393424862298e-08
Accuracy of the network on the val images: 100.0000 %
Epoch:  26
Loss: 0.0000 Acc: 1.0000
val loss:  5.8278632423025556e-08
Accuracy of the network on the val images: 100.0000 %
Epoch:  27
Loss: 0.0000 Acc: 1.0000
val loss:  5.6250348279718307e-08
Accuracy of the network on the val images: 100.0000 %
Epoch:  28
Loss: 0.0000 Acc: 1.0000
val loss:  5.442829115054337e-08
Accuracy of the network on the val images: 100.0000 %
Epoch:  29
Loss: 0.0000 Acc: 1.0000
val loss:  5.2779082579945677e-08
Accuracy of the network on the val images: 100.0000 %
Epoch:  30
Loss: 0.0000 Acc: 1.0000
val loss:  5.126099313201848e-08
Accuracy of the network on the val images: 100.0000 %
Epoch:  31
Loss: 0.0000 Acc: 1.0000
val loss:  4.9865097935253286e-08
Accuracy of the network on the val images: 100.0000 %
Epoch:  32
Loss: 0.0000 Acc: 1.0000
val loss:  4.8538329792791045e-08
Accuracy of the network on the val images: 100.0000 %
Epoch:  33
Loss: 0.0000 Acc: 1.0000
val loss:  4.7346868086606265e-08
Accuracy of the network on the val images: 100.0000 %
Epoch:  34
Loss: 0.0000 Acc: 1.0000
val loss:  4.6255538109107875e-08
Accuracy of the network on the val images: 100.0000 %
Epoch:  35
Loss: 0.0000 Acc: 1.0000
val loss:  4.521963273873553e-08
Accuracy of the network on the val images: 100.0000 %
Epoch:  36
Loss: 0.0000 Acc: 1.0000
val loss:  4.4246909055800644e-08
Accuracy of the network on the val images: 100.0000 %
Epoch:  37
Loss: 0.0000 Acc: 1.0000
val loss:  4.335405446909135e-08
Accuracy of the network on the val images: 100.0000 %
Epoch:  38
Loss: 0.0000 Acc: 1.0000
val loss:  4.2526763991190816e-08
Accuracy of the network on the val images: 100.0000 %
Epoch:  39
Loss: 0.0000 Acc: 1.0000
val loss:  4.1737019728316225e-08
Accuracy of the network on the val images: 100.0000 %
Epoch:  40
Loss: 0.0000 Acc: 1.0000
val loss:  4.1042645534616897e-08
Accuracy of the network on the val images: 100.0000 %
Epoch:  41
Loss: 0.0000 Acc: 1.0000
val loss:  4.0346477817365664e-08
Accuracy of the network on the val images: 100.0000 %
Epoch:  42
Loss: 0.0000 Acc: 1.0000
val loss:  3.969799445258104e-08
Accuracy of the network on the val images: 100.0000 %
Epoch:  43
Loss: 0.0000 Acc: 1.0000
val loss:  3.908527423845953e-08
Accuracy of the network on the val images: 100.0000 %
Epoch:  44
Loss: 0.0000 Acc: 1.0000
val loss:  3.8536325519089586e-08
Accuracy of the network on the val images: 100.0000 %
Epoch:  45
Loss: 0.0000 Acc: 1.0000
val loss:  3.7974267797835635e-08
Accuracy of the network on the val images: 100.0000 %
Epoch:  46
Loss: 0.0000 Acc: 1.0000
val loss:  3.7476580018847016e-08
Accuracy of the network on the val images: 100.0000 %
Epoch:  47
Loss: 0.0000 Acc: 1.0000
val loss:  3.699558146763593e-08
Accuracy of the network on the val images: 100.0000 %
Epoch:  48
Loss: 0.0000 Acc: 1.0000
val loss:  3.6549154174281285e-08
Accuracy of the network on the val images: 100.0000 %
Epoch:  49
Loss: 0.0000 Acc: 1.0000
val loss:  3.612060527302674e-08
Accuracy of the network on the val images: 100.0000 %
Epoch:  50
Loss: 0.0000 Acc: 1.0000
val loss:  3.5693845347850586e-08
Accuracy of the network on the val images: 100.0000 %
Training finished.
testing loss:  0.06260138511657715
Accuracy of the network on the testset images: 0.0000 %
Testing with testset finished
Round  :  10
Net(
  (conv1): Conv2d(3, 32, kernel_size=(3, 3), stride=(1, 1), padding=(2, 2), bias=False)
  (conv2): Conv2d(32, 32, kernel_size=(3, 3), stride=(2, 2), padding=(2, 2), bias=False)
  (conv3): Conv2d(32, 64, kernel_size=(3, 3), stride=(2, 2), padding=(2, 2), bias=False)
  (conv4): Conv2d(64, 64, kernel_size=(3, 3), stride=(2, 2), padding=(2, 2), bias=False)
  (fc1): Linear(in_features=64, out_features=2, bias=True)
  (fc2): Linear(in_features=2304, out_features=64, bias=True)
)
Model size: 832.133KB
Training is starting...
Epoch:   1
Loss: 0.6905 Acc: 0.6075
val loss:  0.0033926899433135986
Accuracy of the network on the val images: 100.0000 %
Epoch:   2
Loss: 0.2859 Acc: 1.0000
val loss:  5.997425876557827e-06
Accuracy of the network on the val images: 100.0000 %
Epoch:   3
Loss: 0.0007 Acc: 1.0000
val loss:  1.7537646926939488e-06
Accuracy of the network on the val images: 100.0000 %
Epoch:   4
Loss: 0.0003 Acc: 1.0000
val loss:  9.250478178728372e-07
Accuracy of the network on the val images: 100.0000 %
Epoch:   5
Loss: 0.0002 Acc: 1.0000
val loss:  5.895565846003592e-07
Accuracy of the network on the val images: 100.0000 %
Epoch:   6
Loss: 0.0001 Acc: 1.0000
val loss:  4.1464144305791705e-07
Accuracy of the network on the val images: 100.0000 %
Epoch:   7
Loss: 0.0001 Acc: 1.0000
val loss:  3.1179312645690516e-07
Accuracy of the network on the val images: 100.0000 %
Epoch:   8
Loss: 0.0001 Acc: 1.0000
val loss:  2.4627437232993545e-07
Accuracy of the network on the val images: 100.0000 %
Epoch:   9
Loss: 0.0000 Acc: 1.0000
val loss:  2.0206663975841365e-07
Accuracy of the network on the val images: 100.0000 %
Epoch:  10
Loss: 0.0000 Acc: 1.0000
val loss:  1.710326541797258e-07
Accuracy of the network on the val images: 100.0000 %
Epoch:  11
Loss: 0.0000 Acc: 1.0000
val loss:  1.4819811076449696e-07
Accuracy of the network on the val images: 100.0000 %
Epoch:  12
Loss: 0.0000 Acc: 1.0000
val loss:  1.3087463412375655e-07
Accuracy of the network on the val images: 100.0000 %
Epoch:  13
Loss: 0.0000 Acc: 1.0000
val loss:  1.1727312084985897e-07
Accuracy of the network on the val images: 100.0000 %
Epoch:  14
Loss: 0.0000 Acc: 1.0000
val loss:  1.0634045611368492e-07
Accuracy of the network on the val images: 100.0000 %
Epoch:  15
Loss: 0.0000 Acc: 1.0000
val loss:  9.75307575572515e-08
Accuracy of the network on the val images: 100.0000 %
Epoch:  16
Loss: 0.0000 Acc: 1.0000
val loss:  9.007637709146366e-08
Accuracy of the network on the val images: 100.0000 %
Epoch:  17
Loss: 0.0000 Acc: 1.0000
val loss:  8.382355372305028e-08
Accuracy of the network on the val images: 100.0000 %
Epoch:  18
Loss: 0.0000 Acc: 1.0000
val loss:  7.846413336665137e-08
Accuracy of the network on the val images: 100.0000 %
Epoch:  19
Loss: 0.0000 Acc: 1.0000
val loss:  7.381158229691209e-08
Accuracy of the network on the val images: 100.0000 %
Epoch:  20
Loss: 0.0000 Acc: 1.0000
val loss:  6.985041909501888e-08
Accuracy of the network on the val images: 100.0000 %
Epoch:  21
Loss: 0.0000 Acc: 1.0000
val loss:  6.631122505496024e-08
Accuracy of the network on the val images: 100.0000 %
Epoch:  22
Loss: 0.0000 Acc: 1.0000
val loss:  6.322560602711747e-08
Accuracy of the network on the val images: 100.0000 %
Epoch:  23
Loss: 0.0000 Acc: 1.0000
val loss:  6.042607492418029e-08
Accuracy of the network on the val images: 100.0000 %
Epoch:  24
Loss: 0.0000 Acc: 1.0000
val loss:  5.7963295148510954e-08
Accuracy of the network on the val images: 100.0000 %
Epoch:  25
Loss: 0.0000 Acc: 1.0000
val loss:  5.571687233896228e-08
Accuracy of the network on the val images: 100.0000 %
Epoch:  26
Loss: 0.0000 Acc: 1.0000
val loss:  5.371004590415396e-08
Accuracy of the network on the val images: 100.0000 %
Epoch:  27
Loss: 0.0000 Acc: 1.0000
val loss:  5.187666101846844e-08
Accuracy of the network on the val images: 100.0000 %
Epoch:  28
Loss: 0.0000 Acc: 1.0000
val loss:  5.0205993829877116e-08
Accuracy of the network on the val images: 100.0000 %
Epoch:  29
Loss: 0.0000 Acc: 1.0000
val loss:  4.869207532465225e-08
Accuracy of the network on the val images: 100.0000 %
Epoch:  30
Loss: 0.0000 Acc: 1.0000
val loss:  4.730392356577795e-08
Accuracy of the network on the val images: 100.0000 %
Epoch:  31
Loss: 0.0000 Acc: 1.0000
val loss:  4.600458214554237e-08
Accuracy of the network on the val images: 100.0000 %
Epoch:  32
Loss: 0.0000 Acc: 1.0000
val loss:  4.4838745452580044e-08
Accuracy of the network on the val images: 100.0000 %
Epoch:  33
Loss: 0.0000 Acc: 1.0000
val loss:  4.3743835703935474e-08
Accuracy of the network on the val images: 100.0000 %
Epoch:  34
Loss: 0.0000 Acc: 1.0000
val loss:  4.2697204662545115e-08
Accuracy of the network on the val images: 100.0000 %
Epoch:  35
Loss: 0.0000 Acc: 1.0000
val loss:  4.176501352048945e-08
Accuracy of the network on the val images: 100.0000 %
Epoch:  36
Loss: 0.0000 Acc: 1.0000
val loss:  4.0908514620241474e-08
Accuracy of the network on the val images: 100.0000 %
Epoch:  37
Loss: 0.0000 Acc: 1.0000
val loss:  4.0069299757306e-08
Accuracy of the network on the val images: 100.0000 %
Epoch:  38
Loss: 0.0000 Acc: 1.0000
val loss:  3.931412766178255e-08
Accuracy of the network on the val images: 100.0000 %
Epoch:  39
Loss: 0.0000 Acc: 1.0000
val loss:  3.861319601128344e-08
Accuracy of the network on the val images: 100.0000 %
Epoch:  40
Loss: 0.0000 Acc: 1.0000
val loss:  3.7944447740301256e-08
Accuracy of the network on the val images: 100.0000 %
Epoch:  41
Loss: 0.0000 Acc: 1.0000
val loss:  3.7306097965483786e-08
Accuracy of the network on the val images: 100.0000 %
Epoch:  42
Loss: 0.0000 Acc: 1.0000
val loss:  3.6730327337863854e-08
Accuracy of the network on the val images: 100.0000 %
Epoch:  43
Loss: 0.0000 Acc: 1.0000
val loss:  3.618018854467664e-08
Accuracy of the network on the val images: 100.0000 %
Epoch:  44
Loss: 0.0000 Acc: 1.0000
val loss:  3.5658661545312496e-08
Accuracy of the network on the val images: 100.0000 %
Epoch:  45
Loss: 0.0000 Acc: 1.0000
val loss:  3.5172894058632665e-08
Accuracy of the network on the val images: 100.0000 %
Epoch:  46
Loss: 0.0000 Acc: 1.0000
val loss:  3.470083447609795e-08
Accuracy of the network on the val images: 100.0000 %
Epoch:  47
Loss: 0.0000 Acc: 1.0000
val loss:  3.425023260206217e-08
Accuracy of the network on the val images: 100.0000 %
Epoch:  48
Loss: 0.0000 Acc: 1.0000
val loss:  3.38455251949199e-08
Accuracy of the network on the val images: 100.0000 %
Epoch:  49
Loss: 0.0000 Acc: 1.0000
val loss:  3.3437839192629324e-08
Accuracy of the network on the val images: 100.0000 %
Epoch:  50
Loss: 0.0000 Acc: 1.0000
val loss:  3.308319583084085e-08
Accuracy of the network on the val images: 100.0000 %
Training finished.
testing loss:  0.06293830394744873
Accuracy of the network on the testset images: 0.0000 %
Testing with testset finished
*******************************************
 Type of convolution :  fconv
 Type of network :  Net2
*******************************************
Results for validation dataset {0: 100.0, 1: 100.0, 2: 100.0, 3: 100.0, 4: 100.0, 5: 100.0, 6: 100.0, 7: 100.0, 8: 100.0, 9: 100.0}
mean: 100.0000 std: 0.0000 for validation
Results for test dataset {0: 0.0, 1: 0.0, 2: 0.0, 3: 0.0, 4: 0.0, 5: 0.0, 6: 0.0, 7: 0.0, 8: 0.0, 9: 0.0}
mean: 0.0000 std: 0.0000 for test

JOB STATISTICS
==============
Job ID: 8549843
Cluster: snellius
User/Group: scur2785/scur2785
State: COMPLETED (exit code 0)
Nodes: 1
Cores per node: 9
CPU Utilized: 00:05:40
CPU Efficiency: 71.28% of 00:07:57 core-walltime
Job Wall-clock time: 00:00:53
Memory Utilized: 784.34 MB
Memory Efficiency: 1.28% of 60.00 GB
